BLOCK00/SES002/SA002S12	SES002	0.604566	-5.90881	-6.51337
BLOCK00/SES002/SA002S13	SES002	1.35974	-6.53479	-7.89452
BLOCK00/SES002/SA002S23	SES002	0.319752	-6.16685	-6.4866
BLOCK00/SES002/SA002S26	SES002	0.68117	-8.17598	-8.85715
BLOCK00/SES002/SA002S28	SES002	-0.338647	-8.29154	-7.95289
BLOCK00/SES007/SA007S14	SES007	1.13556	-5.18861	-6.32417
BLOCK00/SES007/SA007S15	SES007	0.52694	-6.24778	-6.77472
BLOCK00/SES007/SA007S24	SES007	0.405203	-5.32217	-5.72738
BLOCK00/SES007/SA007S27	SES007	-0.604448	-8.42182	-7.81737
BLOCK00/SES007/SA007S29	SES007	0.119229	-5.55242	-5.67165
BLOCK00/SES008/SA008S11	SES008	1.26863	-3.73171	-5.00034
BLOCK00/SES008/SA008S12	SES008	0.320816	-4.47429	-4.79511
BLOCK00/SES008/SA008S19	SES008	1.31006	-3.88626	-5.19632
BLOCK00/SES008/SA008S22	SES008	0.627588	-5.88592	-6.51351
BLOCK00/SES008/SA008S29	SES008	1.33692	-3.10834	-4.44526
BLOCK01/SES014/SA014S10	SES014	0.695429	-6.29464	-6.99007
BLOCK01/SES014/SA014S12	SES014	1.28123	-5.11924	-6.40047
BLOCK01/SES014/SA014S24	SES014	1.27136	-5.38086	-6.65222
BLOCK01/SES014/SA014S26	SES014	1.76122	-5.87482	-7.63603
BLOCK01/SES014/SA014S28	SES014	1.94069	-3.57999	-5.52068
BLOCK01/SES016/SA016S12	SES016	0.223306	-8.6932	-8.91651
BLOCK01/SES016/SA016S13	SES016	1.1116	-6.59919	-7.71079
BLOCK01/SES016/SA016S22	SES016	0.785055	-6.29001	-7.07507
BLOCK01/SES016/SA016S25	SES016	0.962733	-4.34236	-5.30509
BLOCK01/SES016/SA016S27	SES016	1.88826	-6.75844	-8.6467
BLOCK01/SES019/SA019S13	SES019	2.41964	-5.23431	-7.65396
BLOCK01/SES019/SA019S14	SES019	1.44969	-6.20478	-7.65447
BLOCK01/SES019/SA019S22	SES019	2.33384	-4.62908	-6.96292
BLOCK01/SES019/SA019S25	SES019	1.89632	-5.84882	-7.74513
BLOCK01/SES019/SA019S29	SES019	2.48584	-7.22484	-9.71068
BLOCK02/SES029/SA029S11	SES029	1.26448	-4.77449	-6.03898
BLOCK02/SES029/SA029S12	SES029	-0.194959	-6.48374	-6.28878
BLOCK02/SES029/SA029S20	SES029	0.658491	-4.26889	-4.92738
BLOCK02/SES029/SA029S25	SES029	0.119075	-6.18382	-6.30289
BLOCK02/SES029/SA029S28	SES029	0.113342	-5.7949	-5.90824
BLOCK04/SES042/SA042S12	SES042	1.63683	-5.42543	-7.06226
BLOCK04/SES042/SA042S15	SES042	1.46739	-5.92911	-7.3965
BLOCK04/SES042/SA042S22	SES042	3.41617	-8.00802	-11.4242
BLOCK04/SES042/SA042S25	SES042	1.63661	-7.9679	-9.60452
BLOCK04/SES042/SA042S27	SES042	2.22025	-7.81142	-10.0317
BLOCK04/SES048/SA048S11	SES048	1.07278	-4.2658	-5.33858
BLOCK04/SES048/SA048S12	SES048	0.185957	-6.88532	-7.07127
BLOCK04/SES048/SA048S20	SES048	0.0611997	-5.85438	-5.91558
BLOCK04/SES048/SA048S23	SES048	1.08109	-4.27008	-5.35117
BLOCK04/SES048/SA048S27	SES048	-0.432398	-6.92915	-6.49675
BLOCK06/SES060/SA060S11	SES060	1.176	-6.24753	-7.42353
BLOCK06/SES060/SA060S12	SES060	-0.0524187	-9.16566	-9.11324
BLOCK06/SES060/SA060S22	SES060	-0.539185	-8.59089	-8.0517
BLOCK06/SES060/SA060S24	SES060	0.68026	-4.13751	-4.81777
BLOCK06/SES060/SA060S28	SES060	1.05269	-3.54409	-4.59678
BLOCK06/SES062/SA062S10	SES062	0.0750141	-6.32718	-6.40219
BLOCK06/SES062/SA062S11	SES062	0.45153	-7.97681	-8.42834
BLOCK06/SES062/SA062S21	SES062	0.804759	-2.83787	-3.64263
BLOCK06/SES062/SA062S26	SES062	0.341427	-5.87191	-6.21333
BLOCK06/SES062/SA062S29	SES062	1.19222	-4.03339	-5.22561
BLOCK06/SES068/SA068S14	SES068	0.0812392	-5.97931	-6.06055
BLOCK06/SES068/SA068S15	SES068	1.19467	-5.32866	-6.52333
BLOCK06/SES068/SA068S23	SES068	0.203329	-6.47542	-6.67875
BLOCK06/SES068/SA068S27	SES068	1.53324	-5.03903	-6.57227
BLOCK06/SES068/SA068S29	SES068	0.505653	-6.12494	-6.63059
BLOCK08/SES082/SA082S12	SES082	-0.625168	-6.67621	-6.05104
BLOCK08/SES082/SA082S14	SES082	0.227609	-5.8618	-6.08941
BLOCK08/SES082/SA082S21	SES082	-0.00736237	-5.72104	-5.71368
BLOCK08/SES082/SA082S24	SES082	-0.4073	-7.35803	-6.95073
BLOCK08/SES082/SA082S28	SES082	0.462219	-6.46854	-6.93076
BLOCK08/SES083/SA083S14	SES083	-0.102693	-5.30951	-5.20682
BLOCK08/SES083/SA083S15	SES083	0.984978	-5.72741	-6.71239
BLOCK08/SES083/SA083S24	SES083	0.249309	-6.15651	-6.40582
BLOCK08/SES083/SA083S26	SES083	-0.018249	-7.95904	-7.94079
BLOCK08/SES083/SA083S29	SES083	0.0267363	-7.27227	-7.29901
BLOCK08/SES085/SA085S10	SES085	1.10172	-4.38401	-5.48574
BLOCK08/SES085/SA085S13	SES085	0.387278	-7.35404	-7.74132
BLOCK08/SES085/SA085S22	SES085	1.38252	-4.82505	-6.20757
BLOCK08/SES085/SA085S26	SES085	0.655207	-7.34575	-8.00096
BLOCK08/SES085/SA085S28	SES085	0.568781	-5.30729	-5.87607
BLOCK08/SES087/SA087S15	SES087	1.02608	-6.1188	-7.14488
BLOCK08/SES087/SA087S16	SES087	1.57517	-5.17051	-6.74568
BLOCK08/SES087/SA087S24	SES087	0.816859	-8.63335	-9.45021
BLOCK08/SES087/SA087S26	SES087	0.415865	-6.139	-6.55486
BLOCK08/SES087/SA087S29	SES087	1.04422	-4.88412	-5.92834
BLOCK09/SES099/SA099S15	SES099	1.33366	-6.63808	-7.97174
BLOCK09/SES099/SA099S16	SES099	0.897111	-4.0703	-4.96741
BLOCK09/SES099/SA099S24	SES099	1.36693	-5.37964	-6.74657
BLOCK09/SES099/SA099S26	SES099	0.982833	-5.90163	-6.88446
BLOCK09/SES099/SA099S29	SES099	1.20149	-6.44454	-7.64603
BLOCK10/SES101/SA101S11	SES101	-0.182365	-6.14863	-5.96626
BLOCK10/SES101/SA101S13	SES101	1.36597	-1.94064	-3.30661
BLOCK10/SES101/SA101S22	SES101	0.955836	-6.57329	-7.52913
BLOCK10/SES101/SA101S24	SES101	0.307553	-5.53402	-5.84157
BLOCK10/SES101/SA101S28	SES101	1.11044	-5.49402	-6.60446
BLOCK10/SES104/SA104S11	SES104	1.20502	-4.72203	-5.92705
BLOCK10/SES104/SA104S12	SES104	0.706369	-6.0897	-6.79606
BLOCK10/SES104/SA104S21	SES104	0.793598	-6.09467	-6.88827
BLOCK10/SES104/SA104S24	SES104	-0.351429	-8.58805	-8.23663
BLOCK10/SES104/SA104S28	SES104	0.344055	-8.18673	-8.53079
BLOCK10/SES105/SA105S12	SES105	0.992449	-6.78011	-7.77256
BLOCK10/SES105/SA105S13	SES105	-0.282459	-6.75909	-6.47663
BLOCK10/SES105/SA105S22	SES105	0.354505	-6.81459	-7.1691
BLOCK10/SES105/SA105S26	SES105	0.410647	-7.31983	-7.73047
BLOCK10/SES105/SA105S29	SES105	1.11704	-4.64796	-5.76499
BLOCK10/SES106/SA106S09	SES106	-0.0257969	-8.4662	-8.4404
BLOCK10/SES106/SA106S11	SES106	1.05453	-5.25828	-6.3128
BLOCK10/SES106/SA106S22	SES106	2.01845	-7.69816	-9.71661
BLOCK10/SES106/SA106S27	SES106	1.07487	-5.22858	-6.30346
BLOCK10/SES106/SA106S29	SES106	0.670391	-6.07833	-6.74872
BLOCK11/SES117/SA117S12	SES117	0.193044	-7.25075	-7.44379
BLOCK11/SES117/SA117S13	SES117	-0.205075	-6.55424	-6.34917
BLOCK11/SES117/SA117S23	SES117	1.58647	-8.10335	-9.68982
BLOCK11/SES117/SA117S25	SES117	1.13528	-6.22654	-7.36181
BLOCK11/SES117/SA117S28	SES117	1.02106	-8.06311	-9.08417
BLOCK12/SES120/SA120S08	SES120	0.738895	-8.86983	-9.60873
BLOCK12/SES120/SA120S11	SES120	0.0465651	-12.5108	-12.5573
BLOCK12/SES120/SA120S22	SES120	0.660931	-5.98523	-6.64616
BLOCK12/SES120/SA120S24	SES120	0.599826	-9.81232	-10.4121
BLOCK12/SES120/SA120S28	SES120	0.0651388	-9.09715	-9.16229
BLOCK12/SES125/SA125S13	SES125	1.28685	-8.2344	-9.52126
BLOCK12/SES125/SA125S14	SES125	0.823271	-9.1894	-10.0127
BLOCK12/SES125/SA125S25	SES125	1.88491	-6.76303	-8.64794
BLOCK12/SES125/SA125S27	SES125	1.23466	-7.07799	-8.31265
BLOCK12/SES125/SA125S29	SES125	0.759761	-6.15404	-6.9138
BLOCK12/SES127/SA127S11	SES127	0.647554	-5.05347	-5.70103
BLOCK12/SES127/SA127S12	SES127	0.90835	-2.73397	-3.64232
BLOCK12/SES127/SA127S23	SES127	0.550674	-4.48666	-5.03734
BLOCK12/SES127/SA127S25	SES127	-0.126073	-4.16657	-4.04049
BLOCK12/SES127/SA127S27	SES127	1.37128	-3.80646	-5.17774
BLOCK12/SES129/SA129S11	SES129	1.30047	-3.84221	-5.14268
BLOCK12/SES129/SA129S12	SES129	0.991541	-3.49133	-4.48287
BLOCK12/SES129/SA129S22	SES129	0.915832	-4.48169	-5.39752
BLOCK12/SES129/SA129S27	SES129	1.35396	-4.24208	-5.59604
BLOCK12/SES129/SA129S29	SES129	0.499812	-8.28657	-8.78639
BLOCK14/SES142/SA142S11	SES142	1.51231	-5.08969	-6.602
BLOCK14/SES142/SA142S12	SES142	0.764143	-7.69282	-8.45697
BLOCK14/SES142/SA142S24	SES142	1.00659	-6.47718	-7.48377
BLOCK14/SES142/SA142S27	SES142	0.870197	-6.33875	-7.20895
BLOCK14/SES142/SA142S29	SES142	0.383731	-6.22491	-6.60864
BLOCK14/SES143/SA143S12	SES143	0.925783	-5.19502	-6.12081
BLOCK14/SES143/SA143S13	SES143	0.914416	-5.04995	-5.96436
BLOCK14/SES143/SA143S23	SES143	0.275572	-6.37256	-6.64814
BLOCK14/SES143/SA143S25	SES143	0.590652	-7.44818	-8.03883
BLOCK14/SES143/SA143S28	SES143	0.725599	-7.12196	-7.84756
BLOCK14/SES144/SA144S09	SES144	0.495152	-5.62603	-6.12118
BLOCK14/SES144/SA144S11	SES144	0.219843	-5.55721	-5.77705
BLOCK14/SES144/SA144S21	SES144	-0.286297	-6.0012	-5.7149
BLOCK14/SES144/SA144S25	SES144	0.953123	-5.48843	-6.44155
BLOCK14/SES144/SA144S29	SES144	-0.0654488	-7.1238	-7.05835
BLOCK14/SES146/SA146S14	SES146	0.275227	-6.33798	-6.61321
BLOCK14/SES146/SA146S15	SES146	0.144689	-7.08846	-7.23314
BLOCK14/SES146/SA146S24	SES146	0.442795	-7.09629	-7.53908
BLOCK14/SES146/SA146S26	SES146	0.545866	-6.43685	-6.98271
BLOCK14/SES146/SA146S29	SES146	0.418807	-7.79306	-8.21187
BLOCK14/SES147/SA147S11	SES147	0.782194	-6.41451	-7.1967
BLOCK14/SES147/SA147S13	SES147	0.950933	-3.79752	-4.74845
BLOCK14/SES147/SA147S23	SES147	0.816453	-5.11464	-5.9311
BLOCK14/SES147/SA147S26	SES147	1.25426	-4.76801	-6.02227
BLOCK14/SES147/SA147S28	SES147	1.53284	-3.47241	-5.00525
BLOCK14/SES148/SA148S10	SES148	0.28067	-4.26927	-4.54994
BLOCK14/SES148/SA148S12	SES148	0.164581	-5.63669	-5.80127
BLOCK14/SES148/SA148S22	SES148	0.752656	-4.05171	-4.80436
BLOCK14/SES148/SA148S26	SES148	0.0969319	-3.48141	-3.57834
BLOCK14/SES148/SA148S29	SES148	-0.191768	-6.89816	-6.70639
BLOCK14/SES149/SA149S13	SES149	-0.124504	-5.87911	-5.7546
BLOCK14/SES149/SA149S14	SES149	0.0376801	-4.46139	-4.49907
BLOCK14/SES149/SA149S24	SES149	0.75383	-5.21257	-5.9664
BLOCK14/SES149/SA149S26	SES149	0.8268	-5.26738	-6.09418
BLOCK14/SES149/SA149S28	SES149	1.7546	-1.74787	-3.50247
BLOCK15/SES158/SA158S13	SES158	1.44637	-7.7108	-9.15717
BLOCK15/SES158/SA158S14	SES158	1.79254	-8.09076	-9.8833
BLOCK15/SES158/SA158S23	SES158	1.30045	-6.31278	-7.61323
BLOCK15/SES158/SA158S26	SES158	1.61411	-7.9837	-9.59781
BLOCK15/SES158/SA158S28	SES158	0.742507	-7.73051	-8.47301
BLOCK16/SES162/SA162S10	SES162	0.558346	-7.48264	-8.04098
BLOCK16/SES162/SA162S11	SES162	0.78777	-4.61002	-5.39779
BLOCK16/SES162/SA162S21	SES162	0.933523	-5.12674	-6.06026
BLOCK16/SES162/SA162S24	SES162	1.58455	-4.84231	-6.42686
BLOCK16/SES162/SA162S27	SES162	1.32628	-7.81247	-9.13874
BLOCK16/SES167/SA167S14	SES167	1.43019	-3.50835	-4.93854
BLOCK16/SES167/SA167S15	SES167	1.68389	-2.90171	-4.5856
BLOCK16/SES167/SA167S21	SES167	2.06792	-1.88599	-3.95391
BLOCK16/SES167/SA167S25	SES167	2.12406	-4.07239	-6.19645
BLOCK16/SES167/SA167S29	SES167	2.52648	-1.47109	-3.99758
BLOCK17/SES172/SA172S12	SES172	0.639619	-6.89996	-7.53958
BLOCK17/SES172/SA172S13	SES172	1.21002	-6.81279	-8.02281
BLOCK17/SES172/SA172S23	SES172	1.09024	-3.84945	-4.93969
BLOCK17/SES172/SA172S27	SES172	0.572236	-7.41405	-7.98628
BLOCK17/SES172/SA172S29	SES172	1.61994	-4.73793	-6.35787
BLOCK17/SES175/SA175S11	SES175	0.524173	-7.0352	-7.55937
BLOCK17/SES175/SA175S13	SES175	0.824303	-2.34869	-3.17299
BLOCK17/SES175/SA175S23	SES175	0.855479	-4.11411	-4.96959
BLOCK17/SES175/SA175S25	SES175	0.292911	-6.95814	-7.25105
BLOCK17/SES175/SA175S28	SES175	0.722363	-4.90644	-5.6288
BLOCK17/SES177/SA177S15	SES177	0.158584	-6.76007	-6.91866
BLOCK17/SES177/SA177S17	SES177	0.233747	-6.313	-6.54675
BLOCK17/SES177/SA177S23	SES177	0.134577	-6.91297	-7.04755
BLOCK17/SES177/SA177S26	SES177	1.3265	-3.03648	-4.36298
BLOCK17/SES177/SA177S28	SES177	0.612701	-7.14585	-7.75855
BLOCK18/SES180/SA180S13	SES180	0.252337	-8.41943	-8.67177
BLOCK18/SES180/SA180S15	SES180	0.592274	-5.13441	-5.72668
BLOCK18/SES180/SA180S24	SES180	0.122013	-4.65016	-4.77218
BLOCK18/SES180/SA180S26	SES180	0.27948	-5.87528	-6.15476
BLOCK18/SES180/SA180S29	SES180	-0.0387955	-8.17478	-8.13598
BLOCK18/SES183/SA183S13	SES183	0.956066	-5.90603	-6.86209
BLOCK18/SES183/SA183S14	SES183	-0.297696	-6.2823	-5.98461
BLOCK18/SES183/SA183S24	SES183	0.848232	-7.08368	-7.93191
BLOCK18/SES183/SA183S27	SES183	0.965044	-6.17451	-7.13956
BLOCK18/SES183/SA183S29	SES183	1.05546	-4.88783	-5.94329
BLOCK18/SES187/SA187S13	SES187	0.0185266	-7.5738	-7.59233
BLOCK18/SES187/SA187S14	SES187	0.0292544	-7.39017	-7.41942
BLOCK18/SES187/SA187S24	SES187	1.10974	-5.98181	-7.09155
BLOCK18/SES187/SA187S27	SES187	0.232344	-5.93817	-6.17051
BLOCK18/SES187/SA187S29	SES187	0.30511	-9.08582	-9.39093
BLOCK18/SES189/SA189S10	SES189	0.83959	-7.19605	-8.03564
BLOCK18/SES189/SA189S13	SES189	1.36326	-9.59924	-10.9625
BLOCK18/SES189/SA189S24	SES189	1.07817	-6.71049	-7.78866
BLOCK18/SES189/SA189S26	SES189	0.408646	-7.4083	-7.81695
BLOCK18/SES189/SA189S29	SES189	0.935263	-6.34676	-7.28203
BLOCK20/SES202/SA202S12	SES202	1.00258	-8.3659	-9.36848
BLOCK20/SES202/SA202S14	SES202	1.35748	-6.83774	-8.19521
BLOCK20/SES202/SA202S24	SES202	0.230437	-8.08603	-8.31647
BLOCK20/SES202/SA202S27	SES202	0.916962	-5.33674	-6.2537
BLOCK20/SES202/SA202S29	SES202	0.587666	-6.0792	-6.66687
BLOCK20/SES206/SA206S15	SES206	-0.230669	-4.87636	-4.64569
BLOCK20/SES206/SA206S17	SES206	0.711083	-6.69244	-7.40352
BLOCK20/SES206/SA206S24	SES206	1.03263	-4.86264	-5.89527
BLOCK20/SES206/SA206S27	SES206	1.58726	-7.29197	-8.87922
BLOCK20/SES206/SA206S29	SES206	1.22389	-7.27597	-8.49986
BLOCK22/SES226/SA226S12	SES226	0.810142	-5.84565	-6.65579
BLOCK22/SES226/SA226S13	SES226	-0.734578	-6.09449	-5.35991
BLOCK22/SES226/SA226S20	SES226	0.475824	-5.40854	-5.88436
BLOCK22/SES226/SA226S23	SES226	0.541996	-4.614	-5.15599
BLOCK22/SES226/SA226S28	SES226	0.636738	-5.20436	-5.8411
BLOCK25/SES259/SA259S13	SES259	2.64062	-5.6333	-8.27392
BLOCK25/SES259/SA259S14	SES259	1.3787	-5.33366	-6.71236
BLOCK25/SES259/SA259S22	SES259	1.41544	-5.2327	-6.64814
BLOCK25/SES259/SA259S24	SES259	1.31515	-6.30175	-7.6169
BLOCK25/SES259/SA259S28	SES259	1.19948	-5.67192	-6.8714
BLOCK27/SES270/SA270S14	SES270	1.94694	-5.56461	-7.51155
BLOCK27/SES270/SA270S16	SES270	0.297867	-5.5167	-5.81457
BLOCK27/SES270/SA270S22	SES270	1.94712	-4.62604	-6.57317
BLOCK27/SES270/SA270S26	SES270	1.21948	-6.8441	-8.06358
BLOCK27/SES270/SA270S28	SES270	1.65632	-3.84364	-5.49996
BLOCK27/SES275/SA275S17	SES275	0.278428	-5.95708	-6.23551
BLOCK27/SES275/SA275S18	SES275	0.0445228	-6.85581	-6.90033
BLOCK27/SES275/SA275S24	SES275	0.544765	-6.36726	-6.91203
BLOCK27/SES275/SA275S26	SES275	0.467226	-5.38121	-5.84844
BLOCK27/SES275/SA275S28	SES275	0.0967164	-5.76578	-5.86249
BLOCK29/SES292/SA292S10	SES292	-0.208562	-5.69373	-5.48517
BLOCK29/SES292/SA292S12	SES292	0.599485	-6.86461	-7.4641
BLOCK29/SES292/SA292S22	SES292	-0.0109611	-6.64586	-6.6349
BLOCK29/SES292/SA292S24	SES292	0.445687	-4.45758	-4.90327
BLOCK29/SES292/SA292S27	SES292	-0.261201	-5.64568	-5.38448
BLOCK00/SES001/SA001S14	SES062	-2.21795	-10.4367	-8.21877
BLOCK00/SES001/SA001S14	SES082	-0.733036	-8.95181	-8.21877
BLOCK00/SES001/SA001S14	SES106	-0.678238	-8.89701	-8.21877
BLOCK00/SES001/SA001S14	SES206	-1.86188	-10.0807	-8.21877
BLOCK00/SES001/SA001S15	SES062	-2.08649	-9.25028	-7.16379
BLOCK00/SES001/SA001S15	SES104	-0.488992	-7.65278	-7.16379
BLOCK00/SES001/SA001S15	SES106	-0.369001	-7.53279	-7.16379
BLOCK00/SES001/SA001S15	SES206	-1.84597	-9.00976	-7.16379
BLOCK00/SES001/SA001S24	SES062	-2.79291	-10.5644	-7.77149
BLOCK00/SES001/SA001S24	SES082	-0.789736	-8.56122	-7.77149
BLOCK00/SES001/SA001S24	SES087	-3.04468	-10.8162	-7.77149
BLOCK00/SES001/SA001S24	SES206	-1.50049	-9.27198	-7.77149
BLOCK00/SES001/SA001S27	SES062	-1.40163	-5.4683	-4.06667
BLOCK00/SES001/SA001S27	SES082	-0.932057	-4.99873	-4.06667
BLOCK00/SES001/SA001S27	SES087	-0.757579	-4.82425	-4.06667
BLOCK00/SES001/SA001S27	SES206	-2.13191	-6.19859	-4.06667
BLOCK00/SES001/SA001S29	SES062	-2.45742	-9.97579	-7.51837
BLOCK00/SES001/SA001S29	SES082	-0.944954	-8.46332	-7.51837
BLOCK00/SES001/SA001S29	SES158	-0.704887	-8.22326	-7.51837
BLOCK00/SES001/SA001S29	SES206	-2.32127	-9.83963	-7.51837
BLOCK00/SES003/SA003S11	SES002	-0.582395	-5.96744	-5.38504
BLOCK00/SES003/SA003S11	SES019	-2.0825	-7.46754	-5.38504
BLOCK00/SES003/SA003S11	SES082	-1.13769	-6.52273	-5.38504
BLOCK00/SES003/SA003S11	SES125	-1.63687	-7.02191	-5.38504
BLOCK00/SES003/SA003S15	SES016	-1.41111	-7.41193	-6.00082
BLOCK00/SES003/SA003S15	SES019	-2.24066	-8.24148	-6.00082
BLOCK00/SES003/SA003S15	SES062	-0.494775	-6.4956	-6.00082
BLOCK00/SES003/SA003S15	SES206	-0.880545	-6.88137	-6.00082
BLOCK00/SES003/SA003S22	SES002	-0.230868	-5.99549	-5.76462
BLOCK00/SES003/SA003S22	SES062	-0.325633	-6.09026	-5.76462
BLOCK00/SES003/SA003S22	SES082	-1.32632	-7.09094	-5.76462
BLOCK00/SES003/SA003S22	SES087	-0.971969	-6.73659	-5.76462
BLOCK00/SES003/SA003S25	SES062	-2.12083	-9.59165	-7.47082
BLOCK00/SES003/SA003S25	SES082	-1.75553	-9.22635	-7.47082
BLOCK00/SES003/SA003S25	SES087	-0.934883	-8.4057	-7.47082
BLOCK00/SES003/SA003S25	SES206	-2.05688	-9.5277	-7.47082
BLOCK00/SES003/SA003S29	SES002	-0.692801	-6.80536	-6.11255
BLOCK00/SES003/SA003S29	SES062	-1.44759	-7.56015	-6.11255
BLOCK00/SES003/SA003S29	SES082	-1.38389	-7.49645	-6.11255
BLOCK00/SES003/SA003S29	SES087	-1.21432	-7.32687	-6.11255
BLOCK00/SES004/SA004S12	SES083	-1.05104	-6.25075	-5.1997
BLOCK00/SES004/SA004S12	SES148	-1.18565	-6.38536	-5.1997
BLOCK00/SES004/SA004S12	SES172	0.432314	-4.76739	-5.1997
BLOCK00/SES004/SA004S12	SES292	-1.36641	-6.56611	-5.1997
BLOCK00/SES004/SA004S17	SES083	-0.971025	-6.40822	-5.4372
BLOCK00/SES004/SA004S17	SES162	-0.125362	-5.56256	-5.4372
BLOCK00/SES004/SA004S17	SES172	0.175234	-5.26196	-5.4372
BLOCK00/SES004/SA004S17	SES292	-0.923034	-6.36023	-5.4372
BLOCK00/SES004/SA004S24	SES083	-0.600074	-6.36403	-5.76395
BLOCK00/SES004/SA004S24	SES148	-2.6268	-8.39076	-5.76395
BLOCK00/SES004/SA004S24	SES172	0.355185	-5.40877	-5.76395
BLOCK00/SES004/SA004S24	SES292	-1.36495	-7.12891	-5.76395
BLOCK00/SES004/SA004S26	SES083	-0.661942	-7.84416	-7.18221
BLOCK00/SES004/SA004S26	SES127	-1.42159	-8.6038	-7.18221
BLOCK00/SES004/SA004S26	SES148	-2.57067	-9.75288	-7.18221
BLOCK00/SES004/SA004S26	SES292	-2.02085	-9.20307	-7.18221
BLOCK00/SES004/SA004S28	SES083	-0.86024	-4.14627	-3.28603
BLOCK00/SES004/SA004S28	SES127	-0.24288	-3.52891	-3.28603
BLOCK00/SES004/SA004S28	SES187	0.0692518	-3.21678	-3.28603
BLOCK00/SES004/SA004S28	SES292	-0.85804	-4.14407	-3.28603
BLOCK00/SES006/SA006S10	SES014	-3.79372	-14.0326	-10.2389
BLOCK00/SES006/SA006S10	SES158	-4.1258	-14.3647	-10.2389
BLOCK00/SES006/SA006S10	SES226	-4.15756	-14.3965	-10.2389
BLOCK00/SES006/SA006S10	SES270	-2.01051	-12.2494	-10.2389
BLOCK00/SES006/SA006S11	SES158	-2.84883	-11.6475	-8.79871
BLOCK00/SES006/SA006S11	SES226	-2.86237	-11.6611	-8.79871
BLOCK00/SES006/SA006S11	SES270	-1.20729	-10.006	-8.79871
BLOCK00/SES006/SA006S11	SES275	-2.01733	-10.816	-8.79871
BLOCK00/SES006/SA006S23	SES062	-4.45361	-12.812	-8.35836
BLOCK00/SES006/SA006S23	SES105	-3.78142	-12.1398	-8.35836
BLOCK00/SES006/SA006S23	SES158	-4.80159	-13.16	-8.35836
BLOCK00/SES006/SA006S23	SES275	-2.37246	-10.7308	-8.35836
BLOCK00/SES006/SA006S26	SES104	-5.34965	-14.3162	-8.96653
BLOCK00/SES006/SA006S26	SES158	-3.75227	-12.7188	-8.96653
BLOCK00/SES006/SA006S26	SES270	-1.08879	-10.0553	-8.96653
BLOCK00/SES006/SA006S26	SES275	-1.61334	-10.5799	-8.96653
BLOCK00/SES006/SA006S28	SES007	-1.55821	-10.4772	-8.91899
BLOCK00/SES006/SA006S28	SES105	-2.47835	-11.3973	-8.91899
BLOCK00/SES006/SA006S28	SES158	-2.19421	-11.1132	-8.91899
BLOCK00/SES006/SA006S28	SES275	-2.18324	-11.1022	-8.91899
BLOCK00/SES009/SA009S12	SES083	-2.31054	-9.6388	-7.32826
BLOCK00/SES009/SA009S12	SES148	-3.84269	-11.171	-7.32826
BLOCK00/SES009/SA009S12	SES177	-0.626104	-7.95436	-7.32826
BLOCK00/SES009/SA009S12	SES292	-1.46512	-8.79338	-7.32826
BLOCK00/SES009/SA009S15	SES007	-0.83976	-7.39093	-6.55117
BLOCK00/SES009/SA009S15	SES099	-3.64353	-10.1947	-6.55117
BLOCK00/SES009/SA009S15	SES148	-3.67093	-10.2221	-6.55117
BLOCK00/SES009/SA009S15	SES172	-0.900308	-7.45147	-6.55117
BLOCK00/SES009/SA009S24	SES146	-1.05036	-9.22736	-8.177
BLOCK00/SES009/SA009S24	SES148	-3.55949	-11.7365	-8.177
BLOCK00/SES009/SA009S24	SES177	-0.569839	-8.74684	-8.177
BLOCK00/SES009/SA009S24	SES292	-0.75237	-8.92937	-8.177
BLOCK00/SES009/SA009S26	SES083	-2.11124	-8.75114	-6.63991
BLOCK00/SES009/SA009S26	SES101	-2.13067	-8.77058	-6.63991
BLOCK00/SES009/SA009S26	SES120	-1.11713	-7.75704	-6.63991
BLOCK00/SES009/SA009S26	SES177	-0.654554	-7.29446	-6.63991
BLOCK00/SES009/SA009S29	SES083	-1.59965	-8.36313	-6.76348
BLOCK00/SES009/SA009S29	SES101	-1.60594	-8.36943	-6.76348
BLOCK00/SES009/SA009S29	SES177	-0.389861	-7.15334	-6.76348
BLOCK00/SES009/SA009S29	SES292	-1.38435	-8.14783	-6.76348
BLOCK01/SES011/SA011S10	SES019	-2.58356	-12.2456	-9.66202
BLOCK01/SES011/SA011S10	SES042	-0.441192	-10.1032	-9.66202
BLOCK01/SES011/SA011S10	SES082	-1.16065	-10.8227	-9.66202
BLOCK01/SES011/SA011S10	SES206	-0.791447	-10.4535	-9.66202
BLOCK01/SES011/SA011S11	SES019	-2.22434	-11.5934	-9.36908
BLOCK01/SES011/SA011S11	SES042	-0.263983	-9.63307	-9.36908
BLOCK01/SES011/SA011S11	SES082	-0.450497	-9.81958	-9.36908
BLOCK01/SES011/SA011S11	SES206	-1.96636	-11.3354	-9.36908
BLOCK01/SES011/SA011S22	SES019	-0.937713	-10.5742	-9.63651
BLOCK01/SES011/SA011S22	SES042	1.2362	-8.40031	-9.63651
BLOCK01/SES011/SA011S22	SES082	-0.0877914	-9.7243	-9.63651
BLOCK01/SES011/SA011S22	SES206	-0.787183	-10.4237	-9.63651
BLOCK01/SES011/SA011S24	SES019	-3.60081	-12.2667	-8.66588
BLOCK01/SES011/SA011S24	SES042	0.515894	-8.14999	-8.66588
BLOCK01/SES011/SA011S24	SES104	-0.43093	-9.09682	-8.66588
BLOCK01/SES011/SA011S24	SES206	-0.186794	-8.85268	-8.66588
BLOCK01/SES011/SA011S27	SES082	-0.539072	-8.70067	-8.1616
BLOCK01/SES011/SA011S27	SES087	-2.90035	-11.0619	-8.1616
BLOCK01/SES011/SA011S27	SES125	-1.00413	-9.16573	-8.1616
BLOCK01/SES011/SA011S27	SES206	-1.2533	-9.4149	-8.1616
BLOCK01/SES012/SA012S11	SES007	-0.148486	-6.35995	-6.21146
BLOCK01/SES012/SA012S11	SES082	-0.710066	-6.92153	-6.21146
BLOCK01/SES012/SA012S11	SES083	-0.89417	-7.10563	-6.21146
BLOCK01/SES012/SA012S11	SES206	-0.477336	-6.6888	-6.21146
BLOCK01/SES012/SA012S14	SES082	-0.615	-8.59524	-7.98024
BLOCK01/SES012/SA012S14	SES087	-1.83914	-9.81938	-7.98024
BLOCK01/SES012/SA012S14	SES206	-0.259177	-8.23942	-7.98024
BLOCK01/SES012/SA012S14	SES292	-1.38751	-9.36775	-7.98024
BLOCK01/SES012/SA012S24	SES082	-0.54948	-9.61846	-9.06898
BLOCK01/SES012/SA012S24	SES087	-1.51866	-10.5876	-9.06898
BLOCK01/SES012/SA012S24	SES120	-1.40187	-10.4708	-9.06898
BLOCK01/SES012/SA012S24	SES206	-0.968454	-10.0374	-9.06898
BLOCK01/SES012/SA012S26	SES019	-6.39812	-15.9782	-9.58003
BLOCK01/SES012/SA012S26	SES082	-0.685093	-10.2651	-9.58003
BLOCK01/SES012/SA012S26	SES206	-0.19083	-9.77086	-9.58003
BLOCK01/SES012/SA012S26	SES292	-1.00712	-10.5872	-9.58003
BLOCK01/SES012/SA012S29	SES062	-1.32154	-5.60629	-4.28475
BLOCK01/SES012/SA012S29	SES082	-0.5806	-4.86535	-4.28475
BLOCK01/SES012/SA012S29	SES083	-1.72493	-6.00967	-4.28475
BLOCK01/SES012/SA012S29	SES206	0.241703	-4.04305	-4.28475
BLOCK01/SES013/SA013S16	SES062	-3.05339	-11.7012	-8.64777
BLOCK01/SES013/SA013S16	SES106	-2.13388	-10.7817	-8.64777
BLOCK01/SES013/SA013S16	SES206	-2.56229	-11.2101	-8.64777
BLOCK01/SES013/SA013S16	SES226	-1.81749	-10.4653	-8.64777
BLOCK01/SES013/SA013S17	SES062	-1.2985	-7.74233	-6.44383
BLOCK01/SES013/SA013S17	SES106	-1.26878	-7.71261	-6.44383
BLOCK01/SES013/SA013S17	SES206	-0.936922	-7.38075	-6.44383
BLOCK01/SES013/SA013S17	SES226	-0.257756	-6.70159	-6.44383
BLOCK01/SES013/SA013S23	SES104	-0.690881	-8.64695	-7.95607
BLOCK01/SES013/SA013S23	SES106	-0.972071	-8.92814	-7.95607
BLOCK01/SES013/SA013S23	SES206	-2.33615	-10.2922	-7.95607
BLOCK01/SES013/SA013S23	SES270	-1.7747	-9.73077	-7.95607
BLOCK01/SES013/SA013S25	SES042	-3.4236	-11.4362	-8.01259
BLOCK01/SES013/SA013S25	SES104	0.0490923	-7.9635	-8.01259
BLOCK01/SES013/SA013S25	SES106	-0.269293	-8.28188	-8.01259
BLOCK01/SES013/SA013S25	SES206	-1.74016	-9.75274	-8.01259
BLOCK01/SES013/SA013S29	SES062	-3.03307	-11.1266	-8.09349
BLOCK01/SES013/SA013S29	SES104	-0.693038	-8.78653	-8.09349
BLOCK01/SES013/SA013S29	SES106	-1.18404	-9.27753	-8.09349
BLOCK01/SES013/SA013S29	SES206	-2.45984	-10.5533	-8.09349
BLOCK02/SES021/SA021S13	SES016	-1.4673	-8.56282	-7.09552
BLOCK02/SES021/SA021S13	SES029	-0.836891	-7.93241	-7.09552
BLOCK02/SES021/SA021S13	SES087	-2.11128	-9.2068	-7.09552
BLOCK02/SES021/SA021S13	SES206	-1.71297	-8.80849	-7.09552
BLOCK02/SES021/SA021S15	SES087	-1.28325	-7.35818	-6.07493
BLOCK02/SES021/SA021S15	SES125	-1.33282	-7.40774	-6.07493
BLOCK02/SES021/SA021S15	SES206	-1.6261	-7.70103	-6.07493
BLOCK02/SES021/SA021S15	SES226	-1.53383	-7.60876	-6.07493
BLOCK02/SES021/SA021S23	SES062	-2.82359	-10.3191	-7.49554
BLOCK02/SES021/SA021S23	SES087	-0.814715	-8.31026	-7.49554
BLOCK02/SES021/SA021S23	SES206	-1.70998	-9.20552	-7.49554
BLOCK02/SES021/SA021S23	SES226	-0.477342	-7.97289	-7.49554
BLOCK02/SES021/SA021S27	SES002	-1.76764	-6.70617	-4.93853
BLOCK02/SES021/SA021S27	SES016	-4.09661	-9.03514	-4.93853
BLOCK02/SES021/SA021S27	SES019	-2.52222	-7.46075	-4.93853
BLOCK02/SES021/SA021S27	SES062	-1.54008	-6.47861	-4.93853
BLOCK02/SES021/SA021S29	SES087	-1.02169	-7.6368	-6.61512
BLOCK02/SES021/SA021S29	SES125	-2.17893	-8.79405	-6.61512
BLOCK02/SES021/SA021S29	SES206	-0.292517	-6.90763	-6.61512
BLOCK02/SES021/SA021S29	SES226	-1.01283	-7.62794	-6.61512
BLOCK04/SES043/SA043S09	SES083	-0.287067	-8.20523	-7.91816
BLOCK04/SES043/SA043S09	SES101	-0.572634	-8.4908	-7.91816
BLOCK04/SES043/SA043S09	SES144	-0.060523	-7.97868	-7.91816
BLOCK04/SES043/SA043S09	SES172	-1.16383	-9.082	-7.91816
BLOCK04/SES043/SA043S11	SES083	-0.245735	-5.2874	-5.04166
BLOCK04/SES043/SA043S11	SES101	-0.394081	-5.43575	-5.04166
BLOCK04/SES043/SA043S11	SES144	0.338124	-4.70354	-5.04166
BLOCK04/SES043/SA043S11	SES172	-1.27484	-6.31651	-5.04166
BLOCK04/SES043/SA043S23	SES083	-0.534107	-6.32851	-5.79441
BLOCK04/SES043/SA043S23	SES144	0.230507	-5.5639	-5.79441
BLOCK04/SES043/SA043S23	SES177	-1.16276	-6.95717	-5.79441
BLOCK04/SES043/SA043S23	SES275	-0.839759	-6.63417	-5.79441
BLOCK04/SES043/SA043S26	SES083	-0.846642	-10.5177	-9.67103
BLOCK04/SES043/SA043S26	SES101	-0.437644	-10.1087	-9.67103
BLOCK04/SES043/SA043S26	SES144	-0.0266314	-9.69766	-9.67103
BLOCK04/SES043/SA043S26	SES177	-1.9089	-11.5799	-9.67103
BLOCK04/SES043/SA043S28	SES016	-1.42511	-7.96963	-6.54451
BLOCK04/SES043/SA043S28	SES083	-0.343072	-6.88759	-6.54451
BLOCK04/SES043/SA043S28	SES101	-0.598949	-7.14346	-6.54451
BLOCK04/SES043/SA043S28	SES144	-0.727258	-7.27177	-6.54451
BLOCK04/SES044/SA044S10	SES127	-4.90092	-14.803	-9.90208
BLOCK04/SES044/SA044S10	SES144	-0.638345	-10.5404	-9.90208
BLOCK04/SES044/SA044S10	SES147	-3.38184	-13.2839	-9.90208
BLOCK04/SES044/SA044S10	SES148	-3.45788	-13.36	-9.90208
BLOCK04/SES044/SA044S11	SES101	-0.638974	-8.69832	-8.05935
BLOCK04/SES044/SA044S11	SES144	0.070241	-7.98911	-8.05935
BLOCK04/SES044/SA044S11	SES147	-1.92432	-9.98367	-8.05935
BLOCK04/SES044/SA044S11	SES177	-1.66163	-9.72098	-8.05935
BLOCK04/SES044/SA044S24	SES007	-2.32288	-10.2707	-7.9478
BLOCK04/SES044/SA044S24	SES101	-0.474632	-8.42243	-7.9478
BLOCK04/SES044/SA044S24	SES147	-1.97097	-9.91876	-7.9478
BLOCK04/SES044/SA044S24	SES177	-1.90758	-9.85538	-7.9478
BLOCK04/SES044/SA044S26	SES007	-1.44216	-6.65708	-5.21492
BLOCK04/SES044/SA044S26	SES016	-0.75871	-5.97363	-5.21492
BLOCK04/SES044/SA044S26	SES101	-0.888142	-6.10306	-5.21492
BLOCK04/SES044/SA044S26	SES147	-0.372628	-5.58755	-5.21492
BLOCK04/SES044/SA044S29	SES007	-2.07951	-8.47135	-6.39184
BLOCK04/SES044/SA044S29	SES101	-0.595848	-6.98769	-6.39184
BLOCK04/SES044/SA044S29	SES147	-0.936729	-7.32857	-6.39184
BLOCK04/SES044/SA044S29	SES177	-2.10792	-8.49976	-6.39184
BLOCK04/SES046/SA046S13	SES101	0.15097	-7.92811	-8.07908
BLOCK04/SES046/SA046S13	SES144	-0.37736	-8.45644	-8.07908
BLOCK04/SES046/SA046S13	SES147	-0.997482	-9.07656	-8.07908
BLOCK04/SES046/SA046S13	SES177	-1.39742	-9.4765	-8.07908
BLOCK04/SES046/SA046S15	SES048	-0.232993	-4.28325	-4.05025
BLOCK04/SES046/SA046S15	SES083	-1.2439	-5.29416	-4.05025
BLOCK04/SES046/SA046S15	SES120	-2.48748	-6.53773	-4.05025
BLOCK04/SES046/SA046S15	SES148	-1.46622	-5.51647	-4.05025
BLOCK04/SES046/SA046S22	SES101	-0.291152	-7.42961	-7.13846
BLOCK04/SES046/SA046S22	SES144	0.260931	-6.87752	-7.13846
BLOCK04/SES046/SA046S22	SES147	-1.10987	-8.24832	-7.13846
BLOCK04/SES046/SA046S22	SES172	-0.251963	-7.39042	-7.13846
BLOCK04/SES046/SA046S25	SES083	-0.732352	-5.32371	-4.59136
BLOCK04/SES046/SA046S25	SES127	-1.41714	-6.0085	-4.59136
BLOCK04/SES046/SA046S25	SES144	-0.793012	-5.38437	-4.59136
BLOCK04/SES046/SA046S25	SES148	-1.14247	-5.73383	-4.59136
BLOCK04/SES046/SA046S28	SES007	-0.960357	-6.98987	-6.02951
BLOCK04/SES046/SA046S28	SES105	-1.3283	-7.35781	-6.02951
BLOCK04/SES046/SA046S28	SES147	-0.978495	-7.008	-6.02951
BLOCK04/SES046/SA046S28	SES148	-2.10414	-8.13365	-6.02951
BLOCK04/SES049/SA049S16	SES104	-1.1225	-9.09975	-7.97725
BLOCK04/SES049/SA049S16	SES106	-2.85997	-10.8372	-7.97725
BLOCK04/SES049/SA049S16	SES120	-2.30826	-10.2855	-7.97725
BLOCK04/SES049/SA049S16	SES206	-2.36542	-10.3427	-7.97725
BLOCK04/SES049/SA049S18	SES099	-0.299132	-8.90657	-8.60744
BLOCK04/SES049/SA049S18	SES104	-1.42458	-10.032	-8.60744
BLOCK04/SES049/SA049S18	SES125	-1.92302	-10.5305	-8.60744
BLOCK04/SES049/SA049S18	SES206	-2.42013	-11.0276	-8.60744
BLOCK04/SES049/SA049S25	SES087	-1.5633	-9.97679	-8.41349
BLOCK04/SES049/SA049S25	SES104	-1.03751	-9.45099	-8.41349
BLOCK04/SES049/SA049S25	SES125	-2.23035	-10.6438	-8.41349
BLOCK04/SES049/SA049S25	SES206	-1.26753	-9.68102	-8.41349
BLOCK04/SES049/SA049S27	SES099	-1.38568	-5.48055	-4.09487
BLOCK04/SES049/SA049S27	SES104	-0.236117	-4.33099	-4.09487
BLOCK04/SES049/SA049S27	SES125	-1.73821	-5.83308	-4.09487
BLOCK04/SES049/SA049S27	SES206	-1.9312	-6.02607	-4.09487
BLOCK04/SES049/SA049S29	SES099	-0.27762	-5.47818	-5.20056
BLOCK04/SES049/SA049S29	SES104	0.12123	-5.07933	-5.20056
BLOCK04/SES049/SA049S29	SES125	-0.871932	-6.07249	-5.20056
BLOCK04/SES049/SA049S29	SES206	-1.35705	-6.55761	-5.20056
BLOCK06/SES063/SA063S09	SES068	-1.87528	-10.4707	-8.59545
BLOCK06/SES063/SA063S09	SES083	-0.599622	-9.19507	-8.59545
BLOCK06/SES063/SA063S09	SES177	-0.48703	-9.08248	-8.59545
BLOCK06/SES063/SA063S09	SES187	-1.47042	-10.0659	-8.59545
BLOCK06/SES063/SA063S10	SES068	-2.20993	-10.3153	-8.10534
BLOCK06/SES063/SA063S10	SES083	-1.41066	-9.516	-8.10534
BLOCK06/SES063/SA063S10	SES172	-1.25447	-9.35981	-8.10534
BLOCK06/SES063/SA063S10	SES187	-1.35209	-9.45743	-8.10534
BLOCK06/SES063/SA063S20	SES068	-2.47407	-11.3084	-8.83434
BLOCK06/SES063/SA063S20	SES083	-0.976412	-9.81075	-8.83434
BLOCK06/SES063/SA063S20	SES172	-0.910995	-9.74533	-8.83434
BLOCK06/SES063/SA063S20	SES187	-1.07559	-9.90993	-8.83434
BLOCK06/SES063/SA063S24	SES029	-1.84412	-10.3832	-8.53905
BLOCK06/SES063/SA063S24	SES083	0.198153	-8.3409	-8.53905
BLOCK06/SES063/SA063S24	SES177	-0.796711	-9.33576	-8.53905
BLOCK06/SES063/SA063S24	SES189	-1.25303	-9.79208	-8.53905
BLOCK06/SES063/SA063S27	SES083	-0.87472	-9.42261	-8.54789
BLOCK06/SES063/SA063S27	SES172	-1.5201	-10.068	-8.54789
BLOCK06/SES063/SA063S27	SES187	-1.15283	-9.70072	-8.54789
BLOCK06/SES063/SA063S27	SES292	-1.40088	-9.94878	-8.54789
BLOCK06/SES067/SA067S12	SES083	-1.90294	-7.8541	-5.95116
BLOCK06/SES067/SA067S12	SES172	-1.57421	-7.52537	-5.95116
BLOCK06/SES067/SA067S12	SES202	-1.3613	-7.31246	-5.95116
BLOCK06/SES067/SA067S12	SES292	-1.61744	-7.5686	-5.95116
BLOCK06/SES067/SA067S14	SES085	-0.963293	-4.30789	-3.3446
BLOCK06/SES067/SA067S14	SES177	-1.74384	-5.08844	-3.3446
BLOCK06/SES067/SA067S14	SES183	0.236843	-3.10776	-3.3446
BLOCK06/SES067/SA067S14	SES202	-1.46442	-4.80902	-3.3446
BLOCK06/SES067/SA067S21	SES144	-0.534844	-8.19128	-7.65644
BLOCK06/SES067/SA067S21	SES177	-0.986343	-8.64278	-7.65644
BLOCK06/SES067/SA067S21	SES183	0.0546737	-7.60176	-7.65644
BLOCK06/SES067/SA067S21	SES189	-0.322725	-7.97916	-7.65644
BLOCK06/SES067/SA067S25	SES085	-2.72642	-9.33921	-6.61279
BLOCK06/SES067/SA067S25	SES177	-1.29232	-7.90511	-6.61279
BLOCK06/SES067/SA067S25	SES183	-1.41079	-8.02358	-6.61279
BLOCK06/SES067/SA067S25	SES202	-1.32433	-7.93712	-6.61279
BLOCK06/SES067/SA067S29	SES085	-3.84057	-12.0072	-8.16666
BLOCK06/SES067/SA067S29	SES177	-3.41114	-11.5778	-8.16666
BLOCK06/SES067/SA067S29	SES183	-0.373968	-8.54063	-8.16666
BLOCK06/SES067/SA067S29	SES202	-2.1101	-10.2768	-8.16666
BLOCK06/SES069/SA069S12	SES029	-1.58405	-7.07755	-5.49351
BLOCK06/SES069/SA069S12	SES082	-0.732374	-6.22588	-5.49351
BLOCK06/SES069/SA069S12	SES087	-1.11467	-6.60818	-5.49351
BLOCK06/SES069/SA069S12	SES206	-1.24511	-6.73862	-5.49351
BLOCK06/SES069/SA069S13	SES029	-1.79605	-6.34779	-4.55174
BLOCK06/SES069/SA069S13	SES087	-0.604833	-5.15657	-4.55174
BLOCK06/SES069/SA069S13	SES206	-2.18459	-6.73633	-4.55174
BLOCK06/SES069/SA069S13	SES226	-0.17528	-4.72702	-4.55174
BLOCK06/SES069/SA069S23	SES029	-0.13986	-3.59886	-3.459
BLOCK06/SES069/SA069S23	SES087	0.303867	-3.15513	-3.459
BLOCK06/SES069/SA069S23	SES206	-0.59378	-4.05278	-3.459
BLOCK06/SES069/SA069S23	SES226	0.0189428	-3.44006	-3.459
BLOCK06/SES069/SA069S25	SES087	-0.583325	-5.94404	-5.36071
BLOCK06/SES069/SA069S25	SES206	-2.51712	-7.87783	-5.36071
BLOCK06/SES069/SA069S25	SES226	-0.645481	-6.00619	-5.36071
BLOCK06/SES069/SA069S25	SES270	-1.72116	-7.08187	-5.36071
BLOCK06/SES069/SA069S27	SES087	-0.833236	-7.3248	-6.49157
BLOCK06/SES069/SA069S27	SES206	-1.03307	-7.52464	-6.49157
BLOCK06/SES069/SA069S27	SES226	-0.567565	-7.05913	-6.49157
BLOCK06/SES069/SA069S27	SES270	-1.81517	-8.30674	-6.49157
BLOCK08/SES081/SA081S11	SES060	-0.926544	-8.61736	-7.69081
BLOCK08/SES081/SA081S11	SES062	-1.2018	-8.89262	-7.69081
BLOCK08/SES081/SA081S11	SES117	-1.79361	-9.48443	-7.69081
BLOCK08/SES081/SA081S11	SES162	-2.14991	-9.84072	-7.69081
BLOCK08/SES081/SA081S13	SES016	-1.33995	-7.66919	-6.32924
BLOCK08/SES081/SA081S13	SES060	-0.294057	-6.6233	-6.32924
BLOCK08/SES081/SA081S13	SES068	-0.873505	-7.20275	-6.32924
BLOCK08/SES081/SA081S13	SES129	-2.27044	-8.59968	-6.32924
BLOCK08/SES081/SA081S24	SES060	-0.877184	-7.62317	-6.74598
BLOCK08/SES081/SA081S24	SES068	-0.711488	-7.45747	-6.74598
BLOCK08/SES081/SA081S24	SES117	-1.2739	-8.01989	-6.74598
BLOCK08/SES081/SA081S24	SES275	-1.62709	-8.37308	-6.74598
BLOCK08/SES081/SA081S27	SES007	-0.857752	-10.431	-9.57321
BLOCK08/SES081/SA081S27	SES060	-1.10419	-10.6774	-9.57321
BLOCK08/SES081/SA081S27	SES117	-0.756021	-10.3292	-9.57321
BLOCK08/SES081/SA081S27	SES275	-1.90977	-11.483	-9.57321
BLOCK08/SES081/SA081S29	SES007	-0.361423	-10.1949	-9.83349
BLOCK08/SES081/SA081S29	SES060	-0.519987	-10.3535	-9.83349
BLOCK08/SES081/SA081S29	SES117	-0.746711	-10.5802	-9.83349
BLOCK08/SES081/SA081S29	SES275	-2.25911	-12.0926	-9.83349
BLOCK08/SES086/SA086S11	SES029	-2.84712	-12.503	-9.65585
BLOCK08/SES086/SA086S11	SES082	-1.61081	-11.2667	-9.65585
BLOCK08/SES086/SA086S11	SES087	-0.318892	-9.97474	-9.65585
BLOCK08/SES086/SA086S11	SES206	-1.96773	-11.6236	-9.65585
BLOCK08/SES086/SA086S12	SES029	-1.9121	-10.1153	-8.20317
BLOCK08/SES086/SA086S12	SES082	-1.75063	-9.9538	-8.20317
BLOCK08/SES086/SA086S12	SES087	0.428929	-7.77424	-8.20317
BLOCK08/SES086/SA086S12	SES206	-1.0672	-9.27037	-8.20317
BLOCK08/SES086/SA086S20	SES029	-1.46923	-8.75609	-7.28686
BLOCK08/SES086/SA086S20	SES082	-1.68745	-8.97431	-7.28686
BLOCK08/SES086/SA086S20	SES087	-0.388897	-7.67576	-7.28686
BLOCK08/SES086/SA086S20	SES206	-0.793121	-8.07998	-7.28686
BLOCK08/SES086/SA086S24	SES087	-0.114741	-8.91148	-8.79673
BLOCK08/SES086/SA086S24	SES104	-0.679546	-9.47628	-8.79673
BLOCK08/SES086/SA086S24	SES120	-0.177453	-8.97419	-8.79673
BLOCK08/SES086/SA086S24	SES206	0.477498	-8.31924	-8.79673
BLOCK08/SES086/SA086S28	SES029	-1.90788	-8.0547	-6.14682
BLOCK08/SES086/SA086S28	SES082	-1.04443	-7.19125	-6.14682
BLOCK08/SES086/SA086S28	SES087	-0.185691	-6.33251	-6.14682
BLOCK08/SES086/SA086S28	SES206	-0.989914	-7.13673	-6.14682
BLOCK08/SES089/SA089S13	SES087	-0.659745	-9.07985	-8.4201
BLOCK08/SES089/SA089S13	SES206	-2.21876	-10.6389	-8.4201
BLOCK08/SES089/SA089S13	SES226	-0.443918	-8.86402	-8.4201
BLOCK08/SES089/SA089S13	SES270	-0.654204	-9.0743	-8.4201
BLOCK08/SES089/SA089S14	SES062	-1.38928	-8.49714	-7.10786
BLOCK08/SES089/SA089S14	SES087	-0.364658	-7.47252	-7.10786
BLOCK08/SES089/SA089S14	SES206	-1.58827	-8.69614	-7.10786
BLOCK08/SES089/SA089S14	SES226	-1.00105	-8.10891	-7.10786
BLOCK08/SES089/SA089S23	SES087	-0.730961	-11.0457	-10.3147
BLOCK08/SES089/SA089S23	SES206	-1.6965	-12.0112	-10.3147
BLOCK08/SES089/SA089S23	SES226	-1.84305	-12.1577	-10.3147
BLOCK08/SES089/SA089S23	SES270	-2.39274	-12.7074	-10.3147
BLOCK08/SES089/SA089S25	SES062	-1.4876	-8.96478	-7.47718
BLOCK08/SES089/SA089S25	SES087	-0.319419	-7.7966	-7.47718
BLOCK08/SES089/SA089S25	SES206	-1.94408	-9.42126	-7.47718
BLOCK08/SES089/SA089S25	SES226	-1.28219	-8.75937	-7.47718
BLOCK08/SES089/SA089S28	SES062	-1.39366	-8.65669	-7.26302
BLOCK08/SES089/SA089S28	SES087	0.134554	-7.12847	-7.26302
BLOCK08/SES089/SA089S28	SES206	-1.83803	-9.10106	-7.26302
BLOCK08/SES089/SA089S28	SES226	-0.787075	-8.0501	-7.26302
BLOCK09/SES097/SA097S11	SES099	-0.40683	-7.55725	-7.15042
BLOCK09/SES097/SA097S11	SES125	-1.62475	-8.77517	-7.15042
BLOCK09/SES097/SA097S11	SES206	-1.37742	-8.52784	-7.15042
BLOCK09/SES097/SA097S11	SES226	0.261675	-6.88874	-7.15042
BLOCK09/SES097/SA097S14	SES062	-2.05769	-8.17224	-6.11455
BLOCK09/SES097/SA097S14	SES099	-0.907425	-7.02198	-6.11455
BLOCK09/SES097/SA097S14	SES104	-1.48637	-7.60092	-6.11455
BLOCK09/SES097/SA097S14	SES206	-2.62962	-8.74417	-6.11455
BLOCK09/SES097/SA097S22	SES099	0.275105	-6.69067	-6.96577
BLOCK09/SES097/SA097S22	SES206	-2.2203	-9.18607	-6.96577
BLOCK09/SES097/SA097S22	SES226	-0.928656	-7.89443	-6.96577
BLOCK09/SES097/SA097S22	SES270	-1.21206	-8.17784	-6.96577
BLOCK09/SES097/SA097S26	SES099	0.299845	-7.71422	-8.01407
BLOCK09/SES097/SA097S26	SES120	-0.672193	-8.68626	-8.01407
BLOCK09/SES097/SA097S26	SES206	-2.88824	-10.9023	-8.01407
BLOCK09/SES097/SA097S26	SES226	-0.684984	-8.69905	-8.01407
BLOCK09/SES097/SA097S28	SES099	0.480049	-6.15876	-6.63881
BLOCK09/SES097/SA097S28	SES120	-1.34655	-7.98535	-6.63881
BLOCK09/SES097/SA097S28	SES206	-1.7306	-8.36941	-6.63881
BLOCK09/SES097/SA097S28	SES226	-1.08701	-7.72582	-6.63881
BLOCK09/SES098/SA098S11	SES127	-1.79663	-8.61408	-6.81746
BLOCK09/SES098/SA098S11	SES144	-0.842835	-7.66029	-6.81746
BLOCK09/SES098/SA098S11	SES147	-0.716344	-7.5338	-6.81746
BLOCK09/SES098/SA098S11	SES148	-2.60511	-9.42257	-6.81746
BLOCK09/SES098/SA098S12	SES127	-2.65348	-11.3007	-8.64717
BLOCK09/SES098/SA098S12	SES144	-1.51628	-10.1634	-8.64717
BLOCK09/SES098/SA098S12	SES147	-1.15572	-9.80289	-8.64717
BLOCK09/SES098/SA098S12	SES189	-1.72503	-10.3722	-8.64717
BLOCK09/SES098/SA098S20	SES127	-4.6242	-14.0059	-9.38174
BLOCK09/SES098/SA098S20	SES147	-2.312	-11.6937	-9.38174
BLOCK09/SES098/SA098S20	SES148	-6.10203	-15.4838	-9.38174
BLOCK09/SES098/SA098S20	SES292	-0.838645	-10.2204	-9.38174
BLOCK09/SES098/SA098S23	SES127	-1.95451	-9.60355	-7.64904
BLOCK09/SES098/SA098S23	SES147	-1.51461	-9.16364	-7.64904
BLOCK09/SES098/SA098S23	SES187	-1.04304	-8.69207	-7.64904
BLOCK09/SES098/SA098S23	SES292	-0.998857	-8.64789	-7.64904
BLOCK09/SES098/SA098S27	SES127	-3.83157	-12.5636	-8.73205
BLOCK09/SES098/SA098S27	SES147	-1.69495	-10.427	-8.73205
BLOCK09/SES098/SA098S27	SES148	-2.75345	-11.4855	-8.73205
BLOCK09/SES098/SA098S27	SES292	-0.945402	-9.67745	-8.73205
BLOCK10/SES102/SA102S13	SES101	-0.799246	-10.0599	-9.26062
BLOCK10/SES102/SA102S13	SES105	-1.95007	-11.2107	-9.26062
BLOCK10/SES102/SA102S13	SES120	-2.02212	-11.2827	-9.26062
BLOCK10/SES102/SA102S13	SES158	-0.436803	-9.69743	-9.26062
BLOCK10/SES102/SA102S14	SES007	0.533207	-4.98861	-5.52181
BLOCK10/SES102/SA102S14	SES101	-0.56611	-6.08792	-5.52181
BLOCK10/SES102/SA102S14	SES105	-0.584238	-6.10605	-5.52181
BLOCK10/SES102/SA102S14	SES147	-1.60111	-7.12292	-5.52181
BLOCK10/SES102/SA102S22	SES007	-0.722963	-6.92746	-6.2045
BLOCK10/SES102/SA102S22	SES101	-0.695008	-6.89951	-6.2045
BLOCK10/SES102/SA102S22	SES105	-0.818803	-7.0233	-6.2045
BLOCK10/SES102/SA102S22	SES158	-1.02965	-7.23415	-6.2045
BLOCK10/SES102/SA102S25	SES007	-0.0589132	-6.50297	-6.44406
BLOCK10/SES102/SA102S25	SES101	-0.758546	-7.20261	-6.44406
BLOCK10/SES102/SA102S25	SES105	-1.26619	-7.71025	-6.44406
BLOCK10/SES102/SA102S25	SES147	-1.97352	-8.41758	-6.44406
BLOCK10/SES102/SA102S27	SES007	-0.252317	-5.99717	-5.74485
BLOCK10/SES102/SA102S27	SES101	0.0192647	-5.72559	-5.74485
BLOCK10/SES102/SA102S27	SES105	-0.913861	-6.65871	-5.74485
BLOCK10/SES102/SA102S27	SES147	-1.51507	-7.25992	-5.74485
BLOCK10/SES103/SA103S14	SES105	-1.96714	-12.1877	-10.2205
BLOCK10/SES103/SA103S14	SES106	-2.71321	-12.9337	-10.2205
BLOCK10/SES103/SA103S14	SES120	-2.38256	-12.6031	-10.2205
BLOCK10/SES103/SA103S14	SES206	-2.31175	-12.5323	-10.2205
BLOCK10/SES103/SA103S15	SES099	-2.97438	-13.6516	-10.6772
BLOCK10/SES103/SA103S15	SES101	-2.88807	-13.5653	-10.6772
BLOCK10/SES103/SA103S15	SES104	-0.853878	-11.5311	-10.6772
BLOCK10/SES103/SA103S15	SES125	-3.15692	-13.8342	-10.6772
BLOCK10/SES103/SA103S24	SES104	-1.39396	-8.35263	-6.95867
BLOCK10/SES103/SA103S24	SES125	-3.2549	-10.2136	-6.95867
BLOCK10/SES103/SA103S24	SES148	-2.67355	-9.63222	-6.95867
BLOCK10/SES103/SA103S24	SES158	-1.90204	-8.86071	-6.95867
BLOCK10/SES103/SA103S26	SES104	-1.07065	-10.5463	-9.47566
BLOCK10/SES103/SA103S26	SES106	-1.1337	-10.6094	-9.47566
BLOCK10/SES103/SA103S26	SES125	-1.9495	-11.4252	-9.47566
BLOCK10/SES103/SA103S26	SES148	-4.09518	-13.5708	-9.47566
BLOCK10/SES103/SA103S28	SES104	-1.95448	-12.3574	-10.4029
BLOCK10/SES103/SA103S28	SES106	-2.91719	-13.3201	-10.4029
BLOCK10/SES103/SA103S28	SES125	-3.53818	-13.9411	-10.4029
BLOCK10/SES103/SA103S28	SES206	-3.05783	-13.4607	-10.4029
BLOCK12/SES121/SA121S12	SES042	-1.89079	-9.60635	-7.71557
BLOCK12/SES121/SA121S12	SES087	-1.5248	-9.24037	-7.71557
BLOCK12/SES121/SA121S12	SES105	-0.890344	-8.60591	-7.71557
BLOCK12/SES121/SA121S12	SES206	-0.596946	-8.31251	-7.71557
BLOCK12/SES121/SA121S14	SES007	-1.85553	-13.4395	-11.5839
BLOCK12/SES121/SA121S14	SES105	-1.8364	-13.4203	-11.5839
BLOCK12/SES121/SA121S14	SES106	-1.73404	-13.318	-11.5839
BLOCK12/SES121/SA121S14	SES206	-1.02869	-12.6126	-11.5839
BLOCK12/SES121/SA121S23	SES105	-1.42669	-11.1754	-9.74869
BLOCK12/SES121/SA121S23	SES106	-1.85064	-11.5993	-9.74869
BLOCK12/SES121/SA121S23	SES120	-1.52422	-11.2729	-9.74869
BLOCK12/SES121/SA121S23	SES206	0.356214	-9.39248	-9.74869
BLOCK12/SES121/SA121S25	SES007	-0.981802	-12.5206	-11.5388
BLOCK12/SES121/SA121S25	SES105	-1.38011	-12.9189	-11.5388
BLOCK12/SES121/SA121S25	SES106	-0.461887	-12.0007	-11.5388
BLOCK12/SES121/SA121S25	SES206	-0.210178	-11.749	-11.5388
BLOCK12/SES121/SA121S27	SES087	-0.707397	-11.6932	-10.9858
BLOCK12/SES121/SA121S27	SES105	-2.10067	-13.0864	-10.9858
BLOCK12/SES121/SA121S27	SES120	-0.617887	-11.6037	-10.9858
BLOCK12/SES121/SA121S27	SES206	-0.51342	-11.4992	-10.9858
BLOCK12/SES124/SA124S16	SES042	-0.266803	-6.402	-6.1352
BLOCK12/SES124/SA124S16	SES082	-1.38026	-7.51545	-6.1352
BLOCK12/SES124/SA124S16	SES183	-0.62839	-6.76359	-6.1352
BLOCK12/SES124/SA124S16	SES206	-1.76836	-7.90355	-6.1352
BLOCK12/SES124/SA124S17	SES105	-1.53775	-9.817	-8.27924
BLOCK12/SES124/SA124S17	SES149	-1.43452	-9.71376	-8.27924
BLOCK12/SES124/SA124S17	SES158	-2.06517	-10.3444	-8.27924
BLOCK12/SES124/SA124S17	SES275	-1.48492	-9.76416	-8.27924
BLOCK12/SES124/SA124S23	SES105	-2.4576	-8.3257	-5.8681
BLOCK12/SES124/SA124S23	SES125	1.2014	-4.6667	-5.8681
BLOCK12/SES124/SA124S23	SES129	-1.33707	-7.20518	-5.8681
BLOCK12/SES124/SA124S23	SES158	-1.32125	-7.18935	-5.8681
BLOCK12/SES124/SA124S26	SES105	-2.09671	-10.1173	-8.02062
BLOCK12/SES124/SA124S26	SES125	-0.515452	-8.53607	-8.02062
BLOCK12/SES124/SA124S26	SES129	-1.84081	-9.86143	-8.02062
BLOCK12/SES124/SA124S26	SES158	-0.727293	-8.74791	-8.02062
BLOCK12/SES124/SA124S28	SES104	0.505937	-5.70365	-6.20959
BLOCK12/SES124/SA124S28	SES106	0.167718	-6.04187	-6.20959
BLOCK12/SES124/SA124S28	SES125	0.849806	-5.35978	-6.20959
BLOCK12/SES124/SA124S28	SES275	-1.70564	-7.91523	-6.20959
BLOCK12/SES126/SA126S13	SES007	-0.60755	-9.12271	-8.51516
BLOCK12/SES126/SA126S13	SES162	-1.60715	-10.1223	-8.51516
BLOCK12/SES126/SA126S13	SES177	-0.76828	-9.28344	-8.51516
BLOCK12/SES126/SA126S13	SES180	-1.5528	-10.068	-8.51516
BLOCK12/SES126/SA126S14	SES144	-0.70054	-7.95595	-7.25541
BLOCK12/SES126/SA126S14	SES148	-1.8778	-9.13321	-7.25541
BLOCK12/SES126/SA126S14	SES177	-0.882797	-8.13821	-7.25541
BLOCK12/SES126/SA126S14	SES180	-1.18403	-8.43945	-7.25541
BLOCK12/SES126/SA126S20	SES007	-0.709064	-5.70993	-5.00086
BLOCK12/SES126/SA126S20	SES162	-1.09025	-6.09111	-5.00086
BLOCK12/SES126/SA126S20	SES172	-0.851251	-5.85211	-5.00086
BLOCK12/SES126/SA126S20	SES180	-0.355998	-5.35686	-5.00086
BLOCK12/SES126/SA126S24	SES120	-0.254406	-6.27479	-6.02038
BLOCK12/SES126/SA126S24	SES162	-0.971452	-6.99183	-6.02038
BLOCK12/SES126/SA126S24	SES177	-0.0386562	-6.05904	-6.02038
BLOCK12/SES126/SA126S24	SES180	-0.769008	-6.78939	-6.02038
BLOCK12/SES126/SA126S26	SES120	-0.263511	-6.09911	-5.8356
BLOCK12/SES126/SA126S26	SES177	-1.20765	-7.04325	-5.8356
BLOCK12/SES126/SA126S26	SES180	-0.363046	-6.19865	-5.8356
BLOCK12/SES126/SA126S26	SES202	-0.78105	-6.61665	-5.8356
BLOCK12/SES128/SA128S10	SES087	-1.3457	-7.9082	-6.5625
BLOCK12/SES128/SA128S10	SES206	-1.21563	-7.77813	-6.5625
BLOCK12/SES128/SA128S10	SES226	-1.03447	-7.59697	-6.5625
BLOCK12/SES128/SA128S10	SES270	-1.65267	-8.21517	-6.5625
BLOCK12/SES128/SA128S12	SES120	-0.247064	-8.1262	-7.87914
BLOCK12/SES128/SA128S12	SES158	-1.64835	-9.52749	-7.87914
BLOCK12/SES128/SA128S12	SES206	-0.348789	-8.22793	-7.87914
BLOCK12/SES128/SA128S12	SES226	-1.87133	-9.75047	-7.87914
BLOCK12/SES128/SA128S21	SES106	-3.04107	-9.65769	-6.61662
BLOCK12/SES128/SA128S21	SES120	-1.48659	-8.10321	-6.61662
BLOCK12/SES128/SA128S21	SES206	-1.55845	-8.17507	-6.61662
BLOCK12/SES128/SA128S21	SES226	-1.39686	-8.01348	-6.61662
BLOCK12/SES128/SA128S24	SES087	-1.13828	-9.73174	-8.59346
BLOCK12/SES128/SA128S24	SES120	-0.217126	-8.81058	-8.59346
BLOCK12/SES128/SA128S24	SES206	-1.68652	-10.28	-8.59346
BLOCK12/SES128/SA128S24	SES226	-1.56997	-10.1634	-8.59346
BLOCK12/SES128/SA128S27	SES099	-0.827121	-7.62759	-6.80047
BLOCK12/SES128/SA128S27	SES120	-0.678693	-7.47917	-6.80047
BLOCK12/SES128/SA128S27	SES206	-1.24066	-8.04113	-6.80047
BLOCK12/SES128/SA128S27	SES226	-1.51083	-8.3113	-6.80047
BLOCK13/SES130/SA130S13	SES143	-0.0193892	-7.87012	-7.85073
BLOCK13/SES130/SA130S13	SES144	0.624303	-7.22643	-7.85073
BLOCK13/SES130/SA130S13	SES146	-1.45571	-9.30645	-7.85073
BLOCK13/SES130/SA130S13	SES275	-1.33451	-9.18524	-7.85073
BLOCK13/SES130/SA130S15	SES143	-0.306773	-6.30895	-6.00218
BLOCK13/SES130/SA130S15	SES144	0.16343	-5.83875	-6.00218
BLOCK13/SES130/SA130S15	SES146	-0.525849	-6.52803	-6.00218
BLOCK13/SES130/SA130S15	SES275	-1.12231	-7.12449	-6.00218
BLOCK13/SES130/SA130S23	SES127	-0.633824	-6.62257	-5.98875
BLOCK13/SES130/SA130S23	SES144	0.783803	-5.20495	-5.98875
BLOCK13/SES130/SA130S23	SES146	-0.358958	-6.34771	-5.98875
BLOCK13/SES130/SA130S23	SES162	-0.0947685	-6.08352	-5.98875
BLOCK13/SES130/SA130S25	SES127	-0.558904	-4.43417	-3.87527
BLOCK13/SES130/SA130S25	SES144	0.148231	-3.72704	-3.87527
BLOCK13/SES130/SA130S25	SES146	-0.307858	-4.18313	-3.87527
BLOCK13/SES130/SA130S25	SES275	-1.17194	-5.04721	-3.87527
BLOCK13/SES130/SA130S28	SES127	-0.35466	-6.97617	-6.62151
BLOCK13/SES130/SA130S28	SES144	-0.778245	-7.39976	-6.62151
BLOCK13/SES130/SA130S28	SES146	-0.602483	-7.224	-6.62151
BLOCK13/SES130/SA130S28	SES275	-1.04341	-7.66493	-6.62151
BLOCK13/SES131/SA131S13	SES002	-1.9692	-9.89266	-7.92346
BLOCK13/SES131/SA131S13	SES007	-1.42015	-9.34361	-7.92346
BLOCK13/SES131/SA131S13	SES099	-1.43014	-9.3536	-7.92346
BLOCK13/SES131/SA131S13	SES105	-0.786298	-8.70976	-7.92346
BLOCK13/SES131/SA131S14	SES104	-0.855902	-4.56654	-3.71063
BLOCK13/SES131/SA131S14	SES106	-2.71261	-6.42324	-3.71063
BLOCK13/SES131/SA131S14	SES125	-1.6274	-5.33803	-3.71063
BLOCK13/SES131/SA131S14	SES148	-0.000379801	-3.71101	-3.71063
BLOCK13/SES131/SA131S20	SES104	-2.64	-10.727	-8.08702
BLOCK13/SES131/SA131S20	SES106	-2.60215	-10.6892	-8.08702
BLOCK13/SES131/SA131S20	SES125	-2.81056	-10.8976	-8.08702
BLOCK13/SES131/SA131S20	SES148	-2.01115	-10.0982	-8.08702
BLOCK13/SES131/SA131S22	SES099	-2.59335	-8.63751	-6.04416
BLOCK13/SES131/SA131S22	SES104	-1.13056	-7.17472	-6.04416
BLOCK13/SES131/SA131S22	SES125	-0.942154	-6.98631	-6.04416
BLOCK13/SES131/SA131S22	SES206	-1.69152	-7.73568	-6.04416
BLOCK13/SES131/SA131S29	SES087	-1.6347	-9.65184	-8.01714
BLOCK13/SES131/SA131S29	SES104	-3.25194	-11.2691	-8.01714
BLOCK13/SES131/SA131S29	SES125	-4.61979	-12.6369	-8.01714
BLOCK13/SES131/SA131S29	SES206	-3.2643	-11.2814	-8.01714
BLOCK13/SES132/SA132S11	SES083	-1.87298	-10.2567	-8.38373
BLOCK13/SES132/SA132S11	SES120	0.114801	-8.26893	-8.38373
BLOCK13/SES132/SA132S11	SES127	-2.7852	-11.1689	-8.38373
BLOCK13/SES132/SA132S11	SES275	-1.4886	-9.87233	-8.38373
BLOCK13/SES132/SA132S12	SES083	-2.18149	-8.07561	-5.89412
BLOCK13/SES132/SA132S12	SES143	-2.40522	-8.29934	-5.89412
BLOCK13/SES132/SA132S12	SES144	-1.39598	-7.2901	-5.89412
BLOCK13/SES132/SA132S12	SES148	-1.86828	-7.7624	-5.89412
BLOCK13/SES132/SA132S22	SES062	-1.04829	-8.40474	-7.35645
BLOCK13/SES132/SA132S22	SES083	-2.02316	-9.37961	-7.35645
BLOCK13/SES132/SA132S22	SES127	-2.43082	-9.78727	-7.35645
BLOCK13/SES132/SA132S22	SES275	-1.5105	-8.86695	-7.35645
BLOCK13/SES132/SA132S24	SES007	-0.665812	-6.91641	-6.2506
BLOCK13/SES132/SA132S24	SES083	-2.16536	-8.41596	-6.2506
BLOCK13/SES132/SA132S24	SES127	-3.47028	-9.72088	-6.2506
BLOCK13/SES132/SA132S24	SES275	-1.34287	-7.59347	-6.2506
BLOCK13/SES132/SA132S27	SES083	-3.33809	-12.127	-8.78888
BLOCK13/SES132/SA132S27	SES120	0.354325	-8.43455	-8.78888
BLOCK13/SES132/SA132S27	SES127	-5.34068	-14.1296	-8.78888
BLOCK13/SES132/SA132S27	SES275	-2.2098	-10.9987	-8.78888
BLOCK14/SES141/SA141S09	SES143	-1.20754	-7.06538	-5.85784
BLOCK14/SES141/SA141S09	SES144	0.0592899	-5.79855	-5.85784
BLOCK14/SES141/SA141S09	SES162	-0.867414	-6.72525	-5.85784
BLOCK14/SES141/SA141S09	SES180	-0.59344	-6.45128	-5.85784
BLOCK14/SES141/SA141S15	SES127	-0.98998	-7.58695	-6.59697
BLOCK14/SES141/SA141S15	SES144	-1.31203	-7.909	-6.59697
BLOCK14/SES141/SA141S15	SES162	-1.88642	-8.48339	-6.59697
BLOCK14/SES141/SA141S15	SES180	-0.862819	-7.45979	-6.59697
BLOCK14/SES141/SA141S24	SES127	-1.50297	-9.54648	-8.04351
BLOCK14/SES141/SA141S24	SES144	-2.01858	-10.0621	-8.04351
BLOCK14/SES141/SA141S24	SES162	-0.841866	-8.88538	-8.04351
BLOCK14/SES141/SA141S24	SES183	-1.6238	-9.66731	-8.04351
BLOCK14/SES141/SA141S26	SES142	-0.196558	-7.87787	-7.68132
BLOCK14/SES141/SA141S26	SES144	-1.28304	-8.96435	-7.68132
BLOCK14/SES141/SA141S26	SES172	-0.704699	-8.38601	-7.68132
BLOCK14/SES141/SA141S26	SES180	-0.433749	-8.11507	-7.68132
BLOCK14/SES141/SA141S29	SES127	-0.434314	-6.78958	-6.35527
BLOCK14/SES141/SA141S29	SES142	0.466297	-5.88897	-6.35527
BLOCK14/SES141/SA141S29	SES144	-0.483336	-6.8386	-6.35527
BLOCK14/SES141/SA141S29	SES180	0.0222783	-6.33299	-6.35527
BLOCK15/SES157/SA157S08	SES083	-1.22345	-6.48366	-5.26021
BLOCK15/SES157/SA157S08	SES127	-1.08162	-6.34183	-5.26021
BLOCK15/SES157/SA157S08	SES148	-1.13486	-6.39507	-5.26021
BLOCK15/SES157/SA157S08	SES292	-1.59771	-6.85792	-5.26021
BLOCK15/SES157/SA157S11	SES083	-1.4158	-7.46389	-6.0481
BLOCK15/SES157/SA157S11	SES127	-1.3842	-7.4323	-6.0481
BLOCK15/SES157/SA157S11	SES148	-1.97215	-8.02024	-6.0481
BLOCK15/SES157/SA157S11	SES292	-1.4453	-7.4934	-6.0481
BLOCK15/SES157/SA157S21	SES127	0.235862	-4.74991	-4.98577
BLOCK15/SES157/SA157S21	SES148	0.754117	-4.23166	-4.98577
BLOCK15/SES157/SA157S21	SES158	-3.57075	-8.55652	-4.98577
BLOCK15/SES157/SA157S21	SES292	-0.964068	-5.94984	-4.98577
BLOCK15/SES157/SA157S24	SES127	-1.22651	-8.42536	-7.19884
BLOCK15/SES157/SA157S24	SES148	-0.888619	-8.08746	-7.19884
BLOCK15/SES157/SA157S24	SES183	-1.5829	-8.78175	-7.19884
BLOCK15/SES157/SA157S24	SES292	-1.42245	-8.6213	-7.19884
BLOCK15/SES157/SA157S26	SES007	-0.533772	-6.26673	-5.73295
BLOCK15/SES157/SA157S26	SES127	0.100373	-5.63258	-5.73295
BLOCK15/SES157/SA157S26	SES147	-0.39012	-6.12308	-5.73295
BLOCK15/SES157/SA157S26	SES148	-0.682807	-6.41576	-5.73295
BLOCK16/SES161/SA161S10	SES007	-0.91951	-8.13675	-7.21724
BLOCK16/SES161/SA161S10	SES105	-0.604379	-7.82162	-7.21724
BLOCK16/SES161/SA161S10	SES158	-1.18565	-8.40289	-7.21724
BLOCK16/SES161/SA161S10	SES275	-0.908124	-8.12537	-7.21724
BLOCK16/SES161/SA161S12	SES007	-2.9665	-12.2914	-9.32486
BLOCK16/SES161/SA161S12	SES105	-2.17311	-11.498	-9.32486
BLOCK16/SES161/SA161S12	SES158	-2.33763	-11.6625	-9.32486
BLOCK16/SES161/SA161S12	SES275	-1.96122	-11.2861	-9.32486
BLOCK16/SES161/SA161S20	SES007	-1.53642	-11.6172	-10.0808
BLOCK16/SES161/SA161S20	SES105	-1.37173	-11.4525	-10.0808
BLOCK16/SES161/SA161S20	SES158	-0.138248	-10.219	-10.0808
BLOCK16/SES161/SA161S20	SES275	-2.71581	-12.7966	-10.0808
BLOCK16/SES161/SA161S23	SES007	-4.09431	-13.3989	-9.30463
BLOCK16/SES161/SA161S23	SES105	-1.65894	-10.9636	-9.30463
BLOCK16/SES161/SA161S23	SES148	-2.67254	-11.9772	-9.30463
BLOCK16/SES161/SA161S23	SES158	-2.98678	-12.2914	-9.30463
BLOCK16/SES161/SA161S28	SES007	-1.51073	-11.3293	-9.81856
BLOCK16/SES161/SA161S28	SES105	-2.17167	-11.9902	-9.81856
BLOCK16/SES161/SA161S28	SES158	-0.1532	-9.97176	-9.81856
BLOCK16/SES161/SA161S28	SES206	-0.759734	-10.5783	-9.81856
BLOCK16/SES164/SA164S11	SES104	-0.482718	-6.89199	-6.40927
BLOCK16/SES164/SA164S11	SES125	-1.73253	-8.14179	-6.40927
BLOCK16/SES164/SA164S11	SES158	-2.87212	-9.28138	-6.40927
BLOCK16/SES164/SA164S11	SES206	-2.90044	-9.30971	-6.40927
BLOCK16/SES164/SA164S13	SES099	-2.4862	-9.78122	-7.29502
BLOCK16/SES164/SA164S13	SES104	-1.85744	-9.15246	-7.29502
BLOCK16/SES164/SA164S13	SES125	-2.5924	-9.88742	-7.29502
BLOCK16/SES164/SA164S13	SES206	-2.97238	-10.2674	-7.29502
BLOCK16/SES164/SA164S24	SES002	-0.247249	-7.34244	-7.09519
BLOCK16/SES164/SA164S24	SES099	-1.35428	-8.44947	-7.09519
BLOCK16/SES164/SA164S24	SES125	-1.472	-8.56719	-7.09519
BLOCK16/SES164/SA164S24	SES226	-0.413196	-7.50839	-7.09519
BLOCK16/SES164/SA164S27	SES087	-1.26583	-8.69975	-7.43392
BLOCK16/SES164/SA164S27	SES125	-2.43265	-9.86657	-7.43392
BLOCK16/SES164/SA164S27	SES206	-3.11728	-10.5512	-7.43392
BLOCK16/SES164/SA164S27	SES226	-1.49475	-8.92867	-7.43392
BLOCK16/SES164/SA164S29	SES002	-0.458553	-6.34178	-5.88323
BLOCK16/SES164/SA164S29	SES019	-2.15735	-8.04057	-5.88323
BLOCK16/SES164/SA164S29	SES125	-1.97895	-7.86217	-5.88323
BLOCK16/SES164/SA164S29	SES226	-1.61479	-7.49802	-5.88323
BLOCK16/SES169/SA169S13	SES117	-1.37023	-9.09919	-7.72896
BLOCK16/SES169/SA169S13	SES144	-0.763433	-8.49239	-7.72896
BLOCK16/SES169/SA169S13	SES146	-0.790452	-8.51941	-7.72896
BLOCK16/SES169/SA169S13	SES162	-0.95442	-8.68338	-7.72896
BLOCK16/SES169/SA169S14	SES144	-0.675603	-5.20791	-4.53231
BLOCK16/SES169/SA169S14	SES148	-0.231334	-4.76364	-4.53231
BLOCK16/SES169/SA169S14	SES177	-0.334239	-4.86655	-4.53231
BLOCK16/SES169/SA169S14	SES180	-0.427256	-4.95957	-4.53231
BLOCK16/SES169/SA169S24	SES117	-0.520118	-7.9137	-7.39358
BLOCK16/SES169/SA169S24	SES144	-0.486053	-7.87964	-7.39358
BLOCK16/SES169/SA169S24	SES146	-0.795236	-8.18882	-7.39358
BLOCK16/SES169/SA169S24	SES162	-0.536854	-7.93044	-7.39358
BLOCK16/SES169/SA169S27	SES127	-1.03683	-7.86782	-6.83099
BLOCK16/SES169/SA169S27	SES129	-1.04482	-7.87581	-6.83099
BLOCK16/SES169/SA169S27	SES144	-1.06789	-7.89889	-6.83099
BLOCK16/SES169/SA169S27	SES146	-0.896558	-7.72755	-6.83099
BLOCK16/SES169/SA169S29	SES144	-0.421453	-5.07922	-4.65777
BLOCK16/SES169/SA169S29	SES162	-0.68293	-5.3407	-4.65777
BLOCK16/SES169/SA169S29	SES177	-1.45011	-6.10787	-4.65777
BLOCK16/SES169/SA169S29	SES180	-0.549348	-5.20712	-4.65777
BLOCK17/SES171/SA171S12	SES083	-1.44939	-8.16167	-6.71228
BLOCK17/SES171/SA171S12	SES148	-1.54942	-8.2617	-6.71228
BLOCK17/SES171/SA171S12	SES172	-1.29159	-8.00388	-6.71228
BLOCK17/SES171/SA171S12	SES292	-1.55805	-8.27033	-6.71228
BLOCK17/SES171/SA171S15	SES148	-2.35527	-9.2822	-6.92694
BLOCK17/SES171/SA171S15	SES177	-1.21187	-8.13881	-6.92694
BLOCK17/SES171/SA171S15	SES180	-3.79348	-10.7204	-6.92694
BLOCK17/SES171/SA171S15	SES292	-1.85402	-8.78096	-6.92694
BLOCK17/SES171/SA171S22	SES007	-0.668301	-4.41748	-3.74918
BLOCK17/SES171/SA171S22	SES148	-0.430951	-4.18013	-3.74918
BLOCK17/SES171/SA171S22	SES177	-0.452728	-4.20191	-3.74918
BLOCK17/SES171/SA171S22	SES180	-2.41101	-6.16019	-3.74918
BLOCK17/SES171/SA171S25	SES101	-1.00966	-8.32078	-7.31112
BLOCK17/SES171/SA171S25	SES120	-2.71759	-10.0287	-7.31112
BLOCK17/SES171/SA171S25	SES177	-0.914918	-8.22604	-7.31112
BLOCK17/SES171/SA171S25	SES180	-1.75812	-9.06924	-7.31112
BLOCK17/SES171/SA171S27	SES177	-1.34154	-8.67618	-7.33464
BLOCK17/SES171/SA171S27	SES180	-2.65759	-9.99223	-7.33464
BLOCK17/SES171/SA171S27	SES189	-1.33587	-8.67051	-7.33464
BLOCK17/SES171/SA171S27	SES292	-1.83912	-9.17376	-7.33464
BLOCK17/SES173/SA173S13	SES162	-3.30205	-10.3777	-7.07564
BLOCK17/SES173/SA173S13	SES177	-1.22815	-8.30379	-7.07564
BLOCK17/SES173/SA173S13	SES180	-1.34168	-8.41732	-7.07564
BLOCK17/SES173/SA173S13	SES292	-0.497837	-7.57347	-7.07564
BLOCK17/SES173/SA173S14	SES007	-1.20669	-7.3453	-6.13862
BLOCK17/SES173/SA173S14	SES162	-2.79363	-8.93224	-6.13862
BLOCK17/SES173/SA173S14	SES177	-1.29754	-7.43616	-6.13862
BLOCK17/SES173/SA173S14	SES180	-1.70715	-7.84576	-6.13862
BLOCK17/SES173/SA173S24	SES144	-2.22355	-9.61821	-7.39466
BLOCK17/SES173/SA173S24	SES162	-2.17835	-9.57301	-7.39466
BLOCK17/SES173/SA173S24	SES177	-0.573606	-7.96827	-7.39466
BLOCK17/SES173/SA173S24	SES180	-2.22087	-9.61553	-7.39466
BLOCK17/SES173/SA173S27	SES162	-2.82768	-10.8123	-7.98466
BLOCK17/SES173/SA173S27	SES177	-1.16198	-9.14664	-7.98466
BLOCK17/SES173/SA173S27	SES180	-1.80674	-9.7914	-7.98466
BLOCK17/SES173/SA173S27	SES292	-0.126829	-8.11149	-7.98466
BLOCK17/SES173/SA173S29	SES162	-1.95233	-7.03684	-5.08451
BLOCK17/SES173/SA173S29	SES175	-1.10757	-6.19208	-5.08451
BLOCK17/SES173/SA173S29	SES177	-0.58086	-5.66536	-5.08451
BLOCK17/SES173/SA173S29	SES292	-0.96134	-6.04585	-5.08451
BLOCK18/SES182/SA182S10	SES144	-1.61402	-8.36603	-6.75201
BLOCK18/SES182/SA182S10	SES177	-1.31616	-8.06817	-6.75201
BLOCK18/SES182/SA182S10	SES180	-2.39719	-9.1492	-6.75201
BLOCK18/SES182/SA182S10	SES275	-1.7547	-8.50671	-6.75201
BLOCK18/SES182/SA182S12	SES144	-0.989583	-7.72832	-6.73874
BLOCK18/SES182/SA182S12	SES177	-0.87462	-7.61336	-6.73874
BLOCK18/SES182/SA182S12	SES180	-2.92195	-9.66068	-6.73874
BLOCK18/SES182/SA182S12	SES275	-1.12273	-7.86147	-6.73874
BLOCK18/SES182/SA182S21	SES117	-1.47594	-10.0967	-8.62081
BLOCK18/SES182/SA182S21	SES144	-1.52298	-10.1438	-8.62081
BLOCK18/SES182/SA182S21	SES162	-1.54795	-10.1688	-8.62081
BLOCK18/SES182/SA182S21	SES180	-2.78531	-11.4061	-8.62081
BLOCK18/SES182/SA182S23	SES117	-1.47315	-11.5932	-10.12
BLOCK18/SES182/SA182S23	SES144	-2.7759	-12.8959	-10.12
BLOCK18/SES182/SA182S23	SES180	-4.00135	-14.1214	-10.12
BLOCK18/SES182/SA182S23	SES275	-2.76521	-12.8852	-10.12
BLOCK18/SES182/SA182S25	SES007	-0.164177	-7.68402	-7.51985
BLOCK18/SES182/SA182S25	SES162	-1.16314	-8.68299	-7.51985
BLOCK18/SES182/SA182S25	SES177	-0.435617	-7.95546	-7.51985
BLOCK18/SES182/SA182S25	SES180	-2.93135	-10.4512	-7.51985
BLOCK18/SES184/SA184S12	SES177	-0.700169	-6.30044	-5.60027
BLOCK18/SES184/SA184S12	SES180	-0.208828	-5.8091	-5.60027
BLOCK18/SES184/SA184S12	SES189	-2.49607	-8.09634	-5.60027
BLOCK18/SES184/SA184S12	SES292	-0.135458	-5.73573	-5.60027
BLOCK18/SES184/SA184S13	SES101	-0.853045	-7.5318	-6.67876
BLOCK18/SES184/SA184S13	SES177	-0.82257	-7.50133	-6.67876
BLOCK18/SES184/SA184S13	SES180	-0.904536	-7.58329	-6.67876
BLOCK18/SES184/SA184S13	SES292	-1.05479	-7.73355	-6.67876
BLOCK18/SES184/SA184S22	SES177	-1.11411	-7.48861	-6.3745
BLOCK18/SES184/SA184S22	SES180	-0.187116	-6.56161	-6.3745
BLOCK18/SES184/SA184S22	SES189	-1.98567	-8.36017	-6.3745
BLOCK18/SES184/SA184S22	SES292	-1.23006	-7.60456	-6.3745
BLOCK18/SES184/SA184S25	SES101	-1.27692	-6.66893	-5.39201
BLOCK18/SES184/SA184S25	SES177	-1.60251	-6.99453	-5.39201
BLOCK18/SES184/SA184S25	SES180	-0.586428	-5.97844	-5.39201
BLOCK18/SES184/SA184S25	SES292	-1.02178	-6.41379	-5.39201
BLOCK18/SES184/SA184S27	SES083	-0.94468	-6.73144	-5.78676
BLOCK18/SES184/SA184S27	SES177	-1.20682	-6.99358	-5.78676
BLOCK18/SES184/SA184S27	SES202	-1.01619	-6.80295	-5.78676
BLOCK18/SES184/SA184S27	SES292	-1.27668	-7.06344	-5.78676
BLOCK20/SES204/SA204S12	SES062	-1.18304	-7.4555	-6.27246
BLOCK20/SES204/SA204S12	SES083	-1.91253	-8.18498	-6.27246
BLOCK20/SES204/SA204S12	SES206	-0.997897	-7.27036	-6.27246
BLOCK20/SES204/SA204S12	SES226	-1.70542	-7.97788	-6.27246
BLOCK20/SES204/SA204S14	SES068	-0.110053	-4.62324	-4.51319
BLOCK20/SES204/SA204S14	SES087	-0.128951	-4.64214	-4.51319
BLOCK20/SES204/SA204S14	SES206	-1.11885	-5.63204	-4.51319
BLOCK20/SES204/SA204S14	SES226	-1.69069	-6.20388	-4.51319
BLOCK20/SES204/SA204S22	SES068	-0.58326	-6.95704	-6.37378
BLOCK20/SES204/SA204S22	SES082	-1.06083	-7.43461	-6.37378
BLOCK20/SES204/SA204S22	SES083	-2.31704	-8.69081	-6.37378
BLOCK20/SES204/SA204S22	SES206	-0.85318	-7.22696	-6.37378
BLOCK20/SES204/SA204S25	SES062	-0.591792	-6.63844	-6.04665
BLOCK20/SES204/SA204S25	SES083	-2.37447	-8.42112	-6.04665
BLOCK20/SES204/SA204S25	SES206	-1.06523	-7.11188	-6.04665
BLOCK20/SES204/SA204S25	SES226	-1.53981	-7.58646	-6.04665
BLOCK20/SES204/SA204S27	SES068	-1.3301	-8.35834	-7.02824
BLOCK20/SES204/SA204S27	SES082	-1.97374	-9.00198	-7.02824
BLOCK20/SES204/SA204S27	SES087	0.005404	-7.02284	-7.02824
BLOCK20/SES204/SA204S27	SES206	-1.8328	-8.86104	-7.02824
BLOCK20/SES207/SA207S10	SES127	-2.00825	-7.68081	-5.67256
BLOCK20/SES207/SA207S10	SES183	-1.16621	-6.83877	-5.67256
BLOCK20/SES207/SA207S10	SES189	-1.01011	-6.68267	-5.67256
BLOCK20/SES207/SA207S10	SES292	-1.89771	-7.57027	-5.67256
BLOCK20/SES207/SA207S11	SES127	-1.2843	-7.08136	-5.79706
BLOCK20/SES207/SA207S11	SES183	-2.00579	-7.80285	-5.79706
BLOCK20/SES207/SA207S11	SES187	-0.834348	-6.63141	-5.79706
BLOCK20/SES207/SA207S11	SES292	-0.571077	-6.36814	-5.79706
BLOCK20/SES207/SA207S25	SES068	-0.86476	-7.94652	-7.08176
BLOCK20/SES207/SA207S25	SES083	-1.03717	-8.11893	-7.08176
BLOCK20/SES207/SA207S25	SES127	0.0758309	-7.00592	-7.08176
BLOCK20/SES207/SA207S25	SES187	-0.743017	-7.82477	-7.08176
BLOCK20/SES207/SA207S27	SES127	-1.43602	-9.61989	-8.18387
BLOCK20/SES207/SA207S27	SES183	-1.67975	-9.86362	-8.18387
BLOCK20/SES207/SA207S27	SES187	-1.33861	-9.52248	-8.18387
BLOCK20/SES207/SA207S27	SES292	-1.407	-9.59087	-8.18387
BLOCK20/SES207/SA207S29	SES083	-2.25288	-8.02947	-5.77659
BLOCK20/SES207/SA207S29	SES085	-1.06126	-6.83785	-5.77659
BLOCK20/SES207/SA207S29	SES172	0.115892	-5.6607	-5.77659
BLOCK20/SES207/SA207S29	SES189	-3.14323	-8.91983	-5.77659
BLOCK22/SES221/SA221S12	SES068	0.429283	-4.8568	-5.28609
BLOCK22/SES221/SA221S12	SES143	-1.21856	-6.50465	-5.28609
BLOCK22/SES221/SA221S12	SES175	-0.407902	-5.69399	-5.28609
BLOCK22/SES221/SA221S12	SES202	-0.658833	-5.94492	-5.28609
BLOCK22/SES221/SA221S15	SES085	-0.122992	-6.5423	-6.41931
BLOCK22/SES221/SA221S15	SES143	-1.91393	-8.33324	-6.41931
BLOCK22/SES221/SA221S15	SES175	-1.10778	-7.52709	-6.41931
BLOCK22/SES221/SA221S15	SES187	-1.69636	-8.11567	-6.41931
BLOCK22/SES221/SA221S23	SES068	0.298782	-5.88575	-6.18453
BLOCK22/SES221/SA221S23	SES143	-2.09747	-8.28201	-6.18453
BLOCK22/SES221/SA221S23	SES175	-1.00136	-7.18589	-6.18453
BLOCK22/SES221/SA221S23	SES189	-2.0573	-8.24184	-6.18453
BLOCK22/SES221/SA221S27	SES085	0.144713	-6.6628	-6.80751
BLOCK22/SES221/SA221S27	SES143	-1.16822	-7.97573	-6.80751
BLOCK22/SES221/SA221S27	SES175	-0.202698	-7.01021	-6.80751
BLOCK22/SES221/SA221S27	SES189	-2.41093	-9.21845	-6.80751
BLOCK22/SES221/SA221S29	SES085	0.0164852	-8.29194	-8.30843
BLOCK22/SES221/SA221S29	SES143	-2.16114	-10.4696	-8.30843
BLOCK22/SES221/SA221S29	SES175	-0.366392	-8.67482	-8.30843
BLOCK22/SES221/SA221S29	SES187	-2.13429	-10.4427	-8.30843
BLOCK22/SES223/SA223S11	SES143	-1.22385	-9.3188	-8.09495
BLOCK22/SES223/SA223S11	SES144	-2.63528	-10.7302	-8.09495
BLOCK22/SES223/SA223S11	SES175	-0.984077	-9.07903	-8.09495
BLOCK22/SES223/SA223S11	SES187	-1.32486	-9.41981	-8.09495
BLOCK22/SES223/SA223S13	SES068	-0.00642395	-9.3798	-9.37338
BLOCK22/SES223/SA223S13	SES143	-1.32504	-10.6984	-9.37338
BLOCK22/SES223/SA223S13	SES146	-1.22945	-10.6028	-9.37338
BLOCK22/SES223/SA223S13	SES202	-0.294662	-9.66804	-9.37338
BLOCK22/SES223/SA223S22	SES143	-0.752375	-7.23388	-6.4815
BLOCK22/SES223/SA223S22	SES144	-2.30081	-8.78231	-6.4815
BLOCK22/SES223/SA223S22	SES175	-1.73122	-8.21272	-6.4815
BLOCK22/SES223/SA223S22	SES187	-1.42532	-7.90682	-6.4815
BLOCK22/SES223/SA223S25	SES068	-0.0490265	-6.73035	-6.68132
BLOCK22/SES223/SA223S25	SES143	-2.05515	-8.73647	-6.68132
BLOCK22/SES223/SA223S25	SES175	-0.287029	-6.96835	-6.68132
BLOCK22/SES223/SA223S25	SES187	-1.3934	-8.07472	-6.68132
BLOCK22/SES223/SA223S27	SES143	-0.30118	-8.6837	-8.38252
BLOCK22/SES223/SA223S27	SES146	-2.11025	-10.4928	-8.38252
BLOCK22/SES223/SA223S27	SES187	-1.06931	-9.45183	-8.38252
BLOCK22/SES223/SA223S27	SES292	0.196056	-8.18646	-8.38252
BLOCK27/SES273/SA273S12	SES099	-0.196921	-7.7311	-7.53418
BLOCK27/SES273/SA273S12	SES104	-0.117867	-7.65205	-7.53418
BLOCK27/SES273/SA273S12	SES125	-0.845735	-8.37991	-7.53418
BLOCK27/SES273/SA273S12	SES206	-0.0605407	-7.59472	-7.53418
BLOCK27/SES273/SA273S13	SES099	-1.07616	-5.72778	-4.65163
BLOCK27/SES273/SA273S13	SES104	-1.01536	-5.66699	-4.65163
BLOCK27/SES273/SA273S13	SES206	-1.60371	-6.25534	-4.65163
BLOCK27/SES273/SA273S13	SES292	-0.979257	-5.63088	-4.65163
BLOCK27/SES273/SA273S21	SES099	-1.51477	-7.30933	-5.79456
BLOCK27/SES273/SA273S21	SES148	-2.87375	-8.66831	-5.79456
BLOCK27/SES273/SA273S21	SES149	-1.49345	-7.28801	-5.79456
BLOCK27/SES273/SA273S21	SES177	-1.36068	-7.15524	-5.79456
BLOCK27/SES273/SA273S25	SES104	-0.0933867	-8.01711	-7.92372
BLOCK27/SES273/SA273S25	SES125	-1.20724	-9.13096	-7.92372
BLOCK27/SES273/SA273S25	SES158	0.578907	-7.34481	-7.92372
BLOCK27/SES273/SA273S25	SES206	-0.329732	-8.25345	-7.92372
BLOCK27/SES273/SA273S27	SES099	-1.28518	-5.003	-3.71782
BLOCK27/SES273/SA273S27	SES104	-1.52338	-5.2412	-3.71782
BLOCK27/SES273/SA273S27	SES149	-1.15675	-4.87457	-3.71782
BLOCK27/SES273/SA273S27	SES275	-1.33312	-5.05094	-3.71782
BLOCK27/SES274/SA274S10	SES105	-2.20553	-6.42566	-4.22014
BLOCK27/SES274/SA274S10	SES125	-3.29173	-7.51187	-4.22014
BLOCK27/SES274/SA274S10	SES129	-0.306706	-4.52684	-4.22014
BLOCK27/SES274/SA274S10	SES158	-4.60354	-8.82368	-4.22014
BLOCK27/SES274/SA274S11	SES105	-1.44959	-7.63168	-6.18209
BLOCK27/SES274/SA274S11	SES149	-1.38143	-7.56352	-6.18209
BLOCK27/SES274/SA274S11	SES158	-2.27895	-8.46104	-6.18209
BLOCK27/SES274/SA274S11	SES275	-0.553805	-6.73589	-6.18209
BLOCK27/SES274/SA274S21	SES105	-1.72918	-7.98974	-6.26056
BLOCK27/SES274/SA274S21	SES129	-0.533435	-6.79399	-6.26056
BLOCK27/SES274/SA274S21	SES149	-1.24602	-7.50658	-6.26056
BLOCK27/SES274/SA274S21	SES158	-3.30472	-9.56528	-6.26056
BLOCK27/SES274/SA274S24	SES105	-1.96886	-8.16661	-6.19775
BLOCK27/SES274/SA274S24	SES129	-0.412357	-6.6101	-6.19775
BLOCK27/SES274/SA274S24	SES149	-2.11736	-8.31511	-6.19775
BLOCK27/SES274/SA274S24	SES158	-4.59015	-10.7879	-6.19775
BLOCK27/SES274/SA274S29	SES105	-1.68233	-7.55252	-5.87019
BLOCK27/SES274/SA274S29	SES106	-2.07348	-7.94368	-5.87019
BLOCK27/SES274/SA274S29	SES120	-1.30202	-7.17222	-5.87019
BLOCK27/SES274/SA274S29	SES275	-0.755687	-6.62588	-5.87019
BLOCK27/SES276/SA276S16	SES148	-1.18031	-7.49444	-6.31413
BLOCK27/SES276/SA276S16	SES172	0.265806	-6.04833	-6.31413
BLOCK27/SES276/SA276S16	SES180	0.250034	-6.0641	-6.31413
BLOCK27/SES276/SA276S16	SES292	-0.116187	-6.43032	-6.31413
BLOCK27/SES276/SA276S17	SES101	-0.719419	-6.83354	-6.11412
BLOCK27/SES276/SA276S17	SES177	-1.3946	-7.50872	-6.11412
BLOCK27/SES276/SA276S17	SES180	-0.713303	-6.82742	-6.11412
BLOCK27/SES276/SA276S17	SES292	-0.782124	-6.89624	-6.11412
BLOCK27/SES276/SA276S24	SES101	-0.540805	-6.06265	-5.52185
BLOCK27/SES276/SA276S24	SES177	-0.478845	-6.00069	-5.52185
BLOCK27/SES276/SA276S24	SES180	-0.907453	-6.4293	-5.52185
BLOCK27/SES276/SA276S24	SES292	-1.10269	-6.62453	-5.52185
BLOCK27/SES276/SA276S26	SES101	-1.12594	-4.96219	-3.83626
BLOCK27/SES276/SA276S26	SES177	-1.04411	-4.88037	-3.83626
BLOCK27/SES276/SA276S26	SES180	-0.371373	-4.20763	-3.83626
BLOCK27/SES276/SA276S26	SES292	-0.0023098	-3.83857	-3.83626
BLOCK27/SES276/SA276S28	SES101	-0.873785	-5.1297	-4.25592
BLOCK27/SES276/SA276S28	SES177	-1.2487	-5.50462	-4.25592
BLOCK27/SES276/SA276S28	SES180	-0.07938	-4.3353	-4.25592
BLOCK27/SES276/SA276S28	SES292	-0.38631	-4.64223	-4.25592
BLOCK27/SES277/SA277S12	SES101	-0.760504	-9.12981	-8.36931
BLOCK27/SES277/SA277S12	SES177	-1.90441	-10.2737	-8.36931
BLOCK27/SES277/SA277S12	SES180	-1.40304	-9.77235	-8.36931
BLOCK27/SES277/SA277S12	SES292	-1.26263	-9.63193	-8.36931
BLOCK27/SES277/SA277S14	SES177	-1.41438	-9.14429	-7.7299
BLOCK27/SES277/SA277S14	SES180	-1.95547	-9.68537	-7.7299
BLOCK27/SES277/SA277S14	SES189	-0.922552	-8.65245	-7.7299
BLOCK27/SES277/SA277S14	SES292	-2.20567	-9.93557	-7.7299
BLOCK27/SES277/SA277S21	SES177	-1.25871	-7.89516	-6.63645
BLOCK27/SES277/SA277S21	SES180	-1.64719	-8.28364	-6.63645
BLOCK27/SES277/SA277S21	SES189	-1.3013	-7.93775	-6.63645
BLOCK27/SES277/SA277S21	SES292	-1.60952	-8.24597	-6.63645
BLOCK27/SES277/SA277S24	SES144	-0.964225	-9.39369	-8.42946
BLOCK27/SES277/SA277S24	SES177	-1.66844	-10.0979	-8.42946
BLOCK27/SES277/SA277S24	SES180	-2.30836	-10.7378	-8.42946
BLOCK27/SES277/SA277S24	SES189	-1.1924	-9.62186	-8.42946
BLOCK27/SES277/SA277S29	SES177	-0.938234	-5.21409	-4.27585
BLOCK27/SES277/SA277S29	SES180	-1.15653	-5.43238	-4.27585
BLOCK27/SES277/SA277S29	SES202	-1.13164	-5.4075	-4.27585
BLOCK27/SES277/SA277S29	SES292	-1.79348	-6.06934	-4.27585
BLOCK27/SES279/SA279S09	SES120	-1.36775	-6.52198	-5.15423
BLOCK27/SES279/SA279S09	SES146	-1.59552	-6.74976	-5.15423
BLOCK27/SES279/SA279S09	SES206	-0.551047	-5.70528	-5.15423
BLOCK27/SES279/SA279S09	SES226	-1.99709	-7.15132	-5.15423
BLOCK27/SES279/SA279S10	SES099	-0.547307	-6.95394	-6.40663
BLOCK27/SES279/SA279S10	SES206	-0.915309	-7.32194	-6.40663
BLOCK27/SES279/SA279S10	SES226	-1.93457	-8.3412	-6.40663
BLOCK27/SES279/SA279S10	SES292	-0.0377588	-6.44439	-6.40663
BLOCK27/SES279/SA279S20	SES099	-2.91036	-10.427	-7.51663
BLOCK27/SES279/SA279S20	SES206	-0.841004	-8.35763	-7.51663
BLOCK27/SES279/SA279S20	SES226	-2.45234	-9.96897	-7.51663
BLOCK27/SES279/SA279S20	SES292	-0.374446	-7.89108	-7.51663
BLOCK27/SES279/SA279S26	SES099	-0.295989	-8.55113	-8.25514
BLOCK27/SES279/SA279S26	SES206	-0.490375	-8.74551	-8.25514
BLOCK27/SES279/SA279S26	SES226	-2.79542	-11.0506	-8.25514
BLOCK27/SES279/SA279S26	SES292	0.295135	-7.96	-8.25514
BLOCK27/SES279/SA279S28	SES099	-0.437477	-4.36177	-3.92429
BLOCK27/SES279/SA279S28	SES120	-0.554337	-4.47863	-3.92429
BLOCK27/SES279/SA279S28	SES177	-1.56457	-5.48887	-3.92429
BLOCK27/SES279/SA279S28	SES206	-1.11846	-5.04275	-3.92429
BLOCK29/SES290/SA290S12	SES162	-0.0180745	-5.53503	-5.51695
BLOCK29/SES290/SA290S12	SES177	-0.748879	-6.26583	-5.51695
BLOCK29/SES290/SA290S12	SES180	-0.390164	-5.90712	-5.51695
BLOCK29/SES290/SA290S12	SES292	-1.46843	-6.98538	-5.51695
BLOCK29/SES290/SA290S13	SES007	-0.365443	-5.80896	-5.44352
BLOCK29/SES290/SA290S13	SES162	-1.13363	-6.57714	-5.44352
BLOCK29/SES290/SA290S13	SES177	-1.08028	-6.5238	-5.44352
BLOCK29/SES290/SA290S13	SES180	-0.702609	-6.14612	-5.44352
BLOCK29/SES290/SA290S22	SES177	-0.895376	-6.03278	-5.1374
BLOCK29/SES290/SA290S22	SES180	-0.894177	-6.03158	-5.1374
BLOCK29/SES290/SA290S22	SES202	-0.40474	-5.54214	-5.1374
BLOCK29/SES290/SA290S22	SES292	-0.656404	-5.79381	-5.1374
BLOCK29/SES290/SA290S25	SES162	-0.830264	-7.16848	-6.33821
BLOCK29/SES290/SA290S25	SES177	-0.884604	-7.22282	-6.33821
BLOCK29/SES290/SA290S25	SES180	-0.696251	-7.03447	-6.33821
BLOCK29/SES290/SA290S25	SES292	-0.765533	-7.10375	-6.33821
BLOCK29/SES290/SA290S29	SES177	-0.415368	-4.78102	-4.36565
BLOCK29/SES290/SA290S29	SES180	0.111245	-4.25441	-4.36565
BLOCK29/SES290/SA290S29	SES275	-0.243245	-4.6089	-4.36565
BLOCK29/SES290/SA290S29	SES292	-0.682993	-5.04864	-4.36565
BLOCK29/SES291/SA291S11	SES105	-1.36399	-9.08769	-7.72371
BLOCK29/SES291/SA291S11	SES125	-1.00413	-8.72784	-7.72371
BLOCK29/SES291/SA291S11	SES158	-0.985783	-8.70949	-7.72371
BLOCK29/SES291/SA291S11	SES275	-1.38461	-9.10832	-7.72371
BLOCK29/SES291/SA291S12	SES158	1.02965	-7.68849	-8.71814
BLOCK29/SES291/SA291S12	SES226	-1.21018	-9.92832	-8.71814
BLOCK29/SES291/SA291S12	SES270	-0.830912	-9.54905	-8.71814
BLOCK29/SES291/SA291S12	SES275	-2.53226	-11.2504	-8.71814
BLOCK29/SES291/SA291S22	SES082	-0.514797	-7.54127	-7.02647
BLOCK29/SES291/SA291S22	SES158	-0.327336	-7.35381	-7.02647
BLOCK29/SES291/SA291S22	SES259	-0.923683	-7.95015	-7.02647
BLOCK29/SES291/SA291S22	SES275	-1.85083	-8.8773	-7.02647
BLOCK29/SES291/SA291S24	SES104	-0.644501	-7.94857	-7.30407
BLOCK29/SES291/SA291S24	SES125	-1.06796	-8.37203	-7.30407
BLOCK29/SES291/SA291S24	SES158	-0.139992	-7.44406	-7.30407
BLOCK29/SES291/SA291S24	SES275	-2.25861	-9.56269	-7.30407
BLOCK29/SES291/SA291S27	SES158	-0.0111742	-5.69923	-5.68806
BLOCK29/SES291/SA291S27	SES172	-1.99917	-7.68723	-5.68806
BLOCK29/SES291/SA291S27	SES275	-1.80147	-7.48953	-5.68806
BLOCK29/SES291/SA291S27	SES292	-0.772843	-6.4609	-5.68806
