BLOCK00/SES002/SA002S12	SES002	1.47324	16.7664	15.2932
BLOCK00/SES002/SA002S13	SES002	1.93971	16.6598	14.7201
BLOCK00/SES002/SA002S23	SES002	1.3691	16.8139	15.4448
BLOCK00/SES002/SA002S26	SES002	1.67858	17.8656	16.187
BLOCK00/SES002/SA002S28	SES002	0.91752	15.2221	14.3046
BLOCK00/SES007/SA007S14	SES007	2.04405	18.3581	16.3141
BLOCK00/SES007/SA007S15	SES007	0.657164	15.8794	15.2222
BLOCK00/SES007/SA007S24	SES007	1.45025	16.1704	14.7202
BLOCK00/SES007/SA007S27	SES007	1.23845	15.6428	14.4043
BLOCK00/SES007/SA007S29	SES007	0.412161	16.138	15.7259
BLOCK00/SES008/SA008S11	SES008	1.79127	16.8882	15.097
BLOCK00/SES008/SA008S12	SES008	0.627656	15.5994	14.9717
BLOCK00/SES008/SA008S19	SES008	1.90924	17.8501	15.9409
BLOCK00/SES008/SA008S22	SES008	0.779109	15.3445	14.5654
BLOCK00/SES008/SA008S29	SES008	1.98284	17.782	15.7991
BLOCK01/SES014/SA014S10	SES014	2.75866	17.8493	15.0906
BLOCK01/SES014/SA014S12	SES014	3.4907	20.3376	16.8469
BLOCK01/SES014/SA014S24	SES014	1.79259	18.1793	16.3867
BLOCK01/SES014/SA014S26	SES014	2.90015	21.0431	18.1429
BLOCK01/SES014/SA014S28	SES014	4.19289	21.3953	17.2024
BLOCK01/SES016/SA016S12	SES016	1.89076	15.114	13.2233
BLOCK01/SES016/SA016S13	SES016	1.92938	16.8974	14.968
BLOCK01/SES016/SA016S22	SES016	1.68986	16.742	15.0521
BLOCK01/SES016/SA016S25	SES016	2.01208	18.504	16.4919
BLOCK01/SES016/SA016S27	SES016	2.32414	19.1829	16.8588
BLOCK01/SES019/SA019S13	SES019	3.20614	15.9481	12.742
BLOCK01/SES019/SA019S14	SES019	2.47993	16.1859	13.706
BLOCK01/SES019/SA019S22	SES019	2.97799	16.1543	13.1763
BLOCK01/SES019/SA019S25	SES019	2.96278	16.6992	13.7364
BLOCK01/SES019/SA019S29	SES019	3.83195	17.0398	13.2079
BLOCK02/SES029/SA029S11	SES029	1.91346	17.0762	15.1627
BLOCK02/SES029/SA029S12	SES029	0.799809	16.9733	16.1735
BLOCK02/SES029/SA029S20	SES029	1.58457	16.5508	14.9662
BLOCK02/SES029/SA029S25	SES029	1.58795	17.7354	16.1474
BLOCK02/SES029/SA029S28	SES029	0.597014	16.3166	15.7196
BLOCK04/SES042/SA042S12	SES042	2.29304	17.8435	15.5505
BLOCK04/SES042/SA042S15	SES042	2.63629	18.2598	15.6235
BLOCK04/SES042/SA042S22	SES042	3.34811	20.7195	17.3714
BLOCK04/SES042/SA042S25	SES042	2.36123	17.0726	14.7113
BLOCK04/SES042/SA042S27	SES042	1.84066	18.1739	16.3332
BLOCK04/SES048/SA048S11	SES048	1.78623	17.4844	15.6982
BLOCK04/SES048/SA048S12	SES048	1.00618	17.1802	16.174
BLOCK04/SES048/SA048S20	SES048	0.547455	17.0274	16.4799
BLOCK04/SES048/SA048S23	SES048	1.70391	16.3964	14.6925
BLOCK04/SES048/SA048S27	SES048	1.04223	18.303	17.2608
BLOCK06/SES060/SA060S11	SES060	1.96155	18.0107	16.0492
BLOCK06/SES060/SA060S12	SES060	0.354019	15.548	15.1939
BLOCK06/SES060/SA060S22	SES060	0.472012	14.5015	14.0295
BLOCK06/SES060/SA060S24	SES060	1.69587	17.6685	15.9726
BLOCK06/SES060/SA060S28	SES060	1.39251	19.527	18.1345
BLOCK06/SES062/SA062S10	SES062	0.842604	16.905	16.0624
BLOCK06/SES062/SA062S11	SES062	1.93841	17.2668	15.3284
BLOCK06/SES062/SA062S21	SES062	2.18403	20.1992	18.0152
BLOCK06/SES062/SA062S26	SES062	1.33906	18.3163	16.9772
BLOCK06/SES062/SA062S29	SES062	1.9492	19.4784	17.5292
BLOCK06/SES068/SA068S14	SES068	0.333384	16.6791	16.3458
BLOCK06/SES068/SA068S15	SES068	1.40451	18.4167	17.0122
BLOCK06/SES068/SA068S23	SES068	1.3094	16.2985	14.9891
BLOCK06/SES068/SA068S27	SES068	2.21723	19.0662	16.849
BLOCK06/SES068/SA068S29	SES068	0.87047	16.8193	15.9489
BLOCK08/SES082/SA082S12	SES082	0.587255	14.8855	14.2983
BLOCK08/SES082/SA082S14	SES082	0.954606	15.2572	14.3026
BLOCK08/SES082/SA082S21	SES082	0.541013	15.4219	14.8809
BLOCK08/SES082/SA082S24	SES082	1.05634	17.2747	16.2183
BLOCK08/SES082/SA082S28	SES082	0.733282	15.5131	14.7798
BLOCK08/SES083/SA083S14	SES083	0.366055	16.1675	15.8015
BLOCK08/SES083/SA083S15	SES083	0.778746	17.1358	16.3571
BLOCK08/SES083/SA083S24	SES083	0.585668	16.4158	15.8301
BLOCK08/SES083/SA083S26	SES083	0.868169	16.2253	15.3571
BLOCK08/SES083/SA083S29	SES083	0.473436	17.1649	16.6915
BLOCK08/SES085/SA085S10	SES085	0.487041	16.6479	16.1609
BLOCK08/SES085/SA085S13	SES085	0.277388	15.6581	15.3807
BLOCK08/SES085/SA085S22	SES085	0.615488	17.8701	17.2546
BLOCK08/SES085/SA085S26	SES085	0.604568	17.072	16.4675
BLOCK08/SES085/SA085S28	SES085	1.57353	17.3388	15.7653
BLOCK08/SES087/SA087S15	SES087	1.97562	16.7255	14.7499
BLOCK08/SES087/SA087S16	SES087	1.97322	16.6661	14.6929
BLOCK08/SES087/SA087S24	SES087	1.59016	16.8941	15.304
BLOCK08/SES087/SA087S26	SES087	1.48191	17.7114	16.2295
BLOCK08/SES087/SA087S29	SES087	2.18293	16.6192	14.4363
BLOCK09/SES099/SA099S15	SES099	1.97423	16.3229	14.3487
BLOCK09/SES099/SA099S16	SES099	1.68205	16.177	14.495
BLOCK09/SES099/SA099S24	SES099	1.77002	16.6137	14.8437
BLOCK09/SES099/SA099S26	SES099	2.11796	16.7733	14.6554
BLOCK09/SES099/SA099S29	SES099	2.24719	17.3996	15.1524
BLOCK10/SES101/SA101S11	SES101	0.351228	16.1399	15.7886
BLOCK10/SES101/SA101S13	SES101	2.12374	18.7421	16.6184
BLOCK10/SES101/SA101S22	SES101	1.04961	16.231	15.1814
BLOCK10/SES101/SA101S24	SES101	1.15452	16.5073	15.3528
BLOCK10/SES101/SA101S28	SES101	0.63361	15.3888	14.7552
BLOCK10/SES104/SA104S11	SES104	2.34067	19.5802	17.2396
BLOCK10/SES104/SA104S12	SES104	2.2526	17.6474	15.3948
BLOCK10/SES104/SA104S21	SES104	1.75417	16.9328	15.1787
BLOCK10/SES104/SA104S24	SES104	1.19767	16.5651	15.3674
BLOCK10/SES104/SA104S28	SES104	1.72798	17.9737	16.2457
BLOCK10/SES105/SA105S12	SES105	1.15421	14.8396	13.6854
BLOCK10/SES105/SA105S13	SES105	1.02501	15.0879	14.0629
BLOCK10/SES105/SA105S22	SES105	0.765697	14.0634	13.2977
BLOCK10/SES105/SA105S26	SES105	1.48932	15.2808	13.7915
BLOCK10/SES105/SA105S29	SES105	1.5609	16.2398	14.6789
BLOCK10/SES106/SA106S09	SES106	1.54752	15.0466	13.4991
BLOCK10/SES106/SA106S11	SES106	1.94081	17.0037	15.0628
BLOCK10/SES106/SA106S22	SES106	4.02567	17.8963	13.8706
BLOCK10/SES106/SA106S27	SES106	1.94902	16.0792	14.1301
BLOCK10/SES106/SA106S29	SES106	1.28098	15.5305	14.2495
BLOCK11/SES117/SA117S12	SES117	1.16207	15.9713	14.8092
BLOCK11/SES117/SA117S13	SES117	0.465247	16.1996	15.7344
BLOCK11/SES117/SA117S23	SES117	2.28626	15.2945	13.0083
BLOCK11/SES117/SA117S25	SES117	1.29332	15.1402	13.8469
BLOCK11/SES117/SA117S28	SES117	1.31116	14.8438	13.5326
BLOCK12/SES120/SA120S08	SES120	1.08246	13.8366	12.7541
BLOCK12/SES120/SA120S11	SES120	1.29095	12.4932	11.2023
BLOCK12/SES120/SA120S22	SES120	0.290647	15.6584	15.3677
BLOCK12/SES120/SA120S24	SES120	0.742769	14.6285	13.8857
BLOCK12/SES120/SA120S28	SES120	0.854406	12.9054	12.051
BLOCK12/SES125/SA125S13	SES125	2.07821	16.8976	14.8194
BLOCK12/SES125/SA125S14	SES125	1.09876	15.584	14.4852
BLOCK12/SES125/SA125S25	SES125	2.19299	17.7043	15.5113
BLOCK12/SES125/SA125S27	SES125	2.38522	18.5989	16.2137
BLOCK12/SES125/SA125S29	SES125	2.47793	17.2621	14.7842
BLOCK12/SES127/SA127S11	SES127	1.59	16.1918	14.6018
BLOCK12/SES127/SA127S12	SES127	0.624281	16.6151	15.9908
BLOCK12/SES127/SA127S23	SES127	0.99052	16.4459	15.4554
BLOCK12/SES127/SA127S25	SES127	0.274975	15.4136	15.1387
BLOCK12/SES127/SA127S27	SES127	1.48183	16.8338	15.3519
BLOCK12/SES129/SA129S11	SES129	2.24075	18.1646	15.9239
BLOCK12/SES129/SA129S12	SES129	1.69754	17.7501	16.0525
BLOCK12/SES129/SA129S22	SES129	1.47428	16.5328	15.0585
BLOCK12/SES129/SA129S27	SES129	1.76097	17.3582	15.5972
BLOCK12/SES129/SA129S29	SES129	1.61993	17.5533	15.9333
BLOCK14/SES142/SA142S11	SES142	2.65562	16.2579	13.6023
BLOCK14/SES142/SA142S12	SES142	1.14357	15.2177	14.0741
BLOCK14/SES142/SA142S24	SES142	1.88728	16.3857	14.4984
BLOCK14/SES142/SA142S27	SES142	2.33389	17.0135	14.6796
BLOCK14/SES142/SA142S29	SES142	2.9327	16.4515	13.5188
BLOCK14/SES143/SA143S12	SES143	1.299	15.5741	14.2751
BLOCK14/SES143/SA143S13	SES143	1.32618	15.4306	14.1045
BLOCK14/SES143/SA143S23	SES143	1.42389	15.3344	13.9106
BLOCK14/SES143/SA143S25	SES143	1.70243	16.3657	14.6632
BLOCK14/SES143/SA143S28	SES143	1.32147	15.6486	14.3271
BLOCK14/SES144/SA144S09	SES144	1.21721	16.5579	15.3407
BLOCK14/SES144/SA144S11	SES144	1.53341	15.9283	14.3949
BLOCK14/SES144/SA144S21	SES144	0.398543	15.0885	14.6899
BLOCK14/SES144/SA144S25	SES144	0.63224	14.6207	13.9885
BLOCK14/SES144/SA144S29	SES144	0.256338	15.9447	15.6884
BLOCK14/SES146/SA146S14	SES146	0.893842	14.7293	13.8355
BLOCK14/SES146/SA146S15	SES146	0.814631	14.8325	14.0178
BLOCK14/SES146/SA146S24	SES146	1.13299	15.3558	14.2228
BLOCK14/SES146/SA146S26	SES146	1.16757	15.2856	14.118
BLOCK14/SES146/SA146S29	SES146	0.885351	14.5055	13.6201
BLOCK14/SES147/SA147S11	SES147	2.08154	15.899	13.8175
BLOCK14/SES147/SA147S13	SES147	2.37345	16.596	14.2226
BLOCK14/SES147/SA147S23	SES147	0.677432	15.3737	14.6962
BLOCK14/SES147/SA147S26	SES147	1.6439	15.7765	14.1326
BLOCK14/SES147/SA147S28	SES147	1.76956	15.8874	14.1178
BLOCK14/SES148/SA148S10	SES148	1.32458	15.26	13.9354
BLOCK14/SES148/SA148S12	SES148	1.40972	14.6449	13.2351
BLOCK14/SES148/SA148S22	SES148	1.80958	17.036	15.2265
BLOCK14/SES148/SA148S26	SES148	0.313295	15.8999	15.5866
BLOCK14/SES148/SA148S29	SES148	0.673944	15.228	14.5541
BLOCK14/SES149/SA149S13	SES149	0.147856	15.5594	15.4115
BLOCK14/SES149/SA149S14	SES149	0.720436	16.8341	16.1137
BLOCK14/SES149/SA149S24	SES149	1.38059	17.378	15.9974
BLOCK14/SES149/SA149S26	SES149	2.11832	18.5463	16.4279
BLOCK14/SES149/SA149S28	SES149	2.39159	19.6028	17.2112
BLOCK15/SES158/SA158S13	SES158	1.93536	15.2293	13.2939
BLOCK15/SES158/SA158S14	SES158	3.11055	15.9477	12.8372
BLOCK15/SES158/SA158S23	SES158	1.8135	15.7361	13.9226
BLOCK15/SES158/SA158S26	SES158	2.73703	15.443	12.7059
BLOCK15/SES158/SA158S28	SES158	0.959088	14.6853	13.7262
BLOCK16/SES162/SA162S10	SES162	1.15073	14.1984	13.0476
BLOCK16/SES162/SA162S11	SES162	1.12333	16.3524	15.229
BLOCK16/SES162/SA162S21	SES162	2.08983	16.8193	14.7295
BLOCK16/SES162/SA162S24	SES162	1.51467	16.033	14.5183
BLOCK16/SES162/SA162S27	SES162	1.95155	15.722	13.7704
BLOCK16/SES167/SA167S14	SES167	1.11357	17.7122	16.5987
BLOCK16/SES167/SA167S15	SES167	1.25003	16.4376	15.1876
BLOCK16/SES167/SA167S21	SES167	2.23705	17.4452	15.2082
BLOCK16/SES167/SA167S25	SES167	2.40332	16.3523	13.949
BLOCK16/SES167/SA167S29	SES167	2.70752	18.55	15.8425
BLOCK17/SES172/SA172S12	SES172	1.93306	17.4275	15.4945
BLOCK17/SES172/SA172S13	SES172	1.69181	16.3333	14.6415
BLOCK17/SES172/SA172S23	SES172	1.31966	17.7495	16.4298
BLOCK17/SES172/SA172S27	SES172	1.40182	16.5623	15.1604
BLOCK17/SES172/SA172S29	SES172	2.2724	17.5903	15.3179
BLOCK17/SES175/SA175S11	SES175	0.934858	16.2947	15.3599
BLOCK17/SES175/SA175S13	SES175	1.1095	16.2336	15.1241
BLOCK17/SES175/SA175S23	SES175	1.61324	16.4915	14.8782
BLOCK17/SES175/SA175S25	SES175	0.803999	14.3638	13.5598
BLOCK17/SES175/SA175S28	SES175	1.22912	17.0763	15.8472
BLOCK17/SES177/SA177S15	SES177	0.499282	15.9835	15.4842
BLOCK17/SES177/SA177S17	SES177	0.434794	16.0051	15.5703
BLOCK17/SES177/SA177S23	SES177	-0.0426731	14.9255	14.9682
BLOCK17/SES177/SA177S26	SES177	1.06006	18.1567	17.0966
BLOCK17/SES177/SA177S28	SES177	0.903522	16.758	15.8545
BLOCK18/SES180/SA180S13	SES180	0.316175	15.3301	15.0139
BLOCK18/SES180/SA180S15	SES180	1.30293	15.9786	14.6757
BLOCK18/SES180/SA180S24	SES180	0.729744	17.1151	16.3853
BLOCK18/SES180/SA180S26	SES180	1.25193	16.8733	15.6214
BLOCK18/SES180/SA180S29	SES180	1.48869	16.3509	14.8622
BLOCK18/SES183/SA183S13	SES183	1.43812	14.948	13.5099
BLOCK18/SES183/SA183S14	SES183	-0.162013	13.8006	13.9626
BLOCK18/SES183/SA183S24	SES183	1.69517	14.3339	12.6388
BLOCK18/SES183/SA183S27	SES183	1.42849	14.9564	13.5279
BLOCK18/SES183/SA183S29	SES183	0.577806	15.5679	14.9901
BLOCK18/SES187/SA187S13	SES187	0.722541	15.9172	15.1947
BLOCK18/SES187/SA187S14	SES187	1.14943	15.6371	14.4877
BLOCK18/SES187/SA187S24	SES187	2.58104	15.779	13.198
BLOCK18/SES187/SA187S27	SES187	1.70996	15.8898	14.1799
BLOCK18/SES187/SA187S29	SES187	1.32944	16.5179	15.1884
BLOCK18/SES189/SA189S10	SES189	1.76373	14.8455	13.0818
BLOCK18/SES189/SA189S13	SES189	2.34474	14.7375	12.3927
BLOCK18/SES189/SA189S24	SES189	2.8801	14.9283	12.0482
BLOCK18/SES189/SA189S26	SES189	1.50423	15.6154	14.1111
BLOCK18/SES189/SA189S29	SES189	2.55555	15.4985	12.9429
BLOCK20/SES202/SA202S12	SES202	1.42712	13.4103	11.9832
BLOCK20/SES202/SA202S14	SES202	2.42321	15.7198	13.2966
BLOCK20/SES202/SA202S24	SES202	1.54475	15.614	14.0693
BLOCK20/SES202/SA202S27	SES202	1.76101	17.3873	15.6263
BLOCK20/SES202/SA202S29	SES202	2.23948	16.8587	14.6192
BLOCK20/SES206/SA206S15	SES206	-0.194599	15.8072	16.0018
BLOCK20/SES206/SA206S17	SES206	1.94225	18.2399	16.2977
BLOCK20/SES206/SA206S24	SES206	2.20313	18.5725	16.3693
BLOCK20/SES206/SA206S27	SES206	2.28848	17.4774	15.1889
BLOCK20/SES206/SA206S29	SES206	1.42133	18.3604	16.9391
BLOCK22/SES226/SA226S12	SES226	1.39975	16.2653	14.8656
BLOCK22/SES226/SA226S13	SES226	-0.145679	14.2106	14.3563
BLOCK22/SES226/SA226S20	SES226	1.12597	15.6233	14.4973
BLOCK22/SES226/SA226S23	SES226	1.50937	16.4301	14.9207
BLOCK22/SES226/SA226S28	SES226	2.23251	17.1633	14.9308
BLOCK25/SES259/SA259S13	SES259	4.26373	18.6111	14.3474
BLOCK25/SES259/SA259S14	SES259	2.7236	17.368	14.6444
BLOCK25/SES259/SA259S22	SES259	2.39484	17.0237	14.6289
BLOCK25/SES259/SA259S24	SES259	2.56404	18.7103	16.1463
BLOCK25/SES259/SA259S28	SES259	2.3446	17.5862	15.2416
BLOCK27/SES270/SA270S14	SES270	2.63884	15.4761	12.8373
BLOCK27/SES270/SA270S16	SES270	0.608293	14.7782	14.1699
BLOCK27/SES270/SA270S22	SES270	2.8328	16.3055	13.4727
BLOCK27/SES270/SA270S26	SES270	1.22976	13.7179	12.4881
BLOCK27/SES270/SA270S28	SES270	1.87792	16.2295	14.3516
BLOCK27/SES275/SA275S17	SES275	1.59469	16.2407	14.646
BLOCK27/SES275/SA275S18	SES275	1.0379	16.1541	15.1162
BLOCK27/SES275/SA275S24	SES275	0.900465	14.7427	13.8422
BLOCK27/SES275/SA275S26	SES275	1.63615	16.2966	14.6604
BLOCK27/SES275/SA275S28	SES275	0.592237	15.7203	15.1281
BLOCK29/SES292/SA292S10	SES292	0.864676	15.6887	14.824
BLOCK29/SES292/SA292S12	SES292	0.550525	15.8066	15.2561
BLOCK29/SES292/SA292S22	SES292	0.793161	16.6586	15.8655
BLOCK29/SES292/SA292S24	SES292	0.675634	16.1366	15.461
BLOCK29/SES292/SA292S27	SES292	0.651769	16.6049	15.9532
BLOCK00/SES001/SA001S14	SES062	-2.71692	10.8298	13.5467
BLOCK00/SES001/SA001S14	SES082	-2.61951	10.9272	13.5467
BLOCK00/SES001/SA001S14	SES106	-2.25714	11.2896	13.5467
BLOCK00/SES001/SA001S14	SES206	-1.86093	11.6858	13.5467
BLOCK00/SES001/SA001S15	SES062	-2.93962	12.3317	15.2713
BLOCK00/SES001/SA001S15	SES104	-3.17676	12.0946	15.2713
BLOCK00/SES001/SA001S15	SES106	-2.1839	13.0874	15.2713
BLOCK00/SES001/SA001S15	SES206	-1.95015	13.3212	15.2713
BLOCK00/SES001/SA001S24	SES062	-3.54507	9.92543	13.4705
BLOCK00/SES001/SA001S24	SES082	-3.11485	10.3557	13.4705
BLOCK00/SES001/SA001S24	SES087	-1.84351	11.627	13.4705
BLOCK00/SES001/SA001S24	SES206	-2.34029	11.1302	13.4705
BLOCK00/SES001/SA001S27	SES062	-2.50192	12.8588	15.3608
BLOCK00/SES001/SA001S27	SES082	-1.97624	13.3845	15.3608
BLOCK00/SES001/SA001S27	SES087	-1.56678	13.794	15.3608
BLOCK00/SES001/SA001S27	SES206	-2.04776	13.313	15.3608
BLOCK00/SES001/SA001S29	SES062	-3.82124	10.0456	13.8669
BLOCK00/SES001/SA001S29	SES082	-1.96948	11.8974	13.8669
BLOCK00/SES001/SA001S29	SES158	-1.53267	12.3342	13.8669
BLOCK00/SES001/SA001S29	SES206	-2.52139	11.3455	13.8669
BLOCK00/SES003/SA003S11	SES002	-1.02257	13.9922	15.0148
BLOCK00/SES003/SA003S11	SES019	-1.78729	13.2275	15.0148
BLOCK00/SES003/SA003S11	SES082	-0.693798	14.321	15.0148
BLOCK00/SES003/SA003S11	SES125	-1.95198	13.0628	15.0148
BLOCK00/SES003/SA003S15	SES016	-1.6438	14.0351	15.6789
BLOCK00/SES003/SA003S15	SES019	-1.76353	13.9154	15.6789
BLOCK00/SES003/SA003S15	SES062	-2.15117	13.5277	15.6789
BLOCK00/SES003/SA003S15	SES206	-1.59783	14.0811	15.6789
BLOCK00/SES003/SA003S22	SES002	-2.0124	13.2363	15.2487
BLOCK00/SES003/SA003S22	SES062	-1.2176	14.0311	15.2487
BLOCK00/SES003/SA003S22	SES082	-1.96137	13.2873	15.2487
BLOCK00/SES003/SA003S22	SES087	-1.574	13.6747	15.2487
BLOCK00/SES003/SA003S25	SES062	-3.09329	11.5042	14.5975
BLOCK00/SES003/SA003S25	SES082	-1.66974	12.9278	14.5975
BLOCK00/SES003/SA003S25	SES087	-1.63374	12.9638	14.5975
BLOCK00/SES003/SA003S25	SES206	-2.14905	12.4485	14.5975
BLOCK00/SES003/SA003S29	SES002	-1.72908	12.7636	14.4926
BLOCK00/SES003/SA003S29	SES062	-2.76764	11.725	14.4926
BLOCK00/SES003/SA003S29	SES082	-1.62426	12.8684	14.4926
BLOCK00/SES003/SA003S29	SES087	-1.97358	12.5191	14.4926
BLOCK00/SES004/SA004S12	SES083	-2.12324	11.9692	14.0925
BLOCK00/SES004/SA004S12	SES148	-2.14749	11.945	14.0925
BLOCK00/SES004/SA004S12	SES172	-0.971417	13.121	14.0925
BLOCK00/SES004/SA004S12	SES292	-1.50023	12.5922	14.0925
BLOCK00/SES004/SA004S17	SES083	-1.85526	12.1753	14.0305
BLOCK00/SES004/SA004S17	SES162	-1.13608	12.8944	14.0305
BLOCK00/SES004/SA004S17	SES172	-0.964478	13.0661	14.0305
BLOCK00/SES004/SA004S17	SES292	-1.74191	12.2886	14.0305
BLOCK00/SES004/SA004S24	SES083	-2.06993	12.4459	14.5158
BLOCK00/SES004/SA004S24	SES148	-2.68612	11.8297	14.5158
BLOCK00/SES004/SA004S24	SES172	-0.734273	13.7815	14.5158
BLOCK00/SES004/SA004S24	SES292	-1.26175	13.254	14.5158
BLOCK00/SES004/SA004S26	SES083	-2.32712	12.0761	14.4032
BLOCK00/SES004/SA004S26	SES127	-1.70785	12.6954	14.4032
BLOCK00/SES004/SA004S26	SES148	-3.88103	10.5222	14.4032
BLOCK00/SES004/SA004S26	SES292	-2.82225	11.581	14.4032
BLOCK00/SES004/SA004S28	SES083	-1.52448	14.3113	15.8358
BLOCK00/SES004/SA004S28	SES127	-1.08989	14.7459	15.8358
BLOCK00/SES004/SA004S28	SES187	-1.18476	14.6511	15.8358
BLOCK00/SES004/SA004S28	SES292	-2.31229	13.5235	15.8358
BLOCK00/SES006/SA006S10	SES014	-4.1958	7.62556	11.8214
BLOCK00/SES006/SA006S10	SES158	-2.18491	9.63645	11.8214
BLOCK00/SES006/SA006S10	SES226	-3.95961	7.86175	11.8214
BLOCK00/SES006/SA006S10	SES270	-1.28617	10.5352	11.8214
BLOCK00/SES006/SA006S11	SES158	-1.79241	10.318	12.1104
BLOCK00/SES006/SA006S11	SES226	-3.09631	9.01406	12.1104
BLOCK00/SES006/SA006S11	SES270	-1.4603	10.6501	12.1104
BLOCK00/SES006/SA006S11	SES275	-2.63446	9.4759	12.1104
BLOCK00/SES006/SA006S23	SES062	-3.21565	10.6983	13.9139
BLOCK00/SES006/SA006S23	SES105	-3.55324	10.3607	13.9139
BLOCK00/SES006/SA006S23	SES158	-2.36931	11.5446	13.9139
BLOCK00/SES006/SA006S23	SES275	-2.4318	11.4821	13.9139
BLOCK00/SES006/SA006S26	SES104	-3.96737	9.44518	13.4125
BLOCK00/SES006/SA006S26	SES158	-1.82263	11.5899	13.4125
BLOCK00/SES006/SA006S26	SES270	-0.91408	12.4985	13.4125
BLOCK00/SES006/SA006S26	SES275	-2.59523	10.8173	13.4125
BLOCK00/SES006/SA006S28	SES007	-3.01627	9.09673	12.113
BLOCK00/SES006/SA006S28	SES105	-3.62179	8.49121	12.113
BLOCK00/SES006/SA006S28	SES158	-1.63136	10.4816	12.113
BLOCK00/SES006/SA006S28	SES275	-2.88593	9.22707	12.113
BLOCK00/SES009/SA009S12	SES083	-3.07264	12.6822	15.7549
BLOCK00/SES009/SA009S12	SES148	-2.81155	12.9433	15.7549
BLOCK00/SES009/SA009S12	SES177	-1.28287	14.472	15.7549
BLOCK00/SES009/SA009S12	SES292	-1.72808	14.0268	15.7549
BLOCK00/SES009/SA009S15	SES007	-0.32213	16.0437	16.3658
BLOCK00/SES009/SA009S15	SES099	-3.98787	12.3779	16.3658
BLOCK00/SES009/SA009S15	SES148	-2.68355	13.6823	16.3658
BLOCK00/SES009/SA009S15	SES172	-1.63155	14.7343	16.3658
BLOCK00/SES009/SA009S24	SES146	-1.20643	14.8964	16.1028
BLOCK00/SES009/SA009S24	SES148	-2.63665	13.4662	16.1028
BLOCK00/SES009/SA009S24	SES177	-0.570577	15.5323	16.1028
BLOCK00/SES009/SA009S24	SES292	-1.3009	14.8019	16.1028
BLOCK00/SES009/SA009S26	SES083	-2.77196	12.5831	15.355
BLOCK00/SES009/SA009S26	SES101	-2.51001	12.845	15.355
BLOCK00/SES009/SA009S26	SES120	-1.85011	13.5049	15.355
BLOCK00/SES009/SA009S26	SES177	-0.972269	14.3828	15.355
BLOCK00/SES009/SA009S29	SES083	-2.46743	13.6941	16.1615
BLOCK00/SES009/SA009S29	SES101	-2.02907	14.1325	16.1615
BLOCK00/SES009/SA009S29	SES177	-1.08463	15.0769	16.1615
BLOCK00/SES009/SA009S29	SES292	-1.47729	14.6842	16.1615
BLOCK01/SES011/SA011S10	SES019	-1.9807	13.4668	15.4475
BLOCK01/SES011/SA011S10	SES042	-0.091156	15.3563	15.4475
BLOCK01/SES011/SA011S10	SES082	-2.68428	12.7632	15.4475
BLOCK01/SES011/SA011S10	SES206	-1.87713	13.5704	15.4475
BLOCK01/SES011/SA011S11	SES019	-1.6844	12.524	14.2084
BLOCK01/SES011/SA011S11	SES042	-1.07339	13.135	14.2084
BLOCK01/SES011/SA011S11	SES082	-2.31003	11.8984	14.2084
BLOCK01/SES011/SA011S11	SES206	-2.09893	12.1095	14.2084
BLOCK01/SES011/SA011S22	SES019	-1.21262	12.8263	14.0389
BLOCK01/SES011/SA011S22	SES042	0.028306	14.0672	14.0389
BLOCK01/SES011/SA011S22	SES082	-1.95391	12.085	14.0389
BLOCK01/SES011/SA011S22	SES206	-2.13056	11.9083	14.0389
BLOCK01/SES011/SA011S24	SES019	-2.19294	12.6772	14.8701
BLOCK01/SES011/SA011S24	SES042	-0.178036	14.6921	14.8701
BLOCK01/SES011/SA011S24	SES104	-2.09544	12.7747	14.8701
BLOCK01/SES011/SA011S24	SES206	-1.57368	13.2964	14.8701
BLOCK01/SES011/SA011S27	SES082	-0.512124	13.972	14.4841
BLOCK01/SES011/SA011S27	SES087	-1.87831	12.6058	14.4841
BLOCK01/SES011/SA011S27	SES125	-1.51847	12.9656	14.4841
BLOCK01/SES011/SA011S27	SES206	-1.31793	13.1662	14.4841
BLOCK01/SES012/SA012S11	SES007	-0.948473	15.8654	16.8138
BLOCK01/SES012/SA012S11	SES082	-1.93057	14.8833	16.8138
BLOCK01/SES012/SA012S11	SES083	-2.22388	14.59	16.8138
BLOCK01/SES012/SA012S11	SES206	-1.68591	15.1279	16.8138
BLOCK01/SES012/SA012S14	SES082	-1.12942	15.1508	16.2802
BLOCK01/SES012/SA012S14	SES087	-2.27428	14.006	16.2802
BLOCK01/SES012/SA012S14	SES206	-1.44858	14.8316	16.2802
BLOCK01/SES012/SA012S14	SES292	-1.92938	14.3509	16.2802
BLOCK01/SES012/SA012S24	SES082	-0.72381	14.4528	15.1766
BLOCK01/SES012/SA012S24	SES087	-1.85444	13.3222	15.1766
BLOCK01/SES012/SA012S24	SES120	-2.0782	13.0984	15.1766
BLOCK01/SES012/SA012S24	SES206	-1.17496	14.0017	15.1766
BLOCK01/SES012/SA012S26	SES019	-4.36005	12.5966	16.9567
BLOCK01/SES012/SA012S26	SES082	-2.24106	14.7156	16.9567
BLOCK01/SES012/SA012S26	SES206	-1.14022	15.8165	16.9567
BLOCK01/SES012/SA012S26	SES292	-1.55625	15.4004	16.9567
BLOCK01/SES012/SA012S29	SES062	-2.00618	14.6705	16.6767
BLOCK01/SES012/SA012S29	SES082	-1.26642	15.4102	16.6767
BLOCK01/SES012/SA012S29	SES083	-2.97581	13.7009	16.6767
BLOCK01/SES012/SA012S29	SES206	-1.47353	15.2031	16.6767
BLOCK01/SES013/SA013S16	SES062	-3.33833	11.1227	14.461
BLOCK01/SES013/SA013S16	SES106	-1.56054	12.9005	14.461
BLOCK01/SES013/SA013S16	SES206	-1.57728	12.8838	14.461
BLOCK01/SES013/SA013S16	SES226	-1.16639	13.2946	14.461
BLOCK01/SES013/SA013S17	SES062	-2.88844	13.5772	16.4657
BLOCK01/SES013/SA013S17	SES106	-2.8776	13.5881	16.4657
BLOCK01/SES013/SA013S17	SES206	-1.13687	15.3288	16.4657
BLOCK01/SES013/SA013S17	SES226	-1.63882	14.8269	16.4657
BLOCK01/SES013/SA013S23	SES104	-2.33215	12.7908	15.1229
BLOCK01/SES013/SA013S23	SES106	-1.6825	13.4404	15.1229
BLOCK01/SES013/SA013S23	SES206	-1.47432	13.6486	15.1229
BLOCK01/SES013/SA013S23	SES270	-1.28864	13.8343	15.1229
BLOCK01/SES013/SA013S25	SES042	-2.29268	14.2564	16.5491
BLOCK01/SES013/SA013S25	SES104	-1.9046	14.6445	16.5491
BLOCK01/SES013/SA013S25	SES106	-2.11749	14.4316	16.5491
BLOCK01/SES013/SA013S25	SES206	-1.57099	14.9781	16.5491
BLOCK01/SES013/SA013S29	SES062	-4.16937	11.4325	15.6019
BLOCK01/SES013/SA013S29	SES104	-3.22345	12.3784	15.6019
BLOCK01/SES013/SA013S29	SES106	-2.33906	13.2628	15.6019
BLOCK01/SES013/SA013S29	SES206	-2.30584	13.296	15.6019
BLOCK02/SES021/SA021S13	SES016	-3.11454	13.5711	16.6856
BLOCK02/SES021/SA021S13	SES029	-1.81607	14.8695	16.6856
BLOCK02/SES021/SA021S13	SES087	-1.95926	14.7264	16.6856
BLOCK02/SES021/SA021S13	SES206	-1.71776	14.9679	16.6856
BLOCK02/SES021/SA021S15	SES087	-1.46979	16.2829	17.7527
BLOCK02/SES021/SA021S15	SES125	-1.25192	16.5008	17.7527
BLOCK02/SES021/SA021S15	SES206	-1.26448	16.4882	17.7527
BLOCK02/SES021/SA021S15	SES226	-2.52704	15.2257	17.7527
BLOCK02/SES021/SA021S23	SES062	-3.44589	11.2125	14.6584
BLOCK02/SES021/SA021S23	SES087	-1.23814	13.4202	14.6584
BLOCK02/SES021/SA021S23	SES206	-1.57113	13.0872	14.6584
BLOCK02/SES021/SA021S23	SES226	-1.55632	13.1021	14.6584
BLOCK02/SES021/SA021S27	SES002	-0.982417	15.6351	16.6175
BLOCK02/SES021/SA021S27	SES016	-4.5303	12.0872	16.6175
BLOCK02/SES021/SA021S27	SES019	-1.92709	14.6904	16.6175
BLOCK02/SES021/SA021S27	SES062	-2.17334	14.4442	16.6175
BLOCK02/SES021/SA021S29	SES087	-1.64486	15.1	16.7449
BLOCK02/SES021/SA021S29	SES125	-0.989488	15.7554	16.7449
BLOCK02/SES021/SA021S29	SES206	-1.49422	15.2506	16.7449
BLOCK02/SES021/SA021S29	SES226	-2.05558	14.6893	16.7449
BLOCK04/SES043/SA043S09	SES083	-1.42435	12.4691	13.8935
BLOCK04/SES043/SA043S09	SES101	-1.20787	12.6856	13.8935
BLOCK04/SES043/SA043S09	SES144	-0.624535	13.269	13.8935
BLOCK04/SES043/SA043S09	SES172	-1.62278	12.2707	13.8935
BLOCK04/SES043/SA043S11	SES083	-1.21459	14.4275	15.6421
BLOCK04/SES043/SA043S11	SES101	-1.10869	14.5334	15.6421
BLOCK04/SES043/SA043S11	SES144	-0.533731	15.1084	15.6421
BLOCK04/SES043/SA043S11	SES172	-1.54119	14.101	15.6421
BLOCK04/SES043/SA043S23	SES083	-1.33395	13.562	14.896
BLOCK04/SES043/SA043S23	SES144	-0.407758	14.4882	14.896
BLOCK04/SES043/SA043S23	SES177	-1.11237	13.7836	14.896
BLOCK04/SES043/SA043S23	SES275	-0.971718	13.9242	14.896
BLOCK04/SES043/SA043S26	SES083	-1.982	12.2668	14.2488
BLOCK04/SES043/SA043S26	SES101	-1.52383	12.725	14.2488
BLOCK04/SES043/SA043S26	SES144	-0.314837	13.934	14.2488
BLOCK04/SES043/SA043S26	SES177	-1.69652	12.5523	14.2488
BLOCK04/SES043/SA043S28	SES016	-1.9917	13.7947	15.7864
BLOCK04/SES043/SA043S28	SES083	-1.14639	14.6401	15.7864
BLOCK04/SES043/SA043S28	SES101	-0.821367	14.9651	15.7864
BLOCK04/SES043/SA043S28	SES144	-1.00347	14.783	15.7864
BLOCK04/SES044/SA044S10	SES127	-2.85809	9.09317	11.9513
BLOCK04/SES044/SA044S10	SES144	-0.591263	11.36	11.9513
BLOCK04/SES044/SA044S10	SES147	-2.85328	9.09798	11.9513
BLOCK04/SES044/SA044S10	SES148	-2.98533	8.96593	11.9513
BLOCK04/SES044/SA044S11	SES101	-0.812118	12.4779	13.29
BLOCK04/SES044/SA044S11	SES144	-0.238749	13.0513	13.29
BLOCK04/SES044/SA044S11	SES147	-2.39281	10.8972	13.29
BLOCK04/SES044/SA044S11	SES177	-1.91867	11.3714	13.29
BLOCK04/SES044/SA044S24	SES007	-2.69911	11.5999	14.2991
BLOCK04/SES044/SA044S24	SES101	-1.10066	13.1984	14.2991
BLOCK04/SES044/SA044S24	SES147	-2.77201	11.527	14.2991
BLOCK04/SES044/SA044S24	SES177	-1.64813	12.6509	14.2991
BLOCK04/SES044/SA044S26	SES007	-1.84559	12.5963	14.4419
BLOCK04/SES044/SA044S26	SES016	-1.20129	13.2406	14.4419
BLOCK04/SES044/SA044S26	SES101	-1.29932	13.1426	14.4419
BLOCK04/SES044/SA044S26	SES147	-1.24075	13.2012	14.4419
BLOCK04/SES044/SA044S29	SES007	-2.45805	11.7324	14.1905
BLOCK04/SES044/SA044S29	SES101	-0.422581	13.7679	14.1905
BLOCK04/SES044/SA044S29	SES147	-1.60391	12.5866	14.1905
BLOCK04/SES044/SA044S29	SES177	-2.15141	12.0391	14.1905
BLOCK04/SES046/SA046S13	SES101	-0.962049	13.0585	14.0206
BLOCK04/SES046/SA046S13	SES144	-0.923743	13.0968	14.0206
BLOCK04/SES046/SA046S13	SES147	-2.25623	11.7643	14.0206
BLOCK04/SES046/SA046S13	SES177	-1.96049	12.0601	14.0206
BLOCK04/SES046/SA046S15	SES048	-0.733205	14.9017	15.6349
BLOCK04/SES046/SA046S15	SES083	-1.0374	14.5975	15.6349
BLOCK04/SES046/SA046S15	SES120	-2.91654	12.7184	15.6349
BLOCK04/SES046/SA046S15	SES148	-1.70341	13.9315	15.6349
BLOCK04/SES046/SA046S22	SES101	-0.987796	13.2656	14.2534
BLOCK04/SES046/SA046S22	SES144	-1.05012	13.2033	14.2534
BLOCK04/SES046/SA046S22	SES147	-2.50801	11.7454	14.2534
BLOCK04/SES046/SA046S22	SES172	-1.44608	12.8073	14.2534
BLOCK04/SES046/SA046S25	SES083	-1.43336	12.4503	13.8837
BLOCK04/SES046/SA046S25	SES127	-1.7258	12.1579	13.8837
BLOCK04/SES046/SA046S25	SES144	-1.94227	11.9414	13.8837
BLOCK04/SES046/SA046S25	SES148	-1.84768	12.036	13.8837
BLOCK04/SES046/SA046S28	SES007	-2.48017	11.5995	14.0797
BLOCK04/SES046/SA046S28	SES105	-2.40452	11.6752	14.0797
BLOCK04/SES046/SA046S28	SES147	-2.04351	12.0362	14.0797
BLOCK04/SES046/SA046S28	SES148	-1.47932	12.6004	14.0797
BLOCK04/SES049/SA049S16	SES104	-2.51889	11.1081	13.627
BLOCK04/SES049/SA049S16	SES106	-1.76551	11.8615	13.627
BLOCK04/SES049/SA049S16	SES120	-1.9798	11.6472	13.627
BLOCK04/SES049/SA049S16	SES206	-1.25285	12.3742	13.627
BLOCK04/SES049/SA049S18	SES099	-1.58926	11.8003	13.3896
BLOCK04/SES049/SA049S18	SES104	-2.7588	10.6308	13.3896
BLOCK04/SES049/SA049S18	SES125	-3.01226	10.3773	13.3896
BLOCK04/SES049/SA049S18	SES206	-2.05096	11.3386	13.3896
BLOCK04/SES049/SA049S25	SES087	-1.12878	13.2897	14.4185
BLOCK04/SES049/SA049S25	SES104	-0.711757	13.7068	14.4185
BLOCK04/SES049/SA049S25	SES125	-1.37367	13.0448	14.4185
BLOCK04/SES049/SA049S25	SES206	-0.961062	13.4575	14.4185
BLOCK04/SES049/SA049S27	SES099	-0.935689	13.1794	14.1151
BLOCK04/SES049/SA049S27	SES104	-1.14588	12.9692	14.1151
BLOCK04/SES049/SA049S27	SES125	-1.91271	12.2024	14.1151
BLOCK04/SES049/SA049S27	SES206	-1.84905	12.266	14.1151
BLOCK04/SES049/SA049S29	SES099	-0.781032	14.9565	15.7375
BLOCK04/SES049/SA049S29	SES104	-0.794895	14.9426	15.7375
BLOCK04/SES049/SA049S29	SES125	-1.34922	14.3883	15.7375
BLOCK04/SES049/SA049S29	SES206	-0.798265	14.9392	15.7375
BLOCK06/SES063/SA063S09	SES068	-2.03889	14.147	16.1859
BLOCK06/SES063/SA063S09	SES083	-1.18098	15.005	16.1859
BLOCK06/SES063/SA063S09	SES177	-1.52187	14.6641	16.1859
BLOCK06/SES063/SA063S09	SES187	-1.54434	14.6416	16.1859
BLOCK06/SES063/SA063S10	SES068	-2.3345	13.2284	15.5629
BLOCK06/SES063/SA063S10	SES083	-1.05094	14.512	15.5629
BLOCK06/SES063/SA063S10	SES172	-1.82177	13.7412	15.5629
BLOCK06/SES063/SA063S10	SES187	-1.66049	13.9024	15.5629
BLOCK06/SES063/SA063S20	SES068	-1.98886	12.9653	14.9541
BLOCK06/SES063/SA063S20	SES083	-1.48504	13.4691	14.9541
BLOCK06/SES063/SA063S20	SES172	-1.15704	13.7971	14.9541
BLOCK06/SES063/SA063S20	SES187	-0.956152	13.998	14.9541
BLOCK06/SES063/SA063S24	SES029	-3.12018	12.5852	15.7054
BLOCK06/SES063/SA063S24	SES083	-1.18972	14.5157	15.7054
BLOCK06/SES063/SA063S24	SES177	-1.18496	14.5204	15.7054
BLOCK06/SES063/SA063S24	SES189	-0.972279	14.7331	15.7054
BLOCK06/SES063/SA063S27	SES083	-1.35863	13.8571	15.2157
BLOCK06/SES063/SA063S27	SES172	-1.76968	13.446	15.2157
BLOCK06/SES063/SA063S27	SES187	-1.82883	13.3869	15.2157
BLOCK06/SES063/SA063S27	SES292	-2.08359	13.1321	15.2157
BLOCK06/SES067/SA067S12	SES083	-2.07838	13.7491	15.8275
BLOCK06/SES067/SA067S12	SES172	-1.83236	13.9951	15.8275
BLOCK06/SES067/SA067S12	SES202	-1.09055	14.737	15.8275
BLOCK06/SES067/SA067S12	SES292	-1.96132	13.8662	15.8275
BLOCK06/SES067/SA067S14	SES085	-1.82048	14.9179	16.7384
BLOCK06/SES067/SA067S14	SES177	-1.33471	15.4037	16.7384
BLOCK06/SES067/SA067S14	SES183	-0.763579	15.9748	16.7384
BLOCK06/SES067/SA067S14	SES202	-1.21105	15.5274	16.7384
BLOCK06/SES067/SA067S21	SES144	-1.07428	14.2839	15.3582
BLOCK06/SES067/SA067S21	SES177	-1.34957	14.0087	15.3582
BLOCK06/SES067/SA067S21	SES183	-0.71951	14.6387	15.3582
BLOCK06/SES067/SA067S21	SES189	-1.12995	14.2283	15.3582
BLOCK06/SES067/SA067S25	SES085	-0.919438	14.815	15.7345
BLOCK06/SES067/SA067S25	SES177	-1.52932	14.2052	15.7345
BLOCK06/SES067/SA067S25	SES183	-1.33613	14.3983	15.7345
BLOCK06/SES067/SA067S25	SES202	-1.59942	14.1351	15.7345
BLOCK06/SES067/SA067S29	SES085	-2.10584	13.907	16.0128
BLOCK06/SES067/SA067S29	SES177	-1.59739	14.4154	16.0128
BLOCK06/SES067/SA067S29	SES183	-0.49161	15.5212	16.0128
BLOCK06/SES067/SA067S29	SES202	-1.09375	14.9191	16.0128
BLOCK06/SES069/SA069S12	SES029	-2.77752	13.5762	16.3537
BLOCK06/SES069/SA069S12	SES082	-0.705844	15.6478	16.3537
BLOCK06/SES069/SA069S12	SES087	-1.64461	14.7091	16.3537
BLOCK06/SES069/SA069S12	SES206	-1.11831	15.2354	16.3537
BLOCK06/SES069/SA069S13	SES029	-3.32598	12.8635	16.1895
BLOCK06/SES069/SA069S13	SES087	-1.25962	14.9299	16.1895
BLOCK06/SES069/SA069S13	SES206	-1.51161	14.6779	16.1895
BLOCK06/SES069/SA069S13	SES226	-0.597873	15.5916	16.1895
BLOCK06/SES069/SA069S23	SES029	-0.761047	16.8965	17.6575
BLOCK06/SES069/SA069S23	SES087	-0.967751	16.6898	17.6575
BLOCK06/SES069/SA069S23	SES206	-1.63314	16.0244	17.6575
BLOCK06/SES069/SA069S23	SES226	-0.560617	17.0969	17.6575
BLOCK06/SES069/SA069S25	SES087	-1.22276	15.5664	16.7891
BLOCK06/SES069/SA069S25	SES206	-2.86594	13.9232	16.7891
BLOCK06/SES069/SA069S25	SES226	-1.10557	15.6836	16.7891
BLOCK06/SES069/SA069S25	SES270	-1.97517	14.814	16.7891
BLOCK06/SES069/SA069S27	SES087	-2.474	14.1549	16.6289
BLOCK06/SES069/SA069S27	SES206	-1.13387	15.495	16.6289
BLOCK06/SES069/SA069S27	SES226	-0.653481	15.9754	16.6289
BLOCK06/SES069/SA069S27	SES270	-1.62161	15.0073	16.6289
BLOCK08/SES081/SA081S11	SES060	-2.4435	12.048	14.4915
BLOCK08/SES081/SA081S11	SES062	-2.4597	12.0318	14.4915
BLOCK08/SES081/SA081S11	SES117	-2.76305	11.7284	14.4915
BLOCK08/SES081/SA081S11	SES162	-2.34468	12.1468	14.4915
BLOCK08/SES081/SA081S13	SES016	-1.43885	14.7107	16.1496
BLOCK08/SES081/SA081S13	SES060	-0.259031	15.8906	16.1496
BLOCK08/SES081/SA081S13	SES068	-0.860972	15.2886	16.1496
BLOCK08/SES081/SA081S13	SES129	-2.34443	13.8052	16.1496
BLOCK08/SES081/SA081S24	SES060	-0.787721	14.241	15.0288
BLOCK08/SES081/SA081S24	SES068	-0.906987	14.1218	15.0288
BLOCK08/SES081/SA081S24	SES117	-2.15459	12.8742	15.0288
BLOCK08/SES081/SA081S24	SES275	-1.98871	13.04	15.0288
BLOCK08/SES081/SA081S27	SES007	-1.09334	12.7617	13.855
BLOCK08/SES081/SA081S27	SES060	-1.72435	12.1307	13.855
BLOCK08/SES081/SA081S27	SES117	-0.88825	12.9668	13.855
BLOCK08/SES081/SA081S27	SES275	-1.39274	12.4623	13.855
BLOCK08/SES081/SA081S29	SES007	-0.998098	14.5128	15.5109
BLOCK08/SES081/SA081S29	SES060	-1.15208	14.3588	15.5109
BLOCK08/SES081/SA081S29	SES117	-1.75523	13.7557	15.5109
BLOCK08/SES081/SA081S29	SES275	-1.76003	13.7509	15.5109
BLOCK08/SES086/SA086S11	SES029	-4.59741	9.27781	13.8752
BLOCK08/SES086/SA086S11	SES082	-2.4472	11.428	13.8752
BLOCK08/SES086/SA086S11	SES087	-0.853379	13.0218	13.8752
BLOCK08/SES086/SA086S11	SES206	-2.42601	11.4492	13.8752
BLOCK08/SES086/SA086S12	SES029	-3.21205	11.9359	15.1479
BLOCK08/SES086/SA086S12	SES082	-2.30057	12.8474	15.1479
BLOCK08/SES086/SA086S12	SES087	0.14321	15.2911	15.1479
BLOCK08/SES086/SA086S12	SES206	-1.94994	13.198	15.1479
BLOCK08/SES086/SA086S20	SES029	-3.81211	12.2936	16.1057
BLOCK08/SES086/SA086S20	SES082	-2.68329	13.4224	16.1057
BLOCK08/SES086/SA086S20	SES087	-0.4452	15.6605	16.1057
BLOCK08/SES086/SA086S20	SES206	-1.04683	15.0589	16.1057
BLOCK08/SES086/SA086S24	SES087	-0.245795	14.6211	14.8669
BLOCK08/SES086/SA086S24	SES104	-1.97963	12.8872	14.8669
BLOCK08/SES086/SA086S24	SES120	-2.36927	12.4976	14.8669
BLOCK08/SES086/SA086S24	SES206	-0.560684	14.3062	14.8669
BLOCK08/SES086/SA086S28	SES029	-2.75267	12.6949	15.4476
BLOCK08/SES086/SA086S28	SES082	-2.06049	13.3871	15.4476
BLOCK08/SES086/SA086S28	SES087	-0.413766	15.0338	15.4476
BLOCK08/SES086/SA086S28	SES206	-1.1563	14.2913	15.4476
BLOCK08/SES089/SA089S13	SES087	-1.47939	13.0521	14.5315
BLOCK08/SES089/SA089S13	SES206	-1.95698	12.5745	14.5315
BLOCK08/SES089/SA089S13	SES226	-1.15458	13.377	14.5315
BLOCK08/SES089/SA089S13	SES270	-2.55258	11.979	14.5315
BLOCK08/SES089/SA089S14	SES062	-2.16519	12.8033	14.9685
BLOCK08/SES089/SA089S14	SES087	-0.413597	14.5549	14.9685
BLOCK08/SES089/SA089S14	SES206	-1.49405	13.4745	14.9685
BLOCK08/SES089/SA089S14	SES226	-1.31024	13.6583	14.9685
BLOCK08/SES089/SA089S23	SES087	-1.09513	12.4322	13.5274
BLOCK08/SES089/SA089S23	SES206	-1.82359	11.7038	13.5274
BLOCK08/SES089/SA089S23	SES226	-1.93714	11.5902	13.5274
BLOCK08/SES089/SA089S23	SES270	-2.30717	11.2202	13.5274
BLOCK08/SES089/SA089S25	SES062	-2.56847	12.5104	15.0789
BLOCK08/SES089/SA089S25	SES087	-1.23679	13.8421	15.0789
BLOCK08/SES089/SA089S25	SES206	-2.44757	12.6313	15.0789
BLOCK08/SES089/SA089S25	SES226	-1.19909	13.8798	15.0789
BLOCK08/SES089/SA089S28	SES062	-1.47706	13.3361	14.8132
BLOCK08/SES089/SA089S28	SES087	-0.152344	14.6608	14.8132
BLOCK08/SES089/SA089S28	SES206	-1.05896	13.7542	14.8132
BLOCK08/SES089/SA089S28	SES226	-0.83849	13.9747	14.8132
BLOCK09/SES097/SA097S11	SES099	0.079524	14.3217	14.2421
BLOCK09/SES097/SA097S11	SES125	-2.2044	12.0377	14.2421
BLOCK09/SES097/SA097S11	SES206	-1.18438	13.0578	14.2421
BLOCK09/SES097/SA097S11	SES226	-0.293026	13.9491	14.2421
BLOCK09/SES097/SA097S14	SES062	-2.15597	11.6639	13.8199
BLOCK09/SES097/SA097S14	SES099	-0.665871	13.154	13.8199
BLOCK09/SES097/SA097S14	SES104	-1.42229	12.3976	13.8199
BLOCK09/SES097/SA097S14	SES206	-1.89727	11.9226	13.8199
BLOCK09/SES097/SA097S22	SES099	0.672215	15.3274	14.6551
BLOCK09/SES097/SA097S22	SES206	-1.61825	13.0369	14.6551
BLOCK09/SES097/SA097S22	SES226	-1.96313	12.692	14.6551
BLOCK09/SES097/SA097S22	SES270	-0.861694	13.7935	14.6551
BLOCK09/SES097/SA097S26	SES099	-0.716235	14.5932	15.3094
BLOCK09/SES097/SA097S26	SES120	-2.1047	13.2047	15.3094
BLOCK09/SES097/SA097S26	SES206	-1.71849	13.5909	15.3094
BLOCK09/SES097/SA097S26	SES226	-2.77322	12.5362	15.3094
BLOCK09/SES097/SA097S28	SES099	-0.490575	14.0381	14.5287
BLOCK09/SES097/SA097S28	SES120	-1.85762	12.6711	14.5287
BLOCK09/SES097/SA097S28	SES206	-2.20751	12.3212	14.5287
BLOCK09/SES097/SA097S28	SES226	-2.70876	11.8199	14.5287
BLOCK09/SES098/SA098S11	SES127	-2.56521	11.2592	13.8244
BLOCK09/SES098/SA098S11	SES144	-2.5015	11.3229	13.8244
BLOCK09/SES098/SA098S11	SES147	-1.512	12.3124	13.8244
BLOCK09/SES098/SA098S11	SES148	-3.3771	10.4473	13.8244
BLOCK09/SES098/SA098S12	SES127	-3.11031	9.55951	12.6698
BLOCK09/SES098/SA098S12	SES144	-2.99393	9.67589	12.6698
BLOCK09/SES098/SA098S12	SES147	-1.38556	11.2843	12.6698
BLOCK09/SES098/SA098S12	SES189	-1.3006	11.3692	12.6698
BLOCK09/SES098/SA098S20	SES127	-3.54985	10.582	14.1318
BLOCK09/SES098/SA098S20	SES147	-1.93692	12.1949	14.1318
BLOCK09/SES098/SA098S20	SES148	-3.18546	10.9464	14.1318
BLOCK09/SES098/SA098S20	SES292	-1.87002	12.2618	14.1318
BLOCK09/SES098/SA098S23	SES127	-1.93926	12.7368	14.676
BLOCK09/SES098/SA098S23	SES147	-1.48141	13.1946	14.676
BLOCK09/SES098/SA098S23	SES187	-1.37784	13.2982	14.676
BLOCK09/SES098/SA098S23	SES292	-1.44903	13.227	14.676
BLOCK09/SES098/SA098S27	SES127	-3.42821	9.99952	13.4277
BLOCK09/SES098/SA098S27	SES147	-2.95729	10.4704	13.4277
BLOCK09/SES098/SA098S27	SES148	-3.39148	10.0363	13.4277
BLOCK09/SES098/SA098S27	SES292	-1.89255	11.5352	13.4277
BLOCK10/SES102/SA102S13	SES101	-0.875506	12.3678	13.2433
BLOCK10/SES102/SA102S13	SES105	-1.21138	12.0319	13.2433
BLOCK10/SES102/SA102S13	SES120	-2.48802	10.7553	13.2433
BLOCK10/SES102/SA102S13	SES158	-3.54366	9.69967	13.2433
BLOCK10/SES102/SA102S14	SES007	-0.77569	14.8223	15.598
BLOCK10/SES102/SA102S14	SES101	0.0183134	15.6163	15.598
BLOCK10/SES102/SA102S14	SES105	-0.37671	15.2213	15.598
BLOCK10/SES102/SA102S14	SES147	-3.64949	11.9485	15.598
BLOCK10/SES102/SA102S22	SES007	-1.6867	13.4386	15.1253
BLOCK10/SES102/SA102S22	SES101	-0.48789	14.6375	15.1253
BLOCK10/SES102/SA102S22	SES105	-0.940562	14.1848	15.1253
BLOCK10/SES102/SA102S22	SES158	-2.872	12.2533	15.1253
BLOCK10/SES102/SA102S25	SES007	-1.0398	14.5594	15.5992
BLOCK10/SES102/SA102S25	SES101	-0.489811	15.1094	15.5992
BLOCK10/SES102/SA102S25	SES105	-1.11264	14.4866	15.5992
BLOCK10/SES102/SA102S25	SES147	-3.27933	12.3199	15.5992
BLOCK10/SES102/SA102S27	SES007	-1.32838	13.6425	14.9709
BLOCK10/SES102/SA102S27	SES101	-0.221071	14.7498	14.9709
BLOCK10/SES102/SA102S27	SES105	-1.30666	13.6642	14.9709
BLOCK10/SES102/SA102S27	SES147	-2.83642	12.1345	14.9709
BLOCK10/SES103/SA103S14	SES105	-2.94819	10.0841	13.0323
BLOCK10/SES103/SA103S14	SES106	-1.44712	11.5852	13.0323
BLOCK10/SES103/SA103S14	SES120	-2.85384	10.1785	13.0323
BLOCK10/SES103/SA103S14	SES206	-2.816	10.2163	13.0323
BLOCK10/SES103/SA103S15	SES099	-1.72945	10.3987	12.1282
BLOCK10/SES103/SA103S15	SES101	-3.94974	8.17845	12.1282
BLOCK10/SES103/SA103S15	SES104	-2.82414	9.30406	12.1282
BLOCK10/SES103/SA103S15	SES125	-1.92983	10.1984	12.1282
BLOCK10/SES103/SA103S24	SES104	-2.21152	12.4768	14.6883
BLOCK10/SES103/SA103S24	SES125	-2.11087	12.5774	14.6883
BLOCK10/SES103/SA103S24	SES148	-3.6304	11.0579	14.6883
BLOCK10/SES103/SA103S24	SES158	-1.67998	13.0083	14.6883
BLOCK10/SES103/SA103S26	SES104	-2.68924	9.81013	12.4994
BLOCK10/SES103/SA103S26	SES106	-1.26556	11.2338	12.4994
BLOCK10/SES103/SA103S26	SES125	-1.91045	10.5889	12.4994
BLOCK10/SES103/SA103S26	SES148	-4.80851	7.69086	12.4994
BLOCK10/SES103/SA103S28	SES104	-3.70363	8.49662	12.2002
BLOCK10/SES103/SA103S28	SES106	-1.54335	10.6569	12.2002
BLOCK10/SES103/SA103S28	SES125	-2.93304	9.26721	12.2002
BLOCK10/SES103/SA103S28	SES206	-3.70991	8.49034	12.2002
BLOCK12/SES121/SA121S12	SES042	-3.06543	7.79833	10.8638
BLOCK12/SES121/SA121S12	SES087	-1.8787	8.98506	10.8638
BLOCK12/SES121/SA121S12	SES105	-1.87878	8.98498	10.8638
BLOCK12/SES121/SA121S12	SES206	-2.29899	8.56477	10.8638
BLOCK12/SES121/SA121S14	SES007	-2.77265	8.47486	11.2475
BLOCK12/SES121/SA121S14	SES105	-2.09739	9.15012	11.2475
BLOCK12/SES121/SA121S14	SES106	-1.91336	9.33415	11.2475
BLOCK12/SES121/SA121S14	SES206	-2.68273	8.56478	11.2475
BLOCK12/SES121/SA121S23	SES105	-1.94858	9.66667	11.6153
BLOCK12/SES121/SA121S23	SES106	-1.02543	10.5898	11.6153
BLOCK12/SES121/SA121S23	SES120	-1.91689	9.69837	11.6153
BLOCK12/SES121/SA121S23	SES206	-1.97289	9.64236	11.6153
BLOCK12/SES121/SA121S25	SES007	-1.64843	7.77577	9.4242
BLOCK12/SES121/SA121S25	SES105	-2.13769	7.2865	9.4242
BLOCK12/SES121/SA121S25	SES106	-1.51194	7.91226	9.4242
BLOCK12/SES121/SA121S25	SES206	-3.37941	6.04478	9.4242
BLOCK12/SES121/SA121S27	SES087	-1.27793	10.507	11.7849
BLOCK12/SES121/SA121S27	SES105	-3.68118	8.10372	11.7849
BLOCK12/SES121/SA121S27	SES120	-0.628101	11.1568	11.7849
BLOCK12/SES121/SA121S27	SES206	-2.25346	9.53145	11.7849
BLOCK12/SES124/SA124S16	SES042	-0.832799	12.9761	13.8089
BLOCK12/SES124/SA124S16	SES082	-2.18855	11.6203	13.8089
BLOCK12/SES124/SA124S16	SES183	-2.55505	11.2538	13.8089
BLOCK12/SES124/SA124S16	SES206	-2.14627	11.6626	13.8089
BLOCK12/SES124/SA124S17	SES105	-2.5312	9.4399	11.9711
BLOCK12/SES124/SA124S17	SES149	-3.10037	8.87072	11.9711
BLOCK12/SES124/SA124S17	SES158	-3.10059	8.8705	11.9711
BLOCK12/SES124/SA124S17	SES275	-1.71387	10.2572	11.9711
BLOCK12/SES124/SA124S23	SES105	-3.17395	12.5856	15.7595
BLOCK12/SES124/SA124S23	SES125	-0.820495	14.939	15.7595
BLOCK12/SES124/SA124S23	SES129	-3.07049	12.689	15.7595
BLOCK12/SES124/SA124S23	SES158	-1.25996	14.4996	15.7595
BLOCK12/SES124/SA124S26	SES105	-3.74552	11.0325	14.778
BLOCK12/SES124/SA124S26	SES125	-1.87648	12.9015	14.778
BLOCK12/SES124/SA124S26	SES129	-3.19617	11.5819	14.778
BLOCK12/SES124/SA124S26	SES158	-2.03853	12.7395	14.778
BLOCK12/SES124/SA124S28	SES104	-2.15689	12.3264	14.4832
BLOCK12/SES124/SA124S28	SES106	-1.30386	13.1794	14.4832
BLOCK12/SES124/SA124S28	SES125	-0.457316	14.0259	14.4832
BLOCK12/SES124/SA124S28	SES275	-2.50388	11.9794	14.4832
BLOCK12/SES126/SA126S13	SES007	-1.41456	12.6347	14.0492
BLOCK12/SES126/SA126S13	SES162	-2.01294	12.0363	14.0492
BLOCK12/SES126/SA126S13	SES177	-1.28966	12.7596	14.0492
BLOCK12/SES126/SA126S13	SES180	-1.84464	12.2046	14.0492
BLOCK12/SES126/SA126S14	SES144	-1.2025	14.3111	15.5136
BLOCK12/SES126/SA126S14	SES148	-1.87234	13.6413	15.5136
BLOCK12/SES126/SA126S14	SES177	-1.04804	14.4656	15.5136
BLOCK12/SES126/SA126S14	SES180	-2.00441	13.5092	15.5136
BLOCK12/SES126/SA126S20	SES007	-1.43976	13.0725	14.5123
BLOCK12/SES126/SA126S20	SES162	-1.73851	12.7738	14.5123
BLOCK12/SES126/SA126S20	SES172	-2.06951	12.4427	14.5123
BLOCK12/SES126/SA126S20	SES180	-1.62907	12.8832	14.5123
BLOCK12/SES126/SA126S24	SES120	-0.523333	15.2045	15.7278
BLOCK12/SES126/SA126S24	SES162	-1.67042	14.0574	15.7278
BLOCK12/SES126/SA126S24	SES177	-1.14583	14.582	15.7278
BLOCK12/SES126/SA126S24	SES180	-0.92502	14.8028	15.7278
BLOCK12/SES126/SA126S26	SES120	-0.463549	14.4257	14.8892
BLOCK12/SES126/SA126S26	SES177	-1.27184	13.6174	14.8892
BLOCK12/SES126/SA126S26	SES180	-1.66494	13.2243	14.8892
BLOCK12/SES126/SA126S26	SES202	-1.48159	13.4076	14.8892
BLOCK12/SES128/SA128S10	SES087	-2.63069	12.4407	15.0714
BLOCK12/SES128/SA128S10	SES206	-1.73023	13.3411	15.0714
BLOCK12/SES128/SA128S10	SES226	-1.10154	13.9698	15.0714
BLOCK12/SES128/SA128S10	SES270	-1.19	13.8814	15.0714
BLOCK12/SES128/SA128S12	SES120	-1.59461	12.794	14.3886
BLOCK12/SES128/SA128S12	SES158	-2.18739	12.2012	14.3886
BLOCK12/SES128/SA128S12	SES206	-1.51997	12.8687	14.3886
BLOCK12/SES128/SA128S12	SES226	-1.90925	12.4794	14.3886
BLOCK12/SES128/SA128S21	SES106	-2.85309	10.7738	13.6269
BLOCK12/SES128/SA128S21	SES120	-2.6394	10.9875	13.6269
BLOCK12/SES128/SA128S21	SES206	-2.46385	11.163	13.6269
BLOCK12/SES128/SA128S21	SES226	-1.47447	12.1524	13.6269
BLOCK12/SES128/SA128S24	SES087	-2.0509	12.3119	14.3628
BLOCK12/SES128/SA128S24	SES120	-1.16702	13.1958	14.3628
BLOCK12/SES128/SA128S24	SES206	-1.48964	12.8731	14.3628
BLOCK12/SES128/SA128S24	SES226	-2.31116	12.0516	14.3628
BLOCK12/SES128/SA128S27	SES099	-1.33634	14.1961	15.5324
BLOCK12/SES128/SA128S27	SES120	-1.17096	14.3614	15.5324
BLOCK12/SES128/SA128S27	SES206	-1.17336	14.359	15.5324
BLOCK12/SES128/SA128S27	SES226	-1.68019	13.8522	15.5324
BLOCK13/SES130/SA130S13	SES143	-1.6761	12.6347	14.3108
BLOCK13/SES130/SA130S13	SES144	-0.549319	13.7615	14.3108
BLOCK13/SES130/SA130S13	SES146	-1.82901	12.4818	14.3108
BLOCK13/SES130/SA130S13	SES275	-2.41765	11.8932	14.3108
BLOCK13/SES130/SA130S15	SES143	-1.92051	13.7588	15.6793
BLOCK13/SES130/SA130S15	SES144	-0.906849	14.7725	15.6793
BLOCK13/SES130/SA130S15	SES146	-0.932452	14.7469	15.6793
BLOCK13/SES130/SA130S15	SES275	-1.72921	13.9501	15.6793
BLOCK13/SES130/SA130S23	SES127	-2.08328	11.9374	14.0206
BLOCK13/SES130/SA130S23	SES144	-1.71664	12.304	14.0206
BLOCK13/SES130/SA130S23	SES146	-1.14459	12.8761	14.0206
BLOCK13/SES130/SA130S23	SES162	-1.37333	12.6473	14.0206
BLOCK13/SES130/SA130S25	SES127	-0.860513	14.8247	15.6852
BLOCK13/SES130/SA130S25	SES144	-0.889435	14.7957	15.6852
BLOCK13/SES130/SA130S25	SES146	-0.874229	14.8109	15.6852
BLOCK13/SES130/SA130S25	SES275	-0.941714	14.7435	15.6852
BLOCK13/SES130/SA130S28	SES127	-1.41109	13.3126	14.7237
BLOCK13/SES130/SA130S28	SES144	-1.41714	13.3066	14.7237
BLOCK13/SES130/SA130S28	SES146	-1.00822	13.7155	14.7237
BLOCK13/SES130/SA130S28	SES275	-0.880435	13.8433	14.7237
BLOCK13/SES131/SA131S13	SES002	-2.14385	9.81306	11.9569
BLOCK13/SES131/SA131S13	SES007	-3.2179	8.73902	11.9569
BLOCK13/SES131/SA131S13	SES099	-2.34902	9.6079	11.9569
BLOCK13/SES131/SA131S13	SES105	-2.48898	9.46794	11.9569
BLOCK13/SES131/SA131S14	SES104	-1.08498	12.7833	13.8683
BLOCK13/SES131/SA131S14	SES106	-1.90616	11.9621	13.8683
BLOCK13/SES131/SA131S14	SES125	-2.11698	11.7513	13.8683
BLOCK13/SES131/SA131S14	SES148	-2.53729	11.331	13.8683
BLOCK13/SES131/SA131S20	SES104	-2.97485	8.6582	11.6331
BLOCK13/SES131/SA131S20	SES106	-1.97144	9.66162	11.6331
BLOCK13/SES131/SA131S20	SES125	-3.36461	8.26844	11.6331
BLOCK13/SES131/SA131S20	SES148	-2.38379	9.24927	11.6331
BLOCK13/SES131/SA131S22	SES099	-2.22972	11.3333	13.563
BLOCK13/SES131/SA131S22	SES104	-2.52997	11.0331	13.563
BLOCK13/SES131/SA131S22	SES125	-2.61556	10.9475	13.563
BLOCK13/SES131/SA131S22	SES206	-2.97729	10.5857	13.563
BLOCK13/SES131/SA131S29	SES087	-2.05435	10.2715	12.3258
BLOCK13/SES131/SA131S29	SES104	-3.25108	9.07477	12.3258
BLOCK13/SES131/SA131S29	SES125	-3.41723	8.90862	12.3258
BLOCK13/SES131/SA131S29	SES206	-2.65708	9.66876	12.3258
BLOCK13/SES132/SA132S11	SES083	-2.5934	13.0307	15.6241
BLOCK13/SES132/SA132S11	SES120	-0.45676	15.1673	15.6241
BLOCK13/SES132/SA132S11	SES127	-1.86986	13.7542	15.6241
BLOCK13/SES132/SA132S11	SES275	-1.60689	14.0172	15.6241
BLOCK13/SES132/SA132S12	SES083	-2.46593	13.025	15.4909
BLOCK13/SES132/SA132S12	SES143	-1.76334	13.7276	15.4909
BLOCK13/SES132/SA132S12	SES144	-1.56011	13.9308	15.4909
BLOCK13/SES132/SA132S12	SES148	-1.39344	14.0975	15.4909
BLOCK13/SES132/SA132S22	SES062	-1.16381	14.4309	15.5947
BLOCK13/SES132/SA132S22	SES083	-1.70914	13.8856	15.5947
BLOCK13/SES132/SA132S22	SES127	-1.25092	14.3438	15.5947
BLOCK13/SES132/SA132S22	SES275	-1.00087	14.5938	15.5947
BLOCK13/SES132/SA132S24	SES007	-1.09499	15.1571	16.2521
BLOCK13/SES132/SA132S24	SES083	-2.27969	13.9724	16.2521
BLOCK13/SES132/SA132S24	SES127	-2.06882	14.1833	16.2521
BLOCK13/SES132/SA132S24	SES275	-1.03738	15.2147	16.2521
BLOCK13/SES132/SA132S27	SES083	-2.24419	12.5965	14.8406
BLOCK13/SES132/SA132S27	SES120	-0.179849	14.6608	14.8406
BLOCK13/SES132/SA132S27	SES127	-2.1117	12.729	14.8406
BLOCK13/SES132/SA132S27	SES275	-1.91855	12.9221	14.8406
BLOCK14/SES141/SA141S09	SES143	-1.36988	13.5563	14.9261
BLOCK14/SES141/SA141S09	SES144	-0.743725	14.1824	14.9261
BLOCK14/SES141/SA141S09	SES162	-1.6294	13.2967	14.9261
BLOCK14/SES141/SA141S09	SES180	-1.25878	13.6674	14.9261
BLOCK14/SES141/SA141S15	SES127	-1.35779	13.0448	14.4026
BLOCK14/SES141/SA141S15	SES144	-1.29172	13.1109	14.4026
BLOCK14/SES141/SA141S15	SES162	-1.96049	12.4421	14.4026
BLOCK14/SES141/SA141S15	SES180	-1.40285	12.9997	14.4026
BLOCK14/SES141/SA141S24	SES127	-0.789407	14.2306	15.02
BLOCK14/SES141/SA141S24	SES144	-1.61822	13.4018	15.02
BLOCK14/SES141/SA141S24	SES162	-1.40647	13.6135	15.02
BLOCK14/SES141/SA141S24	SES183	-1.90187	13.1181	15.02
BLOCK14/SES141/SA141S26	SES142	-0.695533	14.0916	14.7871
BLOCK14/SES141/SA141S26	SES144	-1.29213	13.495	14.7871
BLOCK14/SES141/SA141S26	SES172	-0.992254	13.7948	14.7871
BLOCK14/SES141/SA141S26	SES180	-1.39705	13.39	14.7871
BLOCK14/SES141/SA141S29	SES127	-0.604878	14.5269	15.1318
BLOCK14/SES141/SA141S29	SES142	-0.629529	14.5023	15.1318
BLOCK14/SES141/SA141S29	SES144	-1.40251	13.7293	15.1318
BLOCK14/SES141/SA141S29	SES180	-1.1792	13.9526	15.1318
BLOCK15/SES157/SA157S08	SES083	-2.61346	12.3048	14.9183
BLOCK15/SES157/SA157S08	SES127	-0.96407	13.9542	14.9183
BLOCK15/SES157/SA157S08	SES148	-1.98608	12.9322	14.9183
BLOCK15/SES157/SA157S08	SES292	-2.34655	12.5717	14.9183
BLOCK15/SES157/SA157S11	SES083	-2.59684	12.5361	15.133
BLOCK15/SES157/SA157S11	SES127	-1.50407	13.6289	15.133
BLOCK15/SES157/SA157S11	SES148	-2.34636	12.7866	15.133
BLOCK15/SES157/SA157S11	SES292	-2.25153	12.8814	15.133
BLOCK15/SES157/SA157S21	SES127	-1.20032	14.3829	15.5832
BLOCK15/SES157/SA157S21	SES148	-0.740799	14.8424	15.5832
BLOCK15/SES157/SA157S21	SES158	-4.94929	10.6339	15.5832
BLOCK15/SES157/SA157S21	SES292	-1.48356	14.0997	15.5832
BLOCK15/SES157/SA157S24	SES127	-0.892141	14.5797	15.4718
BLOCK15/SES157/SA157S24	SES148	-1.87523	13.5966	15.4718
BLOCK15/SES157/SA157S24	SES183	-2.12084	13.351	15.4718
BLOCK15/SES157/SA157S24	SES292	-2.15524	13.3166	15.4718
BLOCK15/SES157/SA157S26	SES007	-1.1128	14.3885	15.5013
BLOCK15/SES157/SA157S26	SES127	-1.24273	14.2586	15.5013
BLOCK15/SES157/SA157S26	SES147	-2.34062	13.1607	15.5013
BLOCK15/SES157/SA157S26	SES148	-1.7298	13.7715	15.5013
BLOCK16/SES161/SA161S10	SES007	-1.95888	10.8727	12.8316
BLOCK16/SES161/SA161S10	SES105	-1.46121	11.3704	12.8316
BLOCK16/SES161/SA161S10	SES158	-1.61541	11.2162	12.8316
BLOCK16/SES161/SA161S10	SES275	-1.28186	11.5498	12.8316
BLOCK16/SES161/SA161S12	SES007	-2.01534	11.0226	13.0379
BLOCK16/SES161/SA161S12	SES105	-2.8674	10.1705	13.0379
BLOCK16/SES161/SA161S12	SES158	-2.05606	10.9819	13.0379
BLOCK16/SES161/SA161S12	SES275	-1.53199	11.5059	13.0379
BLOCK16/SES161/SA161S20	SES007	-1.77499	10.2197	11.9947
BLOCK16/SES161/SA161S20	SES105	-2.55508	9.43959	11.9947
BLOCK16/SES161/SA161S20	SES158	-1.84503	10.1496	11.9947
BLOCK16/SES161/SA161S20	SES275	-2.02579	9.96887	11.9947
BLOCK16/SES161/SA161S23	SES007	-3.03578	10.4041	13.4399
BLOCK16/SES161/SA161S23	SES105	-1.77892	11.661	13.4399
BLOCK16/SES161/SA161S23	SES148	-2.24501	11.1949	13.4399
BLOCK16/SES161/SA161S23	SES158	-2.49445	10.9455	13.4399
BLOCK16/SES161/SA161S28	SES007	-2.90066	11.0343	13.9349
BLOCK16/SES161/SA161S28	SES105	-3.16478	10.7702	13.9349
BLOCK16/SES161/SA161S28	SES158	-1.7539	12.181	13.9349
BLOCK16/SES161/SA161S28	SES206	-2.01912	11.9158	13.9349
BLOCK16/SES164/SA164S11	SES104	-2.17878	13.0805	15.2593
BLOCK16/SES164/SA164S11	SES125	-1.45351	13.8058	15.2593
BLOCK16/SES164/SA164S11	SES158	-0.906371	14.3529	15.2593
BLOCK16/SES164/SA164S11	SES206	-2.58462	12.6747	15.2593
BLOCK16/SES164/SA164S13	SES099	-2.18433	11.8138	13.9981
BLOCK16/SES164/SA164S13	SES104	-2.32559	11.6725	13.9981
BLOCK16/SES164/SA164S13	SES125	-1.97793	12.0202	13.9981
BLOCK16/SES164/SA164S13	SES206	-2.19599	11.8021	13.9981
BLOCK16/SES164/SA164S24	SES002	-0.511489	14.1425	14.654
BLOCK16/SES164/SA164S24	SES099	-1.88857	12.7654	14.654
BLOCK16/SES164/SA164S24	SES125	-2.68216	11.9718	14.654
BLOCK16/SES164/SA164S24	SES226	-0.862131	13.7919	14.654
BLOCK16/SES164/SA164S27	SES087	-1.53158	12.744	14.2755
BLOCK16/SES164/SA164S27	SES125	-1.97831	12.2972	14.2755
BLOCK16/SES164/SA164S27	SES206	-2.27466	12.0009	14.2755
BLOCK16/SES164/SA164S27	SES226	-1.74655	12.529	14.2755
BLOCK16/SES164/SA164S29	SES002	-0.212301	13.6732	13.8855
BLOCK16/SES164/SA164S29	SES019	-2.07859	11.8069	13.8855
BLOCK16/SES164/SA164S29	SES125	-1.65687	12.2286	13.8855
BLOCK16/SES164/SA164S29	SES226	-2.03663	11.8488	13.8855
BLOCK16/SES169/SA169S13	SES117	-1.40628	13.0535	14.4598
BLOCK16/SES169/SA169S13	SES144	-1.40359	13.0562	14.4598
BLOCK16/SES169/SA169S13	SES146	-1.33541	13.1244	14.4598
BLOCK16/SES169/SA169S13	SES162	-1.01641	13.4434	14.4598
BLOCK16/SES169/SA169S14	SES144	-2.07731	13.5534	15.6307
BLOCK16/SES169/SA169S14	SES148	-1.85458	13.7762	15.6307
BLOCK16/SES169/SA169S14	SES177	-1.19608	14.4347	15.6307
BLOCK16/SES169/SA169S14	SES180	-2.04055	13.5902	15.6307
BLOCK16/SES169/SA169S24	SES117	-1.1922	12.4278	13.62
BLOCK16/SES169/SA169S24	SES144	-0.787696	12.8323	13.62
BLOCK16/SES169/SA169S24	SES146	-0.752856	12.8672	13.62
BLOCK16/SES169/SA169S24	SES162	-0.642398	12.9776	13.62
BLOCK16/SES169/SA169S27	SES127	-1.09444	13.1906	14.285
BLOCK16/SES169/SA169S27	SES129	-1.47378	12.8113	14.285
BLOCK16/SES169/SA169S27	SES144	-1.52703	12.758	14.285
BLOCK16/SES169/SA169S27	SES146	-0.528131	13.7569	14.285
BLOCK16/SES169/SA169S29	SES144	-1.05272	14.0709	15.1237
BLOCK16/SES169/SA169S29	SES162	-0.454005	14.6697	15.1237
BLOCK16/SES169/SA169S29	SES177	-1.82631	13.2974	15.1237
BLOCK16/SES169/SA169S29	SES180	-1.40664	13.717	15.1237
BLOCK17/SES171/SA171S12	SES083	-1.94685	12.2472	14.194
BLOCK17/SES171/SA171S12	SES148	-2.08861	12.1054	14.194
BLOCK17/SES171/SA171S12	SES172	-1.92486	12.2692	14.194
BLOCK17/SES171/SA171S12	SES292	-2.32385	11.8702	14.194
BLOCK17/SES171/SA171S15	SES148	-2.22533	11.3009	13.5262
BLOCK17/SES171/SA171S15	SES177	-0.965117	12.5611	13.5262
BLOCK17/SES171/SA171S15	SES180	-2.69012	10.8361	13.5262
BLOCK17/SES171/SA171S15	SES292	-1.97434	11.5519	13.5262
BLOCK17/SES171/SA171S22	SES007	-1.95017	13.4112	15.3614
BLOCK17/SES171/SA171S22	SES148	-1.76547	13.5959	15.3614
BLOCK17/SES171/SA171S22	SES177	-0.946894	14.4145	15.3614
BLOCK17/SES171/SA171S22	SES180	-2.6968	12.6646	15.3614
BLOCK17/SES171/SA171S25	SES101	-1.81398	11.8344	13.6484
BLOCK17/SES171/SA171S25	SES120	-2.51594	11.1324	13.6484
BLOCK17/SES171/SA171S25	SES177	-0.874104	12.7743	13.6484
BLOCK17/SES171/SA171S25	SES180	-2.37398	11.2744	13.6484
BLOCK17/SES171/SA171S27	SES177	-1.07277	13.2387	14.3115
BLOCK17/SES171/SA171S27	SES180	-2.79605	11.5154	14.3115
BLOCK17/SES171/SA171S27	SES189	-1.46422	12.8472	14.3115
BLOCK17/SES171/SA171S27	SES292	-2.13207	12.1794	14.3115
BLOCK17/SES173/SA173S13	SES162	-3.44873	10.8783	14.3271
BLOCK17/SES173/SA173S13	SES177	-1.57468	12.7524	14.3271
BLOCK17/SES173/SA173S13	SES180	-3.19418	11.1329	14.3271
BLOCK17/SES173/SA173S13	SES292	-0.916612	13.4104	14.3271
BLOCK17/SES173/SA173S14	SES007	-1.90006	11.2758	13.1759
BLOCK17/SES173/SA173S14	SES162	-2.77072	10.4052	13.1759
BLOCK17/SES173/SA173S14	SES177	-1.23165	11.9442	13.1759
BLOCK17/SES173/SA173S14	SES180	-2.46319	10.7127	13.1759
BLOCK17/SES173/SA173S24	SES144	-2.37729	10.8539	13.2312
BLOCK17/SES173/SA173S24	SES162	-2.67753	10.5537	13.2312
BLOCK17/SES173/SA173S24	SES177	-1.17913	12.0521	13.2312
BLOCK17/SES173/SA173S24	SES180	-2.58973	10.6415	13.2312
BLOCK17/SES173/SA173S27	SES162	-3.73544	10.4476	14.183
BLOCK17/SES173/SA173S27	SES177	-1.63792	12.5451	14.183
BLOCK17/SES173/SA173S27	SES180	-2.34297	11.84	14.183
BLOCK17/SES173/SA173S27	SES292	-0.561017	13.622	14.183
BLOCK17/SES173/SA173S29	SES162	-2.22124	11.951	14.1722
BLOCK17/SES173/SA173S29	SES175	-1.77314	12.3991	14.1722
BLOCK17/SES173/SA173S29	SES177	-1.32526	12.847	14.1722
BLOCK17/SES173/SA173S29	SES292	-1.98096	12.1913	14.1722
BLOCK18/SES182/SA182S10	SES144	-1.34308	12.8495	14.1925
BLOCK18/SES182/SA182S10	SES177	-1.3095	12.883	14.1925
BLOCK18/SES182/SA182S10	SES180	-2.87902	11.3135	14.1925
BLOCK18/SES182/SA182S10	SES275	-0.884907	13.3076	14.1925
BLOCK18/SES182/SA182S12	SES144	-0.441869	14.0133	14.4552
BLOCK18/SES182/SA182S12	SES177	-1.01723	13.438	14.4552
BLOCK18/SES182/SA182S12	SES180	-1.55756	12.8977	14.4552
BLOCK18/SES182/SA182S12	SES275	-0.535971	13.9192	14.4552
BLOCK18/SES182/SA182S21	SES117	-1.46008	12.3369	13.797
BLOCK18/SES182/SA182S21	SES144	-1.44984	12.3472	13.797
BLOCK18/SES182/SA182S21	SES162	-1.02814	12.7689	13.797
BLOCK18/SES182/SA182S21	SES180	-2.19631	11.6007	13.797
BLOCK18/SES182/SA182S23	SES117	-1.17164	13.3	14.4716
BLOCK18/SES182/SA182S23	SES144	-1.86794	12.6037	14.4716
BLOCK18/SES182/SA182S23	SES180	-2.46344	12.0082	14.4716
BLOCK18/SES182/SA182S23	SES275	-1.01044	13.4612	14.4716
BLOCK18/SES182/SA182S25	SES007	0.210338	14.4595	14.2491
BLOCK18/SES182/SA182S25	SES162	-0.800013	13.4491	14.2491
BLOCK18/SES182/SA182S25	SES177	-1.02978	13.2193	14.2491
BLOCK18/SES182/SA182S25	SES180	-1.84131	12.4078	14.2491
BLOCK18/SES184/SA184S12	SES177	-1.83155	12.9133	14.7448
BLOCK18/SES184/SA184S12	SES180	-1.68083	13.064	14.7448
BLOCK18/SES184/SA184S12	SES189	-2.13554	12.6093	14.7448
BLOCK18/SES184/SA184S12	SES292	-1.3909	13.3539	14.7448
BLOCK18/SES184/SA184S13	SES101	-1.2313	13.1477	14.379
BLOCK18/SES184/SA184S13	SES177	-1.64346	12.7355	14.379
BLOCK18/SES184/SA184S13	SES180	-1.79218	12.5868	14.379
BLOCK18/SES184/SA184S13	SES292	-2.10951	12.2695	14.379
BLOCK18/SES184/SA184S22	SES177	-1.9301	14.2909	16.221
BLOCK18/SES184/SA184S22	SES180	-1.7619	14.4591	16.221
BLOCK18/SES184/SA184S22	SES189	-2.69337	13.5276	16.221
BLOCK18/SES184/SA184S22	SES292	-1.91356	14.3074	16.221
BLOCK18/SES184/SA184S25	SES101	-1.37553	15.0977	16.4733
BLOCK18/SES184/SA184S25	SES177	-2.22636	14.2469	16.4733
BLOCK18/SES184/SA184S25	SES180	-2.13616	14.3371	16.4733
BLOCK18/SES184/SA184S25	SES292	-1.64641	14.8269	16.4733
BLOCK18/SES184/SA184S27	SES083	-1.17309	13.0169	14.19
BLOCK18/SES184/SA184S27	SES177	-1.07985	13.1101	14.19
BLOCK18/SES184/SA184S27	SES202	-1.51234	12.6777	14.19
BLOCK18/SES184/SA184S27	SES292	-1.76959	12.4204	14.19
BLOCK20/SES204/SA204S12	SES062	-1.05028	14.9554	16.0057
BLOCK20/SES204/SA204S12	SES083	-3.06811	12.9376	16.0057
BLOCK20/SES204/SA204S12	SES206	-1.7175	14.2882	16.0057
BLOCK20/SES204/SA204S12	SES226	-2.99339	13.0123	16.0057
BLOCK20/SES204/SA204S14	SES068	-1.87369	15.5092	17.3829
BLOCK20/SES204/SA204S14	SES087	-0.415821	16.9671	17.3829
BLOCK20/SES204/SA204S14	SES206	-2.40188	14.981	17.3829
BLOCK20/SES204/SA204S14	SES226	-3.25229	14.1306	17.3829
BLOCK20/SES204/SA204S22	SES068	-1.58203	14.7271	16.3091
BLOCK20/SES204/SA204S22	SES082	-3.26036	13.0488	16.3091
BLOCK20/SES204/SA204S22	SES083	-3.89145	12.4177	16.3091
BLOCK20/SES204/SA204S22	SES206	-2.46568	13.8435	16.3091
BLOCK20/SES204/SA204S25	SES062	-2.0039	14.3713	16.3752
BLOCK20/SES204/SA204S25	SES083	-3.21621	13.159	16.3752
BLOCK20/SES204/SA204S25	SES206	-1.56278	14.8124	16.3752
BLOCK20/SES204/SA204S25	SES226	-2.82316	13.5521	16.3752
BLOCK20/SES204/SA204S27	SES068	-1.6902	13.89	15.5802
BLOCK20/SES204/SA204S27	SES082	-2.72847	12.8518	15.5802
BLOCK20/SES204/SA204S27	SES087	-1.17235	14.4079	15.5802
BLOCK20/SES204/SA204S27	SES206	-1.82977	13.7505	15.5802
BLOCK20/SES207/SA207S10	SES127	-1.75001	12.3198	14.0698
BLOCK20/SES207/SA207S10	SES183	-1.9411	12.1287	14.0698
BLOCK20/SES207/SA207S10	SES189	-1.7738	12.296	14.0698
BLOCK20/SES207/SA207S10	SES292	-1.43226	12.6376	14.0698
BLOCK20/SES207/SA207S11	SES127	-2.08346	11.498	13.5815
BLOCK20/SES207/SA207S11	SES183	-2.04023	11.5412	13.5815
BLOCK20/SES207/SA207S11	SES187	-2.23913	11.3423	13.5815
BLOCK20/SES207/SA207S11	SES292	-1.15899	12.4225	13.5815
BLOCK20/SES207/SA207S25	SES068	-1.89905	12.1513	14.0504
BLOCK20/SES207/SA207S25	SES083	-2.2831	11.7673	14.0504
BLOCK20/SES207/SA207S25	SES127	-1.31325	12.7371	14.0504
BLOCK20/SES207/SA207S25	SES187	-1.48983	12.5606	14.0504
BLOCK20/SES207/SA207S27	SES127	-2.48889	10.5415	13.0304
BLOCK20/SES207/SA207S27	SES183	-1.97884	11.0516	13.0304
BLOCK20/SES207/SA207S27	SES187	-1.97798	11.0524	13.0304
BLOCK20/SES207/SA207S27	SES292	-2.0632	10.9672	13.0304
BLOCK20/SES207/SA207S29	SES083	-2.28784	12.4372	14.725
BLOCK20/SES207/SA207S29	SES085	-1.57722	13.1478	14.725
BLOCK20/SES207/SA207S29	SES172	-1.32172	13.4033	14.725
BLOCK20/SES207/SA207S29	SES189	-2.25412	12.4709	14.725
BLOCK22/SES221/SA221S12	SES068	-0.722216	15.0139	15.7361
BLOCK22/SES221/SA221S12	SES143	-1.45334	14.2828	15.7361
BLOCK22/SES221/SA221S12	SES175	-0.81406	14.9221	15.7361
BLOCK22/SES221/SA221S12	SES202	-1.39014	14.346	15.7361
BLOCK22/SES221/SA221S15	SES085	-0.898639	13.1412	14.0398
BLOCK22/SES221/SA221S15	SES143	-2.33471	11.7051	14.0398
BLOCK22/SES221/SA221S15	SES175	-1.00252	13.0373	14.0398
BLOCK22/SES221/SA221S15	SES187	-2.07801	11.9618	14.0398
BLOCK22/SES221/SA221S23	SES068	-1.62205	13.3888	15.0109
BLOCK22/SES221/SA221S23	SES143	-1.95856	13.0523	15.0109
BLOCK22/SES221/SA221S23	SES175	-0.397359	14.6135	15.0109
BLOCK22/SES221/SA221S23	SES189	-0.800527	14.2103	15.0109
BLOCK22/SES221/SA221S27	SES085	-0.474616	15.033	15.5076
BLOCK22/SES221/SA221S27	SES143	-1.62631	13.8813	15.5076
BLOCK22/SES221/SA221S27	SES175	-0.51826	14.9894	15.5076
BLOCK22/SES221/SA221S27	SES189	-0.693409	14.8142	15.5076
BLOCK22/SES221/SA221S29	SES085	-0.184387	13.7916	13.976
BLOCK22/SES221/SA221S29	SES143	-0.889244	13.0868	13.976
BLOCK22/SES221/SA221S29	SES175	-0.269527	13.7065	13.976
BLOCK22/SES221/SA221S29	SES187	-1.47732	12.4987	13.976
BLOCK22/SES223/SA223S11	SES143	-1.15519	11.6932	12.8484
BLOCK22/SES223/SA223S11	SES144	-3.73833	9.11004	12.8484
BLOCK22/SES223/SA223S11	SES175	-1.40794	11.4404	12.8484
BLOCK22/SES223/SA223S11	SES187	-2.71155	10.1368	12.8484
BLOCK22/SES223/SA223S13	SES068	-1.95196	10.7683	12.7203
BLOCK22/SES223/SA223S13	SES143	-2.53549	10.1848	12.7203
BLOCK22/SES223/SA223S13	SES146	-2.63842	10.0819	12.7203
BLOCK22/SES223/SA223S13	SES202	-2.49778	10.2225	12.7203
BLOCK22/SES223/SA223S22	SES143	-1.32326	12.2413	13.5646
BLOCK22/SES223/SA223S22	SES144	-3.34422	10.2203	13.5646
BLOCK22/SES223/SA223S22	SES175	-1.33322	12.2313	13.5646
BLOCK22/SES223/SA223S22	SES187	-1.61773	11.9468	13.5646
BLOCK22/SES223/SA223S25	SES068	-1.57486	12.8479	14.4228
BLOCK22/SES223/SA223S25	SES143	-2.09273	12.33	14.4228
BLOCK22/SES223/SA223S25	SES175	-1.52895	12.8938	14.4228
BLOCK22/SES223/SA223S25	SES187	-1.87356	12.5492	14.4228
BLOCK22/SES223/SA223S27	SES143	-1.23015	11.7895	13.0197
BLOCK22/SES223/SA223S27	SES146	-1.74969	11.27	13.0197
BLOCK22/SES223/SA223S27	SES187	-2.0195	11.0002	13.0197
BLOCK22/SES223/SA223S27	SES292	-0.852829	12.1669	13.0197
BLOCK27/SES273/SA273S12	SES099	-0.952517	16.2723	17.2248
BLOCK27/SES273/SA273S12	SES104	-1.35449	15.8703	17.2248
BLOCK27/SES273/SA273S12	SES125	-2.09681	15.128	17.2248
BLOCK27/SES273/SA273S12	SES206	-1.03731	16.1875	17.2248
BLOCK27/SES273/SA273S13	SES099	-1.18437	16.2231	17.4074
BLOCK27/SES273/SA273S13	SES104	-1.5373	15.8701	17.4074
BLOCK27/SES273/SA273S13	SES206	-1.24025	16.1672	17.4074
BLOCK27/SES273/SA273S13	SES292	-2.04081	15.3666	17.4074
BLOCK27/SES273/SA273S21	SES099	-0.35644	16.5488	16.9052
BLOCK27/SES273/SA273S21	SES148	-3.03818	13.867	16.9052
BLOCK27/SES273/SA273S21	SES149	-1.8013	15.1039	16.9052
BLOCK27/SES273/SA273S21	SES177	-2.22027	14.685	16.9052
BLOCK27/SES273/SA273S25	SES104	-1.51663	14.8858	16.4025
BLOCK27/SES273/SA273S25	SES125	-1.71353	14.6889	16.4025
BLOCK27/SES273/SA273S25	SES158	-0.711488	15.691	16.4025
BLOCK27/SES273/SA273S25	SES206	-0.521277	15.8812	16.4025
BLOCK27/SES273/SA273S27	SES099	-0.836396	15.5044	16.3408
BLOCK27/SES273/SA273S27	SES104	-1.4733	14.8675	16.3408
BLOCK27/SES273/SA273S27	SES149	-1.61737	14.7234	16.3408
BLOCK27/SES273/SA273S27	SES275	-2.02698	14.3138	16.3408
BLOCK27/SES274/SA274S10	SES105	-2.11362	13.5819	15.6956
BLOCK27/SES274/SA274S10	SES125	-2.91002	12.7855	15.6956
BLOCK27/SES274/SA274S10	SES129	-0.77019	14.9254	15.6956
BLOCK27/SES274/SA274S10	SES158	-4.17796	11.5176	15.6956
BLOCK27/SES274/SA274S11	SES105	-1.76506	14.3091	16.0742
BLOCK27/SES274/SA274S11	SES149	-2.57805	13.4961	16.0742
BLOCK27/SES274/SA274S11	SES158	-3.14715	12.927	16.0742
BLOCK27/SES274/SA274S11	SES275	-1.10658	14.9676	16.0742
BLOCK27/SES274/SA274S21	SES105	-2.02695	13.7498	15.7768
BLOCK27/SES274/SA274S21	SES129	-1.03383	14.7429	15.7768
BLOCK27/SES274/SA274S21	SES149	-2.16072	13.616	15.7768
BLOCK27/SES274/SA274S21	SES158	-4.6615	11.1153	15.7768
BLOCK27/SES274/SA274S24	SES105	-1.83536	14.8302	16.6656
BLOCK27/SES274/SA274S24	SES129	-0.936188	15.7294	16.6656
BLOCK27/SES274/SA274S24	SES149	-2.50545	14.1601	16.6656
BLOCK27/SES274/SA274S24	SES158	-5.00788	11.6577	16.6656
BLOCK27/SES274/SA274S29	SES105	-2.24804	13.0837	15.3317
BLOCK27/SES274/SA274S29	SES106	-3.46457	11.8672	15.3317
BLOCK27/SES274/SA274S29	SES120	-1.47836	13.8534	15.3317
BLOCK27/SES274/SA274S29	SES275	-1.44457	13.8872	15.3317
BLOCK27/SES276/SA276S16	SES148	-1.97272	12.81	14.7827
BLOCK27/SES276/SA276S16	SES172	-1.37159	13.4111	14.7827
BLOCK27/SES276/SA276S16	SES180	-2.3012	12.4815	14.7827
BLOCK27/SES276/SA276S16	SES292	-1.79023	12.9925	14.7827
BLOCK27/SES276/SA276S17	SES101	-1.16475	14.16	15.3248
BLOCK27/SES276/SA276S17	SES177	-2.09284	13.2319	15.3248
BLOCK27/SES276/SA276S17	SES180	-1.56916	13.7556	15.3248
BLOCK27/SES276/SA276S17	SES292	-1.58006	13.7447	15.3248
BLOCK27/SES276/SA276S24	SES101	-1.15529	14.8399	15.9952
BLOCK27/SES276/SA276S24	SES177	-1.109	14.8862	15.9952
BLOCK27/SES276/SA276S24	SES180	-2.23808	13.7571	15.9952
BLOCK27/SES276/SA276S24	SES292	-2.58953	13.4056	15.9952
BLOCK27/SES276/SA276S26	SES101	-2.26084	14.318	16.5789
BLOCK27/SES276/SA276S26	SES177	-1.04105	15.5378	16.5789
BLOCK27/SES276/SA276S26	SES180	-0.683367	15.8955	16.5789
BLOCK27/SES276/SA276S26	SES292	-0.560127	16.0187	16.5789
BLOCK27/SES276/SA276S28	SES101	-1.28954	14.358	15.6475
BLOCK27/SES276/SA276S28	SES177	-1.84648	13.8011	15.6475
BLOCK27/SES276/SA276S28	SES180	-0.902202	14.7453	15.6475
BLOCK27/SES276/SA276S28	SES292	-1.10358	14.544	15.6475
BLOCK27/SES277/SA277S12	SES101	-0.964511	12.3037	13.2682
BLOCK27/SES277/SA277S12	SES177	-1.80243	11.4658	13.2682
BLOCK27/SES277/SA277S12	SES180	-2.56448	10.7038	13.2682
BLOCK27/SES277/SA277S12	SES292	-2.73662	10.5316	13.2682
BLOCK27/SES277/SA277S14	SES177	-0.930462	11.9387	12.8692
BLOCK27/SES277/SA277S14	SES180	-2.33785	10.5313	12.8692
BLOCK27/SES277/SA277S14	SES189	-0.626691	12.2425	12.8692
BLOCK27/SES277/SA277S14	SES292	-2.57959	10.2896	12.8692
BLOCK27/SES277/SA277S21	SES177	-0.942776	13.7483	14.6911
BLOCK27/SES277/SA277S21	SES180	-2.34554	12.3455	14.6911
BLOCK27/SES277/SA277S21	SES189	-1.03213	13.6589	14.6911
BLOCK27/SES277/SA277S21	SES292	-2.62794	12.0631	14.6911
BLOCK27/SES277/SA277S24	SES144	-1.91669	10.902	12.8187
BLOCK27/SES277/SA277S24	SES177	-1.12909	11.6896	12.8187
BLOCK27/SES277/SA277S24	SES180	-2.68117	10.1375	12.8187
BLOCK27/SES277/SA277S24	SES189	-1.0123	11.8064	12.8187
BLOCK27/SES277/SA277S29	SES177	-1.25489	14.3875	15.6424
BLOCK27/SES277/SA277S29	SES180	-2.60961	13.0328	15.6424
BLOCK27/SES277/SA277S29	SES202	-1.83552	13.8069	15.6424
BLOCK27/SES277/SA277S29	SES292	-2.83422	12.8082	15.6424
BLOCK27/SES279/SA279S09	SES120	-2.24963	13.1572	15.4069
BLOCK27/SES279/SA279S09	SES146	-2.29676	13.1101	15.4069
BLOCK27/SES279/SA279S09	SES206	-1.99019	13.4167	15.4069
BLOCK27/SES279/SA279S09	SES226	-2.99013	12.4167	15.4069
BLOCK27/SES279/SA279S10	SES099	-0.650478	14.9586	15.6091
BLOCK27/SES279/SA279S10	SES206	-0.792596	14.8165	15.6091
BLOCK27/SES279/SA279S10	SES226	-2.46405	13.145	15.6091
BLOCK27/SES279/SA279S10	SES292	-0.711248	14.8978	15.6091
BLOCK27/SES279/SA279S20	SES099	-1.94446	13.5698	15.5142
BLOCK27/SES279/SA279S20	SES206	-0.756181	14.7581	15.5142
BLOCK27/SES279/SA279S20	SES226	-2.39232	13.1219	15.5142
BLOCK27/SES279/SA279S20	SES292	-0.559293	14.955	15.5142
BLOCK27/SES279/SA279S26	SES099	-0.791034	14.4964	15.2875
BLOCK27/SES279/SA279S26	SES206	-0.516581	14.7709	15.2875
BLOCK27/SES279/SA279S26	SES226	-2.39257	12.8949	15.2875
BLOCK27/SES279/SA279S26	SES292	-0.328403	14.9591	15.2875
BLOCK27/SES279/SA279S28	SES099	-1.30179	15.9038	17.2056
BLOCK27/SES279/SA279S28	SES120	-1.2617	15.9439	17.2056
BLOCK27/SES279/SA279S28	SES177	-1.92109	15.2845	17.2056
BLOCK27/SES279/SA279S28	SES206	-1.47521	15.7304	17.2056
BLOCK29/SES290/SA290S12	SES162	-0.945943	13.8931	14.8391
BLOCK29/SES290/SA290S12	SES177	-0.691513	14.1475	14.8391
BLOCK29/SES290/SA290S12	SES180	-1.93063	12.9084	14.8391
BLOCK29/SES290/SA290S12	SES292	-1.67866	13.1604	14.8391
BLOCK29/SES290/SA290S13	SES007	-1.2821	13.6823	14.9644
BLOCK29/SES290/SA290S13	SES162	-2.53505	12.4294	14.9644
BLOCK29/SES290/SA290S13	SES177	-0.930133	14.0343	14.9644
BLOCK29/SES290/SA290S13	SES180	-1.43704	13.5274	14.9644
BLOCK29/SES290/SA290S22	SES177	-0.937645	13.3891	14.3267
BLOCK29/SES290/SA290S22	SES180	-1.64404	12.6827	14.3267
BLOCK29/SES290/SA290S22	SES202	-1.46159	12.8651	14.3267
BLOCK29/SES290/SA290S22	SES292	-1.50806	12.8187	14.3267
BLOCK29/SES290/SA290S25	SES162	-1.27385	14.3828	15.6566
BLOCK29/SES290/SA290S25	SES177	-1.08448	14.5721	15.6566
BLOCK29/SES290/SA290S25	SES180	-1.45267	14.204	15.6566
BLOCK29/SES290/SA290S25	SES292	-1.17186	14.4848	15.6566
BLOCK29/SES290/SA290S29	SES177	-0.561961	14.0556	14.6176
BLOCK29/SES290/SA290S29	SES180	-0.814697	13.8029	14.6176
BLOCK29/SES290/SA290S29	SES275	-1.28822	13.3294	14.6176
BLOCK29/SES290/SA290S29	SES292	-0.960052	13.6575	14.6176
BLOCK29/SES291/SA291S11	SES105	-3.11494	10.803	13.918
BLOCK29/SES291/SA291S11	SES125	-1.54529	12.3727	13.918
BLOCK29/SES291/SA291S11	SES158	-1.18348	12.7345	13.918
BLOCK29/SES291/SA291S11	SES275	-2.8074	11.1106	13.918
BLOCK29/SES291/SA291S12	SES158	0.162713	14.2464	14.0836
BLOCK29/SES291/SA291S12	SES226	-2.11872	11.9649	14.0836
BLOCK29/SES291/SA291S12	SES270	0.256602	14.3403	14.0836
BLOCK29/SES291/SA291S12	SES275	-4.00246	10.0812	14.0836
BLOCK29/SES291/SA291S22	SES082	-1.51587	13.3417	14.8575
BLOCK29/SES291/SA291S22	SES158	-1.42571	13.4318	14.8575
BLOCK29/SES291/SA291S22	SES259	-2.04783	12.8097	14.8575
BLOCK29/SES291/SA291S22	SES275	-3.1225	11.735	14.8575
BLOCK29/SES291/SA291S24	SES104	-0.390705	15.8691	16.2598
BLOCK29/SES291/SA291S24	SES125	-1.2023	15.0575	16.2598
BLOCK29/SES291/SA291S24	SES158	-0.842679	15.4172	16.2598
BLOCK29/SES291/SA291S24	SES275	-3.43592	12.8239	16.2598
BLOCK29/SES291/SA291S27	SES158	-0.213181	15.3301	15.5433
BLOCK29/SES291/SA291S27	SES172	-3.88018	11.6631	15.5433
BLOCK29/SES291/SA291S27	SES275	-3.71835	11.825	15.5433
BLOCK29/SES291/SA291S27	SES292	-2.03271	13.5106	15.5433
