BLOCK00/SES002/SA002S12	SES002	0.673453	-6.05408	-6.72754
BLOCK00/SES002/SA002S13	SES002	1.32896	-6.73892	-8.06788
BLOCK00/SES002/SA002S23	SES002	0.267663	-6.7106	-6.97827
BLOCK00/SES002/SA002S26	SES002	0.418698	-8.73968	-9.15838
BLOCK00/SES002/SA002S28	SES002	-0.279749	-8.76386	-8.48411
BLOCK00/SES007/SA007S14	SES007	0.803539	-5.70403	-6.50757
BLOCK00/SES007/SA007S15	SES007	0.472018	-6.8054	-7.27741
BLOCK00/SES007/SA007S24	SES007	0.436351	-6.06619	-6.50254
BLOCK00/SES007/SA007S27	SES007	-0.0254898	-8.12383	-8.09834
BLOCK00/SES007/SA007S29	SES007	0.418581	-5.88765	-6.30623
BLOCK00/SES008/SA008S11	SES008	1.64799	-4.21829	-5.86628
BLOCK00/SES008/SA008S12	SES008	0.533027	-4.94492	-5.47795
BLOCK00/SES008/SA008S19	SES008	1.51047	-4.85051	-6.36097
BLOCK00/SES008/SA008S22	SES008	0.633974	-6.17707	-6.81105
BLOCK00/SES008/SA008S29	SES008	1.53204	-4.04321	-5.57525
BLOCK01/SES014/SA014S10	SES014	1.05398	-5.92889	-6.98287
BLOCK01/SES014/SA014S12	SES014	0.923808	-6.05987	-6.98368
BLOCK01/SES014/SA014S24	SES014	1.29971	-5.9852	-7.2849
BLOCK01/SES014/SA014S26	SES014	0.947948	-6.82113	-7.76908
BLOCK01/SES014/SA014S28	SES014	2.38731	-4.12695	-6.51426
BLOCK01/SES016/SA016S12	SES016	0.385313	-8.78991	-9.17522
BLOCK01/SES016/SA016S13	SES016	1.13031	-6.82149	-7.9518
BLOCK01/SES016/SA016S22	SES016	0.986398	-6.84654	-7.83294
BLOCK01/SES016/SA016S25	SES016	1.25895	-4.51424	-5.77318
BLOCK01/SES016/SA016S27	SES016	1.38283	-7.10685	-8.48968
BLOCK01/SES019/SA019S13	SES019	2.17911	-5.52875	-7.70786
BLOCK01/SES019/SA019S14	SES019	1.31771	-6.78348	-8.10119
BLOCK01/SES019/SA019S22	SES019	1.84728	-5.08343	-6.93071
BLOCK01/SES019/SA019S25	SES019	1.49095	-6.4546	-7.94555
BLOCK01/SES019/SA019S29	SES019	2.46777	-6.95089	-9.41866
BLOCK02/SES029/SA029S11	SES029	0.917868	-5.21847	-6.13634
BLOCK02/SES029/SA029S12	SES029	-0.0403504	-6.58884	-6.54849
BLOCK02/SES029/SA029S20	SES029	0.756049	-4.79983	-5.55588
BLOCK02/SES029/SA029S25	SES029	0.375334	-6.41788	-6.79321
BLOCK02/SES029/SA029S28	SES029	0.310099	-6.38617	-6.69627
BLOCK04/SES042/SA042S12	SES042	1.92521	-5.48497	-7.41019
BLOCK04/SES042/SA042S15	SES042	1.34255	-6.08992	-7.43246
BLOCK04/SES042/SA042S22	SES042	2.8033	-8.04692	-10.8502
BLOCK04/SES042/SA042S25	SES042	1.38972	-8.49191	-9.88162
BLOCK04/SES042/SA042S27	SES042	2.6107	-7.68118	-10.2919
BLOCK04/SES048/SA048S11	SES048	1.25141	-4.61376	-5.86517
BLOCK04/SES048/SA048S12	SES048	0.319013	-6.97652	-7.29554
BLOCK04/SES048/SA048S20	SES048	0.434931	-5.79033	-6.22526
BLOCK04/SES048/SA048S23	SES048	1.11626	-5.03056	-6.14682
BLOCK04/SES048/SA048S27	SES048	-0.164272	-6.87462	-6.71035
BLOCK06/SES060/SA060S11	SES060	1.36037	-6.10162	-7.46199
BLOCK06/SES060/SA060S12	SES060	0.424328	-8.99452	-9.41885
BLOCK06/SES060/SA060S22	SES060	-1.03448	-9.26853	-8.23405
BLOCK06/SES060/SA060S24	SES060	0.757955	-4.75092	-5.50887
BLOCK06/SES060/SA060S28	SES060	1.30112	-3.82409	-5.12522
BLOCK06/SES062/SA062S10	SES062	0.113685	-6.10338	-6.21706
BLOCK06/SES062/SA062S11	SES062	0.715927	-8.2845	-9.00042
BLOCK06/SES062/SA062S21	SES062	0.855488	-3.57357	-4.42905
BLOCK06/SES062/SA062S26	SES062	0.309811	-6.27376	-6.58357
BLOCK06/SES062/SA062S29	SES062	1.13289	-4.46529	-5.59818
BLOCK06/SES068/SA068S14	SES068	-0.0220151	-6.52455	-6.50254
BLOCK06/SES068/SA068S15	SES068	1.11695	-5.96308	-7.08004
BLOCK06/SES068/SA068S23	SES068	0.49114	-6.4149	-6.90604
BLOCK06/SES068/SA068S27	SES068	1.62347	-5.37599	-6.99946
BLOCK06/SES068/SA068S29	SES068	0.222367	-6.86989	-7.09226
BLOCK08/SES082/SA082S12	SES082	-0.623819	-7.33032	-6.7065
BLOCK08/SES082/SA082S14	SES082	0.306307	-6.67953	-6.98584
BLOCK08/SES082/SA082S21	SES082	0.0195718	-6.4732	-6.49277
BLOCK08/SES082/SA082S24	SES082	0.101919	-7.82852	-7.93043
BLOCK08/SES082/SA082S28	SES082	0.00254965	-7.37649	-7.37904
BLOCK08/SES083/SA083S14	SES083	-0.0273085	-5.74771	-5.7204
BLOCK08/SES083/SA083S15	SES083	0.502426	-6.19061	-6.69304
BLOCK08/SES083/SA083S24	SES083	0.203601	-6.66923	-6.87283
BLOCK08/SES083/SA083S26	SES083	-0.165207	-7.92131	-7.7561
BLOCK08/SES083/SA083S29	SES083	-0.134802	-7.42496	-7.29015
BLOCK08/SES085/SA085S10	SES085	1.01149	-5.01288	-6.02436
BLOCK08/SES085/SA085S13	SES085	-0.291095	-8.36062	-8.06952
BLOCK08/SES085/SA085S22	SES085	1.2893	-5.32809	-6.61739
BLOCK08/SES085/SA085S26	SES085	0.563338	-7.33039	-7.89373
BLOCK08/SES085/SA085S28	SES085	0.773763	-5.40042	-6.17419
BLOCK08/SES087/SA087S15	SES087	0.975499	-6.98502	-7.96052
BLOCK08/SES087/SA087S16	SES087	1.15633	-5.89771	-7.05404
BLOCK08/SES087/SA087S24	SES087	0.700767	-8.70403	-9.4048
BLOCK08/SES087/SA087S26	SES087	0.310755	-6.6725	-6.98325
BLOCK08/SES087/SA087S29	SES087	1.04035	-5.23488	-6.27524
BLOCK09/SES099/SA099S15	SES099	1.11148	-7.05717	-8.16865
BLOCK09/SES099/SA099S16	SES099	0.627379	-5.14144	-5.76882
BLOCK09/SES099/SA099S24	SES099	1.3808	-5.63582	-7.01661
BLOCK09/SES099/SA099S26	SES099	1.22278	-6.56374	-7.78653
BLOCK09/SES099/SA099S29	SES099	1.23452	-6.68419	-7.91871
BLOCK10/SES101/SA101S11	SES101	-0.0435071	-6.43481	-6.3913
BLOCK10/SES101/SA101S13	SES101	1.41484	-2.85342	-4.26826
BLOCK10/SES101/SA101S22	SES101	0.611221	-7.24785	-7.85908
BLOCK10/SES101/SA101S24	SES101	0.889893	-5.72417	-6.61406
BLOCK10/SES101/SA101S28	SES101	1.05447	-5.75048	-6.80495
BLOCK10/SES104/SA104S11	SES104	1.22319	-5.28656	-6.50975
BLOCK10/SES104/SA104S12	SES104	0.462291	-6.75919	-7.22148
BLOCK10/SES104/SA104S21	SES104	1.08911	-6.58529	-7.6744
BLOCK10/SES104/SA104S24	SES104	-0.413309	-9.20292	-8.78961
BLOCK10/SES104/SA104S28	SES104	0.325544	-8.87759	-9.20313
BLOCK10/SES105/SA105S12	SES105	0.992472	-7.26331	-8.25578
BLOCK10/SES105/SA105S13	SES105	-0.13483	-7.01582	-6.88099
BLOCK10/SES105/SA105S22	SES105	-0.101063	-7.29599	-7.19493
BLOCK10/SES105/SA105S26	SES105	-0.306979	-8.04999	-7.74301
BLOCK10/SES105/SA105S29	SES105	1.0752	-5.04831	-6.12351
BLOCK10/SES106/SA106S09	SES106	0.514555	-8.06335	-8.5779
BLOCK10/SES106/SA106S11	SES106	0.963964	-5.66983	-6.63379
BLOCK10/SES106/SA106S22	SES106	1.47287	-8.16975	-9.64262
BLOCK10/SES106/SA106S27	SES106	0.858466	-5.7294	-6.58787
BLOCK10/SES106/SA106S29	SES106	1.32453	-5.97601	-7.30055
BLOCK11/SES117/SA117S12	SES117	0.283126	-7.5986	-7.88173
BLOCK11/SES117/SA117S13	SES117	-0.0394001	-6.98804	-6.94864
BLOCK11/SES117/SA117S23	SES117	1.24467	-8.73805	-9.98273
BLOCK11/SES117/SA117S25	SES117	0.941994	-6.53089	-7.47288
BLOCK11/SES117/SA117S28	SES117	1.06973	-8.10459	-9.17432
BLOCK12/SES120/SA120S08	SES120	0.540658	-9.43311	-9.97377
BLOCK12/SES120/SA120S11	SES120	0.385175	-12.2681	-12.6533
BLOCK12/SES120/SA120S22	SES120	0.10053	-6.68868	-6.78921
BLOCK12/SES120/SA120S24	SES120	0.915427	-10.0199	-10.9353
BLOCK12/SES120/SA120S28	SES120	-0.0241413	-9.00089	-8.97675
BLOCK12/SES125/SA125S13	SES125	1.53958	-8.11609	-9.65567
BLOCK12/SES125/SA125S14	SES125	0.777997	-9.52944	-10.3074
BLOCK12/SES125/SA125S25	SES125	1.79089	-7.44677	-9.23766
BLOCK12/SES125/SA125S27	SES125	1.27428	-6.80632	-8.0806
BLOCK12/SES125/SA125S29	SES125	0.576091	-6.63395	-7.21004
BLOCK12/SES127/SA127S11	SES127	0.964998	-5.45014	-6.41514
BLOCK12/SES127/SA127S12	SES127	0.278541	-4.19727	-4.47581
BLOCK12/SES127/SA127S23	SES127	0.559544	-4.89926	-5.4588
BLOCK12/SES127/SA127S25	SES127	0.180306	-4.98354	-5.16385
BLOCK12/SES127/SA127S27	SES127	1.33869	-4.70977	-6.04845
BLOCK12/SES129/SA129S11	SES129	1.3969	-4.23265	-5.62955
BLOCK12/SES129/SA129S12	SES129	1.07715	-4.06548	-5.14262
BLOCK12/SES129/SA129S22	SES129	0.596712	-5.22691	-5.82363
BLOCK12/SES129/SA129S27	SES129	1.08906	-5.10199	-6.19105
BLOCK12/SES129/SA129S29	SES129	0.167085	-8.63811	-8.80519
BLOCK14/SES142/SA142S11	SES142	1.84802	-5.14084	-6.98886
BLOCK14/SES142/SA142S12	SES142	0.773604	-7.53114	-8.30474
BLOCK14/SES142/SA142S24	SES142	1.34798	-6.1641	-7.51208
BLOCK14/SES142/SA142S27	SES142	1.10307	-6.32968	-7.43275
BLOCK14/SES142/SA142S29	SES142	1.1002	-5.92931	-7.02951
BLOCK14/SES143/SA143S12	SES143	0.873514	-5.64181	-6.51532
BLOCK14/SES143/SA143S13	SES143	0.839646	-5.95181	-6.79146
BLOCK14/SES143/SA143S23	SES143	0.233943	-6.68944	-6.92338
BLOCK14/SES143/SA143S25	SES143	0.576504	-7.38679	-7.96329
BLOCK14/SES143/SA143S28	SES143	0.938519	-7.15817	-8.09669
BLOCK14/SES144/SA144S09	SES144	0.645827	-6.23631	-6.88214
BLOCK14/SES144/SA144S11	SES144	0.388728	-6.05239	-6.44111
BLOCK14/SES144/SA144S21	SES144	-0.115517	-6.89914	-6.78363
BLOCK14/SES144/SA144S25	SES144	1.00203	-6.30499	-7.30701
BLOCK14/SES144/SA144S29	SES144	-0.404858	-7.88084	-7.47598
BLOCK14/SES146/SA146S14	SES146	0.293236	-6.80747	-7.10071
BLOCK14/SES146/SA146S15	SES146	0.31511	-7.59707	-7.91218
BLOCK14/SES146/SA146S24	SES146	0.884794	-7.03603	-7.92082
BLOCK14/SES146/SA146S26	SES146	0.61335	-6.55849	-7.17184
BLOCK14/SES146/SA146S29	SES146	0.340759	-8.12366	-8.46441
BLOCK14/SES147/SA147S11	SES147	0.397975	-7.03216	-7.43013
BLOCK14/SES147/SA147S13	SES147	0.860075	-4.70783	-5.5679
BLOCK14/SES147/SA147S23	SES147	0.722633	-5.91185	-6.63448
BLOCK14/SES147/SA147S26	SES147	0.846923	-5.37977	-6.2267
BLOCK14/SES147/SA147S28	SES147	1.30881	-4.02463	-5.33343
BLOCK14/SES148/SA148S10	SES148	0.383438	-4.97291	-5.35635
BLOCK14/SES148/SA148S12	SES148	0.0388451	-6.48181	-6.52066
BLOCK14/SES148/SA148S22	SES148	0.744974	-4.68292	-5.4279
BLOCK14/SES148/SA148S26	SES148	0.308962	-4.18551	-4.49447
BLOCK14/SES148/SA148S29	SES148	0.20973	-7.32346	-7.53319
BLOCK14/SES149/SA149S13	SES149	0.242335	-6.10699	-6.34933
BLOCK14/SES149/SA149S14	SES149	0.537465	-4.7631	-5.30057
BLOCK14/SES149/SA149S24	SES149	0.763078	-5.40542	-6.1685
BLOCK14/SES149/SA149S26	SES149	0.947872	-5.41282	-6.36069
BLOCK14/SES149/SA149S28	SES149	1.79129	-2.46664	-4.25793
BLOCK15/SES158/SA158S13	SES158	1.22791	-7.51705	-8.74496
BLOCK15/SES158/SA158S14	SES158	2.1118	-8.39717	-10.509
BLOCK15/SES158/SA158S23	SES158	0.965717	-6.51016	-7.47588
BLOCK15/SES158/SA158S26	SES158	1.16922	-7.67164	-8.84086
BLOCK15/SES158/SA158S28	SES158	0.686557	-7.69302	-8.37958
BLOCK16/SES162/SA162S10	SES162	1.127	-7.0714	-8.1984
BLOCK16/SES162/SA162S11	SES162	0.866785	-5.17341	-6.0402
BLOCK16/SES162/SA162S21	SES162	1.01658	-5.87244	-6.88902
BLOCK16/SES162/SA162S24	SES162	1.58281	-5.26883	-6.85164
BLOCK16/SES162/SA162S27	SES162	1.56992	-7.55598	-9.1259
BLOCK16/SES167/SA167S14	SES167	1.17772	-4.46269	-5.64042
BLOCK16/SES167/SA167S15	SES167	2.00419	-3.83848	-5.84267
BLOCK16/SES167/SA167S21	SES167	1.87077	-3.31206	-5.18283
BLOCK16/SES167/SA167S25	SES167	2.19739	-4.48117	-6.67856
BLOCK16/SES167/SA167S29	SES167	2.38653	-2.57161	-4.95814
BLOCK17/SES172/SA172S12	SES172	0.739791	-7.28488	-8.02467
BLOCK17/SES172/SA172S13	SES172	1.15372	-7.02363	-8.17734
BLOCK17/SES172/SA172S23	SES172	1.13729	-4.73883	-5.87611
BLOCK17/SES172/SA172S27	SES172	0.431911	-7.88444	-8.31635
BLOCK17/SES172/SA172S29	SES172	1.47688	-5.46931	-6.94619
BLOCK17/SES175/SA175S11	SES175	0.56275	-7.15098	-7.71373
BLOCK17/SES175/SA175S13	SES175	0.758358	-3.54186	-4.30022
BLOCK17/SES175/SA175S23	SES175	0.919341	-4.58206	-5.5014
BLOCK17/SES175/SA175S25	SES175	0.0753527	-7.14524	-7.2206
BLOCK17/SES175/SA175S28	SES175	0.775202	-5.69437	-6.46957
BLOCK17/SES177/SA177S15	SES177	0.246774	-7.22802	-7.4748
BLOCK17/SES177/SA177S17	SES177	0.267774	-6.91055	-7.17832
BLOCK17/SES177/SA177S23	SES177	-0.57767	-7.84728	-7.26961
BLOCK17/SES177/SA177S26	SES177	1.04175	-3.76006	-4.80181
BLOCK17/SES177/SA177S28	SES177	0.678075	-7.37729	-8.05536
BLOCK18/SES180/SA180S13	SES180	0.37652	-8.18545	-8.56197
BLOCK18/SES180/SA180S15	SES180	0.310374	-5.86813	-6.1785
BLOCK18/SES180/SA180S24	SES180	0.458786	-4.9345	-5.39329
BLOCK18/SES180/SA180S26	SES180	0.0592833	-6.47665	-6.53593
BLOCK18/SES180/SA180S29	SES180	0.0385351	-8.29882	-8.33735
BLOCK18/SES183/SA183S13	SES183	0.844948	-6.32368	-7.16863
BLOCK18/SES183/SA183S14	SES183	-0.241642	-6.59059	-6.34895
BLOCK18/SES183/SA183S24	SES183	0.867376	-7.49007	-8.35744
BLOCK18/SES183/SA183S27	SES183	1.2602	-6.66443	-7.92463
BLOCK18/SES183/SA183S29	SES183	1.51523	-5.62222	-7.13744
BLOCK18/SES187/SA187S13	SES187	0.362761	-7.77687	-8.13963
BLOCK18/SES187/SA187S14	SES187	-0.037539	-7.75276	-7.71522
BLOCK18/SES187/SA187S24	SES187	0.591715	-7.14751	-7.73922
BLOCK18/SES187/SA187S27	SES187	0.446157	-6.9323	-7.37846
BLOCK18/SES187/SA187S29	SES187	0.594795	-8.52109	-9.11588
BLOCK18/SES189/SA189S10	SES189	0.698421	-7.59331	-8.29173
BLOCK18/SES189/SA189S13	SES189	0.840284	-9.40928	-10.2496
BLOCK18/SES189/SA189S24	SES189	0.676386	-6.83152	-7.5079
BLOCK18/SES189/SA189S26	SES189	0.50862	-6.94462	-7.45324
BLOCK18/SES189/SA189S29	SES189	0.886601	-6.36718	-7.25378
BLOCK20/SES202/SA202S12	SES202	1.12267	-8.06768	-9.19035
BLOCK20/SES202/SA202S14	SES202	1.2969	-7.23149	-8.52839
BLOCK20/SES202/SA202S24	SES202	0.756609	-7.83576	-8.59237
BLOCK20/SES202/SA202S27	SES202	1.38641	-5.66244	-7.04885
BLOCK20/SES202/SA202S29	SES202	1.07586	-6.39029	-7.46615
BLOCK20/SES206/SA206S15	SES206	-0.62247	-5.8767	-5.25423
BLOCK20/SES206/SA206S17	SES206	0.643441	-7.17592	-7.81936
BLOCK20/SES206/SA206S24	SES206	0.904948	-5.26302	-6.16797
BLOCK20/SES206/SA206S27	SES206	1.21988	-7.51859	-8.73847
BLOCK20/SES206/SA206S29	SES206	1.36601	-7.10821	-8.47422
BLOCK22/SES226/SA226S12	SES226	0.889279	-6.36543	-7.2547
BLOCK22/SES226/SA226S13	SES226	-0.774011	-6.63702	-5.86301
BLOCK22/SES226/SA226S20	SES226	0.657197	-5.90608	-6.56328
BLOCK22/SES226/SA226S23	SES226	0.345558	-5.55099	-5.89655
BLOCK22/SES226/SA226S28	SES226	0.445486	-6.00614	-6.45162
BLOCK25/SES259/SA259S13	SES259	2.5634	-6.30314	-8.86654
BLOCK25/SES259/SA259S14	SES259	1.65575	-5.95695	-7.6127
BLOCK25/SES259/SA259S22	SES259	1.28778	-6.25953	-7.54731
BLOCK25/SES259/SA259S24	SES259	1.23351	-6.9533	-8.18681
BLOCK25/SES259/SA259S28	SES259	1.07829	-6.46886	-7.54715
BLOCK27/SES270/SA270S14	SES270	1.37356	-6.49889	-7.87245
BLOCK27/SES270/SA270S16	SES270	-0.0197954	-6.3939	-6.37411
BLOCK27/SES270/SA270S22	SES270	1.58509	-5.60862	-7.19371
BLOCK27/SES270/SA270S26	SES270	1.33336	-6.76047	-8.09383
BLOCK27/SES270/SA270S28	SES270	1.4584	-5.01992	-6.47832
BLOCK27/SES275/SA275S17	SES275	0.600718	-6.20162	-6.80234
BLOCK27/SES275/SA275S18	SES275	-0.372387	-7.37752	-7.00514
BLOCK27/SES275/SA275S24	SES275	0.392657	-6.833	-7.22566
BLOCK27/SES275/SA275S26	SES275	0.474322	-6.30881	-6.78313
BLOCK27/SES275/SA275S28	SES275	0.316448	-6.24245	-6.5589
BLOCK29/SES292/SA292S10	SES292	-0.166082	-6.44177	-6.27569
BLOCK29/SES292/SA292S12	SES292	0.23016	-7.55188	-7.78204
BLOCK29/SES292/SA292S22	SES292	0.0639243	-6.90421	-6.96813
BLOCK29/SES292/SA292S24	SES292	0.125886	-5.48	-5.60588
BLOCK29/SES292/SA292S27	SES292	-0.0348349	-6.35027	-6.31543
BLOCK00/SES001/SA001S14	SES062	-2.39196	-10.4853	-8.09335
BLOCK00/SES001/SA001S14	SES082	-1.27271	-9.36606	-8.09335
BLOCK00/SES001/SA001S14	SES106	-1.03362	-9.12697	-8.09335
BLOCK00/SES001/SA001S14	SES206	-1.15311	-9.24646	-8.09335
BLOCK00/SES001/SA001S15	SES062	-2.20499	-9.55901	-7.35402
BLOCK00/SES001/SA001S15	SES104	-1.15109	-8.50512	-7.35402
BLOCK00/SES001/SA001S15	SES106	-0.357315	-7.71134	-7.35402
BLOCK00/SES001/SA001S15	SES206	-1.57329	-8.92731	-7.35402
BLOCK00/SES001/SA001S24	SES062	-2.15925	-10.3481	-8.18883
BLOCK00/SES001/SA001S24	SES082	-1.04772	-9.23655	-8.18883
BLOCK00/SES001/SA001S24	SES087	-2.19433	-10.3832	-8.18883
BLOCK00/SES001/SA001S24	SES206	-0.905518	-9.09435	-8.18883
BLOCK00/SES001/SA001S27	SES062	-1.3544	-6.21872	-4.86432
BLOCK00/SES001/SA001S27	SES082	-0.656682	-5.521	-4.86432
BLOCK00/SES001/SA001S27	SES087	-0.869049	-5.73337	-4.86432
BLOCK00/SES001/SA001S27	SES206	-1.55586	-6.42018	-4.86432
BLOCK00/SES001/SA001S29	SES062	-2.37013	-9.99972	-7.62959
BLOCK00/SES001/SA001S29	SES082	-1.03814	-8.66773	-7.62959
BLOCK00/SES001/SA001S29	SES158	-0.951378	-8.58097	-7.62959
BLOCK00/SES001/SA001S29	SES206	-1.81311	-9.4427	-7.62959
BLOCK00/SES003/SA003S11	SES002	0.239984	-6.39445	-6.63443
BLOCK00/SES003/SA003S11	SES019	-1.66761	-8.30204	-6.63443
BLOCK00/SES003/SA003S11	SES082	-0.573045	-7.20748	-6.63443
BLOCK00/SES003/SA003S11	SES125	-1.54399	-8.17842	-6.63443
BLOCK00/SES003/SA003S15	SES016	-1.31107	-7.50312	-6.19205
BLOCK00/SES003/SA003S15	SES019	-2.53991	-8.73197	-6.19205
BLOCK00/SES003/SA003S15	SES062	0.109804	-6.08225	-6.19205
BLOCK00/SES003/SA003S15	SES206	-0.488319	-6.68037	-6.19205
BLOCK00/SES003/SA003S22	SES002	-0.0414996	-6.63342	-6.59192
BLOCK00/SES003/SA003S22	SES062	-1.04572	-7.63764	-6.59192
BLOCK00/SES003/SA003S22	SES082	-1.1062	-7.69812	-6.59192
BLOCK00/SES003/SA003S22	SES087	-0.717291	-7.30921	-6.59192
BLOCK00/SES003/SA003S25	SES062	-2.29664	-10.6217	-8.32507
BLOCK00/SES003/SA003S25	SES082	-1.27318	-9.59826	-8.32507
BLOCK00/SES003/SA003S25	SES087	-1.53428	-9.85935	-8.32507
BLOCK00/SES003/SA003S25	SES206	-2.00583	-10.3309	-8.32507
BLOCK00/SES003/SA003S29	SES002	-0.984365	-7.82367	-6.8393
BLOCK00/SES003/SA003S29	SES062	-1.81445	-8.65375	-6.8393
BLOCK00/SES003/SA003S29	SES082	-1.16053	-7.99983	-6.8393
BLOCK00/SES003/SA003S29	SES087	-1.17047	-8.00978	-6.8393
BLOCK00/SES004/SA004S12	SES083	-0.955082	-6.77204	-5.81696
BLOCK00/SES004/SA004S12	SES148	-1.26559	-7.08255	-5.81696
BLOCK00/SES004/SA004S12	SES172	0.249304	-5.56765	-5.81696
BLOCK00/SES004/SA004S12	SES292	-1.14278	-6.95974	-5.81696
BLOCK00/SES004/SA004S17	SES083	-0.736227	-6.71513	-5.9789
BLOCK00/SES004/SA004S17	SES162	-0.263643	-6.24255	-5.9789
BLOCK00/SES004/SA004S17	SES172	-0.177585	-6.15649	-5.9789
BLOCK00/SES004/SA004S17	SES292	-0.829888	-6.80879	-5.9789
BLOCK00/SES004/SA004S24	SES083	-0.477638	-6.80225	-6.32461
BLOCK00/SES004/SA004S24	SES148	-2.35272	-8.67733	-6.32461
BLOCK00/SES004/SA004S24	SES172	0.381922	-5.94269	-6.32461
BLOCK00/SES004/SA004S24	SES292	-0.510478	-6.83509	-6.32461
BLOCK00/SES004/SA004S26	SES083	-0.530365	-7.99495	-7.46458
BLOCK00/SES004/SA004S26	SES127	-1.15812	-8.62271	-7.46458
BLOCK00/SES004/SA004S26	SES148	-2.7063	-10.1709	-7.46458
BLOCK00/SES004/SA004S26	SES292	-1.71085	-9.17544	-7.46458
BLOCK00/SES004/SA004S28	SES083	-0.550711	-5.09742	-4.54671
BLOCK00/SES004/SA004S28	SES127	0.0345526	-4.51216	-4.54671
BLOCK00/SES004/SA004S28	SES187	0.0470715	-4.49964	-4.54671
BLOCK00/SES004/SA004S28	SES292	-0.693938	-5.24065	-4.54671
BLOCK00/SES006/SA006S10	SES014	-3.60794	-13.3048	-9.69682
BLOCK00/SES006/SA006S10	SES158	-4.04969	-13.7465	-9.69682
BLOCK00/SES006/SA006S10	SES226	-4.65267	-14.3495	-9.69682
BLOCK00/SES006/SA006S10	SES270	-2.09125	-11.7881	-9.69682
BLOCK00/SES006/SA006S11	SES158	-3.55299	-12.8969	-9.34388
BLOCK00/SES006/SA006S11	SES226	-2.64083	-11.9847	-9.34388
BLOCK00/SES006/SA006S11	SES270	-1.19329	-10.5372	-9.34388
BLOCK00/SES006/SA006S11	SES275	-1.65945	-11.0033	-9.34388
BLOCK00/SES006/SA006S23	SES062	-3.86525	-12.4056	-8.54033
BLOCK00/SES006/SA006S23	SES105	-3.62811	-12.1684	-8.54033
BLOCK00/SES006/SA006S23	SES158	-3.99075	-12.5311	-8.54033
BLOCK00/SES006/SA006S23	SES275	-1.95005	-10.4904	-8.54033
BLOCK00/SES006/SA006S26	SES104	-4.85115	-14.0048	-9.1537
BLOCK00/SES006/SA006S26	SES158	-4.87492	-14.0286	-9.1537
BLOCK00/SES006/SA006S26	SES270	-1.23634	-10.39	-9.1537
BLOCK00/SES006/SA006S26	SES275	-1.96177	-11.1155	-9.1537
BLOCK00/SES006/SA006S28	SES007	-1.74002	-10.6024	-8.86234
BLOCK00/SES006/SA006S28	SES105	-3.17305	-12.0354	-8.86234
BLOCK00/SES006/SA006S28	SES158	-2.51392	-11.3763	-8.86234
BLOCK00/SES006/SA006S28	SES275	-2.47712	-11.3395	-8.86234
BLOCK00/SES009/SA009S12	SES083	-2.05485	-10.0485	-7.99368
BLOCK00/SES009/SA009S12	SES148	-4.46353	-12.4572	-7.99368
BLOCK00/SES009/SA009S12	SES177	-0.297621	-8.2913	-7.99368
BLOCK00/SES009/SA009S12	SES292	-0.905436	-8.89911	-7.99368
BLOCK00/SES009/SA009S15	SES007	-0.0853815	-7.20932	-7.12394
BLOCK00/SES009/SA009S15	SES099	-2.81993	-9.94386	-7.12394
BLOCK00/SES009/SA009S15	SES148	-4.75318	-11.8771	-7.12394
BLOCK00/SES009/SA009S15	SES172	-0.00067234	-7.12461	-7.12394
BLOCK00/SES009/SA009S24	SES146	-0.730816	-9.15825	-8.42743
BLOCK00/SES009/SA009S24	SES148	-3.14791	-11.5753	-8.42743
BLOCK00/SES009/SA009S24	SES177	-0.890387	-9.31782	-8.42743
BLOCK00/SES009/SA009S24	SES292	-0.788776	-9.21621	-8.42743
BLOCK00/SES009/SA009S26	SES083	-2.39348	-9.27183	-6.87835
BLOCK00/SES009/SA009S26	SES101	-1.96415	-8.84249	-6.87835
BLOCK00/SES009/SA009S26	SES120	-1.05129	-7.92964	-6.87835
BLOCK00/SES009/SA009S26	SES177	-0.98121	-7.85956	-6.87835
BLOCK00/SES009/SA009S29	SES083	-1.7915	-8.69028	-6.89878
BLOCK00/SES009/SA009S29	SES101	-1.32574	-8.22452	-6.89878
BLOCK00/SES009/SA009S29	SES177	-0.648077	-7.54686	-6.89878
BLOCK00/SES009/SA009S29	SES292	-1.25103	-8.14981	-6.89878
BLOCK01/SES011/SA011S10	SES019	-1.71307	-11.4012	-9.68816
BLOCK01/SES011/SA011S10	SES042	0.291639	-9.39652	-9.68816
BLOCK01/SES011/SA011S10	SES082	-0.88168	-10.5698	-9.68816
BLOCK01/SES011/SA011S10	SES206	-0.419007	-10.1072	-9.68816
BLOCK01/SES011/SA011S11	SES019	-2.50233	-11.5316	-9.02929
BLOCK01/SES011/SA011S11	SES042	-0.454028	-9.48331	-9.02929
BLOCK01/SES011/SA011S11	SES082	-0.749605	-9.77889	-9.02929
BLOCK01/SES011/SA011S11	SES206	-1.87983	-10.9091	-9.02929
BLOCK01/SES011/SA011S22	SES019	-1.85628	-11.4821	-9.62583
BLOCK01/SES011/SA011S22	SES042	0.467582	-9.15825	-9.62583
BLOCK01/SES011/SA011S22	SES082	-0.535744	-10.1616	-9.62583
BLOCK01/SES011/SA011S22	SES206	-0.515991	-10.1418	-9.62583
BLOCK01/SES011/SA011S24	SES019	-3.01825	-11.534	-8.51576
BLOCK01/SES011/SA011S24	SES042	-0.116463	-8.63222	-8.51576
BLOCK01/SES011/SA011S24	SES104	-1.04391	-9.55966	-8.51576
BLOCK01/SES011/SA011S24	SES206	-0.569256	-9.08501	-8.51576
BLOCK01/SES011/SA011S27	SES082	-0.561835	-8.63738	-8.07555
BLOCK01/SES011/SA011S27	SES087	-2.50469	-10.5802	-8.07555
BLOCK01/SES011/SA011S27	SES125	-1.63117	-9.70672	-8.07555
BLOCK01/SES011/SA011S27	SES206	-1.25446	-9.33	-8.07555
BLOCK01/SES012/SA012S11	SES007	-0.258619	-6.77814	-6.51952
BLOCK01/SES012/SA012S11	SES082	-0.141086	-6.66061	-6.51952
BLOCK01/SES012/SA012S11	SES083	-1.2809	-7.80042	-6.51952
BLOCK01/SES012/SA012S11	SES206	-0.599629	-7.11915	-6.51952
BLOCK01/SES012/SA012S14	SES082	-0.302794	-8.52301	-8.22022
BLOCK01/SES012/SA012S14	SES087	-1.56698	-9.7872	-8.22022
BLOCK01/SES012/SA012S14	SES206	-0.513604	-8.73382	-8.22022
BLOCK01/SES012/SA012S14	SES292	-1.23481	-9.45503	-8.22022
BLOCK01/SES012/SA012S24	SES082	-0.623398	-10.1921	-9.56871
BLOCK01/SES012/SA012S24	SES087	-1.52026	-11.089	-9.56871
BLOCK01/SES012/SA012S24	SES120	-1.62053	-11.1892	-9.56871
BLOCK01/SES012/SA012S24	SES206	-0.816951	-10.3857	-9.56871
BLOCK01/SES012/SA012S26	SES019	-5.48452	-15.2471	-9.76262
BLOCK01/SES012/SA012S26	SES082	-0.685662	-10.4483	-9.76262
BLOCK01/SES012/SA012S26	SES206	0.580032	-9.18259	-9.76262
BLOCK01/SES012/SA012S26	SES292	-0.839029	-10.6016	-9.76262
BLOCK01/SES012/SA012S29	SES062	-1.19246	-6.40658	-5.21411
BLOCK01/SES012/SA012S29	SES082	-0.30357	-5.51768	-5.21411
BLOCK01/SES012/SA012S29	SES083	-1.47779	-6.6919	-5.21411
BLOCK01/SES012/SA012S29	SES206	0.501439	-4.71268	-5.21411
BLOCK01/SES013/SA013S16	SES062	-3.08614	-12.2594	-9.17326
BLOCK01/SES013/SA013S16	SES106	-2.45275	-11.626	-9.17326
BLOCK01/SES013/SA013S16	SES206	-2.06921	-11.2425	-9.17326
BLOCK01/SES013/SA013S16	SES226	-1.91953	-11.0928	-9.17326
BLOCK01/SES013/SA013S17	SES062	-1.84331	-8.99816	-7.15485
BLOCK01/SES013/SA013S17	SES106	-1.91476	-9.06962	-7.15485
BLOCK01/SES013/SA013S17	SES206	-0.554947	-7.7098	-7.15485
BLOCK01/SES013/SA013S17	SES226	-0.423566	-7.57842	-7.15485
BLOCK01/SES013/SA013S23	SES104	-0.569636	-8.82163	-8.252
BLOCK01/SES013/SA013S23	SES106	-1.03204	-9.28403	-8.252
BLOCK01/SES013/SA013S23	SES206	-2.02863	-10.2806	-8.252
BLOCK01/SES013/SA013S23	SES270	-2.20164	-10.4536	-8.252
BLOCK01/SES013/SA013S25	SES042	-4.09673	-12.2436	-8.14685
BLOCK01/SES013/SA013S25	SES104	-0.12862	-8.27547	-8.14685
BLOCK01/SES013/SA013S25	SES106	-1.18576	-9.33261	-8.14685
BLOCK01/SES013/SA013S25	SES206	-1.66885	-9.8157	-8.14685
BLOCK01/SES013/SA013S29	SES062	-3.60301	-11.994	-8.391
BLOCK01/SES013/SA013S29	SES104	-0.742047	-9.13305	-8.391
BLOCK01/SES013/SA013S29	SES106	-1.38829	-9.77929	-8.391
BLOCK01/SES013/SA013S29	SES206	-2.14068	-10.5317	-8.391
BLOCK02/SES021/SA021S13	SES016	-1.7046	-9.35077	-7.64617
BLOCK02/SES021/SA021S13	SES029	-0.620806	-8.26698	-7.64617
BLOCK02/SES021/SA021S13	SES087	-1.94996	-9.59613	-7.64617
BLOCK02/SES021/SA021S13	SES206	-0.970816	-8.61699	-7.64617
BLOCK02/SES021/SA021S15	SES087	-0.771784	-7.95478	-7.183
BLOCK02/SES021/SA021S15	SES125	-0.659986	-7.84298	-7.183
BLOCK02/SES021/SA021S15	SES206	-1.09922	-8.28222	-7.183
BLOCK02/SES021/SA021S15	SES226	-0.976234	-8.15923	-7.183
BLOCK02/SES021/SA021S23	SES062	-2.95378	-11.2375	-8.28375
BLOCK02/SES021/SA021S23	SES087	-0.590809	-8.87455	-8.28375
BLOCK02/SES021/SA021S23	SES206	-1.42323	-9.70698	-8.28375
BLOCK02/SES021/SA021S23	SES226	-0.541778	-8.82552	-8.28375
BLOCK02/SES021/SA021S27	SES002	-1.0713	-6.9296	-5.8583
BLOCK02/SES021/SA021S27	SES016	-3.1914	-9.0497	-5.8583
BLOCK02/SES021/SA021S27	SES019	-2.3417	-8.2	-5.8583
BLOCK02/SES021/SA021S27	SES062	-1.77138	-7.62968	-5.8583
BLOCK02/SES021/SA021S29	SES087	-0.834788	-8.49629	-7.66151
BLOCK02/SES021/SA021S29	SES125	-1.80212	-9.46363	-7.66151
BLOCK02/SES021/SA021S29	SES206	-0.399729	-8.06124	-7.66151
BLOCK02/SES021/SA021S29	SES226	-1.031	-8.6925	-7.66151
BLOCK04/SES043/SA043S09	SES083	-0.253218	-8.57989	-8.32667
BLOCK04/SES043/SA043S09	SES101	-0.365508	-8.69218	-8.32667
BLOCK04/SES043/SA043S09	SES144	-0.23153	-8.5582	-8.32667
BLOCK04/SES043/SA043S09	SES172	-0.925116	-9.25179	-8.32667
BLOCK04/SES043/SA043S11	SES083	-0.206393	-6.2471	-6.04071
BLOCK04/SES043/SA043S11	SES101	-0.29428	-6.33499	-6.04071
BLOCK04/SES043/SA043S11	SES144	0.337717	-5.70299	-6.04071
BLOCK04/SES043/SA043S11	SES172	-1.09986	-7.14057	-6.04071
BLOCK04/SES043/SA043S23	SES083	-0.362361	-6.92168	-6.55932
BLOCK04/SES043/SA043S23	SES144	0.36536	-6.19396	-6.55932
BLOCK04/SES043/SA043S23	SES177	-0.78293	-7.34225	-6.55932
BLOCK04/SES043/SA043S23	SES275	-0.94929	-7.50861	-6.55932
BLOCK04/SES043/SA043S26	SES083	-1.05574	-10.5934	-9.53762
BLOCK04/SES043/SA043S26	SES101	-0.868189	-10.4058	-9.53762
BLOCK04/SES043/SA043S26	SES144	-0.238969	-9.77659	-9.53762
BLOCK04/SES043/SA043S26	SES177	-1.7285	-11.2661	-9.53762
BLOCK04/SES043/SA043S28	SES016	-1.32564	-8.60797	-7.28232
BLOCK04/SES043/SA043S28	SES083	-0.720478	-8.0028	-7.28232
BLOCK04/SES043/SA043S28	SES101	-0.391186	-7.67351	-7.28232
BLOCK04/SES043/SA043S28	SES144	-0.806373	-8.0887	-7.28232
BLOCK04/SES044/SA044S10	SES127	-4.10113	-13.3079	-9.20672
BLOCK04/SES044/SA044S10	SES144	-1.27281	-10.4795	-9.20672
BLOCK04/SES044/SA044S10	SES147	-4.05326	-13.26	-9.20672
BLOCK04/SES044/SA044S10	SES148	-2.70699	-11.9137	-9.20672
BLOCK04/SES044/SA044S11	SES101	-0.699021	-8.78309	-8.08407
BLOCK04/SES044/SA044S11	SES144	-0.454137	-8.53821	-8.08407
BLOCK04/SES044/SA044S11	SES147	-2.19296	-10.277	-8.08407
BLOCK04/SES044/SA044S11	SES177	-1.80806	-9.89213	-8.08407
BLOCK04/SES044/SA044S24	SES007	-2.53851	-10.3507	-7.81218
BLOCK04/SES044/SA044S24	SES101	-0.678964	-8.49115	-7.81218
BLOCK04/SES044/SA044S24	SES147	-2.20048	-10.0127	-7.81218
BLOCK04/SES044/SA044S24	SES177	-1.16555	-8.97773	-7.81218
BLOCK04/SES044/SA044S26	SES007	-0.9354	-7.16294	-6.22754
BLOCK04/SES044/SA044S26	SES016	-0.385568	-6.61311	-6.22754
BLOCK04/SES044/SA044S26	SES101	-0.412611	-6.64015	-6.22754
BLOCK04/SES044/SA044S26	SES147	-0.138391	-6.36593	-6.22754
BLOCK04/SES044/SA044S29	SES007	-1.88832	-9.18838	-7.30006
BLOCK04/SES044/SA044S29	SES101	-0.820116	-8.12018	-7.30006
BLOCK04/SES044/SA044S29	SES147	-0.859863	-8.15992	-7.30006
BLOCK04/SES044/SA044S29	SES177	-2.09262	-9.39268	-7.30006
BLOCK04/SES046/SA046S13	SES101	-0.389313	-8.82622	-8.43691
BLOCK04/SES046/SA046S13	SES144	-0.637186	-9.07409	-8.43691
BLOCK04/SES046/SA046S13	SES147	-0.994704	-9.43161	-8.43691
BLOCK04/SES046/SA046S13	SES177	-1.43457	-9.87147	-8.43691
BLOCK04/SES046/SA046S15	SES048	-0.233878	-5.24625	-5.01237
BLOCK04/SES046/SA046S15	SES083	-0.829404	-5.84177	-5.01237
BLOCK04/SES046/SA046S15	SES120	-2.42383	-7.4362	-5.01237
BLOCK04/SES046/SA046S15	SES148	-1.48713	-6.4995	-5.01237
BLOCK04/SES046/SA046S22	SES101	-0.274677	-7.81712	-7.54244
BLOCK04/SES046/SA046S22	SES144	0.493872	-7.04857	-7.54244
BLOCK04/SES046/SA046S22	SES147	-0.883572	-8.42601	-7.54244
BLOCK04/SES046/SA046S22	SES172	-0.118208	-7.66065	-7.54244
BLOCK04/SES046/SA046S25	SES083	-0.620078	-5.98913	-5.36905
BLOCK04/SES046/SA046S25	SES127	-1.06765	-6.4367	-5.36905
BLOCK04/SES046/SA046S25	SES144	-0.631407	-6.00046	-5.36905
BLOCK04/SES046/SA046S25	SES148	-1.25403	-6.62308	-5.36905
BLOCK04/SES046/SA046S28	SES007	-0.893	-7.38932	-6.49632
BLOCK04/SES046/SA046S28	SES105	-1.75278	-8.2491	-6.49632
BLOCK04/SES046/SA046S28	SES147	-1.35066	-7.84698	-6.49632
BLOCK04/SES046/SA046S28	SES148	-1.80665	-8.30297	-6.49632
BLOCK04/SES049/SA049S16	SES104	-1.10672	-9.58281	-8.47609
BLOCK04/SES049/SA049S16	SES106	-2.34725	-10.8233	-8.47609
BLOCK04/SES049/SA049S16	SES120	-1.99712	-10.4732	-8.47609
BLOCK04/SES049/SA049S16	SES206	-1.30064	-9.77673	-8.47609
BLOCK04/SES049/SA049S18	SES099	-0.525637	-8.86082	-8.33518
BLOCK04/SES049/SA049S18	SES104	-1.3555	-9.69068	-8.33518
BLOCK04/SES049/SA049S18	SES125	-1.77939	-10.1146	-8.33518
BLOCK04/SES049/SA049S18	SES206	-2.31796	-10.6531	-8.33518
BLOCK04/SES049/SA049S25	SES087	-1.12225	-10.204	-9.08175
BLOCK04/SES049/SA049S25	SES104	-0.816651	-9.89841	-9.08175
BLOCK04/SES049/SA049S25	SES125	-1.54444	-10.6262	-9.08175
BLOCK04/SES049/SA049S25	SES206	-0.969124	-10.0509	-9.08175
BLOCK04/SES049/SA049S27	SES099	-0.430245	-5.76493	-5.33468
BLOCK04/SES049/SA049S27	SES104	-0.0866642	-5.42135	-5.33468
BLOCK04/SES049/SA049S27	SES125	-1.70145	-7.03613	-5.33468
BLOCK04/SES049/SA049S27	SES206	-1.53661	-6.87129	-5.33468
BLOCK04/SES049/SA049S29	SES099	-0.105347	-6.65897	-6.55363
BLOCK04/SES049/SA049S29	SES104	0.299009	-6.25462	-6.55363
BLOCK04/SES049/SA049S29	SES125	-0.346313	-6.89994	-6.55363
BLOCK04/SES049/SA049S29	SES206	-0.758769	-7.3124	-6.55363
BLOCK06/SES063/SA063S09	SES068	-2.82751	-11.76	-8.93249
BLOCK06/SES063/SA063S09	SES083	-0.847151	-9.77964	-8.93249
BLOCK06/SES063/SA063S09	SES177	-1.05342	-9.98592	-8.93249
BLOCK06/SES063/SA063S09	SES187	-1.23105	-10.1635	-8.93249
BLOCK06/SES063/SA063S10	SES068	-1.83781	-10.3742	-8.53637
BLOCK06/SES063/SA063S10	SES083	-1.43679	-9.97316	-8.53637
BLOCK06/SES063/SA063S10	SES172	-1.73499	-10.2714	-8.53637
BLOCK06/SES063/SA063S10	SES187	-0.96894	-9.50531	-8.53637
BLOCK06/SES063/SA063S20	SES068	-2.60132	-11.8041	-9.20274
BLOCK06/SES063/SA063S20	SES083	-0.713682	-9.91643	-9.20274
BLOCK06/SES063/SA063S20	SES172	-0.525461	-9.72821	-9.20274
BLOCK06/SES063/SA063S20	SES187	-0.888137	-10.0909	-9.20274
BLOCK06/SES063/SA063S24	SES029	-2.37636	-11.2143	-8.83792
BLOCK06/SES063/SA063S24	SES083	-0.277712	-9.11564	-8.83792
BLOCK06/SES063/SA063S24	SES177	-1.32097	-10.1589	-8.83792
BLOCK06/SES063/SA063S24	SES189	-0.930929	-9.76885	-8.83792
BLOCK06/SES063/SA063S27	SES083	-1.10311	-9.76258	-8.65948
BLOCK06/SES063/SA063S27	SES172	-1.21503	-9.87451	-8.65948
BLOCK06/SES063/SA063S27	SES187	-1.43913	-10.0986	-8.65948
BLOCK06/SES063/SA063S27	SES292	-1.73982	-10.3993	-8.65948
BLOCK06/SES067/SA067S12	SES083	-1.72432	-8.03381	-6.30949
BLOCK06/SES067/SA067S12	SES172	-1.63954	-7.94904	-6.30949
BLOCK06/SES067/SA067S12	SES202	-1.32938	-7.63888	-6.30949
BLOCK06/SES067/SA067S12	SES292	-1.27051	-7.58001	-6.30949
BLOCK06/SES067/SA067S14	SES085	-0.986135	-5.20625	-4.22011
BLOCK06/SES067/SA067S14	SES177	-1.90561	-6.12572	-4.22011
BLOCK06/SES067/SA067S14	SES183	0.500171	-3.71994	-4.22011
BLOCK06/SES067/SA067S14	SES202	-1.28997	-5.51008	-4.22011
BLOCK06/SES067/SA067S21	SES144	-0.66999	-8.30466	-7.63468
BLOCK06/SES067/SA067S21	SES177	-1.56307	-9.19774	-7.63468
BLOCK06/SES067/SA067S21	SES183	-0.334538	-7.96921	-7.63468
BLOCK06/SES067/SA067S21	SES189	-0.951318	-8.58599	-7.63468
BLOCK06/SES067/SA067S25	SES085	-2.85818	-9.81967	-6.96149
BLOCK06/SES067/SA067S25	SES177	-1.54056	-8.50205	-6.96149
BLOCK06/SES067/SA067S25	SES183	-1.0867	-8.04819	-6.96149
BLOCK06/SES067/SA067S25	SES202	-1.37108	-8.33258	-6.96149
BLOCK06/SES067/SA067S29	SES085	-5.28731	-13.7114	-8.42408
BLOCK06/SES067/SA067S29	SES177	-3.59004	-12.0141	-8.42408
BLOCK06/SES067/SA067S29	SES183	-0.741195	-9.16528	-8.42408
BLOCK06/SES067/SA067S29	SES202	-1.72882	-10.1529	-8.42408
BLOCK06/SES069/SA069S12	SES029	-1.84426	-8.14133	-6.29707
BLOCK06/SES069/SA069S12	SES082	-0.309755	-6.60683	-6.29707
BLOCK06/SES069/SA069S12	SES087	-0.788459	-7.08553	-6.29707
BLOCK06/SES069/SA069S12	SES206	-0.520411	-6.81748	-6.29707
BLOCK06/SES069/SA069S13	SES029	-1.85349	-7.43694	-5.58345
BLOCK06/SES069/SA069S13	SES087	-0.380834	-5.96428	-5.58345
BLOCK06/SES069/SA069S13	SES206	-1.5457	-7.12915	-5.58345
BLOCK06/SES069/SA069S13	SES226	-0.032402	-5.61585	-5.58345
BLOCK06/SES069/SA069S23	SES029	-0.548781	-4.82142	-4.27264
BLOCK06/SES069/SA069S23	SES087	0.386168	-3.88647	-4.27264
BLOCK06/SES069/SA069S23	SES206	-0.92261	-5.19525	-4.27264
BLOCK06/SES069/SA069S23	SES226	0.201054	-4.07158	-4.27264
BLOCK06/SES069/SA069S25	SES087	-0.941035	-6.93036	-5.98932
BLOCK06/SES069/SA069S25	SES206	-2.04519	-8.03451	-5.98932
BLOCK06/SES069/SA069S25	SES226	-0.963562	-6.95289	-5.98932
BLOCK06/SES069/SA069S25	SES270	-1.41997	-7.40929	-5.98932
BLOCK06/SES069/SA069S27	SES087	-0.7991	-7.80499	-7.00589
BLOCK06/SES069/SA069S27	SES206	-0.900681	-7.90657	-7.00589
BLOCK06/SES069/SA069S27	SES226	0.0468307	-6.95906	-7.00589
BLOCK06/SES069/SA069S27	SES270	-1.63608	-8.64197	-7.00589
BLOCK08/SES081/SA081S11	SES060	-1.32492	-8.73394	-7.40901
BLOCK08/SES081/SA081S11	SES062	-1.09923	-8.50824	-7.40901
BLOCK08/SES081/SA081S11	SES117	-2.25599	-9.665	-7.40901
BLOCK08/SES081/SA081S11	SES162	-2.33584	-9.74485	-7.40901
BLOCK08/SES081/SA081S13	SES016	-2.09236	-8.3598	-6.26743
BLOCK08/SES081/SA081S13	SES060	-0.540725	-6.80816	-6.26743
BLOCK08/SES081/SA081S13	SES068	-0.599299	-6.86673	-6.26743
BLOCK08/SES081/SA081S13	SES129	-2.23716	-8.5046	-6.26743
BLOCK08/SES081/SA081S24	SES060	-0.103502	-7.09635	-6.99285
BLOCK08/SES081/SA081S24	SES068	-0.515153	-7.50801	-6.99285
BLOCK08/SES081/SA081S24	SES117	-0.99257	-7.98542	-6.99285
BLOCK08/SES081/SA081S24	SES275	-0.952394	-7.94525	-6.99285
BLOCK08/SES081/SA081S27	SES007	-0.96125	-10.2118	-9.2505
BLOCK08/SES081/SA081S27	SES060	-1.08468	-10.3352	-9.2505
BLOCK08/SES081/SA081S27	SES117	-1.2664	-10.5169	-9.2505
BLOCK08/SES081/SA081S27	SES275	-2.48745	-11.738	-9.2505
BLOCK08/SES081/SA081S29	SES007	0.00529861	-9.78945	-9.79475
BLOCK08/SES081/SA081S29	SES060	-0.548813	-10.3436	-9.79475
BLOCK08/SES081/SA081S29	SES117	-0.82317	-10.6179	-9.79475
BLOCK08/SES081/SA081S29	SES275	-2.42392	-12.2187	-9.79475
BLOCK08/SES086/SA086S11	SES029	-2.93298	-12.4472	-9.51417
BLOCK08/SES086/SA086S11	SES082	-1.34385	-10.858	-9.51417
BLOCK08/SES086/SA086S11	SES087	-0.232357	-9.74653	-9.51417
BLOCK08/SES086/SA086S11	SES206	-1.58759	-11.1018	-9.51417
BLOCK08/SES086/SA086S12	SES029	-1.92404	-10.6708	-8.74679
BLOCK08/SES086/SA086S12	SES082	-1.56082	-10.3076	-8.74679
BLOCK08/SES086/SA086S12	SES087	0.799802	-7.94699	-8.74679
BLOCK08/SES086/SA086S12	SES206	-0.756286	-9.50308	-8.74679
BLOCK08/SES086/SA086S20	SES029	-2.41242	-9.95719	-7.54477
BLOCK08/SES086/SA086S20	SES082	-1.17096	-8.71572	-7.54477
BLOCK08/SES086/SA086S20	SES087	-0.514245	-8.05901	-7.54477
BLOCK08/SES086/SA086S20	SES206	-0.35735	-7.90212	-7.54477
BLOCK08/SES086/SA086S24	SES087	-0.0389614	-9.10765	-9.06869
BLOCK08/SES086/SA086S24	SES104	-0.41596	-9.48465	-9.06869
BLOCK08/SES086/SA086S24	SES120	-0.422331	-9.49102	-9.06869
BLOCK08/SES086/SA086S24	SES206	0.485785	-8.5829	-9.06869
BLOCK08/SES086/SA086S28	SES029	-2.51413	-9.57704	-7.06292
BLOCK08/SES086/SA086S28	SES082	-0.960658	-8.02357	-7.06292
BLOCK08/SES086/SA086S28	SES087	-0.0162401	-7.07916	-7.06292
BLOCK08/SES086/SA086S28	SES206	-0.143866	-7.20678	-7.06292
BLOCK08/SES089/SA089S13	SES087	-0.544136	-9.48774	-8.9436
BLOCK08/SES089/SA089S13	SES206	-1.85013	-10.7937	-8.9436
BLOCK08/SES089/SA089S13	SES226	-0.681447	-9.62505	-8.9436
BLOCK08/SES089/SA089S13	SES270	-0.560744	-9.50434	-8.9436
BLOCK08/SES089/SA089S14	SES062	-1.71032	-9.58396	-7.87364
BLOCK08/SES089/SA089S14	SES087	-0.429746	-8.30339	-7.87364
BLOCK08/SES089/SA089S14	SES206	-1.20359	-9.07723	-7.87364
BLOCK08/SES089/SA089S14	SES226	-1.52706	-9.4007	-7.87364
BLOCK08/SES089/SA089S23	SES087	-0.631184	-11.4002	-10.769
BLOCK08/SES089/SA089S23	SES206	-1.37769	-12.1467	-10.769
BLOCK08/SES089/SA089S23	SES226	-2.28141	-13.0505	-10.769
BLOCK08/SES089/SA089S23	SES270	-2.20113	-12.9702	-10.769
BLOCK08/SES089/SA089S25	SES062	-1.32714	-9.39634	-8.06919
BLOCK08/SES089/SA089S25	SES087	0.173007	-7.89619	-8.06919
BLOCK08/SES089/SA089S25	SES206	-0.600825	-8.67002	-8.06919
BLOCK08/SES089/SA089S25	SES226	-0.619626	-8.68882	-8.06919
BLOCK08/SES089/SA089S28	SES062	-1.12956	-8.44561	-7.31605
BLOCK08/SES089/SA089S28	SES087	-0.101479	-7.41753	-7.31605
BLOCK08/SES089/SA089S28	SES206	-0.713267	-8.02932	-7.31605
BLOCK08/SES089/SA089S28	SES226	-0.504635	-7.82069	-7.31605
BLOCK09/SES097/SA097S11	SES099	0.100583	-7.85174	-7.95232
BLOCK09/SES097/SA097S11	SES125	-1.48586	-9.43818	-7.95232
BLOCK09/SES097/SA097S11	SES206	-1.20649	-9.15881	-7.95232
BLOCK09/SES097/SA097S11	SES226	0.477407	-7.47491	-7.95232
BLOCK09/SES097/SA097S14	SES062	-2.33298	-9.04012	-6.70714
BLOCK09/SES097/SA097S14	SES099	-1.31469	-8.02183	-6.70714
BLOCK09/SES097/SA097S14	SES104	-1.88042	-8.58756	-6.70714
BLOCK09/SES097/SA097S14	SES206	-2.40037	-9.10752	-6.70714
BLOCK09/SES097/SA097S22	SES099	-0.435045	-7.9785	-7.54346
BLOCK09/SES097/SA097S22	SES206	-1.70759	-9.25105	-7.54346
BLOCK09/SES097/SA097S22	SES226	-1.33723	-8.88069	-7.54346
BLOCK09/SES097/SA097S22	SES270	-1.38486	-8.92832	-7.54346
BLOCK09/SES097/SA097S26	SES099	0.377927	-7.89677	-8.27469
BLOCK09/SES097/SA097S26	SES120	-0.568906	-8.8436	-8.27469
BLOCK09/SES097/SA097S26	SES206	-1.73708	-10.0118	-8.27469
BLOCK09/SES097/SA097S26	SES226	-0.414081	-8.68877	-8.27469
BLOCK09/SES097/SA097S28	SES099	0.419988	-6.59147	-7.01146
BLOCK09/SES097/SA097S28	SES120	-0.886203	-7.89766	-7.01146
BLOCK09/SES097/SA097S28	SES206	-1.06152	-8.07298	-7.01146
BLOCK09/SES097/SA097S28	SES226	-1.30432	-8.31578	-7.01146
BLOCK09/SES098/SA098S11	SES127	-1.80123	-8.96725	-7.16602
BLOCK09/SES098/SA098S11	SES144	-0.939067	-8.10509	-7.16602
BLOCK09/SES098/SA098S11	SES147	-0.722129	-7.88815	-7.16602
BLOCK09/SES098/SA098S11	SES148	-2.45555	-9.62157	-7.16602
BLOCK09/SES098/SA098S12	SES127	-3.22379	-11.959	-8.73518
BLOCK09/SES098/SA098S12	SES144	-2.28381	-11.019	-8.73518
BLOCK09/SES098/SA098S12	SES147	-1.57655	-10.3117	-8.73518
BLOCK09/SES098/SA098S12	SES189	-2.5367	-11.2719	-8.73518
BLOCK09/SES098/SA098S20	SES127	-3.42307	-13.0184	-9.59535
BLOCK09/SES098/SA098S20	SES147	-2.69063	-12.286	-9.59535
BLOCK09/SES098/SA098S20	SES148	-4.7581	-14.3534	-9.59535
BLOCK09/SES098/SA098S20	SES292	-0.0834475	-9.67879	-9.59535
BLOCK09/SES098/SA098S23	SES127	-2.19813	-10.1671	-7.96899
BLOCK09/SES098/SA098S23	SES147	-1.72913	-9.69812	-7.96899
BLOCK09/SES098/SA098S23	SES187	-1.1124	-9.08139	-7.96899
BLOCK09/SES098/SA098S23	SES292	-1.487	-9.45599	-7.96899
BLOCK09/SES098/SA098S27	SES127	-3.78818	-12.0954	-8.30727
BLOCK09/SES098/SA098S27	SES147	-2.25601	-10.5633	-8.30727
BLOCK09/SES098/SA098S27	SES148	-3.52278	-11.83	-8.30727
BLOCK09/SES098/SA098S27	SES292	-0.767048	-9.07431	-8.30727
BLOCK10/SES102/SA102S13	SES101	-0.702619	-10.2468	-9.54416
BLOCK10/SES102/SA102S13	SES105	-1.66013	-11.2043	-9.54416
BLOCK10/SES102/SA102S13	SES120	-2.4372	-11.9814	-9.54416
BLOCK10/SES102/SA102S13	SES158	-0.647044	-10.1912	-9.54416
BLOCK10/SES102/SA102S14	SES007	0.539055	-5.3301	-5.86915
BLOCK10/SES102/SA102S14	SES101	-0.977512	-6.84667	-5.86915
BLOCK10/SES102/SA102S14	SES105	-1.66122	-7.53037	-5.86915
BLOCK10/SES102/SA102S14	SES147	-2.12639	-7.99554	-5.86915
BLOCK10/SES102/SA102S22	SES007	-0.757449	-7.24177	-6.48432
BLOCK10/SES102/SA102S22	SES101	-0.868263	-7.35259	-6.48432
BLOCK10/SES102/SA102S22	SES105	-0.652372	-7.13669	-6.48432
BLOCK10/SES102/SA102S22	SES158	-0.953377	-7.4377	-6.48432
BLOCK10/SES102/SA102S25	SES007	-0.0238967	-6.81444	-6.79054
BLOCK10/SES102/SA102S25	SES101	-0.0375385	-6.82808	-6.79054
BLOCK10/SES102/SA102S25	SES105	-1.03932	-7.82986	-6.79054
BLOCK10/SES102/SA102S25	SES147	-1.95994	-8.75048	-6.79054
BLOCK10/SES102/SA102S27	SES007	-0.0432143	-6.30068	-6.25747
BLOCK10/SES102/SA102S27	SES101	-0.218256	-6.47573	-6.25747
BLOCK10/SES102/SA102S27	SES105	-1.17167	-7.42914	-6.25747
BLOCK10/SES102/SA102S27	SES147	-1.72308	-7.98055	-6.25747
BLOCK10/SES103/SA103S14	SES105	-1.26298	-11.0497	-9.78668
BLOCK10/SES103/SA103S14	SES106	-2.07947	-11.8661	-9.78668
BLOCK10/SES103/SA103S14	SES120	-2.08515	-11.8718	-9.78668
BLOCK10/SES103/SA103S14	SES206	-1.76641	-11.5531	-9.78668
BLOCK10/SES103/SA103S15	SES099	-3.70528	-14.3954	-10.6902
BLOCK10/SES103/SA103S15	SES101	-2.28544	-12.9756	-10.6902
BLOCK10/SES103/SA103S15	SES104	-1.26464	-11.9548	-10.6902
BLOCK10/SES103/SA103S15	SES125	-3.34422	-14.0344	-10.6902
BLOCK10/SES103/SA103S24	SES104	-0.907766	-8.59863	-7.69087
BLOCK10/SES103/SA103S24	SES125	-3.84345	-11.5343	-7.69087
BLOCK10/SES103/SA103S24	SES148	-2.77176	-10.4626	-7.69087
BLOCK10/SES103/SA103S24	SES158	-1.97528	-9.66615	-7.69087
BLOCK10/SES103/SA103S26	SES104	-1.13923	-10.0706	-8.93141
BLOCK10/SES103/SA103S26	SES106	-2.24476	-11.1762	-8.93141
BLOCK10/SES103/SA103S26	SES125	-2.77277	-11.7042	-8.93141
BLOCK10/SES103/SA103S26	SES148	-4.59497	-13.5264	-8.93141
BLOCK10/SES103/SA103S28	SES104	-0.991888	-10.8295	-9.83766
BLOCK10/SES103/SA103S28	SES106	-4.40189	-14.2395	-9.83766
BLOCK10/SES103/SA103S28	SES125	-4.1368	-13.9745	-9.83766
BLOCK10/SES103/SA103S28	SES206	-2.81248	-12.6501	-9.83766
BLOCK12/SES121/SA121S12	SES042	-2.26638	-10.2502	-7.98381
BLOCK12/SES121/SA121S12	SES087	-1.27441	-9.25822	-7.98381
BLOCK12/SES121/SA121S12	SES105	-0.893226	-8.87703	-7.98381
BLOCK12/SES121/SA121S12	SES206	-0.143282	-8.12709	-7.98381
BLOCK12/SES121/SA121S14	SES007	-1.28179	-12.4557	-11.1739
BLOCK12/SES121/SA121S14	SES105	-1.97751	-13.1514	-11.1739
BLOCK12/SES121/SA121S14	SES106	-2.06024	-13.2341	-11.1739
BLOCK12/SES121/SA121S14	SES206	-0.583408	-11.7573	-11.1739
BLOCK12/SES121/SA121S23	SES105	-2.04529	-11.9911	-9.94583
BLOCK12/SES121/SA121S23	SES106	-2.40532	-12.3511	-9.94583
BLOCK12/SES121/SA121S23	SES120	-1.43069	-11.3765	-9.94583
BLOCK12/SES121/SA121S23	SES206	0.0435743	-9.90225	-9.94583
BLOCK12/SES121/SA121S25	SES007	-0.569056	-11.5858	-11.0167
BLOCK12/SES121/SA121S25	SES105	-2.02325	-13.04	-11.0167
BLOCK12/SES121/SA121S25	SES106	-0.19323	-11.2099	-11.0167
BLOCK12/SES121/SA121S25	SES206	-0.585616	-11.6023	-11.0167
BLOCK12/SES121/SA121S27	SES087	-0.0979977	-10.9965	-10.8985
BLOCK12/SES121/SA121S27	SES105	-2.343	-13.2415	-10.8985
BLOCK12/SES121/SA121S27	SES120	-0.071558	-10.9701	-10.8985
BLOCK12/SES121/SA121S27	SES206	0.53864	-10.3599	-10.8985
BLOCK12/SES124/SA124S16	SES042	0.150224	-6.70542	-6.85564
BLOCK12/SES124/SA124S16	SES082	-0.765956	-7.6216	-6.85564
BLOCK12/SES124/SA124S16	SES183	-0.699991	-7.55563	-6.85564
BLOCK12/SES124/SA124S16	SES206	-1.67701	-8.53265	-6.85564
BLOCK12/SES124/SA124S17	SES105	-1.40026	-10.3652	-8.96494
BLOCK12/SES124/SA124S17	SES149	-1.13342	-10.0984	-8.96494
BLOCK12/SES124/SA124S17	SES158	-1.887	-10.8519	-8.96494
BLOCK12/SES124/SA124S17	SES275	-0.835567	-9.8005	-8.96494
BLOCK12/SES124/SA124S23	SES105	-2.78357	-9.11768	-6.33411
BLOCK12/SES124/SA124S23	SES125	0.973308	-5.3608	-6.33411
BLOCK12/SES124/SA124S23	SES129	-2.13674	-8.47085	-6.33411
BLOCK12/SES124/SA124S23	SES158	-1.22545	-7.55956	-6.33411
BLOCK12/SES124/SA124S26	SES105	-2.23151	-10.5694	-8.33785
BLOCK12/SES124/SA124S26	SES125	-0.416465	-8.75432	-8.33785
BLOCK12/SES124/SA124S26	SES129	-0.934112	-9.27196	-8.33785
BLOCK12/SES124/SA124S26	SES158	-0.337327	-8.67518	-8.33785
BLOCK12/SES124/SA124S28	SES104	0.42227	-6.2366	-6.65887
BLOCK12/SES124/SA124S28	SES106	-0.397438	-7.0563	-6.65887
BLOCK12/SES124/SA124S28	SES125	0.969215	-5.68965	-6.65887
BLOCK12/SES124/SA124S28	SES275	-2.18493	-8.84379	-6.65887
BLOCK12/SES126/SA126S13	SES007	-0.88914	-9.2986	-8.40946
BLOCK12/SES126/SA126S13	SES162	-2.21759	-10.627	-8.40946
BLOCK12/SES126/SA126S13	SES177	-1.15509	-9.56455	-8.40946
BLOCK12/SES126/SA126S13	SES180	-1.19302	-9.60248	-8.40946
BLOCK12/SES126/SA126S14	SES144	-0.830543	-7.88713	-7.05659
BLOCK12/SES126/SA126S14	SES148	-1.597	-8.65359	-7.05659
BLOCK12/SES126/SA126S14	SES177	-1.01891	-8.0755	-7.05659
BLOCK12/SES126/SA126S14	SES180	-1.13903	-8.19562	-7.05659
BLOCK12/SES126/SA126S20	SES007	-0.746947	-6.12935	-5.3824
BLOCK12/SES126/SA126S20	SES162	-1.23913	-6.62153	-5.3824
BLOCK12/SES126/SA126S20	SES172	-0.785843	-6.16824	-5.3824
BLOCK12/SES126/SA126S20	SES180	-0.400841	-5.78324	-5.3824
BLOCK12/SES126/SA126S24	SES120	-0.194643	-6.8904	-6.69576
BLOCK12/SES126/SA126S24	SES162	-1.55684	-8.25261	-6.69576
BLOCK12/SES126/SA126S24	SES177	-0.509155	-7.20492	-6.69576
BLOCK12/SES126/SA126S24	SES180	-0.496346	-7.19211	-6.69576
BLOCK12/SES126/SA126S26	SES120	0.071804	-6.54016	-6.61196
BLOCK12/SES126/SA126S26	SES177	-1.19783	-7.8098	-6.61196
BLOCK12/SES126/SA126S26	SES180	-0.0344882	-6.64645	-6.61196
BLOCK12/SES126/SA126S26	SES202	-1.05699	-7.66895	-6.61196
BLOCK12/SES128/SA128S10	SES087	-1.52544	-8.64936	-7.12392
BLOCK12/SES128/SA128S10	SES206	-1.13942	-8.26334	-7.12392
BLOCK12/SES128/SA128S10	SES226	-1.03825	-8.16217	-7.12392
BLOCK12/SES128/SA128S10	SES270	-1.41154	-8.53546	-7.12392
BLOCK12/SES128/SA128S12	SES120	-0.0805845	-8.15596	-8.07538
BLOCK12/SES128/SA128S12	SES158	-2.24133	-10.3167	-8.07538
BLOCK12/SES128/SA128S12	SES206	-0.286321	-8.3617	-8.07538
BLOCK12/SES128/SA128S12	SES226	-2.18267	-10.258	-8.07538
BLOCK12/SES128/SA128S21	SES106	-3.2275	-10.2994	-7.07192
BLOCK12/SES128/SA128S21	SES120	-1.05031	-8.12223	-7.07192
BLOCK12/SES128/SA128S21	SES206	-0.671	-7.74292	-7.07192
BLOCK12/SES128/SA128S21	SES226	-0.644568	-7.71649	-7.07192
BLOCK12/SES128/SA128S24	SES087	-1.55618	-9.6937	-8.13752
BLOCK12/SES128/SA128S24	SES120	-0.606504	-8.74402	-8.13752
BLOCK12/SES128/SA128S24	SES206	-0.511031	-8.64855	-8.13752
BLOCK12/SES128/SA128S24	SES226	-1.49862	-9.63613	-8.13752
BLOCK12/SES128/SA128S27	SES099	-0.777944	-7.87816	-7.10022
BLOCK12/SES128/SA128S27	SES120	-0.245559	-7.34577	-7.10022
BLOCK12/SES128/SA128S27	SES206	-0.726853	-7.82707	-7.10022
BLOCK12/SES128/SA128S27	SES226	-1.60736	-8.70757	-7.10022
BLOCK13/SES130/SA130S13	SES143	0.136406	-8.13627	-8.27268
BLOCK13/SES130/SA130S13	SES144	1.01256	-7.26012	-8.27268
BLOCK13/SES130/SA130S13	SES146	-0.991518	-9.26419	-8.27268
BLOCK13/SES130/SA130S13	SES275	-1.24642	-9.5191	-8.27268
BLOCK13/SES130/SA130S15	SES143	-0.436559	-6.6208	-6.18424
BLOCK13/SES130/SA130S15	SES144	0.164908	-6.01933	-6.18424
BLOCK13/SES130/SA130S15	SES146	-0.402325	-6.58656	-6.18424
BLOCK13/SES130/SA130S15	SES275	-1.13082	-7.31506	-6.18424
BLOCK13/SES130/SA130S23	SES127	-0.825238	-7.50239	-6.67715
BLOCK13/SES130/SA130S23	SES144	0.294519	-6.38263	-6.67715
BLOCK13/SES130/SA130S23	SES146	-0.577524	-7.25467	-6.67715
BLOCK13/SES130/SA130S23	SES162	-0.745902	-7.42305	-6.67715
BLOCK13/SES130/SA130S25	SES127	-0.832096	-5.55231	-4.72022
BLOCK13/SES130/SA130S25	SES144	0.0257487	-4.69447	-4.72022
BLOCK13/SES130/SA130S25	SES146	-0.00321007	-4.72343	-4.72022
BLOCK13/SES130/SA130S25	SES275	-1.12981	-5.85003	-4.72022
BLOCK13/SES130/SA130S28	SES127	-0.587342	-7.59361	-7.00627
BLOCK13/SES130/SA130S28	SES144	-1.20463	-8.2109	-7.00627
BLOCK13/SES130/SA130S28	SES146	-0.118064	-7.12433	-7.00627
BLOCK13/SES130/SA130S28	SES275	-1.30038	-8.30665	-7.00627
BLOCK13/SES131/SA131S13	SES002	-2.29544	-10.5944	-8.299
BLOCK13/SES131/SA131S13	SES007	-1.77683	-10.0758	-8.299
BLOCK13/SES131/SA131S13	SES099	-1.09766	-9.39666	-8.299
BLOCK13/SES131/SA131S13	SES105	-1.60591	-9.90491	-8.299
BLOCK13/SES131/SA131S14	SES104	-0.656101	-5.04652	-4.39042
BLOCK13/SES131/SA131S14	SES106	-3.16209	-7.55251	-4.39042
BLOCK13/SES131/SA131S14	SES125	-1.69257	-6.08299	-4.39042
BLOCK13/SES131/SA131S14	SES148	0.0242381	-4.36618	-4.39042
BLOCK13/SES131/SA131S20	SES104	-2.30792	-10.904	-8.59608
BLOCK13/SES131/SA131S20	SES106	-2.96469	-11.5608	-8.59608
BLOCK13/SES131/SA131S20	SES125	-2.47053	-11.0666	-8.59608
BLOCK13/SES131/SA131S20	SES148	-2.08224	-10.6783	-8.59608
BLOCK13/SES131/SA131S22	SES099	-2.23871	-9.0316	-6.7929
BLOCK13/SES131/SA131S22	SES104	-0.912119	-7.70502	-6.7929
BLOCK13/SES131/SA131S22	SES125	-0.8238	-7.6167	-6.7929
BLOCK13/SES131/SA131S22	SES206	-1.64925	-8.44215	-6.7929
BLOCK13/SES131/SA131S29	SES087	-1.76502	-9.83149	-8.06647
BLOCK13/SES131/SA131S29	SES104	-2.60772	-10.6742	-8.06647
BLOCK13/SES131/SA131S29	SES125	-3.86158	-11.9281	-8.06647
BLOCK13/SES131/SA131S29	SES206	-2.70652	-10.773	-8.06647
BLOCK13/SES132/SA132S11	SES083	-1.90212	-10.44	-8.53792
BLOCK13/SES132/SA132S11	SES120	-0.192181	-8.7301	-8.53792
BLOCK13/SES132/SA132S11	SES127	-2.78041	-11.3183	-8.53792
BLOCK13/SES132/SA132S11	SES275	-1.6212	-10.1591	-8.53792
BLOCK13/SES132/SA132S12	SES083	-2.58521	-9.17024	-6.58503
BLOCK13/SES132/SA132S12	SES143	-2.28901	-8.87404	-6.58503
BLOCK13/SES132/SA132S12	SES144	-1.66218	-8.24721	-6.58503
BLOCK13/SES132/SA132S12	SES148	-2.27097	-8.856	-6.58503
BLOCK13/SES132/SA132S22	SES062	-1.00862	-8.63722	-7.62859
BLOCK13/SES132/SA132S22	SES083	-2.13109	-9.75969	-7.62859
BLOCK13/SES132/SA132S22	SES127	-2.01768	-9.64628	-7.62859
BLOCK13/SES132/SA132S22	SES275	-1.68354	-9.31213	-7.62859
BLOCK13/SES132/SA132S24	SES007	-0.615743	-7.1653	-6.54956
BLOCK13/SES132/SA132S24	SES083	-2.6086	-9.15816	-6.54956
BLOCK13/SES132/SA132S24	SES127	-3.32205	-9.87161	-6.54956
BLOCK13/SES132/SA132S24	SES275	-1.74307	-8.29263	-6.54956
BLOCK13/SES132/SA132S27	SES083	-3.49654	-12.2936	-8.79709
BLOCK13/SES132/SA132S27	SES120	0.434708	-8.36238	-8.79709
BLOCK13/SES132/SA132S27	SES127	-5.1886	-13.9857	-8.79709
BLOCK13/SES132/SA132S27	SES275	-2.38706	-11.1841	-8.79709
BLOCK14/SES141/SA141S09	SES143	-0.762396	-6.93426	-6.17187
BLOCK14/SES141/SA141S09	SES144	-0.349766	-6.52163	-6.17187
BLOCK14/SES141/SA141S09	SES162	-0.937546	-7.10941	-6.17187
BLOCK14/SES141/SA141S09	SES180	-0.676635	-6.8485	-6.17187
BLOCK14/SES141/SA141S15	SES127	-0.573047	-7.77256	-7.19951
BLOCK14/SES141/SA141S15	SES144	-0.923769	-8.12328	-7.19951
BLOCK14/SES141/SA141S15	SES162	-1.82321	-9.02273	-7.19951
BLOCK14/SES141/SA141S15	SES180	-0.776243	-7.97576	-7.19951
BLOCK14/SES141/SA141S24	SES127	-1.15681	-9.07388	-7.91707
BLOCK14/SES141/SA141S24	SES144	-1.7419	-9.65897	-7.91707
BLOCK14/SES141/SA141S24	SES162	-1.0344	-8.95147	-7.91707
BLOCK14/SES141/SA141S24	SES183	-1.19054	-9.10761	-7.91707
BLOCK14/SES141/SA141S26	SES142	-0.123457	-8.27082	-8.14736
BLOCK14/SES141/SA141S26	SES144	-1.38286	-9.53023	-8.14736
BLOCK14/SES141/SA141S26	SES172	-0.610523	-8.75789	-8.14736
BLOCK14/SES141/SA141S26	SES180	-0.638252	-8.78562	-8.14736
BLOCK14/SES141/SA141S29	SES127	-0.896456	-7.64234	-6.74589
BLOCK14/SES141/SA141S29	SES142	-0.291944	-7.03783	-6.74589
BLOCK14/SES141/SA141S29	SES144	-0.888996	-7.63488	-6.74589
BLOCK14/SES141/SA141S29	SES180	-0.320584	-7.06647	-6.74589
BLOCK15/SES157/SA157S08	SES083	-1.01472	-7.04825	-6.03353
BLOCK15/SES157/SA157S08	SES127	-0.447453	-6.48099	-6.03353
BLOCK15/SES157/SA157S08	SES148	-0.889139	-6.92267	-6.03353
BLOCK15/SES157/SA157S08	SES292	-1.355	-7.38853	-6.03353
BLOCK15/SES157/SA157S11	SES083	-1.3189	-7.99545	-6.67656
BLOCK15/SES157/SA157S11	SES127	-1.06001	-7.73657	-6.67656
BLOCK15/SES157/SA157S11	SES148	-1.59827	-8.27483	-6.67656
BLOCK15/SES157/SA157S11	SES292	-1.08046	-7.75702	-6.67656
BLOCK15/SES157/SA157S21	SES127	0.172914	-5.14156	-5.31447
BLOCK15/SES157/SA157S21	SES148	0.274079	-5.04039	-5.31447
BLOCK15/SES157/SA157S21	SES158	-3.8732	-9.18767	-5.31447
BLOCK15/SES157/SA157S21	SES292	-1.05898	-6.37345	-5.31447
BLOCK15/SES157/SA157S24	SES127	-1.01899	-8.78155	-7.76256
BLOCK15/SES157/SA157S24	SES148	-0.915764	-8.67833	-7.76256
BLOCK15/SES157/SA157S24	SES183	-1.29785	-9.06041	-7.76256
BLOCK15/SES157/SA157S24	SES292	-1.88064	-9.64321	-7.76256
BLOCK15/SES157/SA157S26	SES007	-0.9008	-7.11425	-6.21345
BLOCK15/SES157/SA157S26	SES127	0.175621	-6.03783	-6.21345
BLOCK15/SES157/SA157S26	SES147	-0.941725	-7.15517	-6.21345
BLOCK15/SES157/SA157S26	SES148	-0.808872	-7.02232	-6.21345
BLOCK16/SES161/SA161S10	SES007	-0.950337	-8.35115	-7.40081
BLOCK16/SES161/SA161S10	SES105	-0.686646	-8.08746	-7.40081
BLOCK16/SES161/SA161S10	SES158	-0.921707	-8.32252	-7.40081
BLOCK16/SES161/SA161S10	SES275	-1.27479	-8.6756	-7.40081
BLOCK16/SES161/SA161S12	SES007	-2.12199	-11.3032	-9.18126
BLOCK16/SES161/SA161S12	SES105	-2.02741	-11.2087	-9.18126
BLOCK16/SES161/SA161S12	SES158	-1.82057	-11.0018	-9.18126
BLOCK16/SES161/SA161S12	SES275	-2.74505	-11.9263	-9.18126
BLOCK16/SES161/SA161S20	SES007	-1.39836	-11.0285	-9.63016
BLOCK16/SES161/SA161S20	SES105	-1.78362	-11.4138	-9.63016
BLOCK16/SES161/SA161S20	SES158	-0.359343	-9.98951	-9.63016
BLOCK16/SES161/SA161S20	SES275	-3.49012	-13.1203	-9.63016
BLOCK16/SES161/SA161S23	SES007	-3.01539	-11.8956	-8.88018
BLOCK16/SES161/SA161S23	SES105	-1.23587	-10.116	-8.88018
BLOCK16/SES161/SA161S23	SES148	-2.28552	-11.1657	-8.88018
BLOCK16/SES161/SA161S23	SES158	-2.69825	-11.5784	-8.88018
BLOCK16/SES161/SA161S28	SES007	-1.32946	-10.7577	-9.42822
BLOCK16/SES161/SA161S28	SES105	-2.96683	-12.3951	-9.42822
BLOCK16/SES161/SA161S28	SES158	-0.69303	-10.1213	-9.42822
BLOCK16/SES161/SA161S28	SES206	-0.600397	-10.0286	-9.42822
BLOCK16/SES164/SA164S11	SES104	-0.761987	-7.6103	-6.84831
BLOCK16/SES164/SA164S11	SES125	-1.00523	-7.85354	-6.84831
BLOCK16/SES164/SA164S11	SES158	-2.49828	-9.34659	-6.84831
BLOCK16/SES164/SA164S11	SES206	-1.98921	-8.83753	-6.84831
BLOCK16/SES164/SA164S13	SES099	-2.38854	-9.86707	-7.47853
BLOCK16/SES164/SA164S13	SES104	-1.60756	-9.08609	-7.47853
BLOCK16/SES164/SA164S13	SES125	-2.50272	-9.98125	-7.47853
BLOCK16/SES164/SA164S13	SES206	-2.90582	-10.3843	-7.47853
BLOCK16/SES164/SA164S24	SES002	0.0821252	-6.95817	-7.0403
BLOCK16/SES164/SA164S24	SES099	-1.09814	-8.13844	-7.0403
BLOCK16/SES164/SA164S24	SES125	-1.25779	-8.29809	-7.0403
BLOCK16/SES164/SA164S24	SES226	-0.297557	-7.33785	-7.0403
BLOCK16/SES164/SA164S27	SES087	-1.47879	-9.82521	-8.34642
BLOCK16/SES164/SA164S27	SES125	-2.39852	-10.7449	-8.34642
BLOCK16/SES164/SA164S27	SES206	-2.42153	-10.7679	-8.34642
BLOCK16/SES164/SA164S27	SES226	-0.761082	-9.1075	-8.34642
BLOCK16/SES164/SA164S29	SES002	-0.424499	-7.38339	-6.95889
BLOCK16/SES164/SA164S29	SES019	-3.04602	-10.0049	-6.95889
BLOCK16/SES164/SA164S29	SES125	-1.61671	-8.5756	-6.95889
BLOCK16/SES164/SA164S29	SES226	-0.945448	-7.90434	-6.95889
BLOCK16/SES169/SA169S13	SES117	-1.43365	-9.27238	-7.83873
BLOCK16/SES169/SA169S13	SES144	-1.12169	-8.96042	-7.83873
BLOCK16/SES169/SA169S13	SES146	-0.8296	-8.66833	-7.83873
BLOCK16/SES169/SA169S13	SES162	-0.937341	-8.77607	-7.83873
BLOCK16/SES169/SA169S14	SES144	-0.554934	-6.23135	-5.67641
BLOCK16/SES169/SA169S14	SES148	0.110367	-5.56605	-5.67641
BLOCK16/SES169/SA169S14	SES177	-0.340649	-6.01706	-5.67641
BLOCK16/SES169/SA169S14	SES180	-0.438013	-6.11443	-5.67641
BLOCK16/SES169/SA169S24	SES117	-1.06965	-8.40878	-7.33913
BLOCK16/SES169/SA169S24	SES144	-1.26904	-8.60817	-7.33913
BLOCK16/SES169/SA169S24	SES146	-1.13332	-8.47246	-7.33913
BLOCK16/SES169/SA169S24	SES162	-0.906814	-8.24595	-7.33913
BLOCK16/SES169/SA169S27	SES127	-1.1492	-8.23141	-7.08221
BLOCK16/SES169/SA169S27	SES129	-0.642597	-7.7248	-7.08221
BLOCK16/SES169/SA169S27	SES144	-1.08017	-8.16237	-7.08221
BLOCK16/SES169/SA169S27	SES146	-0.502326	-7.58453	-7.08221
BLOCK16/SES169/SA169S29	SES144	-0.644261	-6.01131	-5.36705
BLOCK16/SES169/SA169S29	SES162	-0.791784	-6.15884	-5.36705
BLOCK16/SES169/SA169S29	SES177	-1.33918	-6.70624	-5.36705
BLOCK16/SES169/SA169S29	SES180	-1.03718	-6.40424	-5.36705
BLOCK17/SES171/SA171S12	SES083	-1.79844	-8.94286	-7.14442
BLOCK17/SES171/SA171S12	SES148	-1.85546	-8.99988	-7.14442
BLOCK17/SES171/SA171S12	SES172	-2.0398	-9.18422	-7.14442
BLOCK17/SES171/SA171S12	SES292	-2.13841	-9.28283	-7.14442
BLOCK17/SES171/SA171S15	SES148	-2.05443	-9.70023	-7.6458
BLOCK17/SES171/SA171S15	SES177	-1.1531	-8.7989	-7.6458
BLOCK17/SES171/SA171S15	SES180	-3.07876	-10.7246	-7.6458
BLOCK17/SES171/SA171S15	SES292	-1.80559	-9.45139	-7.6458
BLOCK17/SES171/SA171S22	SES007	-0.993516	-5.29017	-4.29666
BLOCK17/SES171/SA171S22	SES148	-0.411427	-4.70808	-4.29666
BLOCK17/SES171/SA171S22	SES177	-1.01341	-5.31007	-4.29666
BLOCK17/SES171/SA171S22	SES180	-2.06039	-6.35704	-4.29666
BLOCK17/SES171/SA171S25	SES101	-1.52819	-9.34906	-7.82086
BLOCK17/SES171/SA171S25	SES120	-2.77293	-10.5938	-7.82086
BLOCK17/SES171/SA171S25	SES177	-1.11217	-8.93303	-7.82086
BLOCK17/SES171/SA171S25	SES180	-1.11939	-8.94025	-7.82086
BLOCK17/SES171/SA171S27	SES177	-1.34541	-9.25032	-7.90491
BLOCK17/SES171/SA171S27	SES180	-2.14603	-10.0509	-7.90491
BLOCK17/SES171/SA171S27	SES189	-0.859237	-8.76415	-7.90491
BLOCK17/SES171/SA171S27	SES292	-1.48816	-9.39307	-7.90491
BLOCK17/SES173/SA173S13	SES162	-2.93362	-10.3375	-7.4039
BLOCK17/SES173/SA173S13	SES177	-1.29832	-8.70221	-7.4039
BLOCK17/SES173/SA173S13	SES180	-0.773975	-8.17787	-7.4039
BLOCK17/SES173/SA173S13	SES292	-0.0536571	-7.45755	-7.4039
BLOCK17/SES173/SA173S14	SES007	-1.65751	-8.45825	-6.80074
BLOCK17/SES173/SA173S14	SES162	-2.71183	-9.51257	-6.80074
BLOCK17/SES173/SA173S14	SES177	-1.51716	-8.3179	-6.80074
BLOCK17/SES173/SA173S14	SES180	-2.06807	-8.86881	-6.80074
BLOCK17/SES173/SA173S24	SES144	-2.0366	-9.89183	-7.85523
BLOCK17/SES173/SA173S24	SES162	-2.03561	-9.89084	-7.85523
BLOCK17/SES173/SA173S24	SES177	-0.574775	-8.43001	-7.85523
BLOCK17/SES173/SA173S24	SES180	-2.23099	-10.0862	-7.85523
BLOCK17/SES173/SA173S27	SES162	-3.4842	-11.7672	-8.28301
BLOCK17/SES173/SA173S27	SES177	-1.37397	-9.65698	-8.28301
BLOCK17/SES173/SA173S27	SES180	-1.92079	-10.2038	-8.28301
BLOCK17/SES173/SA173S27	SES292	-0.112761	-8.39577	-8.28301
BLOCK17/SES173/SA173S29	SES162	-1.67757	-7.77743	-6.09986
BLOCK17/SES173/SA173S29	SES175	-0.602227	-6.70208	-6.09986
BLOCK17/SES173/SA173S29	SES177	-0.621288	-6.72115	-6.09986
BLOCK17/SES173/SA173S29	SES292	-0.356947	-6.4568	-6.09986
BLOCK18/SES182/SA182S10	SES144	-1.55612	-8.11173	-6.55561
BLOCK18/SES182/SA182S10	SES177	-0.991127	-7.54674	-6.55561
BLOCK18/SES182/SA182S10	SES180	-2.56568	-9.12129	-6.55561
BLOCK18/SES182/SA182S10	SES275	-1.81856	-8.37417	-6.55561
BLOCK18/SES182/SA182S12	SES144	-0.310084	-7.1436	-6.83352
BLOCK18/SES182/SA182S12	SES177	-0.600601	-7.43412	-6.83352
BLOCK18/SES182/SA182S12	SES180	-2.09579	-8.92931	-6.83352
BLOCK18/SES182/SA182S12	SES275	-0.552263	-7.38578	-6.83352
BLOCK18/SES182/SA182S21	SES117	-1.06506	-9.74656	-8.6815
BLOCK18/SES182/SA182S21	SES144	-1.19154	-9.87304	-8.6815
BLOCK18/SES182/SA182S21	SES162	-1.13859	-9.82009	-8.6815
BLOCK18/SES182/SA182S21	SES180	-1.96175	-10.6432	-8.6815
BLOCK18/SES182/SA182S23	SES117	-1.44048	-11.2875	-9.84698
BLOCK18/SES182/SA182S23	SES144	-2.87274	-12.7197	-9.84698
BLOCK18/SES182/SA182S23	SES180	-3.78994	-13.6369	-9.84698
BLOCK18/SES182/SA182S23	SES275	-3.4144	-13.2614	-9.84698
BLOCK18/SES182/SA182S25	SES007	0.0630684	-7.79998	-7.86305
BLOCK18/SES182/SA182S25	SES162	-0.920022	-8.78307	-7.86305
BLOCK18/SES182/SA182S25	SES177	-0.493587	-8.35664	-7.86305
BLOCK18/SES182/SA182S25	SES180	-2.28908	-10.1521	-7.86305
BLOCK18/SES184/SA184S12	SES177	-0.201793	-6.77389	-6.57209
BLOCK18/SES184/SA184S12	SES180	0.0613489	-6.51075	-6.57209
BLOCK18/SES184/SA184S12	SES189	-1.94996	-8.52205	-6.57209
BLOCK18/SES184/SA184S12	SES292	-0.0693092	-6.6414	-6.57209
BLOCK18/SES184/SA184S13	SES101	-0.46104	-7.56581	-7.10477
BLOCK18/SES184/SA184S13	SES177	-1.03462	-8.13939	-7.10477
BLOCK18/SES184/SA184S13	SES180	-0.652466	-7.75724	-7.10477
BLOCK18/SES184/SA184S13	SES292	-1.0163	-8.12107	-7.10477
BLOCK18/SES184/SA184S22	SES177	-0.832054	-7.28202	-6.44997
BLOCK18/SES184/SA184S22	SES180	-0.436734	-6.8867	-6.44997
BLOCK18/SES184/SA184S22	SES189	-1.75417	-8.20414	-6.44997
BLOCK18/SES184/SA184S22	SES292	-0.883671	-7.33364	-6.44997
BLOCK18/SES184/SA184S25	SES101	-0.853498	-7.18445	-6.33095
BLOCK18/SES184/SA184S25	SES177	-1.79967	-8.13062	-6.33095
BLOCK18/SES184/SA184S25	SES180	-0.712503	-7.04345	-6.33095
BLOCK18/SES184/SA184S25	SES292	-0.831653	-7.1626	-6.33095
BLOCK18/SES184/SA184S27	SES083	-1.38485	-7.93651	-6.55166
BLOCK18/SES184/SA184S27	SES177	-1.3444	-7.89606	-6.55166
BLOCK18/SES184/SA184S27	SES202	-1.07917	-7.63083	-6.55166
BLOCK18/SES184/SA184S27	SES292	-1.43021	-7.98187	-6.55166
BLOCK20/SES204/SA204S12	SES062	-0.897943	-7.28091	-6.38296
BLOCK20/SES204/SA204S12	SES083	-1.69523	-8.07819	-6.38296
BLOCK20/SES204/SA204S12	SES206	-0.840367	-7.22333	-6.38296
BLOCK20/SES204/SA204S12	SES226	-2.06572	-8.44868	-6.38296
BLOCK20/SES204/SA204S14	SES068	-0.576632	-5.24228	-4.66565
BLOCK20/SES204/SA204S14	SES087	-0.353997	-5.01965	-4.66565
BLOCK20/SES204/SA204S14	SES206	-0.802423	-5.46808	-4.66565
BLOCK20/SES204/SA204S14	SES226	-1.78372	-6.44938	-4.66565
BLOCK20/SES204/SA204S22	SES068	-0.77458	-7.50068	-6.7261
BLOCK20/SES204/SA204S22	SES082	-1.24814	-7.97424	-6.7261
BLOCK20/SES204/SA204S22	SES083	-2.29037	-9.01647	-6.7261
BLOCK20/SES204/SA204S22	SES206	-0.462721	-7.18882	-6.7261
BLOCK20/SES204/SA204S25	SES062	-0.747992	-7.1935	-6.44551
BLOCK20/SES204/SA204S25	SES083	-1.95028	-8.39579	-6.44551
BLOCK20/SES204/SA204S25	SES206	-0.51794	-6.96345	-6.44551
BLOCK20/SES204/SA204S25	SES226	-1.5103	-7.95581	-6.44551
BLOCK20/SES204/SA204S27	SES068	-1.57895	-9.00398	-7.42503
BLOCK20/SES204/SA204S27	SES082	-1.46427	-8.8893	-7.42503
BLOCK20/SES204/SA204S27	SES087	-0.202655	-7.62768	-7.42503
BLOCK20/SES204/SA204S27	SES206	-1.40658	-8.83161	-7.42503
BLOCK20/SES207/SA207S10	SES127	-2.173	-8.30339	-6.1304
BLOCK20/SES207/SA207S10	SES183	-1.1183	-7.2487	-6.1304
BLOCK20/SES207/SA207S10	SES189	-0.827971	-6.95837	-6.1304
BLOCK20/SES207/SA207S10	SES292	-1.3622	-7.49259	-6.1304
BLOCK20/SES207/SA207S11	SES127	-1.48112	-8.2477	-6.76658
BLOCK20/SES207/SA207S11	SES183	-1.46032	-8.2269	-6.76658
BLOCK20/SES207/SA207S11	SES187	-0.945493	-7.71207	-6.76658
BLOCK20/SES207/SA207S11	SES292	-0.690262	-7.45684	-6.76658
BLOCK20/SES207/SA207S25	SES068	-0.848111	-8.51762	-7.6695
BLOCK20/SES207/SA207S25	SES083	-1.27997	-8.94947	-7.6695
BLOCK20/SES207/SA207S25	SES127	-0.23943	-7.90893	-7.6695
BLOCK20/SES207/SA207S25	SES187	-0.692126	-8.36163	-7.6695
BLOCK20/SES207/SA207S27	SES127	-1.33825	-9.26741	-7.92916
BLOCK20/SES207/SA207S27	SES183	-1.84748	-9.77664	-7.92916
BLOCK20/SES207/SA207S27	SES187	-0.997371	-8.92653	-7.92916
BLOCK20/SES207/SA207S27	SES292	-0.853268	-8.78243	-7.92916
BLOCK20/SES207/SA207S29	SES083	-1.96116	-8.32345	-6.3623
BLOCK20/SES207/SA207S29	SES085	-0.76977	-7.13207	-6.3623
BLOCK20/SES207/SA207S29	SES172	-0.240051	-6.60235	-6.3623
BLOCK20/SES207/SA207S29	SES189	-2.95721	-9.3195	-6.3623
BLOCK22/SES221/SA221S12	SES068	0.338223	-5.26098	-5.5992
BLOCK22/SES221/SA221S12	SES143	-1.16759	-6.76679	-5.5992
BLOCK22/SES221/SA221S12	SES175	-0.731211	-6.33041	-5.5992
BLOCK22/SES221/SA221S12	SES202	-0.722053	-6.32125	-5.5992
BLOCK22/SES221/SA221S15	SES085	-0.648324	-7.24251	-6.59419
BLOCK22/SES221/SA221S15	SES143	-1.25822	-7.85241	-6.59419
BLOCK22/SES221/SA221S15	SES175	-0.956885	-7.55107	-6.59419
BLOCK22/SES221/SA221S15	SES187	-1.78906	-8.38325	-6.59419
BLOCK22/SES221/SA221S23	SES068	0.0575109	-6.55468	-6.61219
BLOCK22/SES221/SA221S23	SES143	-1.75145	-8.36365	-6.61219
BLOCK22/SES221/SA221S23	SES175	-1.30888	-7.92107	-6.61219
BLOCK22/SES221/SA221S23	SES189	-1.98684	-8.59903	-6.61219
BLOCK22/SES221/SA221S27	SES085	0.206139	-6.26612	-6.47226
BLOCK22/SES221/SA221S27	SES143	-0.895544	-7.3678	-6.47226
BLOCK22/SES221/SA221S27	SES175	-0.659484	-7.13174	-6.47226
BLOCK22/SES221/SA221S27	SES189	-2.10077	-8.57302	-6.47226
BLOCK22/SES221/SA221S29	SES085	0.178278	-7.83485	-8.01313
BLOCK22/SES221/SA221S29	SES143	-1.07487	-9.08799	-8.01313
BLOCK22/SES221/SA221S29	SES175	-0.699854	-8.71298	-8.01313
BLOCK22/SES221/SA221S29	SES187	-1.48304	-9.49617	-8.01313
BLOCK22/SES223/SA223S11	SES143	-0.939453	-9.27959	-8.34013
BLOCK22/SES223/SA223S11	SES144	-2.5582	-10.8983	-8.34013
BLOCK22/SES223/SA223S11	SES175	-0.903004	-9.24314	-8.34013
BLOCK22/SES223/SA223S11	SES187	-1.13139	-9.47152	-8.34013
BLOCK22/SES223/SA223S13	SES068	-0.0564499	-9.55123	-9.49478
BLOCK22/SES223/SA223S13	SES143	-1.98546	-11.4802	-9.49478
BLOCK22/SES223/SA223S13	SES146	-0.466022	-9.9608	-9.49478
BLOCK22/SES223/SA223S13	SES202	-0.851516	-10.3463	-9.49478
BLOCK22/SES223/SA223S22	SES143	-0.564865	-7.50156	-6.9367
BLOCK22/SES223/SA223S22	SES144	-2.45953	-9.39623	-6.9367
BLOCK22/SES223/SA223S22	SES175	-1.39544	-8.33214	-6.9367
BLOCK22/SES223/SA223S22	SES187	-1.22019	-8.15689	-6.9367
BLOCK22/SES223/SA223S25	SES068	-0.168836	-7.11615	-6.94731
BLOCK22/SES223/SA223S25	SES143	-1.66323	-8.61054	-6.94731
BLOCK22/SES223/SA223S25	SES175	-0.831292	-7.7786	-6.94731
BLOCK22/SES223/SA223S25	SES187	-1.6984	-8.64571	-6.94731
BLOCK22/SES223/SA223S27	SES143	-0.495775	-9.07356	-8.57779
BLOCK22/SES223/SA223S27	SES146	-1.97859	-10.5564	-8.57779
BLOCK22/SES223/SA223S27	SES187	-1.21925	-9.79704	-8.57779
BLOCK22/SES223/SA223S27	SES292	0.459113	-8.11867	-8.57779
BLOCK27/SES273/SA273S12	SES099	0.0615807	-7.62315	-7.68473
BLOCK27/SES273/SA273S12	SES104	0.0808902	-7.60384	-7.68473
BLOCK27/SES273/SA273S12	SES125	-0.576888	-8.26162	-7.68473
BLOCK27/SES273/SA273S12	SES206	0.158697	-7.52603	-7.68473
BLOCK27/SES273/SA273S13	SES099	-0.647165	-6.19	-5.54284
BLOCK27/SES273/SA273S13	SES104	-0.721035	-6.26388	-5.54284
BLOCK27/SES273/SA273S13	SES206	-0.898834	-6.44167	-5.54284
BLOCK27/SES273/SA273S13	SES292	-0.761257	-6.3041	-5.54284
BLOCK27/SES273/SA273S21	SES099	-1.13957	-7.89091	-6.75134
BLOCK27/SES273/SA273S21	SES148	-2.45125	-9.20259	-6.75134
BLOCK27/SES273/SA273S21	SES149	-1.78247	-8.53381	-6.75134
BLOCK27/SES273/SA273S21	SES177	-1.55056	-8.3019	-6.75134
BLOCK27/SES273/SA273S25	SES104	-0.3104	-8.48162	-8.17122
BLOCK27/SES273/SA273S25	SES125	-1.02416	-9.19538	-8.17122
BLOCK27/SES273/SA273S25	SES158	0.417871	-7.75335	-8.17122
BLOCK27/SES273/SA273S25	SES206	-0.160852	-8.33208	-8.17122
BLOCK27/SES273/SA273S27	SES099	-0.987941	-5.64212	-4.65418
BLOCK27/SES273/SA273S27	SES104	-0.796906	-5.45109	-4.65418
BLOCK27/SES273/SA273S27	SES149	-1.10872	-5.7629	-4.65418
BLOCK27/SES273/SA273S27	SES275	-1.24923	-5.90341	-4.65418
BLOCK27/SES274/SA274S10	SES105	-1.89486	-7.0483	-5.15344
BLOCK27/SES274/SA274S10	SES125	-2.9534	-8.10683	-5.15344
BLOCK27/SES274/SA274S10	SES129	-0.141516	-5.29495	-5.15344
BLOCK27/SES274/SA274S10	SES158	-4.29823	-9.45167	-5.15344
BLOCK27/SES274/SA274S11	SES105	-1.59813	-7.843	-6.24488
BLOCK27/SES274/SA274S11	SES149	-1.0014	-7.24627	-6.24488
BLOCK27/SES274/SA274S11	SES158	-1.65804	-7.90292	-6.24488
BLOCK27/SES274/SA274S11	SES275	-1.08769	-7.33257	-6.24488
BLOCK27/SES274/SA274S21	SES105	-1.63111	-8.06973	-6.43862
BLOCK27/SES274/SA274S21	SES129	-0.0942535	-6.53287	-6.43862
BLOCK27/SES274/SA274S21	SES149	-1.30289	-7.74151	-6.43862
BLOCK27/SES274/SA274S21	SES158	-2.93738	-9.376	-6.43862
BLOCK27/SES274/SA274S24	SES105	-1.85995	-8.83237	-6.97242
BLOCK27/SES274/SA274S24	SES129	-0.316513	-7.28893	-6.97242
BLOCK27/SES274/SA274S24	SES149	-1.55394	-8.52636	-6.97242
BLOCK27/SES274/SA274S24	SES158	-3.25952	-10.2319	-6.97242
BLOCK27/SES274/SA274S29	SES105	-1.52313	-7.76279	-6.23965
BLOCK27/SES274/SA274S29	SES106	-2.34012	-8.57977	-6.23965
BLOCK27/SES274/SA274S29	SES120	-0.852705	-7.09236	-6.23965
BLOCK27/SES274/SA274S29	SES275	-1.00182	-7.24147	-6.23965
BLOCK27/SES276/SA276S16	SES148	-1.60027	-8.15457	-6.5543
BLOCK27/SES276/SA276S16	SES172	0.260473	-6.29383	-6.5543
BLOCK27/SES276/SA276S16	SES180	-0.327668	-6.88197	-6.5543
BLOCK27/SES276/SA276S16	SES292	-0.741724	-7.29603	-6.5543
BLOCK27/SES276/SA276S17	SES101	-0.40046	-7.07188	-6.67142
BLOCK27/SES276/SA276S17	SES177	-1.47679	-8.14821	-6.67142
BLOCK27/SES276/SA276S17	SES180	-0.930089	-7.60151	-6.67142
BLOCK27/SES276/SA276S17	SES292	-0.6722	-7.34362	-6.67142
BLOCK27/SES276/SA276S24	SES101	-0.473312	-6.35324	-5.87993
BLOCK27/SES276/SA276S24	SES177	-0.860004	-6.73993	-5.87993
BLOCK27/SES276/SA276S24	SES180	-0.745476	-6.62541	-5.87993
BLOCK27/SES276/SA276S24	SES292	-0.691494	-6.57142	-5.87993
BLOCK27/SES276/SA276S26	SES101	-1.3686	-6.15579	-4.78719
BLOCK27/SES276/SA276S26	SES177	-1.20724	-5.99442	-4.78719
BLOCK27/SES276/SA276S26	SES180	-0.672225	-5.45941	-4.78719
BLOCK27/SES276/SA276S26	SES292	-0.0187569	-4.80594	-4.78719
BLOCK27/SES276/SA276S28	SES101	-1.00609	-5.9506	-4.94451
BLOCK27/SES276/SA276S28	SES177	-1.16664	-6.11116	-4.94451
BLOCK27/SES276/SA276S28	SES180	-0.0697408	-5.01425	-4.94451
BLOCK27/SES276/SA276S28	SES292	-0.0334482	-4.97796	-4.94451
BLOCK27/SES277/SA277S12	SES101	-0.797845	-9.11912	-8.32127
BLOCK27/SES277/SA277S12	SES177	-2.23012	-10.5514	-8.32127
BLOCK27/SES277/SA277S12	SES180	-1.66175	-9.98302	-8.32127
BLOCK27/SES277/SA277S12	SES292	-1.48	-9.80127	-8.32127
BLOCK27/SES277/SA277S14	SES177	-1.14497	-9.34108	-8.1961
BLOCK27/SES277/SA277S14	SES180	-2.27247	-10.4686	-8.1961
BLOCK27/SES277/SA277S14	SES189	-0.462861	-8.65896	-8.1961
BLOCK27/SES277/SA277S14	SES292	-2.13061	-10.3267	-8.1961
BLOCK27/SES277/SA277S21	SES177	-1.83208	-9.07544	-7.24336
BLOCK27/SES277/SA277S21	SES180	-1.41298	-8.65633	-7.24336
BLOCK27/SES277/SA277S21	SES189	-0.810963	-8.05432	-7.24336
BLOCK27/SES277/SA277S21	SES292	-1.60067	-8.84403	-7.24336
BLOCK27/SES277/SA277S24	SES144	-1.42984	-10.0781	-8.64825
BLOCK27/SES277/SA277S24	SES177	-1.79595	-10.4442	-8.64825
BLOCK27/SES277/SA277S24	SES180	-2.0621	-10.7104	-8.64825
BLOCK27/SES277/SA277S24	SES189	-0.890697	-9.53895	-8.64825
BLOCK27/SES277/SA277S29	SES177	-0.3837	-5.38543	-5.00173
BLOCK27/SES277/SA277S29	SES180	-0.969952	-5.97168	-5.00173
BLOCK27/SES277/SA277S29	SES202	-1.23752	-6.23925	-5.00173
BLOCK27/SES277/SA277S29	SES292	-1.3268	-6.32853	-5.00173
BLOCK27/SES279/SA279S09	SES120	-0.874903	-6.63289	-5.75799
BLOCK27/SES279/SA279S09	SES146	-1.71489	-7.47288	-5.75799
BLOCK27/SES279/SA279S09	SES206	-0.149642	-5.90763	-5.75799
BLOCK27/SES279/SA279S09	SES226	-1.87539	-7.63338	-5.75799
BLOCK27/SES279/SA279S10	SES099	-0.410082	-7.19108	-6.781
BLOCK27/SES279/SA279S10	SES206	-0.880874	-7.66187	-6.781
BLOCK27/SES279/SA279S10	SES226	-2.17475	-8.95575	-6.781
BLOCK27/SES279/SA279S10	SES292	-0.0949163	-6.87591	-6.781
BLOCK27/SES279/SA279S20	SES099	-2.50115	-9.9904	-7.48925
BLOCK27/SES279/SA279S20	SES206	-0.662108	-8.15136	-7.48925
BLOCK27/SES279/SA279S20	SES226	-2.82834	-10.3176	-7.48925
BLOCK27/SES279/SA279S20	SES292	-0.720776	-8.21003	-7.48925
BLOCK27/SES279/SA279S26	SES099	0.497705	-8.38059	-8.8783
BLOCK27/SES279/SA279S26	SES206	-0.0346088	-8.91291	-8.8783
BLOCK27/SES279/SA279S26	SES226	-2.1615	-11.0398	-8.8783
BLOCK27/SES279/SA279S26	SES292	0.351683	-8.52662	-8.8783
BLOCK27/SES279/SA279S28	SES099	-0.180504	-5.07793	-4.89743
BLOCK27/SES279/SA279S28	SES120	-0.602332	-5.49976	-4.89743
BLOCK27/SES279/SA279S28	SES177	-1.74622	-6.64365	-4.89743
BLOCK27/SES279/SA279S28	SES206	-0.790454	-5.68788	-4.89743
BLOCK29/SES290/SA290S12	SES162	-0.11005	-5.85749	-5.74744
BLOCK29/SES290/SA290S12	SES177	-0.70308	-6.45052	-5.74744
BLOCK29/SES290/SA290S12	SES180	-0.485553	-6.23299	-5.74744
BLOCK29/SES290/SA290S12	SES292	-0.888937	-6.63638	-5.74744
BLOCK29/SES290/SA290S13	SES007	-0.295524	-6.07544	-5.77991
BLOCK29/SES290/SA290S13	SES162	-1.11008	-6.89	-5.77991
BLOCK29/SES290/SA290S13	SES177	-1.14829	-6.9282	-5.77991
BLOCK29/SES290/SA290S13	SES180	-1.2764	-7.05631	-5.77991
BLOCK29/SES290/SA290S22	SES177	-0.854427	-6.34994	-5.49551
BLOCK29/SES290/SA290S22	SES180	-0.495858	-5.99137	-5.49551
BLOCK29/SES290/SA290S22	SES202	-0.493741	-5.98925	-5.49551
BLOCK29/SES290/SA290S22	SES292	-0.391873	-5.88739	-5.49551
BLOCK29/SES290/SA290S25	SES162	-0.922624	-7.12109	-6.19847
BLOCK29/SES290/SA290S25	SES177	-0.870773	-7.06924	-6.19847
BLOCK29/SES290/SA290S25	SES180	-0.838175	-7.03664	-6.19847
BLOCK29/SES290/SA290S25	SES292	-0.406046	-6.60452	-6.19847
BLOCK29/SES290/SA290S29	SES177	-0.252142	-5.03184	-4.7797
BLOCK29/SES290/SA290S29	SES180	0.18967	-4.59003	-4.7797
BLOCK29/SES290/SA290S29	SES275	-0.0578394	-4.83754	-4.7797
BLOCK29/SES290/SA290S29	SES292	-0.507203	-5.2869	-4.7797
BLOCK29/SES291/SA291S11	SES105	-1.62685	-9.52757	-7.90072
BLOCK29/SES291/SA291S11	SES125	-1.27384	-9.17456	-7.90072
BLOCK29/SES291/SA291S11	SES158	-1.17325	-9.07397	-7.90072
BLOCK29/SES291/SA291S11	SES275	-1.90043	-9.80115	-7.90072
BLOCK29/SES291/SA291S12	SES158	0.85872	-8.00855	-8.86727
BLOCK29/SES291/SA291S12	SES226	-2.11731	-10.9846	-8.86727
BLOCK29/SES291/SA291S12	SES270	-0.0982218	-8.96549	-8.86727
BLOCK29/SES291/SA291S12	SES275	-3.45866	-12.3259	-8.86727
BLOCK29/SES291/SA291S22	SES082	-0.722336	-7.8604	-7.13806
BLOCK29/SES291/SA291S22	SES158	-0.495185	-7.63325	-7.13806
BLOCK29/SES291/SA291S22	SES259	-0.776326	-7.91439	-7.13806
BLOCK29/SES291/SA291S22	SES275	-2.40246	-9.54052	-7.13806
BLOCK29/SES291/SA291S24	SES104	-0.218815	-7.59507	-7.37625
BLOCK29/SES291/SA291S24	SES125	-0.853146	-8.2294	-7.37625
BLOCK29/SES291/SA291S24	SES158	0.0803747	-7.29588	-7.37625
BLOCK29/SES291/SA291S24	SES275	-2.73055	-10.1068	-7.37625
BLOCK29/SES291/SA291S27	SES158	0.210755	-6.1315	-6.34225
BLOCK29/SES291/SA291S27	SES172	-1.84414	-8.18639	-6.34225
BLOCK29/SES291/SA291S27	SES275	-1.68298	-8.02523	-6.34225
BLOCK29/SES291/SA291S27	SES292	-0.784216	-7.12647	-6.34225
