Threshold search:
THR	-8.197432086	9	0(0)	1(1000)
THR	-8.07657196514	8.991	0(0)	0.999(999)
THR	-7.95571184428	8.991	0(0)	0.999(999)
THR	-7.83485172342	8.991	0(0)	0.999(999)
THR	-7.71399160256	8.991	0(0)	0.999(999)
THR	-7.5931314817	8.991	0(0)	0.999(999)
THR	-7.47227136084	8.991	0(0)	0.999(999)
THR	-7.35141123998	8.991	0(0)	0.999(999)
THR	-7.23055111912	8.982	0(0)	0.998(998)
THR	-7.10969099826	8.982	0(0)	0.998(998)
THR	-6.9888308774	8.982	0(0)	0.998(998)
THR	-6.86797075654	8.982	0(0)	0.998(998)
THR	-6.74711063568	8.982	0(0)	0.998(998)
THR	-6.62625051482	8.982	0(0)	0.998(998)
THR	-6.50539039396	8.982	0(0)	0.998(998)
THR	-6.3845302731	8.982	0(0)	0.998(998)
THR	-6.26367015224	8.982	0(0)	0.998(998)
THR	-6.14281003138	8.973	0(0)	0.997(997)
THR	-6.02194991052	8.973	0(0)	0.997(997)
THR	-5.90108978966	8.964	0(0)	0.996(996)
THR	-5.7802296688	8.955	0(0)	0.995(995)
THR	-5.65936954794	8.955	0(0)	0.995(995)
THR	-5.53850942708	8.937	0(0)	0.993(993)
THR	-5.41764930622	8.937	0(0)	0.993(993)
THR	-5.29678918536001	8.928	0(0)	0.992(992)
THR	-5.17592906450001	8.928	0(0)	0.992(992)
THR	-5.05506894364001	8.91	0(0)	0.99(990)
THR	-4.93420882278001	8.901	0(0)	0.989(989)
THR	-4.81334870192001	8.892	0(0)	0.988(988)
THR	-4.69248858106001	8.874	0(0)	0.986(986)
THR	-4.57162846020001	8.856	0(0)	0.984(984)
THR	-4.45076833934001	8.838	0(0)	0.982(982)
THR	-4.32990821848001	8.82	0(0)	0.98(980)
THR	-4.20904809762001	8.775	0(0)	0.975(975)
THR	-4.08818797676001	8.703	0(0)	0.967(967)
THR	-3.96732785590001	8.667	0(0)	0.963(963)
THR	-3.84646773504001	8.586	0(0)	0.954(954)
THR	-3.72560761418001	8.536	0.004(1)	0.948(948)
THR	-3.60474749332001	8.473	0.004(1)	0.941(941)
THR	-3.48388737246001	8.383	0.004(1)	0.931(931)
THR	-3.36302725160001	8.293	0.004(1)	0.921(921)
THR	-3.24216713074001	8.14	0.004(1)	0.904(904)
THR	-3.12130700988001	8.05	0.004(1)	0.894(894)
THR	-3.00044688902001	7.915	0.004(1)	0.879(879)
THR	-2.87958676816001	7.762	0.004(1)	0.862(862)
THR	-2.75872664730001	7.564	0.004(1)	0.84(840)
THR	-2.63786652644001	7.384	0.004(1)	0.82(820)
THR	-2.51700640558	7.168	0.004(1)	0.796(796)
THR	-2.39614628472	7.033	0.004(1)	0.781(781)
THR	-2.27528616386	6.835	0.004(1)	0.759(759)
THR	-2.154426043	6.529	0.004(1)	0.725(725)
THR	-2.03356592214	6.277	0.004(1)	0.697(697)
THR	-1.91270580128	6.034	0.004(1)	0.67(670)
THR	-1.79184568042	5.782	0.004(1)	0.642(642)
THR	-1.67098555956	5.413	0.004(1)	0.601(601)
THR	-1.5501254387	4.9	0.004(1)	0.544(544)
THR	-1.42926531784	4.405	0.004(1)	0.489(489)
THR	-1.30840519698	4	0.004(1)	0.444(444)
THR	-1.18754507612	3.577	0.004(1)	0.397(397)
THR	-1.06668495526	3.01	0.004(1)	0.334(334)
THR	-0.945824834400004	2.632	0.004(1)	0.292(292)
THR	-0.824964713540004	2.218	0.004(1)	0.246(246)
THR	-0.704104592680004	1.763	0.008(2)	0.195(195)
THR	-0.583244471820004	1.43	0.008(2)	0.158(158)
THR	-0.462384350960005	1.047	0.012(3)	0.115(115)
THR	-0.341524230100005	0.768	0.012(3)	0.084(84)
THR	-0.220664109240005	0.529	0.016(4)	0.057(57)
THR	-0.0998039883800045	0.389	0.02(5)	0.041(41)
THR	0.0210561324799955	0.285	0.024(6)	0.029(29)
THR	0.141916253339995	0.221	0.032(8)	0.021(21)
THR	0.262776374199995	0.17	0.044(11)	0.014(14)
THR	0.383636495059995	0.141	0.06(15)	0.009(9)
THR	0.504496615919995	0.163	0.1(25)	0.007(7)
THR	0.625356736779995	0.16	0.124(31)	0.004(4)
THR	0.746216857639995	0.186	0.168(42)	0.002(2)
THR	0.867076978499995	0.218	0.2(50)	0.002(2)
THR	0.987937099359995	0.265	0.256(64)	0.001(1)
THR	1.10879722022	0.312	0.312(78)	0(0)
THR	1.22965734108	0.356	0.356(89)	0(0)
THR	1.35051746194	0.42	0.42(105)	0(0)
THR	1.4713775828	0.496	0.496(124)	0(0)
THR	1.59223770366	0.536	0.536(134)	0(0)
THR	1.71309782452	0.596	0.596(149)	0(0)
THR	1.83395794538	0.68	0.68(170)	0(0)
THR	1.95481806624	0.712	0.712(178)	0(0)
THR	2.0756781871	0.736	0.736(184)	0(0)
THR	2.19653830796	0.776	0.776(194)	0(0)
THR	2.31739842882	0.812	0.812(203)	0(0)
THR	2.43825854968	0.852	0.852(213)	0(0)
THR	2.55911867054	0.884	0.884(221)	0(0)
THR	2.6799787914	0.9	0.9(225)	0(0)
THR	2.80083891226	0.92	0.92(230)	0(0)
THR	2.92169903312	0.94	0.94(235)	0(0)
THR	3.04255915398	0.956	0.956(239)	0(0)
THR	3.16341927484	0.964	0.964(241)	0(0)
THR	3.2842793957	0.968	0.968(242)	0(0)
THR	3.40513951656	0.98	0.98(245)	0(0)
THR	3.52599963742	0.98	0.98(245)	0(0)
THR	3.64685975828	0.98	0.98(245)	0(0)
THR	3.76771987914	0.992	0.992(248)	0(0)
THR	3.88858	0.996	0.996(249)	0(0)
THR	4.00944012086	1	1(250)	0(0)


==============================================
THR: 0.383636495059995
Missed:     15/250=0.0600
FalseAlarm: 9/1000=0.0090
----------------------------------------------
==> CostDetection: 14.1
==============================================
Threshold search:
THR	-5.00788927161	9	0(0)	1(1000)
THR	-4.9151730788939	8.982	0(0)	0.998(998)
THR	-4.8224568861778	8.982	0(0)	0.998(998)
THR	-4.7297406934617	8.973	0(0)	0.997(997)
THR	-4.6370245007456	8.964	0(0)	0.996(996)
THR	-4.5443083080295	8.955	0(0)	0.995(995)
THR	-4.4515921153134	8.946	0(0)	0.994(994)
THR	-4.3588759225973	8.937	0(0)	0.993(993)
THR	-4.2661597298812	8.937	0(0)	0.993(993)
THR	-4.1734435371651	8.919	0(0)	0.991(991)
THR	-4.080727344449	8.91	0(0)	0.99(990)
THR	-3.9880111517329	8.901	0(0)	0.989(989)
THR	-3.8952949590168	8.865	0(0)	0.985(985)
THR	-3.8025787663007	8.82	0(0)	0.98(980)
THR	-3.7098625735846	8.775	0(0)	0.975(975)
THR	-3.6171463808685	8.73	0(0)	0.97(970)
THR	-3.5244301881524	8.694	0(0)	0.966(966)
THR	-3.4317139954363	8.658	0(0)	0.962(962)
THR	-3.3389978027202	8.595	0(0)	0.955(955)
THR	-3.2462816100041	8.541	0(0)	0.949(949)
THR	-3.153565417288	8.442	0(0)	0.938(938)
THR	-3.0608492245719	8.307	0(0)	0.923(923)
THR	-2.9681330318558	8.208	0(0)	0.912(912)
THR	-2.8754168391397	8.109	0(0)	0.901(901)
THR	-2.78270064642359	7.965	0(0)	0.885(885)
THR	-2.68998445370749	7.794	0(0)	0.866(866)
THR	-2.59726826099139	7.614	0(0)	0.846(846)
THR	-2.50455206827529	7.38	0(0)	0.82(820)
THR	-2.41183587555919	7.155	0(0)	0.795(795)
THR	-2.31911968284309	6.912	0(0)	0.768(768)
THR	-2.22640349012699	6.651	0(0)	0.739(739)
THR	-2.13368729741089	6.354	0(0)	0.706(706)
THR	-2.04097110469479	5.985	0(0)	0.665(665)
THR	-1.94825491197869	5.472	0(0)	0.608(608)
THR	-1.85553871926259	5.049	0(0)	0.561(561)
THR	-1.76282252654649	4.662	0(0)	0.518(518)
THR	-1.67010633383039	4.32	0(0)	0.48(480)
THR	-1.57739014111429	3.969	0(0)	0.441(441)
THR	-1.48467394839819	3.555	0(0)	0.395(395)
THR	-1.39195775568209	3.096	0(0)	0.344(344)
THR	-1.29924156296599	2.781	0(0)	0.309(309)
THR	-1.20652537024989	2.421	0(0)	0.269(269)
THR	-1.11380917753379	1.98	0(0)	0.22(220)
THR	-1.02109298481769	1.602	0(0)	0.178(178)
THR	-0.928376792101593	1.251	0(0)	0.139(139)
THR	-0.835660599385493	0.999	0(0)	0.111(111)
THR	-0.742944406669393	0.792	0(0)	0.088(88)
THR	-0.650228213953293	0.621	0(0)	0.069(69)
THR	-0.557512021237193	0.486	0(0)	0.054(54)
THR	-0.464795828521093	0.351	0(0)	0.039(39)
THR	-0.372079635804993	0.225	0(0)	0.025(25)
THR	-0.279363443088893	0.18	0(0)	0.02(20)
THR	-0.186647250372793	0.121	0.004(1)	0.013(13)
THR	-0.0939310576566934	0.093	0.012(3)	0.009(9)
THR	-0.00121486494059339	0.088	0.016(4)	0.008(8)
THR	0.0915013277755066	0.061	0.016(4)	0.005(5)
THR	0.184217520491607	0.047	0.02(5)	0.003(3)
THR	0.276933713207707	0.037	0.028(7)	0.001(1)
THR	0.369649905923807	0.069	0.06(15)	0.001(1)
THR	0.462366098639907	0.081	0.072(18)	0.001(1)
THR	0.555082291356007	0.113	0.104(26)	0.001(1)
THR	0.647798484072107	0.161	0.152(38)	0.001(1)
THR	0.740514676788207	0.188	0.188(47)	0(0)
THR	0.833230869504307	0.22	0.22(55)	0(0)
THR	0.925947062220407	0.26	0.26(65)	0(0)
THR	1.01866325493651	0.28	0.28(70)	0(0)
THR	1.11137944765261	0.316	0.316(79)	0(0)
THR	1.20409564036871	0.364	0.364(91)	0(0)
THR	1.29681183308481	0.4	0.4(100)	0(0)
THR	1.38952802580091	0.448	0.448(112)	0(0)
THR	1.48224421851701	0.508	0.508(127)	0(0)
THR	1.57496041123311	0.548	0.548(137)	0(0)
THR	1.66767660394921	0.584	0.584(146)	0(0)
THR	1.76039279666531	0.632	0.632(158)	0(0)
THR	1.85310898938141	0.676	0.676(169)	0(0)
THR	1.94582518209751	0.724	0.724(181)	0(0)
THR	2.03854137481361	0.76	0.76(190)	0(0)
THR	2.13125756752971	0.788	0.788(197)	0(0)
THR	2.22397376024581	0.808	0.808(202)	0(0)
THR	2.31668995296191	0.848	0.848(212)	0(0)
THR	2.40940614567801	0.892	0.892(223)	0(0)
THR	2.50212233839411	0.904	0.904(226)	0(0)
THR	2.59483853111021	0.916	0.916(229)	0(0)
THR	2.68755472382631	0.928	0.928(232)	0(0)
THR	2.78027091654241	0.944	0.944(236)	0(0)
THR	2.87298710925851	0.948	0.948(237)	0(0)
THR	2.96570330197461	0.964	0.964(241)	0(0)
THR	3.05841949469071	0.968	0.968(242)	0(0)
THR	3.15113568740681	0.972	0.972(243)	0(0)
THR	3.24385188012291	0.976	0.976(244)	0(0)
THR	3.33656807283901	0.976	0.976(244)	0(0)
THR	3.42928426555511	0.98	0.98(245)	0(0)
THR	3.52200045827121	0.984	0.984(246)	0(0)
THR	3.61471665098731	0.984	0.984(246)	0(0)
THR	3.70743284370341	0.984	0.984(246)	0(0)
THR	3.80014903641951	0.984	0.984(246)	0(0)
THR	3.89286522913561	0.988	0.988(247)	0(0)
THR	3.98558142185171	0.988	0.988(247)	0(0)
THR	4.07829761456781	0.992	0.992(248)	0(0)
THR	4.17101380728391	0.992	0.992(248)	0(0)
THR	4.26373000000001	1	1(250)	0(0)


==============================================
THR: 0.276933713207707
Missed:     7/250=0.0280
FalseAlarm: 1/1000=0.0010
----------------------------------------------
==> CostDetection: 3.7
==============================================
Threshold search:
THR	-5.00788927161	9	0(0)	1(1000)
THR	-4.9151730788939	8.982	0(0)	0.998(998)
THR	-4.8224568861778	8.982	0(0)	0.998(998)
THR	-4.7297406934617	8.973	0(0)	0.997(997)
THR	-4.6370245007456	8.964	0(0)	0.996(996)
THR	-4.5443083080295	8.955	0(0)	0.995(995)
THR	-4.4515921153134	8.946	0(0)	0.994(994)
THR	-4.3588759225973	8.937	0(0)	0.993(993)
THR	-4.2661597298812	8.937	0(0)	0.993(993)
THR	-4.1734435371651	8.919	0(0)	0.991(991)
THR	-4.080727344449	8.91	0(0)	0.99(990)
THR	-3.9880111517329	8.901	0(0)	0.989(989)
THR	-3.8952949590168	8.865	0(0)	0.985(985)
THR	-3.8025787663007	8.82	0(0)	0.98(980)
THR	-3.7098625735846	8.775	0(0)	0.975(975)
THR	-3.6171463808685	8.73	0(0)	0.97(970)
THR	-3.5244301881524	8.694	0(0)	0.966(966)
THR	-3.4317139954363	8.658	0(0)	0.962(962)
THR	-3.3389978027202	8.595	0(0)	0.955(955)
THR	-3.2462816100041	8.541	0(0)	0.949(949)
THR	-3.153565417288	8.442	0(0)	0.938(938)
THR	-3.0608492245719	8.307	0(0)	0.923(923)
THR	-2.9681330318558	8.208	0(0)	0.912(912)
THR	-2.8754168391397	8.109	0(0)	0.901(901)
THR	-2.78270064642359	7.965	0(0)	0.885(885)
THR	-2.68998445370749	7.794	0(0)	0.866(866)
THR	-2.59726826099139	7.614	0(0)	0.846(846)
THR	-2.50455206827529	7.38	0(0)	0.82(820)
THR	-2.41183587555919	7.155	0(0)	0.795(795)
THR	-2.31911968284309	6.912	0(0)	0.768(768)
THR	-2.22640349012699	6.651	0(0)	0.739(739)
THR	-2.13368729741089	6.354	0(0)	0.706(706)
THR	-2.04097110469479	5.985	0(0)	0.665(665)
THR	-1.94825491197869	5.472	0(0)	0.608(608)
THR	-1.85553871926259	5.049	0(0)	0.561(561)
THR	-1.76282252654649	4.662	0(0)	0.518(518)
THR	-1.67010633383039	4.32	0(0)	0.48(480)
THR	-1.57739014111429	3.969	0(0)	0.441(441)
THR	-1.48467394839819	3.555	0(0)	0.395(395)
THR	-1.39195775568209	3.096	0(0)	0.344(344)
THR	-1.29924156296599	2.781	0(0)	0.309(309)
THR	-1.20652537024989	2.421	0(0)	0.269(269)
THR	-1.11380917753379	1.98	0(0)	0.22(220)
THR	-1.02109298481769	1.602	0(0)	0.178(178)
THR	-0.928376792101593	1.251	0(0)	0.139(139)
THR	-0.835660599385493	0.999	0(0)	0.111(111)
THR	-0.742944406669393	0.792	0(0)	0.088(88)
THR	-0.650228213953293	0.621	0(0)	0.069(69)
THR	-0.557512021237193	0.486	0(0)	0.054(54)
THR	-0.464795828521093	0.351	0(0)	0.039(39)
THR	-0.372079635804993	0.225	0(0)	0.025(25)
THR	-0.279363443088893	0.18	0(0)	0.02(20)
THR	-0.186647250372793	0.121	0.004(1)	0.013(13)
THR	-0.0939310576566934	0.093	0.012(3)	0.009(9)
THR	-0.00121486494059339	0.088	0.016(4)	0.008(8)
THR	0.0915013277755066	0.061	0.016(4)	0.005(5)
THR	0.184217520491607	0.047	0.02(5)	0.003(3)
THR	0.276933713207707	0.037	0.028(7)	0.001(1)
THR	0.369649905923807	0.069	0.06(15)	0.001(1)
THR	0.462366098639907	0.081	0.072(18)	0.001(1)
THR	0.555082291356007	0.113	0.104(26)	0.001(1)
THR	0.647798484072107	0.161	0.152(38)	0.001(1)
THR	0.740514676788207	0.188	0.188(47)	0(0)
THR	0.833230869504307	0.22	0.22(55)	0(0)
THR	0.925947062220407	0.26	0.26(65)	0(0)
THR	1.01866325493651	0.28	0.28(70)	0(0)
THR	1.11137944765261	0.316	0.316(79)	0(0)
THR	1.20409564036871	0.364	0.364(91)	0(0)
THR	1.29681183308481	0.4	0.4(100)	0(0)
THR	1.38952802580091	0.448	0.448(112)	0(0)
THR	1.48224421851701	0.508	0.508(127)	0(0)
THR	1.57496041123311	0.548	0.548(137)	0(0)
THR	1.66767660394921	0.584	0.584(146)	0(0)
THR	1.76039279666531	0.632	0.632(158)	0(0)
THR	1.85310898938141	0.676	0.676(169)	0(0)
THR	1.94582518209751	0.724	0.724(181)	0(0)
THR	2.03854137481361	0.76	0.76(190)	0(0)
THR	2.13125756752971	0.788	0.788(197)	0(0)
THR	2.22397376024581	0.808	0.808(202)	0(0)
THR	2.31668995296191	0.848	0.848(212)	0(0)
THR	2.40940614567801	0.892	0.892(223)	0(0)
THR	2.50212233839411	0.904	0.904(226)	0(0)
THR	2.59483853111021	0.916	0.916(229)	0(0)
THR	2.68755472382631	0.928	0.928(232)	0(0)
THR	2.78027091654241	0.944	0.944(236)	0(0)
THR	2.87298710925851	0.948	0.948(237)	0(0)
THR	2.96570330197461	0.964	0.964(241)	0(0)
THR	3.05841949469071	0.968	0.968(242)	0(0)
THR	3.15113568740681	0.972	0.972(243)	0(0)
THR	3.24385188012291	0.976	0.976(244)	0(0)
THR	3.33656807283901	0.976	0.976(244)	0(0)
THR	3.42928426555511	0.98	0.98(245)	0(0)
THR	3.52200045827121	0.984	0.984(246)	0(0)
THR	3.61471665098731	0.984	0.984(246)	0(0)
THR	3.70743284370341	0.984	0.984(246)	0(0)
THR	3.80014903641951	0.984	0.984(246)	0(0)
THR	3.89286522913561	0.988	0.988(247)	0(0)
THR	3.98558142185171	0.988	0.988(247)	0(0)
THR	4.07829761456781	0.992	0.992(248)	0(0)
THR	4.17101380728391	0.992	0.992(248)	0(0)
THR	4.26373000000001	1	1(250)	0(0)


==============================================
THR: 0.276933713207707
Missed:     7/250=0.0280
FalseAlarm: 1/1000=0.0010
----------------------------------------------
==> CostDetection: 3.7
==============================================
Threshold search:
THR	-8.197432086	9	0(0)	1(1000)
THR	-8.07657196514	8.991	0(0)	0.999(999)
THR	-7.95571184428	8.991	0(0)	0.999(999)
THR	-7.83485172342	8.991	0(0)	0.999(999)
THR	-7.71399160256	8.991	0(0)	0.999(999)
THR	-7.5931314817	8.991	0(0)	0.999(999)
THR	-7.47227136084	8.991	0(0)	0.999(999)
THR	-7.35141123998	8.991	0(0)	0.999(999)
THR	-7.23055111912	8.982	0(0)	0.998(998)
THR	-7.10969099826	8.982	0(0)	0.998(998)
THR	-6.9888308774	8.982	0(0)	0.998(998)
THR	-6.86797075654	8.982	0(0)	0.998(998)
THR	-6.74711063568	8.982	0(0)	0.998(998)
THR	-6.62625051482	8.982	0(0)	0.998(998)
THR	-6.50539039396	8.982	0(0)	0.998(998)
THR	-6.3845302731	8.982	0(0)	0.998(998)
THR	-6.26367015224	8.982	0(0)	0.998(998)
THR	-6.14281003138	8.973	0(0)	0.997(997)
THR	-6.02194991052	8.973	0(0)	0.997(997)
THR	-5.90108978966	8.964	0(0)	0.996(996)
THR	-5.7802296688	8.955	0(0)	0.995(995)
THR	-5.65936954794	8.955	0(0)	0.995(995)
THR	-5.53850942708	8.937	0(0)	0.993(993)
THR	-5.41764930622	8.937	0(0)	0.993(993)
THR	-5.29678918536001	8.928	0(0)	0.992(992)
THR	-5.17592906450001	8.928	0(0)	0.992(992)
THR	-5.05506894364001	8.91	0(0)	0.99(990)
THR	-4.93420882278001	8.901	0(0)	0.989(989)
THR	-4.81334870192001	8.892	0(0)	0.988(988)
THR	-4.69248858106001	8.874	0(0)	0.986(986)
THR	-4.57162846020001	8.856	0(0)	0.984(984)
THR	-4.45076833934001	8.838	0(0)	0.982(982)
THR	-4.32990821848001	8.82	0(0)	0.98(980)
THR	-4.20904809762001	8.775	0(0)	0.975(975)
THR	-4.08818797676001	8.703	0(0)	0.967(967)
THR	-3.96732785590001	8.667	0(0)	0.963(963)
THR	-3.84646773504001	8.586	0(0)	0.954(954)
THR	-3.72560761418001	8.536	0.004(1)	0.948(948)
THR	-3.60474749332001	8.473	0.004(1)	0.941(941)
THR	-3.48388737246001	8.383	0.004(1)	0.931(931)
THR	-3.36302725160001	8.293	0.004(1)	0.921(921)
THR	-3.24216713074001	8.14	0.004(1)	0.904(904)
THR	-3.12130700988001	8.05	0.004(1)	0.894(894)
THR	-3.00044688902001	7.915	0.004(1)	0.879(879)
THR	-2.87958676816001	7.762	0.004(1)	0.862(862)
THR	-2.75872664730001	7.564	0.004(1)	0.84(840)
THR	-2.63786652644001	7.384	0.004(1)	0.82(820)
THR	-2.51700640558	7.168	0.004(1)	0.796(796)
THR	-2.39614628472	7.033	0.004(1)	0.781(781)
THR	-2.27528616386	6.835	0.004(1)	0.759(759)
THR	-2.154426043	6.529	0.004(1)	0.725(725)
THR	-2.03356592214	6.277	0.004(1)	0.697(697)
THR	-1.91270580128	6.034	0.004(1)	0.67(670)
THR	-1.79184568042	5.782	0.004(1)	0.642(642)
THR	-1.67098555956	5.413	0.004(1)	0.601(601)
THR	-1.5501254387	4.9	0.004(1)	0.544(544)
THR	-1.42926531784	4.405	0.004(1)	0.489(489)
THR	-1.30840519698	4	0.004(1)	0.444(444)
THR	-1.18754507612	3.577	0.004(1)	0.397(397)
THR	-1.06668495526	3.01	0.004(1)	0.334(334)
THR	-0.945824834400004	2.632	0.004(1)	0.292(292)
THR	-0.824964713540004	2.218	0.004(1)	0.246(246)
THR	-0.704104592680004	1.763	0.008(2)	0.195(195)
THR	-0.583244471820004	1.43	0.008(2)	0.158(158)
THR	-0.462384350960005	1.047	0.012(3)	0.115(115)
THR	-0.341524230100005	0.768	0.012(3)	0.084(84)
THR	-0.220664109240005	0.529	0.016(4)	0.057(57)
THR	-0.0998039883800045	0.389	0.02(5)	0.041(41)
THR	0.0210561324799955	0.285	0.024(6)	0.029(29)
THR	0.141916253339995	0.221	0.032(8)	0.021(21)
THR	0.262776374199995	0.17	0.044(11)	0.014(14)
THR	0.383636495059995	0.141	0.06(15)	0.009(9)
THR	0.504496615919995	0.163	0.1(25)	0.007(7)
THR	0.625356736779995	0.16	0.124(31)	0.004(4)
THR	0.746216857639995	0.186	0.168(42)	0.002(2)
THR	0.867076978499995	0.218	0.2(50)	0.002(2)
THR	0.987937099359995	0.265	0.256(64)	0.001(1)
THR	1.10879722022	0.312	0.312(78)	0(0)
THR	1.22965734108	0.356	0.356(89)	0(0)
THR	1.35051746194	0.42	0.42(105)	0(0)
THR	1.4713775828	0.496	0.496(124)	0(0)
THR	1.59223770366	0.536	0.536(134)	0(0)
THR	1.71309782452	0.596	0.596(149)	0(0)
THR	1.83395794538	0.68	0.68(170)	0(0)
THR	1.95481806624	0.712	0.712(178)	0(0)
THR	2.0756781871	0.736	0.736(184)	0(0)
THR	2.19653830796	0.776	0.776(194)	0(0)
THR	2.31739842882	0.812	0.812(203)	0(0)
THR	2.43825854968	0.852	0.852(213)	0(0)
THR	2.55911867054	0.884	0.884(221)	0(0)
THR	2.6799787914	0.9	0.9(225)	0(0)
THR	2.80083891226	0.92	0.92(230)	0(0)
THR	2.92169903312	0.94	0.94(235)	0(0)
THR	3.04255915398	0.956	0.956(239)	0(0)
THR	3.16341927484	0.964	0.964(241)	0(0)
THR	3.2842793957	0.968	0.968(242)	0(0)
THR	3.40513951656	0.98	0.98(245)	0(0)
THR	3.52599963742	0.98	0.98(245)	0(0)
THR	3.64685975828	0.98	0.98(245)	0(0)
THR	3.76771987914	0.992	0.992(248)	0(0)
THR	3.88858	0.996	0.996(249)	0(0)
THR	4.00944012086	1	1(250)	0(0)


==============================================
THR: 0.383636495059995
Missed:     15/250=0.0600
FalseAlarm: 9/1000=0.0090
----------------------------------------------
==> CostDetection: 14.1
==============================================
Threshold search:
THR	-6.39812981429	9	0(0)	1(1000)
THR	-6.2999868161471	8.991	0(0)	0.999(999)
THR	-6.2018438180042	8.991	0(0)	0.999(999)
THR	-6.1037008198613	8.991	0(0)	0.999(999)
THR	-6.0055578217184	8.982	0(0)	0.998(998)
THR	-5.9074148235755	8.982	0(0)	0.998(998)
THR	-5.8092718254326	8.982	0(0)	0.998(998)
THR	-5.7111288272897	8.982	0(0)	0.998(998)
THR	-5.6129858291468	8.982	0(0)	0.998(998)
THR	-5.5148428310039	8.982	0(0)	0.998(998)
THR	-5.416699832861	8.982	0(0)	0.998(998)
THR	-5.3185568347181	8.964	0(0)	0.996(996)
THR	-5.2204138365752	8.964	0(0)	0.996(996)
THR	-5.1222708384323	8.964	0(0)	0.996(996)
THR	-5.0241278402894	8.964	0(0)	0.996(996)
THR	-4.9259848421465	8.964	0(0)	0.996(996)
THR	-4.8278418440036	8.955	0(0)	0.995(995)
THR	-4.7296988458607	8.946	0(0)	0.994(994)
THR	-4.6315558477178	8.946	0(0)	0.994(994)
THR	-4.5334128495749	8.91	0(0)	0.99(990)
THR	-4.435269851432	8.901	0(0)	0.989(989)
THR	-4.3371268532891	8.901	0(0)	0.989(989)
THR	-4.2389838551462	8.901	0(0)	0.989(989)
THR	-4.1408408570033	8.892	0(0)	0.988(988)
THR	-4.0426978588604	8.856	0(0)	0.984(984)
THR	-3.9445548607175	8.847	0(0)	0.983(983)
THR	-3.8464118625746	8.847	0(0)	0.983(983)
THR	-3.7482688644317	8.784	0(0)	0.976(976)
THR	-3.6501258662888	8.775	0(0)	0.975(975)
THR	-3.5519828681459	8.739	0(0)	0.971(971)
THR	-3.453839870003	8.712	0(0)	0.968(968)
THR	-3.3556968718601	8.685	0(0)	0.965(965)
THR	-3.2575538737172	8.64	0(0)	0.96(960)
THR	-3.1594108755743	8.622	0(0)	0.958(958)
THR	-3.0612678774314	8.595	0(0)	0.955(955)
THR	-2.9631248792885	8.514	0(0)	0.946(946)
THR	-2.8649818811456	8.424	0(0)	0.936(936)
THR	-2.7668388830027	8.307	0(0)	0.923(923)
THR	-2.6686958848598	8.226	0(0)	0.914(914)
THR	-2.5705528867169	8.118	0(0)	0.902(902)
THR	-2.472409888574	8.037	0(0)	0.893(893)
THR	-2.3742668904311	7.911	0(0)	0.879(879)
THR	-2.2761238922882	7.776	0(0)	0.864(864)
THR	-2.1779808941453	7.578	0(0)	0.842(842)
THR	-2.0798378960024	7.371	0(0)	0.819(819)
THR	-1.9816948978595	7.2	0(0)	0.8(800)
THR	-1.8835518997166	6.885	0(0)	0.765(765)
THR	-1.7854089015737	6.633	0(0)	0.737(737)
THR	-1.6872659034308	6.372	0(0)	0.708(708)
THR	-1.5891229052879	6.102	0(0)	0.678(678)
THR	-1.490979907145	5.787	0(0)	0.643(643)
THR	-1.3928369090021	5.337	0(0)	0.593(593)
THR	-1.2946939108592	4.905	0(0)	0.545(545)
THR	-1.1965509127163	4.509	0(0)	0.501(501)
THR	-1.0984079145734	4.14	0(0)	0.46(460)
THR	-1.0002649164305	3.753	0(0)	0.417(417)
THR	-0.902121918287596	3.321	0(0)	0.369(369)
THR	-0.803978920144697	2.916	0(0)	0.324(324)
THR	-0.705835922001797	2.515	0.004(1)	0.279(279)
THR	-0.607692923858897	2.186	0.008(2)	0.242(242)
THR	-0.509549925715997	1.789	0.016(4)	0.197(197)
THR	-0.411406927573097	1.514	0.02(5)	0.166(166)
THR	-0.313263929430197	1.238	0.032(8)	0.134(134)
THR	-0.215120931287297	0.97	0.052(13)	0.102(102)
THR	-0.116977933144397	0.791	0.08(20)	0.079(79)
THR	-0.0188349350014967	0.676	0.1(25)	0.064(64)
THR	0.0793080631414033	0.58	0.148(37)	0.048(48)
THR	0.177451061284303	0.516	0.192(48)	0.036(36)
THR	0.275594059427203	0.469	0.244(61)	0.025(25)
THR	0.373737057570103	0.445	0.292(73)	0.017(17)
THR	0.471880055713003	0.457	0.34(85)	0.013(13)
THR	0.570023053855903	0.46	0.388(97)	0.008(8)
THR	0.668166051998803	0.502	0.448(112)	0.006(6)
THR	0.766309050141703	0.549	0.504(126)	0.005(5)
THR	0.864452048284603	0.587	0.56(140)	0.003(3)
THR	0.962595046427503	0.639	0.612(153)	0.003(3)
THR	1.0607380445704	0.69	0.672(168)	0.002(2)
THR	1.1588810427133	0.738	0.72(180)	0.002(2)
THR	1.2570240408562	0.764	0.764(191)	0(0)
THR	1.3551670389991	0.82	0.82(205)	0(0)
THR	1.453310037142	0.868	0.868(217)	0(0)
THR	1.5514530352849	0.884	0.884(221)	0(0)
THR	1.6495960334278	0.916	0.916(229)	0(0)
THR	1.7477390315707	0.924	0.924(231)	0(0)
THR	1.8458820297136	0.936	0.936(234)	0(0)
THR	1.9440250278565	0.952	0.952(238)	0(0)
THR	2.0421680259994	0.964	0.964(241)	0(0)
THR	2.1403110241423	0.972	0.972(243)	0(0)
THR	2.2384540222852	0.976	0.976(244)	0(0)
THR	2.3365970204281	0.98	0.98(245)	0(0)
THR	2.434740018571	0.984	0.984(246)	0(0)
THR	2.5328830167139	0.992	0.992(248)	0(0)
THR	2.6310260148568	0.992	0.992(248)	0(0)
THR	2.7291690129997	0.996	0.996(249)	0(0)
THR	2.8273120111426	0.996	0.996(249)	0(0)
THR	2.9254550092855	0.996	0.996(249)	0(0)
THR	3.0235980074284	0.996	0.996(249)	0(0)
THR	3.1217410055713	0.996	0.996(249)	0(0)
THR	3.2198840037142	0.996	0.996(249)	0(0)
THR	3.3180270018571	0.996	0.996(249)	0(0)
THR	3.41617	1	1(250)	0(0)


==============================================
THR: 0.373737057570103
Missed:     73/250=0.2920
FalseAlarm: 17/1000=0.0170
----------------------------------------------
==> CostDetection: 44.5
==============================================
