BLOCK00/SES002/SA002S12	SES002	2.27258	-60.6042	-62.8767
BLOCK00/SES002/SA002S13	SES002	2.53543	-60.8889	-63.4243
BLOCK00/SES002/SA002S23	SES002	2.34003	-60.5104	-62.8504
BLOCK00/SES002/SA002S26	SES002	2.54268	-60.1478	-62.6905
BLOCK00/SES002/SA002S28	SES002	1.77102	-62.2719	-64.0429
BLOCK00/SES007/SA007S14	SES007	1.77942	-61.1711	-62.9505
BLOCK00/SES007/SA007S15	SES007	0.890148	-63.4272	-64.3173
BLOCK00/SES007/SA007S24	SES007	0.887863	-63.2616	-64.1495
BLOCK00/SES007/SA007S27	SES007	1.03481	-63.1602	-64.195
BLOCK00/SES007/SA007S29	SES007	0.742428	-62.4814	-63.2238
BLOCK00/SES008/SA008S11	SES008	1.43258	-62.6619	-64.0945
BLOCK00/SES008/SA008S12	SES008	0.919643	-63.0402	-63.9598
BLOCK00/SES008/SA008S19	SES008	1.90726	-61.827	-63.7343
BLOCK00/SES008/SA008S22	SES008	1.26546	-63.1217	-64.3872
BLOCK00/SES008/SA008S29	SES008	1.15133	-62.2689	-63.4202
BLOCK01/SES014/SA014S10	SES014	2.75801	-61.7874	-64.5454
BLOCK01/SES014/SA014S12	SES014	3.68581	-58.6373	-62.3232
BLOCK01/SES014/SA014S24	SES014	2.13619	-60.9197	-63.0558
BLOCK01/SES014/SA014S26	SES014	3.37479	-57.8613	-61.236
BLOCK01/SES014/SA014S28	SES014	3.66713	-58.9326	-62.5998
BLOCK01/SES016/SA016S12	SES016	1.47044	-65.1148	-66.5852
BLOCK01/SES016/SA016S13	SES016	1.89207	-63.2692	-65.1613
BLOCK01/SES016/SA016S22	SES016	0.668083	-64.3634	-65.0315
BLOCK01/SES016/SA016S25	SES016	1.78896	-61.0361	-62.8251
BLOCK01/SES016/SA016S27	SES016	1.66241	-61.438	-63.1004
BLOCK01/SES019/SA019S13	SES019	3.20967	-61.9668	-65.1765
BLOCK01/SES019/SA019S14	SES019	2.37259	-61.9803	-64.3529
BLOCK01/SES019/SA019S22	SES019	3.10271	-61.5678	-64.6705
BLOCK01/SES019/SA019S25	SES019	2.83135	-61.9604	-64.7918
BLOCK01/SES019/SA019S29	SES019	3.76585	-60.9669	-64.7328
BLOCK02/SES029/SA029S11	SES029	1.09243	-62.9464	-64.0389
BLOCK02/SES029/SA029S12	SES029	0.429909	-63.3956	-63.8255
BLOCK02/SES029/SA029S20	SES029	0.559303	-64.1219	-64.6812
BLOCK02/SES029/SA029S25	SES029	0.639824	-62.5931	-63.2329
BLOCK02/SES029/SA029S28	SES029	0.887012	-62.7713	-63.6583
BLOCK04/SES042/SA042S12	SES042	2.74379	-59.8232	-62.5669
BLOCK04/SES042/SA042S15	SES042	2.60158	-60.4768	-63.0784
BLOCK04/SES042/SA042S22	SES042	3.8625	-57.6585	-61.521
BLOCK04/SES042/SA042S25	SES042	2.63702	-60.9017	-63.5387
BLOCK04/SES042/SA042S27	SES042	2.38092	-59.4355	-61.8164
BLOCK04/SES048/SA048S11	SES048	1.60884	-61.6908	-63.2997
BLOCK04/SES048/SA048S12	SES048	0.935497	-62.2497	-63.1852
BLOCK04/SES048/SA048S20	SES048	1.38561	-61.6621	-63.0477
BLOCK04/SES048/SA048S23	SES048	1.70926	-62.4661	-64.1753
BLOCK04/SES048/SA048S27	SES048	1.866	-60.6491	-62.5151
BLOCK06/SES060/SA060S11	SES060	1.55296	-62.9572	-64.5101
BLOCK06/SES060/SA060S12	SES060	-0.766541	-65.1633	-64.3968
BLOCK06/SES060/SA060S22	SES060	0.243958	-65.2166	-65.4605
BLOCK06/SES060/SA060S24	SES060	1.29066	-62.5496	-63.8403
BLOCK06/SES060/SA060S28	SES060	1.43675	-60.0457	-61.4824
BLOCK06/SES062/SA062S10	SES062	1.82465	-61.8292	-63.6538
BLOCK06/SES062/SA062S11	SES062	1.52581	-62.4666	-63.9924
BLOCK06/SES062/SA062S21	SES062	2.5242	-59.2293	-61.7535
BLOCK06/SES062/SA062S26	SES062	0.883038	-61.8646	-62.7476
BLOCK06/SES062/SA062S29	SES062	1.82962	-60.6064	-62.436
BLOCK06/SES068/SA068S14	SES068	0.704659	-62.8675	-63.5722
BLOCK06/SES068/SA068S15	SES068	1.64313	-61.1631	-62.8062
BLOCK06/SES068/SA068S23	SES068	1.45596	-62.9451	-64.401
BLOCK06/SES068/SA068S27	SES068	2.28209	-61.2212	-63.5033
BLOCK06/SES068/SA068S29	SES068	1.25611	-62.2257	-63.4818
BLOCK08/SES082/SA082S12	SES082	1.24519	-62.8242	-64.0694
BLOCK08/SES082/SA082S14	SES082	1.1249	-63.1382	-64.2631
BLOCK08/SES082/SA082S21	SES082	0.913761	-62.8903	-63.804
BLOCK08/SES082/SA082S24	SES082	1.36739	-61.8382	-63.2055
BLOCK08/SES082/SA082S28	SES082	0.269936	-63.1475	-63.4175
BLOCK08/SES083/SA083S14	SES083	0.0711861	-63.4348	-63.506
BLOCK08/SES083/SA083S15	SES083	0.395042	-62.6876	-63.0826
BLOCK08/SES083/SA083S24	SES083	0.351444	-63.1597	-63.5111
BLOCK08/SES083/SA083S26	SES083	0.704071	-63.1294	-63.8335
BLOCK08/SES083/SA083S29	SES083	0.163933	-63.2572	-63.4212
BLOCK08/SES085/SA085S10	SES085	0.246452	-63.0913	-63.3377
BLOCK08/SES085/SA085S13	SES085	1.05379	-63.3452	-64.399
BLOCK08/SES085/SA085S22	SES085	-3.78888	-67.5615	-63.7726
BLOCK08/SES085/SA085S26	SES085	-0.465336	-63.9098	-63.4445
BLOCK08/SES085/SA085S28	SES085	0.797997	-62.8961	-63.6941
BLOCK08/SES087/SA087S15	SES087	2.46439	-61.3131	-63.7774
BLOCK08/SES087/SA087S16	SES087	2.31132	-61.4133	-63.7246
BLOCK08/SES087/SA087S24	SES087	2.29969	-61.0243	-63.324
BLOCK08/SES087/SA087S26	SES087	2.16797	-60.0104	-62.1784
BLOCK08/SES087/SA087S29	SES087	2.3372	-61.5048	-63.842
BLOCK09/SES099/SA099S15	SES099	2.12206	-62.2817	-64.4037
BLOCK09/SES099/SA099S16	SES099	1.91303	-61.8562	-63.7692
BLOCK09/SES099/SA099S24	SES099	2.45091	-61.1485	-63.5994
BLOCK09/SES099/SA099S26	SES099	2.14821	-61.4371	-63.5853
BLOCK09/SES099/SA099S29	SES099	2.26563	-60.9795	-63.2451
BLOCK10/SES101/SA101S11	SES101	0.442245	-62.7587	-63.201
BLOCK10/SES101/SA101S13	SES101	1.66903	-61.244	-62.913
BLOCK10/SES101/SA101S22	SES101	1.26055	-63.3052	-64.5657
BLOCK10/SES101/SA101S24	SES101	1.23701	-62.5855	-63.8225
BLOCK10/SES101/SA101S28	SES101	0.00143433	-64.3555	-64.357
BLOCK10/SES104/SA104S11	SES104	1.4367	-60.5133	-61.95
BLOCK10/SES104/SA104S12	SES104	1.80585	-60.9937	-62.7996
BLOCK10/SES104/SA104S21	SES104	1.58814	-61.6681	-63.2562
BLOCK10/SES104/SA104S24	SES104	1.03339	-61.9481	-62.9815
BLOCK10/SES104/SA104S28	SES104	1.769	-61.0038	-62.7728
BLOCK10/SES105/SA105S12	SES105	1.15698	-63.7966	-64.9536
BLOCK10/SES105/SA105S13	SES105	1.25549	-63.5418	-64.7973
BLOCK10/SES105/SA105S22	SES105	1.23254	-64.2374	-65.4699
BLOCK10/SES105/SA105S26	SES105	1.62132	-63.4069	-65.0282
BLOCK10/SES105/SA105S29	SES105	1.10262	-63.3253	-64.4279
BLOCK10/SES106/SA106S09	SES106	1.61773	-63.044	-64.6618
BLOCK10/SES106/SA106S11	SES106	1.95608	-60.9365	-62.8926
BLOCK10/SES106/SA106S22	SES106	3.36989	-61.273	-64.6429
BLOCK10/SES106/SA106S27	SES106	1.81088	-62.2627	-64.0735
BLOCK10/SES106/SA106S29	SES106	1.35347	-61.9842	-63.3376
BLOCK11/SES117/SA117S12	SES117	0.470558	-64.5987	-65.0693
BLOCK11/SES117/SA117S13	SES117	0.409977	-63.4779	-63.8878
BLOCK11/SES117/SA117S23	SES117	1.717	-65.1091	-66.8261
BLOCK11/SES117/SA117S25	SES117	1.48642	-63.9885	-65.4749
BLOCK11/SES117/SA117S28	SES117	1.38815	-64.7012	-66.0894
BLOCK12/SES120/SA120S08	SES120	1.46687	-64.6071	-66.074
BLOCK12/SES120/SA120S11	SES120	0.994125	-65.8282	-66.8223
BLOCK12/SES120/SA120S22	SES120	0.568775	-63.537	-64.1058
BLOCK12/SES120/SA120S24	SES120	0.766201	-63.7818	-64.548
BLOCK12/SES120/SA120S28	SES120	1.00992	-65.1491	-66.1591
BLOCK12/SES125/SA125S13	SES125	2.71639	-60.3684	-63.0848
BLOCK12/SES125/SA125S14	SES125	1.81043	-61.6359	-63.4464
BLOCK12/SES125/SA125S25	SES125	2.32973	-60.9518	-63.2815
BLOCK12/SES125/SA125S27	SES125	2.82506	-59.902	-62.7271
BLOCK12/SES125/SA125S29	SES125	2.15938	-61.2614	-63.4208
BLOCK12/SES127/SA127S11	SES127	1.19469	-63.0786	-64.2733
BLOCK12/SES127/SA127S12	SES127	-0.125	-63.1377	-63.0127
BLOCK12/SES127/SA127S23	SES127	1.09084	-62.74	-63.8308
BLOCK12/SES127/SA127S25	SES127	0.521008	-63.8313	-64.3523
BLOCK12/SES127/SA127S27	SES127	1.75774	-62.4798	-64.2375
BLOCK12/SES129/SA129S11	SES129	1.93471	-61.842	-63.7767
BLOCK12/SES129/SA129S12	SES129	1.79592	-61.9149	-63.7108
BLOCK12/SES129/SA129S22	SES129	1.70511	-62.1748	-63.8799
BLOCK12/SES129/SA129S27	SES129	2.29959	-61.1961	-63.4957
BLOCK12/SES129/SA129S29	SES129	2.08258	-61.1863	-63.2689
BLOCK14/SES142/SA142S11	SES142	2.85377	-62.6881	-65.5419
BLOCK14/SES142/SA142S12	SES142	1.24798	-64.6701	-65.9181
BLOCK14/SES142/SA142S24	SES142	2.52219	-62.6565	-65.1787
BLOCK14/SES142/SA142S27	SES142	3.0019	-62.3977	-65.3996
BLOCK14/SES142/SA142S29	SES142	3.40103	-61.5068	-64.9079
BLOCK14/SES143/SA143S12	SES143	0.852173	-64.1379	-64.9901
BLOCK14/SES143/SA143S13	SES143	0.809937	-64.1441	-64.954
BLOCK14/SES143/SA143S23	SES143	1.12054	-63.7696	-64.8901
BLOCK14/SES143/SA143S25	SES143	0.680199	-63.5074	-64.1876
BLOCK14/SES143/SA143S28	SES143	1.12568	-63.2229	-64.3485
BLOCK14/SES144/SA144S09	SES144	1.21658	-63.0816	-64.2982
BLOCK14/SES144/SA144S11	SES144	1.22381	-63.9449	-65.1687
BLOCK14/SES144/SA144S21	SES144	0.954433	-63.4298	-64.3842
BLOCK14/SES144/SA144S25	SES144	0.957752	-63.9159	-64.8736
BLOCK14/SES144/SA144S29	SES144	0.0357361	-63.6893	-63.7251
BLOCK14/SES146/SA146S14	SES146	1.11312	-63.7572	-64.8703
BLOCK14/SES146/SA146S15	SES146	0.687866	-63.9798	-64.6677
BLOCK14/SES146/SA146S24	SES146	1.00008	-63.7407	-64.7407
BLOCK14/SES146/SA146S26	SES146	1.10265	-64.1546	-65.2573
BLOCK14/SES146/SA146S29	SES146	0.639168	-64.6361	-65.2752
BLOCK14/SES147/SA147S11	SES147	1.96381	-64.13	-66.0938
BLOCK14/SES147/SA147S13	SES147	2.72493	-62.4875	-65.2124
BLOCK14/SES147/SA147S23	SES147	1.62128	-64.1017	-65.723
BLOCK14/SES147/SA147S26	SES147	2.00408	-63.8767	-65.8808
BLOCK14/SES147/SA147S28	SES147	2.12115	-62.9688	-65.09
BLOCK14/SES148/SA148S10	SES148	1.4632	-62.6103	-64.0734
BLOCK14/SES148/SA148S12	SES148	0.761284	-64.0853	-64.8466
BLOCK14/SES148/SA148S22	SES148	1.70625	-61.5673	-63.2736
BLOCK14/SES148/SA148S26	SES148	0.874207	-62.5777	-63.4519
BLOCK14/SES148/SA148S29	SES148	0.875286	-63.6012	-64.4764
BLOCK14/SES149/SA149S13	SES149	0.417454	-62.9303	-63.3477
BLOCK14/SES149/SA149S14	SES149	0.460255	-62.7714	-63.2316
BLOCK14/SES149/SA149S24	SES149	1.77094	-61.9008	-63.6717
BLOCK14/SES149/SA149S26	SES149	2.38592	-61.165	-63.5509
BLOCK14/SES149/SA149S28	SES149	2.96786	-60.0977	-63.0656
BLOCK15/SES158/SA158S13	SES158	1.6308	-62.5567	-64.1875
BLOCK15/SES158/SA158S14	SES158	2.50089	-62.0877	-64.5886
BLOCK15/SES158/SA158S23	SES158	1.80692	-62.0044	-63.8113
BLOCK15/SES158/SA158S26	SES158	2.44256	-61.7827	-64.2252
BLOCK15/SES158/SA158S28	SES158	1.40364	-62.8371	-64.2407
BLOCK16/SES162/SA162S10	SES162	1.49347	-64.2344	-65.7278
BLOCK16/SES162/SA162S11	SES162	1.67331	-62.7754	-64.4487
BLOCK16/SES162/SA162S21	SES162	1.84611	-63.0631	-64.9092
BLOCK16/SES162/SA162S24	SES162	1.57231	-63.1775	-64.7498
BLOCK16/SES162/SA162S27	SES162	1.71561	-63.6244	-65.34
BLOCK16/SES167/SA167S14	SES167	1.15918	-61.9249	-63.084
BLOCK16/SES167/SA167S15	SES167	1.66639	-62.8748	-64.5412
BLOCK16/SES167/SA167S21	SES167	1.34048	-62.2321	-63.5726
BLOCK16/SES167/SA167S25	SES167	2.03152	-62.4307	-64.4622
BLOCK16/SES167/SA167S29	SES167	2.28385	-61.0784	-63.3622
BLOCK17/SES172/SA172S12	SES172	1.74504	-62.4104	-64.1555
BLOCK17/SES172/SA172S13	SES172	2.14106	-63.3444	-65.4855
BLOCK17/SES172/SA172S23	SES172	1.04926	-62.1419	-63.1911
BLOCK17/SES172/SA172S27	SES172	1.04343	-63.3511	-64.3945
BLOCK17/SES172/SA172S29	SES172	1.66496	-62.7142	-64.3792
BLOCK17/SES175/SA175S11	SES175	1.81564	-62.6557	-64.4713
BLOCK17/SES175/SA175S13	SES175	1.36348	-62.8322	-64.1957
BLOCK17/SES175/SA175S23	SES175	2.10941	-62.4721	-64.5815
BLOCK17/SES175/SA175S25	SES175	1.02959	-64.9986	-66.0282
BLOCK17/SES175/SA175S28	SES175	1.54718	-62.6055	-64.1526
BLOCK17/SES177/SA177S15	SES177	0.414486	-63.5414	-63.9559
BLOCK17/SES177/SA177S17	SES177	0.775425	-63.1621	-63.9375
BLOCK17/SES177/SA177S23	SES177	0.395519	-63.6948	-64.0903
BLOCK17/SES177/SA177S26	SES177	1.07425	-61.5723	-62.6466
BLOCK17/SES177/SA177S28	SES177	0.925922	-62.2327	-63.1587
BLOCK18/SES180/SA180S13	SES180	0.967598	-63.3193	-64.2869
BLOCK18/SES180/SA180S15	SES180	0.844685	-63.852	-64.6967
BLOCK18/SES180/SA180S24	SES180	1.29246	-61.9856	-63.2781
BLOCK18/SES180/SA180S26	SES180	1.39124	-62.284	-63.6753
BLOCK18/SES180/SA180S29	SES180	1.42078	-63.6394	-65.0602
BLOCK18/SES183/SA183S13	SES183	1.33629	-64.1508	-65.4871
BLOCK18/SES183/SA183S14	SES183	0.612312	-64.2029	-64.8152
BLOCK18/SES183/SA183S24	SES183	1.30608	-64.4811	-65.7872
BLOCK18/SES183/SA183S27	SES183	1.45844	-63.353	-64.8114
BLOCK18/SES183/SA183S29	SES183	1.23558	-63.0797	-64.3153
BLOCK18/SES187/SA187S13	SES187	0.695663	-64.3147	-65.0104
BLOCK18/SES187/SA187S14	SES187	0.652054	-64.5425	-65.1945
BLOCK18/SES187/SA187S24	SES187	1.73223	-62.9616	-64.6938
BLOCK18/SES187/SA187S27	SES187	1.47689	-63.293	-64.7699
BLOCK18/SES187/SA187S29	SES187	0.950802	-63.8604	-64.8112
BLOCK18/SES189/SA189S10	SES189	2.03482	-65.3133	-67.3482
BLOCK18/SES189/SA189S13	SES189	3.02552	-65.2935	-68.319
BLOCK18/SES189/SA189S24	SES189	2.63161	-64.8502	-67.4818
BLOCK18/SES189/SA189S26	SES189	1.38681	-64.6867	-66.0735
BLOCK18/SES189/SA189S29	SES189	2.3887	-63.9667	-66.3554
BLOCK20/SES202/SA202S12	SES202	1.77505	-64.3671	-66.1421
BLOCK20/SES202/SA202S14	SES202	3.11087	-61.8125	-64.9234
BLOCK20/SES202/SA202S24	SES202	2.23754	-62.8735	-65.111
BLOCK20/SES202/SA202S27	SES202	2.34498	-61.3182	-63.6632
BLOCK20/SES202/SA202S29	SES202	2.76706	-61.1929	-63.96
BLOCK20/SES206/SA206S15	SES206	0.376976	-62.1988	-62.5758
BLOCK20/SES206/SA206S17	SES206	2.26012	-60.1104	-62.3705
BLOCK20/SES206/SA206S24	SES206	1.92133	-60.3185	-62.2398
BLOCK20/SES206/SA206S27	SES206	2.06499	-60.7398	-62.8048
BLOCK20/SES206/SA206S29	SES206	1.89696	-59.8057	-61.7027
BLOCK22/SES226/SA226S12	SES226	1.79802	-62.1087	-63.9067
BLOCK22/SES226/SA226S13	SES226	-0.286518	-63.5023	-63.2158
BLOCK22/SES226/SA226S20	SES226	1.46364	-62.3125	-63.7762
BLOCK22/SES226/SA226S23	SES226	1.45237	-62.0106	-63.463
BLOCK22/SES226/SA226S28	SES226	2.17823	-61.3618	-63.54
BLOCK25/SES259/SA259S13	SES259	3.88858	-60.0298	-63.9184
BLOCK25/SES259/SA259S14	SES259	2.41937	-61.1295	-63.5488
BLOCK25/SES259/SA259S22	SES259	2.62518	-60.7894	-63.4146
BLOCK25/SES259/SA259S24	SES259	2.90685	-59.7063	-62.6131
BLOCK25/SES259/SA259S28	SES259	2.33942	-60.5556	-62.895
BLOCK27/SES270/SA270S14	SES270	2.8983	-62.1097	-65.008
BLOCK27/SES270/SA270S16	SES270	1.2702	-62.6936	-63.9638
BLOCK27/SES270/SA270S22	SES270	2.96786	-61.5332	-64.5011
BLOCK27/SES270/SA270S26	SES270	1.76496	-63.2351	-65.0001
BLOCK27/SES270/SA270S28	SES270	1.50722	-61.8599	-63.3671
BLOCK27/SES275/SA275S17	SES275	1.13826	-63.6329	-64.7711
BLOCK27/SES275/SA275S18	SES275	0.613472	-63.9937	-64.6072
BLOCK27/SES275/SA275S24	SES275	1.26692	-64.6244	-65.8913
BLOCK27/SES275/SA275S26	SES275	1.50802	-62.8968	-64.4048
BLOCK27/SES275/SA275S28	SES275	0.752174	-63.256	-64.0082
BLOCK29/SES292/SA292S10	SES292	0.723312	-63.575	-64.2983
BLOCK29/SES292/SA292S12	SES292	0.517113	-64.3829	-64.9
BLOCK29/SES292/SA292S22	SES292	1.67122	-62.6508	-64.322
BLOCK29/SES292/SA292S24	SES292	0.417519	-63.5113	-63.9289
BLOCK29/SES292/SA292S27	SES292	0.374836	-62.9665	-63.3413
BLOCK00/SES001/SA001S14	SES062	-1.14258	-66.2357	-65.0931
BLOCK00/SES001/SA001S14	SES082	-2.1188	-67.2119	-65.0931
BLOCK00/SES001/SA001S14	SES106	-2.95727	-68.0504	-65.0931
BLOCK00/SES001/SA001S14	SES206	-3.74408	-68.8372	-65.0931
BLOCK00/SES001/SA001S15	SES062	-2.22451	-65.8174	-63.5929
BLOCK00/SES001/SA001S15	SES104	-2.82056	-66.4134	-63.5929
BLOCK00/SES001/SA001S15	SES106	-2.94248	-66.5354	-63.5929
BLOCK00/SES001/SA001S15	SES206	-3.61379	-67.2067	-63.5929
BLOCK00/SES001/SA001S24	SES062	-3.02209	-68.0706	-65.0485
BLOCK00/SES001/SA001S24	SES082	-2.51239	-67.5609	-65.0485
BLOCK00/SES001/SA001S24	SES087	-4.05943	-69.1079	-65.0485
BLOCK00/SES001/SA001S24	SES206	-3.44695	-68.4954	-65.0485
BLOCK00/SES001/SA001S27	SES062	-2.05104	-65.1573	-63.1062
BLOCK00/SES001/SA001S27	SES082	-3.29066	-66.3969	-63.1062
BLOCK00/SES001/SA001S27	SES087	-3.43561	-66.5419	-63.1062
BLOCK00/SES001/SA001S27	SES206	-3.26384	-66.3701	-63.1062
BLOCK00/SES001/SA001S29	SES062	-1.71938	-66.8728	-65.1534
BLOCK00/SES001/SA001S29	SES082	-2.17035	-67.3238	-65.1534
BLOCK00/SES001/SA001S29	SES158	-1.2862	-66.4396	-65.1534
BLOCK00/SES001/SA001S29	SES206	-3.80093	-68.9544	-65.1534
BLOCK00/SES003/SA003S11	SES002	-1.88608	-65.6777	-63.7916
BLOCK00/SES003/SA003S11	SES019	-1.52828	-65.3199	-63.7916
BLOCK00/SES003/SA003S11	SES082	-0.0573082	-63.8489	-63.7916
BLOCK00/SES003/SA003S11	SES125	-1.35336	-65.145	-63.7916
BLOCK00/SES003/SA003S15	SES016	-3.94782	-67.1954	-63.2476
BLOCK00/SES003/SA003S15	SES019	-1.64856	-64.8961	-63.2476
BLOCK00/SES003/SA003S15	SES062	-2.6869	-65.9344	-63.2476
BLOCK00/SES003/SA003S15	SES206	-1.73167	-64.9792	-63.2476
BLOCK00/SES003/SA003S22	SES002	-2.86728	-66.5916	-63.7243
BLOCK00/SES003/SA003S22	SES062	-1.9464	-65.6707	-63.7243
BLOCK00/SES003/SA003S22	SES082	-0.525764	-64.2501	-63.7243
BLOCK00/SES003/SA003S22	SES087	-2.02291	-65.7472	-63.7243
BLOCK00/SES003/SA003S25	SES062	-3.06039	-67.637	-64.5766
BLOCK00/SES003/SA003S25	SES082	-0.00852203	-64.5851	-64.5766
BLOCK00/SES003/SA003S25	SES087	-2.00208	-66.5786	-64.5766
BLOCK00/SES003/SA003S25	SES206	-2.06709	-66.6436	-64.5766
BLOCK00/SES003/SA003S29	SES002	-2.77512	-66.8309	-64.0558
BLOCK00/SES003/SA003S29	SES062	-2.28368	-66.3395	-64.0558
BLOCK00/SES003/SA003S29	SES082	-0.742981	-64.7988	-64.0558
BLOCK00/SES003/SA003S29	SES087	-2.07806	-66.1338	-64.0558
BLOCK00/SES004/SA004S12	SES083	-1.34803	-66.5741	-65.226
BLOCK00/SES004/SA004S12	SES148	-1.56287	-66.7889	-65.226
BLOCK00/SES004/SA004S12	SES172	-1.67691	-66.9029	-65.226
BLOCK00/SES004/SA004S12	SES292	-2.25999	-67.486	-65.226
BLOCK00/SES004/SA004S17	SES083	-1.27031	-66.7572	-65.4869
BLOCK00/SES004/SA004S17	SES162	-1.22874	-66.7157	-65.4869
BLOCK00/SES004/SA004S17	SES172	-1.45965	-66.9466	-65.4869
BLOCK00/SES004/SA004S17	SES292	-1.62534	-67.1123	-65.4869
BLOCK00/SES004/SA004S24	SES083	-1.58009	-66.5117	-64.9316
BLOCK00/SES004/SA004S24	SES148	-2.14798	-67.0796	-64.9316
BLOCK00/SES004/SA004S24	SES172	-1.03134	-65.963	-64.9316
BLOCK00/SES004/SA004S24	SES292	-1.18604	-66.1177	-64.9316
BLOCK00/SES004/SA004S26	SES083	-0.859146	-65.4336	-64.5744
BLOCK00/SES004/SA004S26	SES127	-1.13268	-65.7071	-64.5744
BLOCK00/SES004/SA004S26	SES148	-2.78551	-67.3599	-64.5744
BLOCK00/SES004/SA004S26	SES292	-1.34621	-65.9206	-64.5744
BLOCK00/SES004/SA004S28	SES083	-1.30602	-65.2845	-63.9785
BLOCK00/SES004/SA004S28	SES127	-1.62112	-65.5996	-63.9785
BLOCK00/SES004/SA004S28	SES187	-1.61993	-65.5984	-63.9785
BLOCK00/SES004/SA004S28	SES292	-2.52087	-66.4994	-63.9785
BLOCK00/SES006/SA006S10	SES014	-3.12451	-68.6919	-65.5673
BLOCK00/SES006/SA006S10	SES158	-1.07085	-66.6382	-65.5673
BLOCK00/SES006/SA006S10	SES226	-3.27546	-68.8428	-65.5673
BLOCK00/SES006/SA006S10	SES270	-0.801025	-66.3684	-65.5673
BLOCK00/SES006/SA006S11	SES158	-0.934532	-66.7287	-65.7941
BLOCK00/SES006/SA006S11	SES226	-2.64981	-68.4439	-65.7941
BLOCK00/SES006/SA006S11	SES270	-0.521378	-66.3155	-65.7941
BLOCK00/SES006/SA006S11	SES275	-3.60407	-69.3982	-65.7941
BLOCK00/SES006/SA006S23	SES062	-2.15112	-66.2269	-64.0758
BLOCK00/SES006/SA006S23	SES105	-2.566	-66.6418	-64.0758
BLOCK00/SES006/SA006S23	SES158	-1.13202	-65.2078	-64.0758
BLOCK00/SES006/SA006S23	SES275	-2.55483	-66.6306	-64.0758
BLOCK00/SES006/SA006S26	SES104	-2.16046	-66.7054	-64.5449
BLOCK00/SES006/SA006S26	SES158	-0.372932	-64.9179	-64.5449
BLOCK00/SES006/SA006S26	SES270	-0.417244	-64.9622	-64.5449
BLOCK00/SES006/SA006S26	SES275	-3.32286	-67.8678	-64.5449
BLOCK00/SES006/SA006S28	SES007	-2.82537	-68.332	-65.5066
BLOCK00/SES006/SA006S28	SES105	-2.74792	-68.2545	-65.5066
BLOCK00/SES006/SA006S28	SES158	-1.04182	-66.5484	-65.5066
BLOCK00/SES006/SA006S28	SES275	-3.56026	-69.0669	-65.5066
BLOCK00/SES009/SA009S12	SES083	-1.44017	-65.2633	-63.8232
BLOCK00/SES009/SA009S12	SES148	-1.18696	-65.0101	-63.8232
BLOCK00/SES009/SA009S12	SES177	-2.24669	-66.0699	-63.8232
BLOCK00/SES009/SA009S12	SES292	-0.368965	-64.1921	-63.8232
BLOCK00/SES009/SA009S15	SES007	0.95322	-62.2636	-63.2168
BLOCK00/SES009/SA009S15	SES099	-8.19742	-71.4142	-63.2168
BLOCK00/SES009/SA009S15	SES148	-1.42568	-64.6425	-63.2168
BLOCK00/SES009/SA009S15	SES172	-0.796272	-64.0131	-63.2168
BLOCK00/SES009/SA009S24	SES146	-0.490112	-64.1855	-63.6953
BLOCK00/SES009/SA009S24	SES148	-1.33105	-65.0264	-63.6953
BLOCK00/SES009/SA009S24	SES177	-1.36948	-65.0648	-63.6953
BLOCK00/SES009/SA009S24	SES292	-0.430313	-64.1257	-63.6953
BLOCK00/SES009/SA009S26	SES083	-1.70052	-65.6114	-63.9109
BLOCK00/SES009/SA009S26	SES101	-1.34901	-65.2599	-63.9109
BLOCK00/SES009/SA009S26	SES120	-1.22724	-65.1381	-63.9109
BLOCK00/SES009/SA009S26	SES177	-2.31796	-66.2288	-63.9109
BLOCK00/SES009/SA009S29	SES083	-1.0818	-64.4596	-63.3778
BLOCK00/SES009/SA009S29	SES101	-0.935005	-64.3128	-63.3778
BLOCK00/SES009/SA009S29	SES177	-1.77323	-65.151	-63.3778
BLOCK00/SES009/SA009S29	SES292	-0.535885	-63.9137	-63.3778
BLOCK01/SES011/SA011S10	SES019	-0.989174	-64.404	-63.4148
BLOCK01/SES011/SA011S10	SES042	-0.336147	-63.7509	-63.4148
BLOCK01/SES011/SA011S10	SES082	-1.44751	-64.8623	-63.4148
BLOCK01/SES011/SA011S10	SES206	-0.538723	-63.9535	-63.4148
BLOCK01/SES011/SA011S11	SES019	-0.656471	-64.9852	-64.3287
BLOCK01/SES011/SA011S11	SES042	-0.715401	-65.0441	-64.3287
BLOCK01/SES011/SA011S11	SES082	-1.19662	-65.5253	-64.3287
BLOCK01/SES011/SA011S11	SES206	-0.955818	-65.2845	-64.3287
BLOCK01/SES011/SA011S22	SES019	-0.262108	-64.6322	-64.37
BLOCK01/SES011/SA011S22	SES042	-0.487892	-64.8579	-64.37
BLOCK01/SES011/SA011S22	SES082	-0.690804	-65.0609	-64.37
BLOCK01/SES011/SA011S22	SES206	-0.966156	-65.3362	-64.37
BLOCK01/SES011/SA011S24	SES019	-0.827133	-63.9242	-63.0971
BLOCK01/SES011/SA011S24	SES042	-0.316757	-63.4139	-63.0971
BLOCK01/SES011/SA011S24	SES104	-0.905807	-64.0029	-63.0971
BLOCK01/SES011/SA011S24	SES206	-0.482594	-63.5797	-63.0971
BLOCK01/SES011/SA011S27	SES082	0.169643	-63.312	-63.4816
BLOCK01/SES011/SA011S27	SES087	-1.18431	-64.6659	-63.4816
BLOCK01/SES011/SA011S27	SES125	-0.462433	-63.944	-63.4816
BLOCK01/SES011/SA011S27	SES206	-0.31575	-63.7974	-63.4816
BLOCK01/SES012/SA012S11	SES007	-2.83101	-64.7399	-61.9089
BLOCK01/SES012/SA012S11	SES082	-1.05482	-62.9637	-61.9089
BLOCK01/SES012/SA012S11	SES083	-2.72473	-64.6336	-61.9089
BLOCK01/SES012/SA012S11	SES206	-0.426857	-62.3357	-61.9089
BLOCK01/SES012/SA012S14	SES082	-0.842457	-63.7681	-62.9256
BLOCK01/SES012/SA012S14	SES087	-1.51502	-64.4406	-62.9256
BLOCK01/SES012/SA012S14	SES206	-0.385777	-63.3114	-62.9256
BLOCK01/SES012/SA012S14	SES292	-3.53122	-66.4568	-62.9256
BLOCK01/SES012/SA012S24	SES082	0.462688	-63.2874	-63.7501
BLOCK01/SES012/SA012S24	SES087	-0.244587	-63.9947	-63.7501
BLOCK01/SES012/SA012S24	SES120	-3.73842	-67.4885	-63.7501
BLOCK01/SES012/SA012S24	SES206	0.247822	-63.5023	-63.7501
BLOCK01/SES012/SA012S26	SES019	-1.89275	-64.3326	-62.4398
BLOCK01/SES012/SA012S26	SES082	-1.77302	-64.2128	-62.4398
BLOCK01/SES012/SA012S26	SES206	-0.248333	-62.6882	-62.4398
BLOCK01/SES012/SA012S26	SES292	-3.46906	-65.9089	-62.4398
BLOCK01/SES012/SA012S29	SES062	-2.54136	-64.8277	-62.2864
BLOCK01/SES012/SA012S29	SES082	-0.933701	-63.2201	-62.2864
BLOCK01/SES012/SA012S29	SES083	-2.52101	-64.8074	-62.2864
BLOCK01/SES012/SA012S29	SES206	-0.290787	-62.5772	-62.2864
BLOCK01/SES013/SA013S16	SES062	-3.85957	-67.1695	-63.31
BLOCK01/SES013/SA013S16	SES106	-0.862743	-64.1727	-63.31
BLOCK01/SES013/SA013S16	SES206	-1.20764	-64.5176	-63.31
BLOCK01/SES013/SA013S16	SES226	-0.69923	-64.0092	-63.31
BLOCK01/SES013/SA013S17	SES062	-3.52317	-65.8604	-62.3372
BLOCK01/SES013/SA013S17	SES106	-1.00535	-63.3426	-62.3372
BLOCK01/SES013/SA013S17	SES206	-0.46093	-62.7982	-62.3372
BLOCK01/SES013/SA013S17	SES226	-0.252571	-62.5898	-62.3372
BLOCK01/SES013/SA013S23	SES104	-1.35704	-64.7882	-63.4312
BLOCK01/SES013/SA013S23	SES106	-0.420792	-63.8519	-63.4312
BLOCK01/SES013/SA013S23	SES206	-0.858692	-64.2898	-63.4312
BLOCK01/SES013/SA013S23	SES270	-0.20536	-63.6365	-63.4312
BLOCK01/SES013/SA013S25	SES042	-1.50625	-64.0294	-62.5232
BLOCK01/SES013/SA013S25	SES104	-1.52341	-64.0466	-62.5232
BLOCK01/SES013/SA013S25	SES106	-0.653706	-63.1769	-62.5232
BLOCK01/SES013/SA013S25	SES206	-1.03176	-63.5549	-62.5232
BLOCK01/SES013/SA013S29	SES062	-3.89933	-66.9911	-63.0918
BLOCK01/SES013/SA013S29	SES104	-1.56577	-64.6576	-63.0918
BLOCK01/SES013/SA013S29	SES106	-0.383102	-63.4749	-63.0918
BLOCK01/SES013/SA013S29	SES206	-0.862766	-63.9546	-63.0918
BLOCK02/SES021/SA021S13	SES016	-3.25735	-66.1199	-62.8626
BLOCK02/SES021/SA021S13	SES029	-2.86881	-65.7314	-62.8626
BLOCK02/SES021/SA021S13	SES087	-1.39216	-64.2547	-62.8626
BLOCK02/SES021/SA021S13	SES206	-0.91732	-63.7799	-62.8626
BLOCK02/SES021/SA021S15	SES087	-1.10909	-62.5689	-61.4599
BLOCK02/SES021/SA021S15	SES125	-0.567348	-62.0272	-61.4599
BLOCK02/SES021/SA021S15	SES206	-0.207504	-61.6674	-61.4599
BLOCK02/SES021/SA021S15	SES226	-0.602058	-62.0619	-61.4599
BLOCK02/SES021/SA021S23	SES062	-3.08459	-66.8657	-63.7812
BLOCK02/SES021/SA021S23	SES087	-1.75192	-65.5331	-63.7812
BLOCK02/SES021/SA021S23	SES206	-1.40002	-65.1812	-63.7812
BLOCK02/SES021/SA021S23	SES226	-0.869576	-64.6507	-63.7812
BLOCK02/SES021/SA021S27	SES002	-2.06427	-64.5076	-62.4433
BLOCK02/SES021/SA021S27	SES016	-3.4309	-65.8742	-62.4433
BLOCK02/SES021/SA021S27	SES019	-1.79789	-64.2412	-62.4433
BLOCK02/SES021/SA021S27	SES062	-1.72512	-64.1684	-62.4433
BLOCK02/SES021/SA021S29	SES087	-1.81907	-63.767	-61.948
BLOCK02/SES021/SA021S29	SES125	-1.13773	-63.0857	-61.948
BLOCK02/SES021/SA021S29	SES206	-1.06985	-63.0178	-61.948
BLOCK02/SES021/SA021S29	SES226	-0.978321	-62.9263	-61.948
BLOCK04/SES043/SA043S09	SES083	-1.87379	-67.269	-65.3952
BLOCK04/SES043/SA043S09	SES101	-2.7562	-68.1514	-65.3952
BLOCK04/SES043/SA043S09	SES144	-0.680504	-66.0758	-65.3952
BLOCK04/SES043/SA043S09	SES172	-4.5152	-69.9104	-65.3952
BLOCK04/SES043/SA043S11	SES083	-0.627094	-64.4565	-63.8294
BLOCK04/SES043/SA043S11	SES101	-1.46204	-65.2914	-63.8294
BLOCK04/SES043/SA043S11	SES144	-0.421413	-64.2508	-63.8294
BLOCK04/SES043/SA043S11	SES172	-1.59036	-65.4197	-63.8294
BLOCK04/SES043/SA043S23	SES083	-0.275017	-64.4816	-64.2066
BLOCK04/SES043/SA043S23	SES144	0.0367737	-64.1698	-64.2066
BLOCK04/SES043/SA043S23	SES177	-3.4094	-67.616	-64.2066
BLOCK04/SES043/SA043S23	SES275	-0.835266	-65.0418	-64.2066
BLOCK04/SES043/SA043S26	SES083	-0.549431	-64.8759	-64.3265
BLOCK04/SES043/SA043S26	SES101	-1.40623	-65.7327	-64.3265
BLOCK04/SES043/SA043S26	SES144	-0.36422	-64.6907	-64.3265
BLOCK04/SES043/SA043S26	SES177	-2.09711	-66.4236	-64.3265
BLOCK04/SES043/SA043S28	SES016	-1.2659	-64.7733	-63.5074
BLOCK04/SES043/SA043S28	SES083	-0.650848	-64.1582	-63.5074
BLOCK04/SES043/SA043S28	SES101	-0.963333	-64.4707	-63.5074
BLOCK04/SES043/SA043S28	SES144	-0.553879	-64.0613	-63.5074
BLOCK04/SES044/SA044S10	SES127	-2.6386	-69.8376	-67.199
BLOCK04/SES044/SA044S10	SES144	-0.525681	-67.7247	-67.199
BLOCK04/SES044/SA044S10	SES147	-3.35809	-70.5571	-67.199
BLOCK04/SES044/SA044S10	SES148	-3.02531	-70.2243	-67.199
BLOCK04/SES044/SA044S11	SES101	-1.88356	-68.1218	-66.2383
BLOCK04/SES044/SA044S11	SES144	0.330299	-65.908	-66.2383
BLOCK04/SES044/SA044S11	SES147	-2.24332	-68.4816	-66.2383
BLOCK04/SES044/SA044S11	SES177	-2.45154	-68.6898	-66.2383
BLOCK04/SES044/SA044S24	SES007	-2.23049	-67.82	-65.5895
BLOCK04/SES044/SA044S24	SES101	-0.774284	-66.3638	-65.5895
BLOCK04/SES044/SA044S24	SES147	-3.79803	-69.3875	-65.5895
BLOCK04/SES044/SA044S24	SES177	-2.6225	-68.212	-65.5895
BLOCK04/SES044/SA044S26	SES007	-1.47606	-66.7049	-65.2289
BLOCK04/SES044/SA044S26	SES016	-0.411865	-65.6407	-65.2289
BLOCK04/SES044/SA044S26	SES101	-0.801521	-66.0304	-65.2289
BLOCK04/SES044/SA044S26	SES147	-1.14822	-66.3771	-65.2289
BLOCK04/SES044/SA044S29	SES007	-1.9901	-66.3458	-64.3557
BLOCK04/SES044/SA044S29	SES101	-0.399155	-64.7548	-64.3557
BLOCK04/SES044/SA044S29	SES147	-1.81616	-66.1718	-64.3557
BLOCK04/SES044/SA044S29	SES177	-2.52704	-66.8827	-64.3557
BLOCK04/SES046/SA046S13	SES101	-3.25033	-68.3632	-65.1128
BLOCK04/SES046/SA046S13	SES144	-1.11372	-66.2266	-65.1128
BLOCK04/SES046/SA046S13	SES147	-2.33305	-67.4459	-65.1128
BLOCK04/SES046/SA046S13	SES177	-1.83795	-66.9508	-65.1128
BLOCK04/SES046/SA046S15	SES048	-2.81143	-67.0507	-64.2392
BLOCK04/SES046/SA046S15	SES083	-0.224289	-64.4635	-64.2392
BLOCK04/SES046/SA046S15	SES120	-2.17639	-66.4156	-64.2392
BLOCK04/SES046/SA046S15	SES148	-1.1171	-65.3563	-64.2392
BLOCK04/SES046/SA046S22	SES101	-0.829857	-65.791	-64.9611
BLOCK04/SES046/SA046S22	SES144	-0.823509	-65.7846	-64.9611
BLOCK04/SES046/SA046S22	SES147	-1.90697	-66.8681	-64.9611
BLOCK04/SES046/SA046S22	SES172	-2.30927	-67.2704	-64.9611
BLOCK04/SES046/SA046S25	SES083	-1.29327	-65.7879	-64.4947
BLOCK04/SES046/SA046S25	SES127	-1.04899	-65.5437	-64.4947
BLOCK04/SES046/SA046S25	SES144	-1.56848	-66.0632	-64.4947
BLOCK04/SES046/SA046S25	SES148	-1.63351	-66.1282	-64.4947
BLOCK04/SES046/SA046S28	SES007	-4.39676	-69.6209	-65.2242
BLOCK04/SES046/SA046S28	SES105	-3.07221	-68.2964	-65.2242
BLOCK04/SES046/SA046S28	SES147	-3.09924	-68.3234	-65.2242
BLOCK04/SES046/SA046S28	SES148	-1.41551	-66.6397	-65.2242
BLOCK04/SES049/SA049S16	SES104	-1.35005	-65.567	-64.217
BLOCK04/SES049/SA049S16	SES106	-1.11397	-65.3309	-64.217
BLOCK04/SES049/SA049S16	SES120	-3.18291	-67.3999	-64.217
BLOCK04/SES049/SA049S16	SES206	-1.56513	-65.7821	-64.217
BLOCK04/SES049/SA049S18	SES099	-0.197624	-65.4456	-65.2479
BLOCK04/SES049/SA049S18	SES104	-1.20274	-66.4507	-65.2479
BLOCK04/SES049/SA049S18	SES125	-1.98717	-67.2351	-65.2479
BLOCK04/SES049/SA049S18	SES206	-1.48867	-66.7366	-65.2479
BLOCK04/SES049/SA049S25	SES087	-0.892536	-64.7811	-63.8886
BLOCK04/SES049/SA049S25	SES104	-0.111256	-63.9998	-63.8886
BLOCK04/SES049/SA049S25	SES125	-1.55902	-65.4476	-63.8886
BLOCK04/SES049/SA049S25	SES206	-1.06202	-64.9506	-63.8886
BLOCK04/SES049/SA049S27	SES099	-1.06252	-64.8563	-63.7938
BLOCK04/SES049/SA049S27	SES104	-0.0694427	-63.8632	-63.7938
BLOCK04/SES049/SA049S27	SES125	-1.23395	-65.0277	-63.7938
BLOCK04/SES049/SA049S27	SES206	-1.10517	-64.899	-63.7938
BLOCK04/SES049/SA049S29	SES099	-0.681046	-63.7709	-63.0898
BLOCK04/SES049/SA049S29	SES104	0.613792	-62.476	-63.0898
BLOCK04/SES049/SA049S29	SES125	-0.757172	-63.847	-63.0898
BLOCK04/SES049/SA049S29	SES206	-0.120529	-63.2104	-63.0898
BLOCK06/SES063/SA063S09	SES068	-1.45864	-65.3152	-63.8566
BLOCK06/SES063/SA063S09	SES083	-0.2407	-64.0973	-63.8566
BLOCK06/SES063/SA063S09	SES177	-0.931053	-64.7876	-63.8566
BLOCK06/SES063/SA063S09	SES187	-0.865059	-64.7216	-63.8566
BLOCK06/SES063/SA063S10	SES068	-1.65778	-66.1933	-64.5355
BLOCK06/SES063/SA063S10	SES083	-0.226028	-64.7616	-64.5355
BLOCK06/SES063/SA063S10	SES172	-0.581726	-65.1173	-64.5355
BLOCK06/SES063/SA063S10	SES187	-1.10982	-65.6453	-64.5355
BLOCK06/SES063/SA063S20	SES068	-2.67043	-67.2663	-64.5959
BLOCK06/SES063/SA063S20	SES083	-0.577446	-65.1733	-64.5959
BLOCK06/SES063/SA063S20	SES172	-1.52821	-66.1241	-64.5959
BLOCK06/SES063/SA063S20	SES187	-0.193436	-64.7893	-64.5959
BLOCK06/SES063/SA063S24	SES029	-1.53596	-64.9383	-63.4024
BLOCK06/SES063/SA063S24	SES083	-0.0961113	-63.4985	-63.4024
BLOCK06/SES063/SA063S24	SES177	-0.685669	-64.088	-63.4024
BLOCK06/SES063/SA063S24	SES189	-1.01288	-64.4152	-63.4024
BLOCK06/SES063/SA063S27	SES083	-0.113762	-64.9738	-64.86
BLOCK06/SES063/SA063S27	SES172	-0.70816	-65.5682	-64.86
BLOCK06/SES063/SA063S27	SES187	-1.1388	-65.9988	-64.86
BLOCK06/SES063/SA063S27	SES292	-1.73332	-66.5933	-64.86
BLOCK06/SES067/SA067S12	SES083	-1.18744	-64.7698	-63.5824
BLOCK06/SES067/SA067S12	SES172	-3.61174	-67.1941	-63.5824
BLOCK06/SES067/SA067S12	SES202	0.0948219	-63.4876	-63.5824
BLOCK06/SES067/SA067S12	SES292	-1.74714	-65.3295	-63.5824
BLOCK06/SES067/SA067S14	SES085	-2.27891	-65.4398	-63.1609
BLOCK06/SES067/SA067S14	SES177	-1.85472	-65.0156	-63.1609
BLOCK06/SES067/SA067S14	SES183	-2.82741	-65.9883	-63.1609
BLOCK06/SES067/SA067S14	SES202	-0.79274	-63.9536	-63.1609
BLOCK06/SES067/SA067S21	SES144	-0.648552	-65.6936	-65.045
BLOCK06/SES067/SA067S21	SES177	-0.743217	-65.7882	-65.045
BLOCK06/SES067/SA067S21	SES183	-4.01235	-69.0574	-65.045
BLOCK06/SES067/SA067S21	SES189	-0.399971	-65.445	-65.045
BLOCK06/SES067/SA067S25	SES085	-0.747078	-64.9287	-64.1816
BLOCK06/SES067/SA067S25	SES177	-1.1236	-65.3052	-64.1816
BLOCK06/SES067/SA067S25	SES183	-2.1739	-66.3555	-64.1816
BLOCK06/SES067/SA067S25	SES202	-0.648476	-64.8301	-64.1816
BLOCK06/SES067/SA067S29	SES085	-0.88678	-65.1372	-64.2504
BLOCK06/SES067/SA067S29	SES177	-1.6078	-65.8582	-64.2504
BLOCK06/SES067/SA067S29	SES183	-1.644	-65.8944	-64.2504
BLOCK06/SES067/SA067S29	SES202	0.141861	-64.1086	-64.2504
BLOCK06/SES069/SA069S12	SES029	-2.86685	-65.9201	-63.0532
BLOCK06/SES069/SA069S12	SES082	-0.447567	-63.5008	-63.0532
BLOCK06/SES069/SA069S12	SES087	-2.01097	-65.0642	-63.0532
BLOCK06/SES069/SA069S12	SES206	-1.53748	-64.5907	-63.0532
BLOCK06/SES069/SA069S13	SES029	-3.07838	-66.2046	-63.1262
BLOCK06/SES069/SA069S13	SES087	-2.02288	-65.1491	-63.1262
BLOCK06/SES069/SA069S13	SES206	-1.92082	-65.0471	-63.1262
BLOCK06/SES069/SA069S13	SES226	-1.5546	-64.6808	-63.1262
BLOCK06/SES069/SA069S23	SES029	-1.55042	-63.0993	-61.5488
BLOCK06/SES069/SA069S23	SES087	-2.22465	-63.7735	-61.5488
BLOCK06/SES069/SA069S23	SES206	-1.26455	-62.8134	-61.5488
BLOCK06/SES069/SA069S23	SES226	-0.542625	-62.0915	-61.5488
BLOCK06/SES069/SA069S25	SES087	-1.4413	-63.455	-62.0137
BLOCK06/SES069/SA069S25	SES206	-1.75995	-63.7737	-62.0137
BLOCK06/SES069/SA069S25	SES226	-1.43163	-63.4454	-62.0137
BLOCK06/SES069/SA069S25	SES270	-1.13651	-63.1502	-62.0137
BLOCK06/SES069/SA069S27	SES087	-2.32486	-64.332	-62.0071
BLOCK06/SES069/SA069S27	SES206	-1.13017	-63.1373	-62.0071
BLOCK06/SES069/SA069S27	SES226	-0.46291	-62.47	-62.0071
BLOCK06/SES069/SA069S27	SES270	-1.17429	-63.1814	-62.0071
BLOCK08/SES081/SA081S11	SES060	-1.31808	-65.3579	-64.0399
BLOCK08/SES081/SA081S11	SES062	-2.97739	-67.0173	-64.0399
BLOCK08/SES081/SA081S11	SES117	-2.03239	-66.0723	-64.0399
BLOCK08/SES081/SA081S11	SES162	-1.84437	-65.8842	-64.0399
BLOCK08/SES081/SA081S13	SES016	-0.863575	-64.0591	-63.1955
BLOCK08/SES081/SA081S13	SES060	-0.482246	-63.6777	-63.1955
BLOCK08/SES081/SA081S13	SES068	-0.0483971	-63.2439	-63.1955
BLOCK08/SES081/SA081S13	SES129	-2.3256	-65.5211	-63.1955
BLOCK08/SES081/SA081S24	SES060	-0.500755	-64.6996	-64.1989
BLOCK08/SES081/SA081S24	SES068	-0.668419	-64.8673	-64.1989
BLOCK08/SES081/SA081S24	SES117	-1.56747	-65.7663	-64.1989
BLOCK08/SES081/SA081S24	SES275	-2.39918	-66.5981	-64.1989
BLOCK08/SES081/SA081S27	SES007	-1.76194	-65.7791	-64.0171
BLOCK08/SES081/SA081S27	SES060	-1.67833	-65.6955	-64.0171
BLOCK08/SES081/SA081S27	SES117	-0.490608	-64.5077	-64.0171
BLOCK08/SES081/SA081S27	SES275	-2.19538	-66.2125	-64.0171
BLOCK08/SES081/SA081S29	SES007	-1.18948	-64.5883	-63.3988
BLOCK08/SES081/SA081S29	SES060	-0.838722	-64.2375	-63.3988
BLOCK08/SES081/SA081S29	SES117	-1.2885	-64.6873	-63.3988
BLOCK08/SES081/SA081S29	SES275	-2.27494	-65.6738	-63.3988
BLOCK08/SES086/SA086S11	SES029	-4.64182	-69.7782	-65.1364
BLOCK08/SES086/SA086S11	SES082	-1.54278	-66.6791	-65.1364
BLOCK08/SES086/SA086S11	SES087	-0.416306	-65.5527	-65.1364
BLOCK08/SES086/SA086S11	SES206	-1.61336	-66.7497	-65.1364
BLOCK08/SES086/SA086S12	SES029	-3.93133	-68.0895	-64.1582
BLOCK08/SES086/SA086S12	SES082	-1.48585	-65.644	-64.1582
BLOCK08/SES086/SA086S12	SES087	0.654877	-63.5033	-64.1582
BLOCK08/SES086/SA086S12	SES206	-0.763283	-64.9215	-64.1582
BLOCK08/SES086/SA086S20	SES029	-4.20671	-66.6975	-62.4907
BLOCK08/SES086/SA086S20	SES082	-1.35986	-63.8506	-62.4907
BLOCK08/SES086/SA086S20	SES087	0.334587	-62.1562	-62.4907
BLOCK08/SES086/SA086S20	SES206	-0.315479	-62.8062	-62.4907
BLOCK08/SES086/SA086S24	SES087	0.539387	-63.1847	-63.7241
BLOCK08/SES086/SA086S24	SES104	-0.994736	-64.7189	-63.7241
BLOCK08/SES086/SA086S24	SES120	-3.86775	-67.5919	-63.7241
BLOCK08/SES086/SA086S24	SES206	0.381649	-63.3425	-63.7241
BLOCK08/SES086/SA086S28	SES029	-3.39045	-65.9794	-62.589
BLOCK08/SES086/SA086S28	SES082	-1.38881	-63.9778	-62.589
BLOCK08/SES086/SA086S28	SES087	0.142403	-62.4466	-62.589
BLOCK08/SES086/SA086S28	SES206	-0.45335	-63.0423	-62.589
BLOCK08/SES089/SA089S13	SES087	-2.33635	-66.0586	-63.7223
BLOCK08/SES089/SA089S13	SES206	-2.49253	-66.2148	-63.7223
BLOCK08/SES089/SA089S13	SES226	-1.31612	-65.0384	-63.7223
BLOCK08/SES089/SA089S13	SES270	-2.57231	-66.2946	-63.7223
BLOCK08/SES089/SA089S14	SES062	-1.73506	-65.5421	-63.807
BLOCK08/SES089/SA089S14	SES087	-0.548477	-64.3555	-63.807
BLOCK08/SES089/SA089S14	SES206	-0.91674	-64.7237	-63.807
BLOCK08/SES089/SA089S14	SES226	-0.414162	-64.2212	-63.807
BLOCK08/SES089/SA089S23	SES087	-1.60612	-66.909	-65.3028
BLOCK08/SES089/SA089S23	SES206	-1.63786	-66.9407	-65.3028
BLOCK08/SES089/SA089S23	SES226	-0.823853	-66.1267	-65.3028
BLOCK08/SES089/SA089S23	SES270	-2.98193	-68.2848	-65.3028
BLOCK08/SES089/SA089S25	SES062	-2.75943	-66.3566	-63.5971
BLOCK08/SES089/SA089S25	SES087	-1.42505	-65.0222	-63.5971
BLOCK08/SES089/SA089S25	SES206	-1.45058	-65.0477	-63.5971
BLOCK08/SES089/SA089S25	SES226	-0.16703	-63.7642	-63.5971
BLOCK08/SES089/SA089S28	SES062	-2.22874	-66.1727	-63.9439
BLOCK08/SES089/SA089S28	SES087	-1.04561	-64.9895	-63.9439
BLOCK08/SES089/SA089S28	SES206	-0.707245	-64.6512	-63.9439
BLOCK08/SES089/SA089S28	SES226	-0.341393	-64.2853	-63.9439
BLOCK09/SES097/SA097S11	SES099	-0.127106	-64.3885	-64.2614
BLOCK09/SES097/SA097S11	SES125	-1.62944	-65.8909	-64.2614
BLOCK09/SES097/SA097S11	SES206	-1.39887	-65.6603	-64.2614
BLOCK09/SES097/SA097S11	SES226	-0.661995	-64.9234	-64.2614
BLOCK09/SES097/SA097S14	SES062	-3.25338	-67.1736	-63.9202
BLOCK09/SES097/SA097S14	SES099	-0.908459	-64.8286	-63.9202
BLOCK09/SES097/SA097S14	SES104	-0.62875	-64.5489	-63.9202
BLOCK09/SES097/SA097S14	SES206	-1.4973	-65.4175	-63.9202
BLOCK09/SES097/SA097S22	SES099	-0.296642	-64.1006	-63.804
BLOCK09/SES097/SA097S22	SES206	-1.18657	-64.9906	-63.804
BLOCK09/SES097/SA097S22	SES226	-1.3583	-65.1623	-63.804
BLOCK09/SES097/SA097S22	SES270	0.143948	-63.66	-63.804
BLOCK09/SES097/SA097S26	SES099	-0.507168	-63.6311	-63.1239
BLOCK09/SES097/SA097S26	SES120	-2.82877	-65.9527	-63.1239
BLOCK09/SES097/SA097S26	SES206	-0.858936	-63.9828	-63.1239
BLOCK09/SES097/SA097S26	SES226	-1.5847	-64.7086	-63.1239
BLOCK09/SES097/SA097S28	SES099	-1.00376	-64.6813	-63.6775
BLOCK09/SES097/SA097S28	SES120	-2.59183	-66.2693	-63.6775
BLOCK09/SES097/SA097S28	SES206	-1.31065	-64.9882	-63.6775
BLOCK09/SES097/SA097S28	SES226	-1.5209	-65.1984	-63.6775
BLOCK09/SES098/SA098S11	SES127	-2.63313	-68.9037	-66.2706
BLOCK09/SES098/SA098S11	SES144	-1.31305	-67.5836	-66.2706
BLOCK09/SES098/SA098S11	SES147	0.00533295	-66.2653	-66.2706
BLOCK09/SES098/SA098S11	SES148	-3.13285	-69.4035	-66.2706
BLOCK09/SES098/SA098S12	SES127	-4.18032	-71.6941	-67.5138
BLOCK09/SES098/SA098S12	SES144	-1.6753	-69.1891	-67.5138
BLOCK09/SES098/SA098S12	SES147	-0.863602	-68.3774	-67.5138
BLOCK09/SES098/SA098S12	SES189	-0.846306	-68.3601	-67.5138
BLOCK09/SES098/SA098S20	SES127	-3.88374	-70.1045	-66.2207
BLOCK09/SES098/SA098S20	SES147	-0.172806	-66.3935	-66.2207
BLOCK09/SES098/SA098S20	SES148	-4.20714	-70.4279	-66.2207
BLOCK09/SES098/SA098S20	SES292	-2.75582	-68.9766	-66.2207
BLOCK09/SES098/SA098S23	SES127	-1.87861	-67.3893	-65.5107
BLOCK09/SES098/SA098S23	SES147	-0.230804	-65.7415	-65.5107
BLOCK09/SES098/SA098S23	SES187	-0.33297	-65.8437	-65.5107
BLOCK09/SES098/SA098S23	SES292	-2.50929	-68.02	-65.5107
BLOCK09/SES098/SA098S27	SES127	-2.6792	-68.7921	-66.1129
BLOCK09/SES098/SA098S27	SES147	-1.52033	-67.6333	-66.1129
BLOCK09/SES098/SA098S27	SES148	-3.94214	-70.0551	-66.1129
BLOCK09/SES098/SA098S27	SES292	-3.00673	-69.1197	-66.1129
BLOCK10/SES102/SA102S13	SES101	0.179268	-65.4729	-65.6522
BLOCK10/SES102/SA102S13	SES105	-0.999603	-66.6518	-65.6522
BLOCK10/SES102/SA102S13	SES120	-1.42818	-67.0804	-65.6522
BLOCK10/SES102/SA102S13	SES158	-5.96648	-71.6187	-65.6522
BLOCK10/SES102/SA102S14	SES007	-0.0877571	-63.6437	-63.556
BLOCK10/SES102/SA102S14	SES101	-0.433987	-63.99	-63.556
BLOCK10/SES102/SA102S14	SES105	-0.347664	-63.9036	-63.556
BLOCK10/SES102/SA102S14	SES147	-3.51209	-67.0681	-63.556
BLOCK10/SES102/SA102S22	SES007	-0.945835	-64.7469	-63.8011
BLOCK10/SES102/SA102S22	SES101	0.0486107	-63.7524	-63.8011
BLOCK10/SES102/SA102S22	SES105	-0.489635	-64.2907	-63.8011
BLOCK10/SES102/SA102S22	SES158	-3.62631	-67.4274	-63.8011
BLOCK10/SES102/SA102S25	SES007	-0.915844	-64.6512	-63.7353
BLOCK10/SES102/SA102S25	SES101	-0.379826	-64.1152	-63.7353
BLOCK10/SES102/SA102S25	SES105	-0.616199	-64.3515	-63.7353
BLOCK10/SES102/SA102S25	SES147	-5.00248	-68.7378	-63.7353
BLOCK10/SES102/SA102S27	SES007	-1.04029	-65.5811	-64.5408
BLOCK10/SES102/SA102S27	SES101	-0.267052	-64.8078	-64.5408
BLOCK10/SES102/SA102S27	SES105	-0.895744	-65.4365	-64.5408
BLOCK10/SES102/SA102S27	SES147	-3.13143	-67.6722	-64.5408
BLOCK10/SES103/SA103S14	SES105	-3.54242	-68.4076	-64.8652
BLOCK10/SES103/SA103S14	SES106	-0.763985	-65.6291	-64.8652
BLOCK10/SES103/SA103S14	SES120	-3.5887	-68.4539	-64.8652
BLOCK10/SES103/SA103S14	SES206	-1.7655	-66.6307	-64.8652
BLOCK10/SES103/SA103S15	SES099	-0.970284	-67.022	-66.0518
BLOCK10/SES103/SA103S15	SES101	-4.26279	-70.3145	-66.0518
BLOCK10/SES103/SA103S15	SES104	-1.06991	-67.1217	-66.0518
BLOCK10/SES103/SA103S15	SES125	-0.659645	-66.7114	-66.0518
BLOCK10/SES103/SA103S24	SES104	-1.27354	-65.2466	-63.973
BLOCK10/SES103/SA103S24	SES125	-1.6267	-65.5997	-63.973
BLOCK10/SES103/SA103S24	SES148	-3.25606	-67.2291	-63.973
BLOCK10/SES103/SA103S24	SES158	-0.74213	-64.7151	-63.973
BLOCK10/SES103/SA103S26	SES104	-1.11946	-66.6782	-65.5587
BLOCK10/SES103/SA103S26	SES106	-0.921906	-66.4806	-65.5587
BLOCK10/SES103/SA103S26	SES125	-1.18784	-66.7465	-65.5587
BLOCK10/SES103/SA103S26	SES148	-3.46119	-69.0199	-65.5587
BLOCK10/SES103/SA103S28	SES104	-1.74682	-67.9228	-66.176
BLOCK10/SES103/SA103S28	SES106	-1.50696	-67.6829	-66.176
BLOCK10/SES103/SA103S28	SES125	-2.25443	-68.4304	-66.176
BLOCK10/SES103/SA103S28	SES206	-2.95135	-69.1273	-66.176
BLOCK12/SES121/SA121S12	SES042	-1.84856	-68.1295	-66.281
BLOCK12/SES121/SA121S12	SES087	-1.4392	-67.7202	-66.281
BLOCK12/SES121/SA121S12	SES105	-2.27202	-68.553	-66.281
BLOCK12/SES121/SA121S12	SES206	-1.70551	-67.9865	-66.281
BLOCK12/SES121/SA121S14	SES007	-2.92941	-69.6701	-66.7407
BLOCK12/SES121/SA121S14	SES105	-2.67363	-69.4143	-66.7407
BLOCK12/SES121/SA121S14	SES106	-1.23426	-67.975	-66.7407
BLOCK12/SES121/SA121S14	SES206	-1.72081	-68.4615	-66.7407
BLOCK12/SES121/SA121S23	SES105	-2.46473	-69.3663	-66.9016
BLOCK12/SES121/SA121S23	SES106	-0.767708	-67.6693	-66.9016
BLOCK12/SES121/SA121S23	SES120	-3.17227	-70.0738	-66.9016
BLOCK12/SES121/SA121S23	SES206	-1.27122	-68.1728	-66.9016
BLOCK12/SES121/SA121S25	SES007	-2.67159	-70.226	-67.5544
BLOCK12/SES121/SA121S25	SES105	-3.50512	-71.0595	-67.5544
BLOCK12/SES121/SA121S25	SES106	-0.996094	-68.5505	-67.5544
BLOCK12/SES121/SA121S25	SES206	-1.58591	-69.1403	-67.5544
BLOCK12/SES121/SA121S27	SES087	-0.463982	-66.4493	-65.9854
BLOCK12/SES121/SA121S27	SES105	-3.631	-69.6164	-65.9854
BLOCK12/SES121/SA121S27	SES120	-3.20533	-69.1907	-65.9854
BLOCK12/SES121/SA121S27	SES206	-1.22879	-67.2142	-65.9854
BLOCK12/SES124/SA124S16	SES042	-0.889229	-65.4034	-64.5142
BLOCK12/SES124/SA124S16	SES082	-0.770035	-65.2842	-64.5142
BLOCK12/SES124/SA124S16	SES183	-3.93183	-68.446	-64.5142
BLOCK12/SES124/SA124S16	SES206	-1.5837	-66.0979	-64.5142
BLOCK12/SES124/SA124S17	SES105	-2.97068	-68.5076	-65.5369
BLOCK12/SES124/SA124S17	SES149	-1.91658	-67.4535	-65.5369
BLOCK12/SES124/SA124S17	SES158	-1.42318	-66.9601	-65.5369
BLOCK12/SES124/SA124S17	SES275	-3.89397	-69.4309	-65.5369
BLOCK12/SES124/SA124S23	SES105	-3.45254	-65.9504	-62.4979
BLOCK12/SES124/SA124S23	SES125	-0.00938797	-62.5072	-62.4979
BLOCK12/SES124/SA124S23	SES129	-4.2552	-66.7531	-62.4979
BLOCK12/SES124/SA124S23	SES158	-0.64679	-63.1446	-62.4979
BLOCK12/SES124/SA124S26	SES105	-4.10381	-67.8135	-63.7097
BLOCK12/SES124/SA124S26	SES125	-0.038147	-63.7478	-63.7097
BLOCK12/SES124/SA124S26	SES129	-4.20074	-67.9104	-63.7097
BLOCK12/SES124/SA124S26	SES158	-0.825691	-64.5354	-63.7097
BLOCK12/SES124/SA124S28	SES104	-0.243824	-63.5189	-63.2751
BLOCK12/SES124/SA124S28	SES106	-0.181725	-63.4568	-63.2751
BLOCK12/SES124/SA124S28	SES125	0.124348	-63.1508	-63.2751
BLOCK12/SES124/SA124S28	SES275	-4.78588	-68.061	-63.2751
BLOCK12/SES126/SA126S13	SES007	-2.06587	-68.8295	-66.7637
BLOCK12/SES126/SA126S13	SES162	-1.47141	-68.2351	-66.7637
BLOCK12/SES126/SA126S13	SES177	-0.998627	-67.7623	-66.7637
BLOCK12/SES126/SA126S13	SES180	-1.68275	-68.4464	-66.7637
BLOCK12/SES126/SA126S14	SES144	-1.14721	-65.7873	-64.6401
BLOCK12/SES126/SA126S14	SES148	-1.93743	-66.5775	-64.6401
BLOCK12/SES126/SA126S14	SES177	-0.364685	-65.0048	-64.6401
BLOCK12/SES126/SA126S14	SES180	-0.783478	-65.4236	-64.6401
BLOCK12/SES126/SA126S20	SES007	-2.09029	-67.2931	-65.2028
BLOCK12/SES126/SA126S20	SES162	-2.94896	-68.1517	-65.2028
BLOCK12/SES126/SA126S20	SES172	-6.18791	-71.3907	-65.2028
BLOCK12/SES126/SA126S20	SES180	-2.76694	-67.9697	-65.2028
BLOCK12/SES126/SA126S24	SES120	-1.05432	-65.7744	-64.7201
BLOCK12/SES126/SA126S24	SES162	-1.08408	-65.8042	-64.7201
BLOCK12/SES126/SA126S24	SES177	-0.993568	-65.7137	-64.7201
BLOCK12/SES126/SA126S24	SES180	-0.744568	-65.4647	-64.7201
BLOCK12/SES126/SA126S26	SES120	-0.48159	-65.8121	-65.3306
BLOCK12/SES126/SA126S26	SES177	-1.15463	-66.4852	-65.3306
BLOCK12/SES126/SA126S26	SES180	-1.55173	-66.8823	-65.3306
BLOCK12/SES126/SA126S26	SES202	-2.97245	-68.303	-65.3306
BLOCK12/SES128/SA128S10	SES087	-2.01859	-65.7492	-63.7306
BLOCK12/SES128/SA128S10	SES206	-1.35797	-65.0886	-63.7306
BLOCK12/SES128/SA128S10	SES226	-0.776802	-64.5074	-63.7306
BLOCK12/SES128/SA128S10	SES270	-0.920776	-64.6514	-63.7306
BLOCK12/SES128/SA128S12	SES120	-2.71158	-66.7277	-64.0162
BLOCK12/SES128/SA128S12	SES158	-1.50981	-65.526	-64.0162
BLOCK12/SES128/SA128S12	SES206	-0.574677	-64.5908	-64.0162
BLOCK12/SES128/SA128S12	SES226	-1.10496	-65.1211	-64.0162
BLOCK12/SES128/SA128S21	SES106	-2.76411	-67.9359	-65.1718
BLOCK12/SES128/SA128S21	SES120	-2.63127	-67.8031	-65.1718
BLOCK12/SES128/SA128S21	SES206	-2.6973	-67.8691	-65.1718
BLOCK12/SES128/SA128S21	SES226	-1.5294	-66.7012	-65.1718
BLOCK12/SES128/SA128S24	SES087	-3.10579	-68.0949	-64.9891
BLOCK12/SES128/SA128S24	SES120	-1.59901	-66.5881	-64.9891
BLOCK12/SES128/SA128S24	SES206	-2.59479	-67.5839	-64.9891
BLOCK12/SES128/SA128S24	SES226	-1.87691	-66.866	-64.9891
BLOCK12/SES128/SA128S27	SES099	-2.10908	-65.7476	-63.6385
BLOCK12/SES128/SA128S27	SES120	-2.14033	-65.7788	-63.6385
BLOCK12/SES128/SA128S27	SES206	-2.05823	-65.6967	-63.6385
BLOCK12/SES128/SA128S27	SES226	-1.43255	-65.0711	-63.6385
BLOCK13/SES130/SA130S13	SES143	-2.92393	-69.0907	-66.1668
BLOCK13/SES130/SA130S13	SES144	0.0837479	-66.083	-66.1668
BLOCK13/SES130/SA130S13	SES146	-0.4216	-66.5884	-66.1668
BLOCK13/SES130/SA130S13	SES275	-4.31811	-70.4849	-66.1668
BLOCK13/SES130/SA130S15	SES143	-1.6352	-66.5417	-64.9065
BLOCK13/SES130/SA130S15	SES144	-0.179672	-65.0862	-64.9065
BLOCK13/SES130/SA130S15	SES146	-0.302902	-65.2094	-64.9065
BLOCK13/SES130/SA130S15	SES275	-1.28182	-66.1884	-64.9065
BLOCK13/SES130/SA130S23	SES127	-3.01302	-69.3274	-66.3143
BLOCK13/SES130/SA130S23	SES144	-0.844368	-67.1587	-66.3143
BLOCK13/SES130/SA130S23	SES146	-0.309242	-66.6236	-66.3143
BLOCK13/SES130/SA130S23	SES162	-1.87591	-68.1902	-66.3143
BLOCK13/SES130/SA130S25	SES127	-2.9558	-67.0736	-64.1178
BLOCK13/SES130/SA130S25	SES144	-0.593864	-64.7116	-64.1178
BLOCK13/SES130/SA130S25	SES146	-0.804123	-64.9219	-64.1178
BLOCK13/SES130/SA130S25	SES275	-1.19698	-65.3147	-64.1178
BLOCK13/SES130/SA130S28	SES127	-1.72911	-66.5699	-64.8408
BLOCK13/SES130/SA130S28	SES144	-0.688614	-65.5294	-64.8408
BLOCK13/SES130/SA130S28	SES146	-0.851089	-65.6919	-64.8408
BLOCK13/SES130/SA130S28	SES275	-0.942802	-65.7836	-64.8408
BLOCK13/SES131/SA131S13	SES002	-2.41465	-68.8368	-66.4221
BLOCK13/SES131/SA131S13	SES007	-4.43485	-70.857	-66.4221
BLOCK13/SES131/SA131S13	SES099	-1.7883	-68.2104	-66.4221
BLOCK13/SES131/SA131S13	SES105	-2.72662	-69.1487	-66.4221
BLOCK13/SES131/SA131S14	SES104	-0.708305	-65.0286	-64.3203
BLOCK13/SES131/SA131S14	SES106	-0.627464	-64.9478	-64.3203
BLOCK13/SES131/SA131S14	SES125	-1.19307	-65.5134	-64.3203
BLOCK13/SES131/SA131S14	SES148	-2.25219	-66.5725	-64.3203
BLOCK13/SES131/SA131S20	SES104	-1.13419	-66.963	-65.8288
BLOCK13/SES131/SA131S20	SES106	-1.061	-66.8898	-65.8288
BLOCK13/SES131/SA131S20	SES125	-1.78548	-67.6143	-65.8288
BLOCK13/SES131/SA131S20	SES148	-3.33701	-69.1658	-65.8288
BLOCK13/SES131/SA131S22	SES099	-1.58637	-66.3394	-64.7531
BLOCK13/SES131/SA131S22	SES104	-1.11556	-65.8686	-64.7531
BLOCK13/SES131/SA131S22	SES125	-1.54794	-66.301	-64.7531
BLOCK13/SES131/SA131S22	SES206	-1.93602	-66.6891	-64.7531
BLOCK13/SES131/SA131S29	SES087	-0.82502	-66.567	-65.742
BLOCK13/SES131/SA131S29	SES104	-1.41802	-67.16	-65.742
BLOCK13/SES131/SA131S29	SES125	-1.52422	-67.2662	-65.742
BLOCK13/SES131/SA131S29	SES206	-1.39265	-67.1346	-65.742
BLOCK13/SES132/SA132S11	SES083	-1.43218	-65.4246	-63.9924
BLOCK13/SES132/SA132S11	SES120	-0.0981102	-64.0905	-63.9924
BLOCK13/SES132/SA132S11	SES127	-1.00902	-65.0014	-63.9924
BLOCK13/SES132/SA132S11	SES275	-1.55959	-65.552	-63.9924
BLOCK13/SES132/SA132S12	SES083	-1.56487	-65.3155	-63.7506
BLOCK13/SES132/SA132S12	SES143	-1.08339	-64.834	-63.7506
BLOCK13/SES132/SA132S12	SES144	-1.07768	-64.8283	-63.7506
BLOCK13/SES132/SA132S12	SES148	-1.16216	-64.9128	-63.7506
BLOCK13/SES132/SA132S22	SES062	-1.06999	-65.2132	-64.1432
BLOCK13/SES132/SA132S22	SES083	-0.609703	-64.7529	-64.1432
BLOCK13/SES132/SA132S22	SES127	-0.52803	-64.6712	-64.1432
BLOCK13/SES132/SA132S22	SES275	-0.941078	-65.0843	-64.1432
BLOCK13/SES132/SA132S24	SES007	-0.946373	-64.78	-63.8336
BLOCK13/SES132/SA132S24	SES083	-1.20007	-65.0337	-63.8336
BLOCK13/SES132/SA132S24	SES127	-1.17548	-65.0091	-63.8336
BLOCK13/SES132/SA132S24	SES275	-1.59449	-65.4281	-63.8336
BLOCK13/SES132/SA132S27	SES083	-1.54669	-66.0971	-64.5504
BLOCK13/SES132/SA132S27	SES120	-0.0294342	-64.5799	-64.5504
BLOCK13/SES132/SA132S27	SES127	-1.46068	-66.0111	-64.5504
BLOCK13/SES132/SA132S27	SES275	-1.96062	-66.5111	-64.5504
BLOCK14/SES141/SA141S09	SES143	-0.763268	-65.7226	-64.9594
BLOCK14/SES141/SA141S09	SES144	-0.835838	-65.7952	-64.9594
BLOCK14/SES141/SA141S09	SES162	-0.802902	-65.7623	-64.9594
BLOCK14/SES141/SA141S09	SES180	-1.08393	-66.0433	-64.9594
BLOCK14/SES141/SA141S15	SES127	-1.63464	-66.3367	-64.7021
BLOCK14/SES141/SA141S15	SES144	-1.23338	-65.9355	-64.7021
BLOCK14/SES141/SA141S15	SES162	-1.10574	-65.8078	-64.7021
BLOCK14/SES141/SA141S15	SES180	-0.896767	-65.5988	-64.7021
BLOCK14/SES141/SA141S24	SES127	-0.996788	-65.6425	-64.6457
BLOCK14/SES141/SA141S24	SES144	-1.82294	-66.4686	-64.6457
BLOCK14/SES141/SA141S24	SES162	-0.375183	-65.0209	-64.6457
BLOCK14/SES141/SA141S24	SES183	-2.1321	-66.7778	-64.6457
BLOCK14/SES141/SA141S26	SES142	-2.11008	-67.078	-64.9679
BLOCK14/SES141/SA141S26	SES144	-1.12282	-66.0907	-64.9679
BLOCK14/SES141/SA141S26	SES172	-1.78835	-66.7563	-64.9679
BLOCK14/SES141/SA141S26	SES180	-0.641869	-65.6098	-64.9679
BLOCK14/SES141/SA141S29	SES127	-0.412209	-64.6156	-64.2034
BLOCK14/SES141/SA141S29	SES142	-0.665993	-64.8693	-64.2034
BLOCK14/SES141/SA141S29	SES144	-1.2272	-65.4305	-64.2034
BLOCK14/SES141/SA141S29	SES180	-0.496048	-64.6994	-64.2034
BLOCK15/SES157/SA157S08	SES083	-2.29308	-67.0428	-64.7497
BLOCK15/SES157/SA157S08	SES127	-1.96117	-66.7109	-64.7497
BLOCK15/SES157/SA157S08	SES148	-0.829514	-65.5793	-64.7497
BLOCK15/SES157/SA157S08	SES292	-2.17008	-66.9198	-64.7497
BLOCK15/SES157/SA157S11	SES083	-2.14221	-66.4648	-64.3226
BLOCK15/SES157/SA157S11	SES127	-2.73627	-67.0589	-64.3226
BLOCK15/SES157/SA157S11	SES148	-1.46315	-65.7857	-64.3226
BLOCK15/SES157/SA157S11	SES292	-1.78585	-66.1084	-64.3226
BLOCK15/SES157/SA157S21	SES127	-2.16409	-66.5661	-64.4021
BLOCK15/SES157/SA157S21	SES148	-0.49308	-64.8951	-64.4021
BLOCK15/SES157/SA157S21	SES158	-4.30067	-68.7027	-64.4021
BLOCK15/SES157/SA157S21	SES292	-0.738205	-65.1403	-64.4021
BLOCK15/SES157/SA157S24	SES127	-2.26765	-66.4053	-64.1376
BLOCK15/SES157/SA157S24	SES148	-0.723763	-64.8614	-64.1376
BLOCK15/SES157/SA157S24	SES183	-1.95286	-66.0905	-64.1376
BLOCK15/SES157/SA157S24	SES292	-1.51224	-65.6498	-64.1376
BLOCK15/SES157/SA157S26	SES007	-0.528809	-65.0128	-64.484
BLOCK15/SES157/SA157S26	SES127	-0.761909	-65.2459	-64.484
BLOCK15/SES157/SA157S26	SES147	-4.15897	-68.643	-64.484
BLOCK15/SES157/SA157S26	SES148	-0.561722	-65.0457	-64.484
BLOCK16/SES161/SA161S10	SES007	-2.43707	-68.5341	-66.097
BLOCK16/SES161/SA161S10	SES105	-1.5574	-67.6544	-66.097
BLOCK16/SES161/SA161S10	SES158	-1.69175	-67.7888	-66.097
BLOCK16/SES161/SA161S10	SES275	-2.58076	-68.6778	-66.097
BLOCK16/SES161/SA161S12	SES007	-1.33027	-66.9758	-65.6456
BLOCK16/SES161/SA161S12	SES105	-1.83151	-67.4771	-65.6456
BLOCK16/SES161/SA161S12	SES158	-1.35801	-67.0036	-65.6456
BLOCK16/SES161/SA161S12	SES275	-1.54356	-67.1891	-65.6456
BLOCK16/SES161/SA161S20	SES007	-2.35158	-69.4106	-67.0591
BLOCK16/SES161/SA161S20	SES105	-1.86521	-68.9243	-67.0591
BLOCK16/SES161/SA161S20	SES158	-1.51788	-68.5769	-67.0591
BLOCK16/SES161/SA161S20	SES275	-2.28756	-69.3466	-67.0591
BLOCK16/SES161/SA161S23	SES007	-2.28523	-67.4835	-65.1983
BLOCK16/SES161/SA161S23	SES105	-1.5218	-66.7201	-65.1983
BLOCK16/SES161/SA161S23	SES148	-2.25404	-67.4524	-65.1983
BLOCK16/SES161/SA161S23	SES158	-1.06445	-66.2628	-65.1983
BLOCK16/SES161/SA161S28	SES007	-2.81446	-68.0256	-65.2111
BLOCK16/SES161/SA161S28	SES105	-2.67524	-67.8863	-65.2111
BLOCK16/SES161/SA161S28	SES158	-1.1553	-66.3664	-65.2111
BLOCK16/SES161/SA161S28	SES206	-2.16823	-67.3793	-65.2111
BLOCK16/SES164/SA164S11	SES104	-1.18583	-64.3202	-63.1344
BLOCK16/SES164/SA164S11	SES125	-0.306931	-63.4413	-63.1344
BLOCK16/SES164/SA164S11	SES158	-0.351021	-63.4854	-63.1344
BLOCK16/SES164/SA164S11	SES206	-1.19559	-64.33	-63.1344
BLOCK16/SES164/SA164S13	SES099	-0.782219	-65.3072	-64.5249
BLOCK16/SES164/SA164S13	SES104	-1.62193	-66.1469	-64.5249
BLOCK16/SES164/SA164S13	SES125	-1.61581	-66.1407	-64.5249
BLOCK16/SES164/SA164S13	SES206	-1.08389	-65.6088	-64.5249
BLOCK16/SES164/SA164S24	SES002	0.537888	-63.4247	-63.9626
BLOCK16/SES164/SA164S24	SES099	-0.20673	-64.1693	-63.9626
BLOCK16/SES164/SA164S24	SES125	-1.5654	-65.528	-63.9626
BLOCK16/SES164/SA164S24	SES226	-0.570484	-64.5331	-63.9626
BLOCK16/SES164/SA164S27	SES087	-1.10645	-65.4218	-64.3153
BLOCK16/SES164/SA164S27	SES125	-0.95697	-65.2723	-64.3153
BLOCK16/SES164/SA164S27	SES206	-0.771286	-65.0866	-64.3153
BLOCK16/SES164/SA164S27	SES226	-0.875053	-65.1904	-64.3153
BLOCK16/SES164/SA164S29	SES002	0.738991	-63.117	-63.856
BLOCK16/SES164/SA164S29	SES019	-1.15249	-65.0084	-63.856
BLOCK16/SES164/SA164S29	SES125	-0.753269	-64.6092	-63.856
BLOCK16/SES164/SA164S29	SES226	-0.847393	-64.7033	-63.856
BLOCK16/SES169/SA169S13	SES117	-1.87537	-67.108	-65.2326
BLOCK16/SES169/SA169S13	SES144	-0.646797	-65.8794	-65.2326
BLOCK16/SES169/SA169S13	SES146	-0.777542	-66.0101	-65.2326
BLOCK16/SES169/SA169S13	SES162	-1.91119	-67.1438	-65.2326
BLOCK16/SES169/SA169S14	SES144	-0.112953	-64.1254	-64.0125
BLOCK16/SES169/SA169S14	SES148	-0.578568	-64.5911	-64.0125
BLOCK16/SES169/SA169S14	SES177	-1.55096	-65.5635	-64.0125
BLOCK16/SES169/SA169S14	SES180	-2.95954	-66.972	-64.0125
BLOCK16/SES169/SA169S24	SES117	-1.77607	-67.1928	-65.4167
BLOCK16/SES169/SA169S24	SES144	-0.560738	-65.9774	-65.4167
BLOCK16/SES169/SA169S24	SES146	-0.684784	-66.1015	-65.4167
BLOCK16/SES169/SA169S24	SES162	-2.13602	-67.5527	-65.4167
BLOCK16/SES169/SA169S27	SES127	-1.7654	-66.4233	-64.6579
BLOCK16/SES169/SA169S27	SES129	-1.1077	-65.7656	-64.6579
BLOCK16/SES169/SA169S27	SES144	-1.54889	-66.2068	-64.6579
BLOCK16/SES169/SA169S27	SES146	-0.746704	-65.4046	-64.6579
BLOCK16/SES169/SA169S29	SES144	-0.72747	-64.8512	-64.1237
BLOCK16/SES169/SA169S29	SES162	-1.89427	-66.018	-64.1237
BLOCK16/SES169/SA169S29	SES177	-2.87508	-66.9988	-64.1237
BLOCK16/SES169/SA169S29	SES180	-1.78324	-65.9069	-64.1237
BLOCK17/SES171/SA171S12	SES083	-1.26303	-66.4845	-65.2214
BLOCK17/SES171/SA171S12	SES148	-1.48972	-66.7112	-65.2214
BLOCK17/SES171/SA171S12	SES172	-2.28464	-67.5061	-65.2214
BLOCK17/SES171/SA171S12	SES292	-1.67141	-66.8928	-65.2214
BLOCK17/SES171/SA171S15	SES148	-1.54081	-67.2803	-65.7395
BLOCK17/SES171/SA171S15	SES177	-1.68479	-67.4243	-65.7395
BLOCK17/SES171/SA171S15	SES180	-4.2518	-69.9913	-65.7395
BLOCK17/SES171/SA171S15	SES292	-3.59944	-69.339	-65.7395
BLOCK17/SES171/SA171S22	SES007	-1.64982	-65.7428	-64.093
BLOCK17/SES171/SA171S22	SES148	-1.1398	-65.2328	-64.093
BLOCK17/SES171/SA171S22	SES177	-0.609741	-64.7027	-64.093
BLOCK17/SES171/SA171S22	SES180	-2.61651	-66.7095	-64.093
BLOCK17/SES171/SA171S25	SES101	-2.97443	-68.8069	-65.8325
BLOCK17/SES171/SA171S25	SES120	-3.16705	-68.9995	-65.8325
BLOCK17/SES171/SA171S25	SES177	-1.24154	-67.074	-65.8325
BLOCK17/SES171/SA171S25	SES180	-3.41003	-69.2425	-65.8325
BLOCK17/SES171/SA171S27	SES177	-0.495667	-65.7014	-65.2057
BLOCK17/SES171/SA171S27	SES180	-2.42081	-67.6265	-65.2057
BLOCK17/SES171/SA171S27	SES189	-0.502075	-65.7078	-65.2057
BLOCK17/SES171/SA171S27	SES292	-2.31355	-67.5193	-65.2057
BLOCK17/SES173/SA173S13	SES162	-3.26004	-69.2726	-66.0125
BLOCK17/SES173/SA173S13	SES177	-2.3204	-68.3329	-66.0125
BLOCK17/SES173/SA173S13	SES180	-2.37151	-68.384	-66.0125
BLOCK17/SES173/SA173S13	SES292	-2.68839	-68.7009	-66.0125
BLOCK17/SES173/SA173S14	SES007	-3.34346	-69.7349	-66.3914
BLOCK17/SES173/SA173S14	SES162	-2.76411	-69.1555	-66.3914
BLOCK17/SES173/SA173S14	SES177	-1.67531	-68.0667	-66.3914
BLOCK17/SES173/SA173S14	SES180	-3.10725	-69.4987	-66.3914
BLOCK17/SES173/SA173S24	SES144	-1.13326	-68.181	-67.0478
BLOCK17/SES173/SA173S24	SES162	-2.96363	-70.0114	-67.0478
BLOCK17/SES173/SA173S24	SES177	-1.59198	-68.6397	-67.0478
BLOCK17/SES173/SA173S24	SES180	-3.32088	-70.3686	-67.0478
BLOCK17/SES173/SA173S27	SES162	-3.96754	-69.7865	-65.819
BLOCK17/SES173/SA173S27	SES177	-1.60352	-67.4225	-65.819
BLOCK17/SES173/SA173S27	SES180	-2.54385	-68.3628	-65.819
BLOCK17/SES173/SA173S27	SES292	-4.15025	-69.9692	-65.819
BLOCK17/SES173/SA173S29	SES162	-3.00915	-69.2007	-66.1915
BLOCK17/SES173/SA173S29	SES175	-0.717262	-66.9088	-66.1915
BLOCK17/SES173/SA173S29	SES177	-1.3535	-67.545	-66.1915
BLOCK17/SES173/SA173S29	SES292	-3.16364	-69.3551	-66.1915
BLOCK18/SES182/SA182S10	SES144	-0.754509	-65.3842	-64.6297
BLOCK18/SES182/SA182S10	SES177	-0.674095	-65.3038	-64.6297
BLOCK18/SES182/SA182S10	SES180	-2.25095	-66.8807	-64.6297
BLOCK18/SES182/SA182S10	SES275	-0.888702	-65.5184	-64.6297
BLOCK18/SES182/SA182S12	SES144	-0.709534	-64.7937	-64.0842
BLOCK18/SES182/SA182S12	SES177	-1.21215	-65.2963	-64.0842
BLOCK18/SES182/SA182S12	SES180	-1.59259	-65.6768	-64.0842
BLOCK18/SES182/SA182S12	SES275	-1.91712	-66.0013	-64.0842
BLOCK18/SES182/SA182S21	SES117	-0.514503	-66.2641	-65.7496
BLOCK18/SES182/SA182S21	SES144	-1.26007	-67.0096	-65.7496
BLOCK18/SES182/SA182S21	SES162	-0.773422	-66.523	-65.7496
BLOCK18/SES182/SA182S21	SES180	-1.37196	-67.1215	-65.7496
BLOCK18/SES182/SA182S23	SES117	-1.04634	-65.8149	-64.7685
BLOCK18/SES182/SA182S23	SES144	-1.67918	-66.4477	-64.7685
BLOCK18/SES182/SA182S23	SES180	-1.81642	-66.5849	-64.7685
BLOCK18/SES182/SA182S23	SES275	-2.17917	-66.9477	-64.7685
BLOCK18/SES182/SA182S25	SES007	-0.987038	-65.7851	-64.7981
BLOCK18/SES182/SA182S25	SES162	-0.622566	-65.4207	-64.7981
BLOCK18/SES182/SA182S25	SES177	-0.548744	-65.3468	-64.7981
BLOCK18/SES182/SA182S25	SES180	-1.46343	-66.2615	-64.7981
BLOCK18/SES184/SA184S12	SES177	-1.00032	-66.1427	-65.1423
BLOCK18/SES184/SA184S12	SES180	-0.546806	-65.6891	-65.1423
BLOCK18/SES184/SA184S12	SES189	-2.46	-67.6023	-65.1423
BLOCK18/SES184/SA184S12	SES292	-1.12128	-66.2636	-65.1423
BLOCK18/SES184/SA184S13	SES101	-1.52451	-66.5337	-65.0092
BLOCK18/SES184/SA184S13	SES177	-1.2048	-66.214	-65.0092
BLOCK18/SES184/SA184S13	SES180	-1.74076	-66.7499	-65.0092
BLOCK18/SES184/SA184S13	SES292	-1.39799	-66.4072	-65.0092
BLOCK18/SES184/SA184S22	SES177	-1.40601	-65.6871	-64.2811
BLOCK18/SES184/SA184S22	SES180	-1.50446	-65.7855	-64.2811
BLOCK18/SES184/SA184S22	SES189	-3.03166	-67.3127	-64.2811
BLOCK18/SES184/SA184S22	SES292	-2.04797	-66.329	-64.2811
BLOCK18/SES184/SA184S25	SES101	-0.730133	-64.1503	-63.4202
BLOCK18/SES184/SA184S25	SES177	-1.21193	-64.6321	-63.4202
BLOCK18/SES184/SA184S25	SES180	-1.0337	-64.4538	-63.4202
BLOCK18/SES184/SA184S25	SES292	-1.16028	-64.5804	-63.4202
BLOCK18/SES184/SA184S27	SES083	-1.14925	-65.543	-64.3938
BLOCK18/SES184/SA184S27	SES177	-1.30545	-65.6992	-64.3938
BLOCK18/SES184/SA184S27	SES202	-3.26037	-67.6541	-64.3938
BLOCK18/SES184/SA184S27	SES292	-1.69122	-66.085	-64.3938
BLOCK20/SES204/SA204S12	SES062	-2.24804	-65.1675	-62.9195
BLOCK20/SES204/SA204S12	SES083	-2.11732	-65.0368	-62.9195
BLOCK20/SES204/SA204S12	SES206	-0.429523	-63.349	-62.9195
BLOCK20/SES204/SA204S12	SES226	-1.37382	-64.2933	-62.9195
BLOCK20/SES204/SA204S14	SES068	-3.66882	-65.8049	-62.1361
BLOCK20/SES204/SA204S14	SES087	-0.520336	-62.6564	-62.1361
BLOCK20/SES204/SA204S14	SES206	-1.3927	-63.5288	-62.1361
BLOCK20/SES204/SA204S14	SES226	-1.62622	-63.7623	-62.1361
BLOCK20/SES204/SA204S22	SES068	-3.9832	-66.8213	-62.8381
BLOCK20/SES204/SA204S22	SES082	-2.53204	-65.3701	-62.8381
BLOCK20/SES204/SA204S22	SES083	-3.19948	-66.0376	-62.8381
BLOCK20/SES204/SA204S22	SES206	-1.16739	-64.0055	-62.8381
BLOCK20/SES204/SA204S25	SES062	-3.74553	-66.9376	-63.192
BLOCK20/SES204/SA204S25	SES083	-3.38858	-66.5806	-63.192
BLOCK20/SES204/SA204S25	SES206	-0.767006	-63.959	-63.192
BLOCK20/SES204/SA204S25	SES226	-1.74826	-64.9403	-63.192
BLOCK20/SES204/SA204S27	SES068	-4.15047	-67.4708	-63.3203
BLOCK20/SES204/SA204S27	SES082	-2.02177	-65.3421	-63.3203
BLOCK20/SES204/SA204S27	SES087	-0.703583	-64.0239	-63.3203
BLOCK20/SES204/SA204S27	SES206	-0.814476	-64.1348	-63.3203
BLOCK20/SES207/SA207S10	SES127	-0.849548	-65.4286	-64.5791
BLOCK20/SES207/SA207S10	SES183	-2.16451	-66.7436	-64.5791
BLOCK20/SES207/SA207S10	SES189	-1.12543	-65.7045	-64.5791
BLOCK20/SES207/SA207S10	SES292	-1.36649	-65.9456	-64.5791
BLOCK20/SES207/SA207S11	SES127	-2.61512	-67.0895	-64.4744
BLOCK20/SES207/SA207S11	SES183	-2.09527	-66.5697	-64.4744
BLOCK20/SES207/SA207S11	SES187	-1.24169	-65.7161	-64.4744
BLOCK20/SES207/SA207S11	SES292	-1.94128	-66.4157	-64.4744
BLOCK20/SES207/SA207S25	SES068	-1.33855	-66.313	-64.9744
BLOCK20/SES207/SA207S25	SES083	-1.83498	-66.8094	-64.9744
BLOCK20/SES207/SA207S25	SES127	-1.23967	-66.2141	-64.9744
BLOCK20/SES207/SA207S25	SES187	-0.406052	-65.3805	-64.9744
BLOCK20/SES207/SA207S27	SES127	-1.1659	-66.7344	-65.5685
BLOCK20/SES207/SA207S27	SES183	-1.14355	-66.7121	-65.5685
BLOCK20/SES207/SA207S27	SES187	-0.699814	-66.2684	-65.5685
BLOCK20/SES207/SA207S27	SES292	-2.09459	-67.6631	-65.5685
BLOCK20/SES207/SA207S29	SES083	-2.22067	-66.3245	-64.1038
BLOCK20/SES207/SA207S29	SES085	-0.881516	-64.9853	-64.1038
BLOCK20/SES207/SA207S29	SES172	-2.45012	-66.5539	-64.1038
BLOCK20/SES207/SA207S29	SES189	-1.81081	-65.9146	-64.1038
BLOCK22/SES221/SA221S12	SES068	-1.19769	-65.7462	-64.5485
BLOCK22/SES221/SA221S12	SES143	-2.17876	-66.7273	-64.5485
BLOCK22/SES221/SA221S12	SES175	-1.21149	-65.76	-64.5485
BLOCK22/SES221/SA221S12	SES202	-0.725906	-65.2744	-64.5485
BLOCK22/SES221/SA221S15	SES085	-4.85991	-70.9954	-66.1355
BLOCK22/SES221/SA221S15	SES143	-2.70302	-68.8385	-66.1355
BLOCK22/SES221/SA221S15	SES175	-1.94613	-68.0816	-66.1355
BLOCK22/SES221/SA221S15	SES187	-1.55112	-67.6866	-66.1355
BLOCK22/SES221/SA221S23	SES068	-2.03989	-66.9351	-64.8952
BLOCK22/SES221/SA221S23	SES143	-2.42944	-67.3247	-64.8952
BLOCK22/SES221/SA221S23	SES175	-0.771484	-65.6667	-64.8952
BLOCK22/SES221/SA221S23	SES189	0.459572	-64.4356	-64.8952
BLOCK22/SES221/SA221S27	SES085	-5.56192	-70.4414	-64.8794
BLOCK22/SES221/SA221S27	SES143	-1.20341	-66.0828	-64.8794
BLOCK22/SES221/SA221S27	SES175	-1.65657	-66.536	-64.8794
BLOCK22/SES221/SA221S27	SES189	1.00467	-63.8748	-64.8794
BLOCK22/SES221/SA221S29	SES085	-7.29247	-73.7769	-66.4844
BLOCK22/SES221/SA221S29	SES143	-3.18153	-69.666	-66.4844
BLOCK22/SES221/SA221S29	SES175	-2.18951	-68.674	-66.4844
BLOCK22/SES221/SA221S29	SES187	-0.776237	-67.2607	-66.4844
BLOCK22/SES223/SA223S11	SES143	-1.19744	-67.169	-65.9715
BLOCK22/SES223/SA223S11	SES144	-2.1032	-68.0747	-65.9715
BLOCK22/SES223/SA223S11	SES175	-1.03323	-67.0048	-65.9715
BLOCK22/SES223/SA223S11	SES187	-1.24252	-67.2141	-65.9715
BLOCK22/SES223/SA223S13	SES068	-1.02945	-68.1541	-67.1247
BLOCK22/SES223/SA223S13	SES143	-2.64771	-69.7724	-67.1247
BLOCK22/SES223/SA223S13	SES146	-2.87445	-69.9991	-67.1247
BLOCK22/SES223/SA223S13	SES202	-2.16518	-69.2899	-67.1247
BLOCK22/SES223/SA223S22	SES143	-0.996078	-66.9448	-65.9487
BLOCK22/SES223/SA223S22	SES144	-2.28887	-68.2376	-65.9487
BLOCK22/SES223/SA223S22	SES175	-1.18997	-67.1387	-65.9487
BLOCK22/SES223/SA223S22	SES187	-0.809181	-66.7579	-65.9487
BLOCK22/SES223/SA223S25	SES068	-1.90079	-67.6278	-65.727
BLOCK22/SES223/SA223S25	SES143	-1.78753	-67.5145	-65.727
BLOCK22/SES223/SA223S25	SES175	-1.5069	-67.2339	-65.727
BLOCK22/SES223/SA223S25	SES187	-0.867813	-66.5948	-65.727
BLOCK22/SES223/SA223S27	SES143	-1.2604	-67.2137	-65.9533
BLOCK22/SES223/SA223S27	SES146	-1.33663	-67.29	-65.9533
BLOCK22/SES223/SA223S27	SES187	-1.09732	-67.0507	-65.9533
BLOCK22/SES223/SA223S27	SES292	-2.56473	-68.5181	-65.9533
BLOCK27/SES273/SA273S12	SES099	-0.588032	-62.2173	-61.6292
BLOCK27/SES273/SA273S12	SES104	0.227283	-61.402	-61.6292
BLOCK27/SES273/SA273S12	SES125	-0.767929	-62.3972	-61.6292
BLOCK27/SES273/SA273S12	SES206	0.375122	-61.2541	-61.6292
BLOCK27/SES273/SA273S13	SES099	-0.655376	-62.1189	-61.4636
BLOCK27/SES273/SA273S13	SES104	-0.240963	-61.7045	-61.4636
BLOCK27/SES273/SA273S13	SES206	-0.306343	-61.7699	-61.4636
BLOCK27/SES273/SA273S13	SES292	-3.6591	-65.1227	-61.4636
BLOCK27/SES273/SA273S21	SES099	0.0994759	-61.7079	-61.8074
BLOCK27/SES273/SA273S21	SES148	-2.95378	-64.7612	-61.8074
BLOCK27/SES273/SA273S21	SES149	-0.670143	-62.4776	-61.8074
BLOCK27/SES273/SA273S21	SES177	-5.41254	-67.22	-61.8074
BLOCK27/SES273/SA273S25	SES104	-0.48592	-62.3921	-61.9062
BLOCK27/SES273/SA273S25	SES125	-1.14954	-63.0557	-61.9062
BLOCK27/SES273/SA273S25	SES158	-0.402878	-62.309	-61.9062
BLOCK27/SES273/SA273S25	SES206	0.31081	-61.5953	-61.9062
BLOCK27/SES273/SA273S27	SES099	-0.392452	-62.7426	-62.3501
BLOCK27/SES273/SA273S27	SES104	-0.577427	-62.9276	-62.3501
BLOCK27/SES273/SA273S27	SES149	-0.960979	-63.3111	-62.3501
BLOCK27/SES273/SA273S27	SES275	-2.38557	-64.7357	-62.3501
BLOCK27/SES274/SA274S10	SES105	-2.16357	-65.314	-63.1504
BLOCK27/SES274/SA274S10	SES125	-0.518074	-63.6685	-63.1504
BLOCK27/SES274/SA274S10	SES129	-1.55252	-64.7029	-63.1504
BLOCK27/SES274/SA274S10	SES158	-1.60693	-64.7573	-63.1504
BLOCK27/SES274/SA274S11	SES105	-2.72254	-65.7786	-63.0561
BLOCK27/SES274/SA274S11	SES149	-1.10804	-64.1641	-63.0561
BLOCK27/SES274/SA274S11	SES158	-1.30824	-64.3643	-63.0561
BLOCK27/SES274/SA274S11	SES275	-3.34264	-66.3988	-63.0561
BLOCK27/SES274/SA274S21	SES105	-2.92731	-66.2233	-63.296
BLOCK27/SES274/SA274S21	SES129	-2.07237	-65.3684	-63.296
BLOCK27/SES274/SA274S21	SES149	-1.33025	-64.6263	-63.296
BLOCK27/SES274/SA274S21	SES158	-2.14864	-65.4447	-63.296
BLOCK27/SES274/SA274S24	SES105	-2.76683	-65.7712	-63.0044
BLOCK27/SES274/SA274S24	SES129	-2.50886	-65.5133	-63.0044
BLOCK27/SES274/SA274S24	SES149	-1.34917	-64.3536	-63.0044
BLOCK27/SES274/SA274S24	SES158	-1.93426	-64.9387	-63.0044
BLOCK27/SES274/SA274S29	SES105	-2.59454	-65.6458	-63.0512
BLOCK27/SES274/SA274S29	SES106	-1.57695	-64.6282	-63.0512
BLOCK27/SES274/SA274S29	SES120	-1.93309	-64.9843	-63.0512
BLOCK27/SES274/SA274S29	SES275	-2.76969	-65.8209	-63.0512
BLOCK27/SES276/SA276S16	SES148	-1.67435	-66.8533	-65.1789
BLOCK27/SES276/SA276S16	SES172	-1.36446	-66.5434	-65.1789
BLOCK27/SES276/SA276S16	SES180	-3.31651	-68.4954	-65.1789
BLOCK27/SES276/SA276S16	SES292	-0.4422	-65.6211	-65.1789
BLOCK27/SES276/SA276S17	SES101	-1.35241	-65.9512	-64.5987
BLOCK27/SES276/SA276S17	SES177	-2.27422	-66.873	-64.5987
BLOCK27/SES276/SA276S17	SES180	-2.63294	-67.2317	-64.5987
BLOCK27/SES276/SA276S17	SES292	-1.49578	-66.0945	-64.5987
BLOCK27/SES276/SA276S24	SES101	-0.728275	-64.1422	-63.4139
BLOCK27/SES276/SA276S24	SES177	-1.86472	-65.2786	-63.4139
BLOCK27/SES276/SA276S24	SES180	-2.19504	-65.6089	-63.4139
BLOCK27/SES276/SA276S24	SES292	-1.60306	-65.0169	-63.4139
BLOCK27/SES276/SA276S26	SES101	-1.6369	-65.642	-64.0051
BLOCK27/SES276/SA276S26	SES177	-1.10827	-65.1134	-64.0051
BLOCK27/SES276/SA276S26	SES180	-1.43533	-65.4405	-64.0051
BLOCK27/SES276/SA276S26	SES292	-0.976303	-64.9814	-64.0051
BLOCK27/SES276/SA276S28	SES101	-1.83758	-66.1042	-64.2667
BLOCK27/SES276/SA276S28	SES177	-2.17387	-66.4405	-64.2667
BLOCK27/SES276/SA276S28	SES180	-1.58793	-65.8546	-64.2667
BLOCK27/SES276/SA276S28	SES292	-1.66706	-65.9337	-64.2667
BLOCK27/SES277/SA277S12	SES101	-1.28392	-66.6467	-65.3628
BLOCK27/SES277/SA277S12	SES177	-2.35241	-67.7152	-65.3628
BLOCK27/SES277/SA277S12	SES180	-2.85058	-68.2133	-65.3628
BLOCK27/SES277/SA277S12	SES292	-2.99849	-68.3612	-65.3628
BLOCK27/SES277/SA277S14	SES177	-1.43724	-67.4387	-66.0015
BLOCK27/SES277/SA277S14	SES180	-2.13322	-68.1347	-66.0015
BLOCK27/SES277/SA277S14	SES189	-0.0244141	-66.0259	-66.0015
BLOCK27/SES277/SA277S14	SES292	-3.02903	-69.0305	-66.0015
BLOCK27/SES277/SA277S21	SES177	-0.787994	-65.3331	-64.5451
BLOCK27/SES277/SA277S21	SES180	-2.49014	-67.0352	-64.5451
BLOCK27/SES277/SA277S21	SES189	-1.10952	-65.6546	-64.5451
BLOCK27/SES277/SA277S21	SES292	-2.38159	-66.9267	-64.5451
BLOCK27/SES277/SA277S24	SES144	-1.16777	-67.2315	-66.0638
BLOCK27/SES277/SA277S24	SES177	-1.72723	-67.791	-66.0638
BLOCK27/SES277/SA277S24	SES180	-2.29217	-68.3559	-66.0638
BLOCK27/SES277/SA277S24	SES189	-0.696205	-66.76	-66.0638
BLOCK27/SES277/SA277S29	SES177	-0.740585	-64.4763	-63.7357
BLOCK27/SES277/SA277S29	SES180	-1.38173	-65.1175	-63.7357
BLOCK27/SES277/SA277S29	SES202	-1.51833	-65.2541	-63.7357
BLOCK27/SES277/SA277S29	SES292	-1.94926	-65.685	-63.7357
BLOCK27/SES279/SA279S09	SES120	-1.42007	-65.1424	-63.7223
BLOCK27/SES279/SA279S09	SES146	-1.60849	-65.3308	-63.7223
BLOCK27/SES279/SA279S09	SES206	-2.05508	-65.7774	-63.7223
BLOCK27/SES279/SA279S09	SES226	-2.51894	-66.2413	-63.7223
BLOCK27/SES279/SA279S10	SES099	-2.04404	-65.4738	-63.4298
BLOCK27/SES279/SA279S10	SES206	-1.50428	-64.934	-63.4298
BLOCK27/SES279/SA279S10	SES226	-1.77592	-65.2057	-63.4298
BLOCK27/SES279/SA279S10	SES292	-1.26387	-64.6936	-63.4298
BLOCK27/SES279/SA279S20	SES099	-3.27403	-67.467	-64.193
BLOCK27/SES279/SA279S20	SES206	-1.55497	-65.7479	-64.193
BLOCK27/SES279/SA279S20	SES226	-2.19551	-66.3885	-64.193
BLOCK27/SES279/SA279S20	SES292	-0.119682	-64.3126	-64.193
BLOCK27/SES279/SA279S26	SES099	-2.48888	-66.5497	-64.0608
BLOCK27/SES279/SA279S26	SES206	-1.26971	-65.3305	-64.0608
BLOCK27/SES279/SA279S26	SES226	-1.57228	-65.6331	-64.0608
BLOCK27/SES279/SA279S26	SES292	-1.01254	-65.0733	-64.0608
BLOCK27/SES279/SA279S28	SES099	-2.87281	-65.2063	-62.3335
BLOCK27/SES279/SA279S28	SES120	-1.70703	-64.0405	-62.3335
BLOCK27/SES279/SA279S28	SES177	-3.84571	-66.1792	-62.3335
BLOCK27/SES279/SA279S28	SES206	-2.0176	-64.3511	-62.3335
BLOCK29/SES290/SA290S12	SES162	-2.31503	-66.5785	-64.2635
BLOCK29/SES290/SA290S12	SES177	-1.94492	-66.2084	-64.2635
BLOCK29/SES290/SA290S12	SES180	-3.0397	-67.3032	-64.2635
BLOCK29/SES290/SA290S12	SES292	-1.98647	-66.25	-64.2635
BLOCK29/SES290/SA290S13	SES007	-3.54084	-68.9764	-65.4356
BLOCK29/SES290/SA290S13	SES162	-2.59978	-68.0354	-65.4356
BLOCK29/SES290/SA290S13	SES177	-1.17716	-66.6128	-65.4356
BLOCK29/SES290/SA290S13	SES180	-1.82539	-67.261	-65.4356
BLOCK29/SES290/SA290S22	SES177	-1.44366	-66.2894	-64.8457
BLOCK29/SES290/SA290S22	SES180	-1.36156	-66.2073	-64.8457
BLOCK29/SES290/SA290S22	SES202	-1.08322	-65.929	-64.8457
BLOCK29/SES290/SA290S22	SES292	-2.57372	-67.4195	-64.8457
BLOCK29/SES290/SA290S25	SES162	-1.59906	-66.0068	-64.4077
BLOCK29/SES290/SA290S25	SES177	-1.49209	-65.8998	-64.4077
BLOCK29/SES290/SA290S25	SES180	-1.91659	-66.3243	-64.4077
BLOCK29/SES290/SA290S25	SES292	-1.26618	-65.6739	-64.4077
BLOCK29/SES290/SA290S29	SES177	0.125244	-64.2089	-64.3341
BLOCK29/SES290/SA290S29	SES180	-0.337051	-64.6712	-64.3341
BLOCK29/SES290/SA290S29	SES275	-2.52746	-66.8616	-64.3341
BLOCK29/SES290/SA290S29	SES292	-1.54353	-65.8777	-64.3341
BLOCK29/SES291/SA291S11	SES105	-3.6796	-67.9726	-64.293
BLOCK29/SES291/SA291S11	SES125	-0.704445	-64.9975	-64.293
BLOCK29/SES291/SA291S11	SES158	-1.01612	-65.3091	-64.293
BLOCK29/SES291/SA291S11	SES275	-4.77206	-69.0651	-64.293
BLOCK29/SES291/SA291S12	SES158	-0.217491	-63.3985	-63.181
BLOCK29/SES291/SA291S12	SES226	-1.46358	-64.6446	-63.181
BLOCK29/SES291/SA291S12	SES270	0.190636	-62.9904	-63.181
BLOCK29/SES291/SA291S12	SES275	-5.64621	-68.8272	-63.181
BLOCK29/SES291/SA291S22	SES082	-0.689442	-64.0337	-63.3442
BLOCK29/SES291/SA291S22	SES158	-0.891163	-64.2354	-63.3442
BLOCK29/SES291/SA291S22	SES259	-1.43022	-64.7744	-63.3442
BLOCK29/SES291/SA291S22	SES275	-4.51489	-67.8591	-63.3442
BLOCK29/SES291/SA291S24	SES104	-0.287567	-62.5547	-62.2671
BLOCK29/SES291/SA291S24	SES125	-0.577328	-62.8444	-62.2671
BLOCK29/SES291/SA291S24	SES158	-0.699936	-62.967	-62.2671
BLOCK29/SES291/SA291S24	SES275	-5.09343	-67.3605	-62.2671
BLOCK29/SES291/SA291S27	SES158	-0.290016	-62.765	-62.475
BLOCK29/SES291/SA291S27	SES172	-5.78876	-68.2638	-62.475
BLOCK29/SES291/SA291S27	SES275	-5.11116	-67.5862	-62.475
BLOCK29/SES291/SA291S27	SES292	-4.60888	-67.0839	-62.475
